<?xml version="1.0" encoding="UTF-8" ?>
<!-- This is a WordPress eXtended RSS file generated by WordPress as an export of your site. -->
<!-- It contains information about your site's posts, pages, comments, categories, and other content. -->
<!-- You may use this file to transfer that content from one site to another. -->
<!-- This file is not intended to serve as a complete backup of your site. -->

<!-- To import this information into a WordPress site follow these steps: -->
<!-- 1. Log in to that site as an administrator. -->
<!-- 2. Go to Tools: Import in the WordPress admin panel. -->
<!-- 3. Install the "WordPress" importer from the list. -->
<!-- 4. Activate & Run Importer. -->
<!-- 5. Upload this file using the form provided on that page. -->
<!-- 6. You will first be asked to map the authors in this export file to users -->
<!--    on the site. For each author, you may choose to map to an -->
<!--    existing user on the site or to create a new user. -->
<!-- 7. WordPress will then import each of the posts, pages, comments, categories, etc. -->
<!--    contained in this file into your site. -->

	<!-- generator="WordPress/6.0-RC1-53361" created="2022-05-09 09:21" -->
<rss version="2.0"
	xmlns:excerpt="http://wordpress.org/export/1.2/excerpt/"
	xmlns:content="http://purl.org/rss/1.0/modules/content/"
	xmlns:wfw="http://wellformedweb.org/CommentAPI/"
	xmlns:dc="http://purl.org/dc/elements/1.1/"
	xmlns:wp="http://wordpress.org/export/1.2/"
>

<channel>
	<title>Wrathful Wood</title>
	<link>https://wrathfulwood.s1-tastewp.com</link>
	<description>Just another WordPress site by TasteWP.com</description>
	<pubDate>Mon, 09 May 2022 09:21:24 +0000</pubDate>
	<language>en-US</language>
	<wp:wxr_version>1.2</wp:wxr_version>
	<wp:base_site_url>https://wrathfulwood.s1-tastewp.com</wp:base_site_url>
	<wp:base_blog_url>https://wrathfulwood.s1-tastewp.com</wp:base_blog_url>

		<wp:author><wp:author_id>1</wp:author_id><wp:author_login><![CDATA[robertino]]></wp:author_login><wp:author_email><![CDATA[robert.soare@themeisle.com]]></wp:author_email><wp:author_display_name><![CDATA[robertino]]></wp:author_display_name><wp:author_first_name><![CDATA[]]></wp:author_first_name><wp:author_last_name><![CDATA[]]></wp:author_last_name></wp:author>

		<wp:category>
		<wp:term_id>1</wp:term_id>
		<wp:category_nicename><![CDATA[uncategorized]]></wp:category_nicename>
		<wp:category_parent><![CDATA[]]></wp:category_parent>
		<wp:cat_name><![CDATA[Uncategorized]]></wp:cat_name>
	</wp:category>
				<wp:term>
		<wp:term_id>7</wp:term_id>
		<wp:term_taxonomy><![CDATA[product_visibility]]></wp:term_taxonomy>
		<wp:term_slug><![CDATA[exclude-from-catalog]]></wp:term_slug>
		<wp:term_parent><![CDATA[]]></wp:term_parent>
		<wp:term_name><![CDATA[exclude-from-catalog]]></wp:term_name>
	</wp:term>
		<wp:term>
		<wp:term_id>6</wp:term_id>
		<wp:term_taxonomy><![CDATA[product_visibility]]></wp:term_taxonomy>
		<wp:term_slug><![CDATA[exclude-from-search]]></wp:term_slug>
		<wp:term_parent><![CDATA[]]></wp:term_parent>
		<wp:term_name><![CDATA[exclude-from-search]]></wp:term_name>
	</wp:term>
		<wp:term>
		<wp:term_id>5</wp:term_id>
		<wp:term_taxonomy><![CDATA[product_type]]></wp:term_taxonomy>
		<wp:term_slug><![CDATA[external]]></wp:term_slug>
		<wp:term_parent><![CDATA[]]></wp:term_parent>
		<wp:term_name><![CDATA[external]]></wp:term_name>
	</wp:term>
		<wp:term>
		<wp:term_id>8</wp:term_id>
		<wp:term_taxonomy><![CDATA[product_visibility]]></wp:term_taxonomy>
		<wp:term_slug><![CDATA[featured]]></wp:term_slug>
		<wp:term_parent><![CDATA[]]></wp:term_parent>
		<wp:term_name><![CDATA[featured]]></wp:term_name>
	</wp:term>
		<wp:term>
		<wp:term_id>3</wp:term_id>
		<wp:term_taxonomy><![CDATA[product_type]]></wp:term_taxonomy>
		<wp:term_slug><![CDATA[grouped]]></wp:term_slug>
		<wp:term_parent><![CDATA[]]></wp:term_parent>
		<wp:term_name><![CDATA[grouped]]></wp:term_name>
	</wp:term>
		<wp:term>
		<wp:term_id>16</wp:term_id>
		<wp:term_taxonomy><![CDATA[product_cat]]></wp:term_taxonomy>
		<wp:term_slug><![CDATA[misc]]></wp:term_slug>
		<wp:term_parent><![CDATA[]]></wp:term_parent>
		<wp:term_name><![CDATA[Misc]]></wp:term_name>
		<wp:termmeta>
			<wp:meta_key><![CDATA[order]]></wp:meta_key>
			<wp:meta_value><![CDATA[0]]></wp:meta_value>
		</wp:termmeta>
		<wp:termmeta>
			<wp:meta_key><![CDATA[display_type]]></wp:meta_key>
			<wp:meta_value><![CDATA[]]></wp:meta_value>
		</wp:termmeta>
		<wp:termmeta>
			<wp:meta_key><![CDATA[thumbnail_id]]></wp:meta_key>
			<wp:meta_value><![CDATA[0]]></wp:meta_value>
		</wp:termmeta>
		<wp:termmeta>
			<wp:meta_key><![CDATA[product_count_product_cat]]></wp:meta_key>
			<wp:meta_value><![CDATA[6]]></wp:meta_value>
		</wp:termmeta>
	</wp:term>
		<wp:term>
		<wp:term_id>9</wp:term_id>
		<wp:term_taxonomy><![CDATA[product_visibility]]></wp:term_taxonomy>
		<wp:term_slug><![CDATA[outofstock]]></wp:term_slug>
		<wp:term_parent><![CDATA[]]></wp:term_parent>
		<wp:term_name><![CDATA[outofstock]]></wp:term_name>
	</wp:term>
		<wp:term>
		<wp:term_id>17</wp:term_id>
		<wp:term_taxonomy><![CDATA[product_cat]]></wp:term_taxonomy>
		<wp:term_slug><![CDATA[pets]]></wp:term_slug>
		<wp:term_parent><![CDATA[]]></wp:term_parent>
		<wp:term_name><![CDATA[Pets]]></wp:term_name>
		<wp:termmeta>
			<wp:meta_key><![CDATA[order]]></wp:meta_key>
			<wp:meta_value><![CDATA[0]]></wp:meta_value>
		</wp:termmeta>
		<wp:termmeta>
			<wp:meta_key><![CDATA[display_type]]></wp:meta_key>
			<wp:meta_value><![CDATA[]]></wp:meta_value>
		</wp:termmeta>
		<wp:termmeta>
			<wp:meta_key><![CDATA[thumbnail_id]]></wp:meta_key>
			<wp:meta_value><![CDATA[0]]></wp:meta_value>
		</wp:termmeta>
		<wp:termmeta>
			<wp:meta_key><![CDATA[product_count_product_cat]]></wp:meta_key>
			<wp:meta_value><![CDATA[3]]></wp:meta_value>
		</wp:termmeta>
	</wp:term>
		<wp:term>
		<wp:term_id>10</wp:term_id>
		<wp:term_taxonomy><![CDATA[product_visibility]]></wp:term_taxonomy>
		<wp:term_slug><![CDATA[rated-1]]></wp:term_slug>
		<wp:term_parent><![CDATA[]]></wp:term_parent>
		<wp:term_name><![CDATA[rated-1]]></wp:term_name>
	</wp:term>
		<wp:term>
		<wp:term_id>11</wp:term_id>
		<wp:term_taxonomy><![CDATA[product_visibility]]></wp:term_taxonomy>
		<wp:term_slug><![CDATA[rated-2]]></wp:term_slug>
		<wp:term_parent><![CDATA[]]></wp:term_parent>
		<wp:term_name><![CDATA[rated-2]]></wp:term_name>
	</wp:term>
		<wp:term>
		<wp:term_id>12</wp:term_id>
		<wp:term_taxonomy><![CDATA[product_visibility]]></wp:term_taxonomy>
		<wp:term_slug><![CDATA[rated-3]]></wp:term_slug>
		<wp:term_parent><![CDATA[]]></wp:term_parent>
		<wp:term_name><![CDATA[rated-3]]></wp:term_name>
	</wp:term>
		<wp:term>
		<wp:term_id>13</wp:term_id>
		<wp:term_taxonomy><![CDATA[product_visibility]]></wp:term_taxonomy>
		<wp:term_slug><![CDATA[rated-4]]></wp:term_slug>
		<wp:term_parent><![CDATA[]]></wp:term_parent>
		<wp:term_name><![CDATA[rated-4]]></wp:term_name>
	</wp:term>
		<wp:term>
		<wp:term_id>14</wp:term_id>
		<wp:term_taxonomy><![CDATA[product_visibility]]></wp:term_taxonomy>
		<wp:term_slug><![CDATA[rated-5]]></wp:term_slug>
		<wp:term_parent><![CDATA[]]></wp:term_parent>
		<wp:term_name><![CDATA[rated-5]]></wp:term_name>
	</wp:term>
		<wp:term>
		<wp:term_id>2</wp:term_id>
		<wp:term_taxonomy><![CDATA[product_type]]></wp:term_taxonomy>
		<wp:term_slug><![CDATA[simple]]></wp:term_slug>
		<wp:term_parent><![CDATA[]]></wp:term_parent>
		<wp:term_name><![CDATA[simple]]></wp:term_name>
	</wp:term>
		<wp:term>
		<wp:term_id>18</wp:term_id>
		<wp:term_taxonomy><![CDATA[product_cat]]></wp:term_taxonomy>
		<wp:term_slug><![CDATA[toys]]></wp:term_slug>
		<wp:term_parent><![CDATA[]]></wp:term_parent>
		<wp:term_name><![CDATA[Toys]]></wp:term_name>
		<wp:termmeta>
			<wp:meta_key><![CDATA[order]]></wp:meta_key>
			<wp:meta_value><![CDATA[0]]></wp:meta_value>
		</wp:termmeta>
		<wp:termmeta>
			<wp:meta_key><![CDATA[display_type]]></wp:meta_key>
			<wp:meta_value><![CDATA[]]></wp:meta_value>
		</wp:termmeta>
		<wp:termmeta>
			<wp:meta_key><![CDATA[thumbnail_id]]></wp:meta_key>
			<wp:meta_value><![CDATA[0]]></wp:meta_value>
		</wp:termmeta>
	</wp:term>
		<wp:term>
		<wp:term_id>15</wp:term_id>
		<wp:term_taxonomy><![CDATA[product_cat]]></wp:term_taxonomy>
		<wp:term_slug><![CDATA[uncategorized]]></wp:term_slug>
		<wp:term_parent><![CDATA[]]></wp:term_parent>
		<wp:term_name><![CDATA[Uncategorized]]></wp:term_name>
	</wp:term>
		<wp:term>
		<wp:term_id>4</wp:term_id>
		<wp:term_taxonomy><![CDATA[product_type]]></wp:term_taxonomy>
		<wp:term_slug><![CDATA[variable]]></wp:term_slug>
		<wp:term_parent><![CDATA[]]></wp:term_parent>
		<wp:term_name><![CDATA[variable]]></wp:term_name>
	</wp:term>
			<wp:term><wp:term_id>19</wp:term_id><wp:term_taxonomy>nav_menu</wp:term_taxonomy><wp:term_slug><![CDATA[pet-shop-main-menu]]></wp:term_slug><wp:term_name><![CDATA[pet-shop-main-menu]]></wp:term_name>
</wp:term>

	<generator>https://wordpress.org/?v=6.0-RC1-53361</generator>

		<item>
		<title><![CDATA[woocommerce-placeholder]]></title>
		<link>https://wrathfulwood.s1-tastewp.com/woocommerce-placeholder-2/</link>
		<pubDate>Wed, 01 Apr 2020 13:41:11 +0000</pubDate>
		<dc:creator><![CDATA[robertino]]></dc:creator>
		<guid isPermaLink="false">https://wrathfulwood.s1-tastewp.com/wp-content/uploads/2020/04/woocommerce-placeholder.png</guid>
		<description></description>
		<content:encoded><![CDATA[]]></content:encoded>
		<excerpt:encoded><![CDATA[]]></excerpt:encoded>
		<wp:post_id>17</wp:post_id>
		<wp:post_date><![CDATA[2020-04-01 13:41:11]]></wp:post_date>
		<wp:post_date_gmt><![CDATA[2020-04-01 13:41:11]]></wp:post_date_gmt>
		<wp:post_modified><![CDATA[2020-04-01 13:41:11]]></wp:post_modified>
		<wp:post_modified_gmt><![CDATA[2020-04-01 13:41:11]]></wp:post_modified_gmt>
		<wp:comment_status><![CDATA[open]]></wp:comment_status>
		<wp:ping_status><![CDATA[closed]]></wp:ping_status>
		<wp:post_name><![CDATA[woocommerce-placeholder-2]]></wp:post_name>
		<wp:status><![CDATA[inherit]]></wp:status>
		<wp:post_parent>0</wp:post_parent>
		<wp:menu_order>0</wp:menu_order>
		<wp:post_type><![CDATA[attachment]]></wp:post_type>
		<wp:post_password><![CDATA[]]></wp:post_password>
		<wp:is_sticky>0</wp:is_sticky>
						<wp:attachment_url><![CDATA[https://wrathfulwood.s1-tastewp.com/wp-content/uploads/2020/04/woocommerce-placeholder.png]]></wp:attachment_url>
											<wp:postmeta>
		<wp:meta_key><![CDATA[_wp_attached_file]]></wp:meta_key>
		<wp:meta_value><![CDATA[2020/04/woocommerce-placeholder.png]]></wp:meta_value>
		</wp:postmeta>
							<wp:postmeta>
		<wp:meta_key><![CDATA[_wp_attachment_metadata]]></wp:meta_key>
		<wp:meta_value><![CDATA[a:6:{s:5:"width";i:1200;s:6:"height";i:1200;s:4:"file";s:35:"2020/04/woocommerce-placeholder.png";s:8:"filesize";i:102644;s:5:"sizes";a:0:{}s:10:"image_meta";a:12:{s:8:"aperture";s:1:"0";s:6:"credit";s:0:"";s:6:"camera";s:0:"";s:7:"caption";s:0:"";s:17:"created_timestamp";s:1:"0";s:9:"copyright";s:0:"";s:12:"focal_length";s:1:"0";s:3:"iso";s:1:"0";s:13:"shutter_speed";s:1:"0";s:5:"title";s:0:"";s:11:"orientation";s:1:"0";s:8:"keywords";a:0:{}}}]]></wp:meta_value>
		</wp:postmeta>
							</item>
					<item>
		<title><![CDATA[pet-shop-06]]></title>
		<link>https://wrathfulwood.s1-tastewp.com/pet-shop-06/</link>
		<pubDate>Thu, 02 Apr 2020 11:15:32 +0000</pubDate>
		<dc:creator><![CDATA[robertino]]></dc:creator>
		<guid isPermaLink="false">https://wrathfulwood.s1-tastewp.com/wp-content/uploads/2020/04/neve-pet-shop-06.jpg</guid>
		<description></description>
		<content:encoded><![CDATA[]]></content:encoded>
		<excerpt:encoded><![CDATA[]]></excerpt:encoded>
		<wp:post_id>33</wp:post_id>
		<wp:post_date><![CDATA[2020-04-02 11:15:32]]></wp:post_date>
		<wp:post_date_gmt><![CDATA[2020-04-02 11:15:32]]></wp:post_date_gmt>
		<wp:post_modified><![CDATA[2020-04-02 11:15:32]]></wp:post_modified>
		<wp:post_modified_gmt><![CDATA[2020-04-02 11:15:32]]></wp:post_modified_gmt>
		<wp:comment_status><![CDATA[open]]></wp:comment_status>
		<wp:ping_status><![CDATA[closed]]></wp:ping_status>
		<wp:post_name><![CDATA[pet-shop-06]]></wp:post_name>
		<wp:status><![CDATA[inherit]]></wp:status>
		<wp:post_parent>0</wp:post_parent>
		<wp:menu_order>0</wp:menu_order>
		<wp:post_type><![CDATA[attachment]]></wp:post_type>
		<wp:post_password><![CDATA[]]></wp:post_password>
		<wp:is_sticky>0</wp:is_sticky>
						<wp:attachment_url><![CDATA[https://wrathfulwood.s1-tastewp.com/wp-content/uploads/2020/04/neve-pet-shop-06.jpg]]></wp:attachment_url>
											<wp:postmeta>
		<wp:meta_key><![CDATA[_wp_attached_file]]></wp:meta_key>
		<wp:meta_value><![CDATA[2020/04/neve-pet-shop-06.jpg]]></wp:meta_value>
		</wp:postmeta>
							<wp:postmeta>
		<wp:meta_key><![CDATA[_wp_attachment_metadata]]></wp:meta_key>
		<wp:meta_value><![CDATA[a:6:{s:5:"width";i:400;s:6:"height";i:600;s:4:"file";s:28:"2020/04/neve-pet-shop-06.jpg";s:8:"filesize";i:48485;s:5:"sizes";a:0:{}s:10:"image_meta";a:12:{s:8:"aperture";s:1:"0";s:6:"credit";s:0:"";s:6:"camera";s:0:"";s:7:"caption";s:0:"";s:17:"created_timestamp";s:1:"0";s:9:"copyright";s:0:"";s:12:"focal_length";s:1:"0";s:3:"iso";s:1:"0";s:13:"shutter_speed";s:1:"0";s:5:"title";s:0:"";s:11:"orientation";s:1:"0";s:8:"keywords";a:0:{}}}]]></wp:meta_value>
		</wp:postmeta>
							</item>
					<item>
		<title><![CDATA[pet-shop-07]]></title>
		<link>https://wrathfulwood.s1-tastewp.com/pet-shop-07/</link>
		<pubDate>Thu, 02 Apr 2020 11:15:42 +0000</pubDate>
		<dc:creator><![CDATA[robertino]]></dc:creator>
		<guid isPermaLink="false">https://wrathfulwood.s1-tastewp.com/wp-content/uploads/2020/04/neve-pet-shop-07.jpg</guid>
		<description></description>
		<content:encoded><![CDATA[]]></content:encoded>
		<excerpt:encoded><![CDATA[]]></excerpt:encoded>
		<wp:post_id>34</wp:post_id>
		<wp:post_date><![CDATA[2020-04-02 11:15:42]]></wp:post_date>
		<wp:post_date_gmt><![CDATA[2020-04-02 11:15:42]]></wp:post_date_gmt>
		<wp:post_modified><![CDATA[2020-04-02 11:15:42]]></wp:post_modified>
		<wp:post_modified_gmt><![CDATA[2020-04-02 11:15:42]]></wp:post_modified_gmt>
		<wp:comment_status><![CDATA[open]]></wp:comment_status>
		<wp:ping_status><![CDATA[closed]]></wp:ping_status>
		<wp:post_name><![CDATA[pet-shop-07]]></wp:post_name>
		<wp:status><![CDATA[inherit]]></wp:status>
		<wp:post_parent>0</wp:post_parent>
		<wp:menu_order>0</wp:menu_order>
		<wp:post_type><![CDATA[attachment]]></wp:post_type>
		<wp:post_password><![CDATA[]]></wp:post_password>
		<wp:is_sticky>0</wp:is_sticky>
						<wp:attachment_url><![CDATA[https://wrathfulwood.s1-tastewp.com/wp-content/uploads/2020/04/neve-pet-shop-07.jpg]]></wp:attachment_url>
											<wp:postmeta>
		<wp:meta_key><![CDATA[_wp_attached_file]]></wp:meta_key>
		<wp:meta_value><![CDATA[2020/04/neve-pet-shop-07.jpg]]></wp:meta_value>
		</wp:postmeta>
							<wp:postmeta>
		<wp:meta_key><![CDATA[_wp_attachment_metadata]]></wp:meta_key>
		<wp:meta_value><![CDATA[a:6:{s:5:"width";i:894;s:6:"height";i:601;s:4:"file";s:28:"2020/04/neve-pet-shop-07.jpg";s:8:"filesize";i:225452;s:5:"sizes";a:0:{}s:10:"image_meta";a:12:{s:8:"aperture";s:1:"0";s:6:"credit";s:0:"";s:6:"camera";s:0:"";s:7:"caption";s:0:"";s:17:"created_timestamp";s:1:"0";s:9:"copyright";s:0:"";s:12:"focal_length";s:1:"0";s:3:"iso";s:1:"0";s:13:"shutter_speed";s:1:"0";s:5:"title";s:0:"";s:11:"orientation";s:1:"0";s:8:"keywords";a:0:{}}}]]></wp:meta_value>
		</wp:postmeta>
							</item>
					<item>
		<title><![CDATA[pet-shop-08]]></title>
		<link>https://wrathfulwood.s1-tastewp.com/pet-shop-08/</link>
		<pubDate>Thu, 02 Apr 2020 11:15:48 +0000</pubDate>
		<dc:creator><![CDATA[robertino]]></dc:creator>
		<guid isPermaLink="false">https://wrathfulwood.s1-tastewp.com/wp-content/uploads/2020/04/neve-pet-shop-08.jpg</guid>
		<description></description>
		<content:encoded><![CDATA[]]></content:encoded>
		<excerpt:encoded><![CDATA[]]></excerpt:encoded>
		<wp:post_id>35</wp:post_id>
		<wp:post_date><![CDATA[2020-04-02 11:15:48]]></wp:post_date>
		<wp:post_date_gmt><![CDATA[2020-04-02 11:15:48]]></wp:post_date_gmt>
		<wp:post_modified><![CDATA[2020-04-02 11:15:48]]></wp:post_modified>
		<wp:post_modified_gmt><![CDATA[2020-04-02 11:15:48]]></wp:post_modified_gmt>
		<wp:comment_status><![CDATA[open]]></wp:comment_status>
		<wp:ping_status><![CDATA[closed]]></wp:ping_status>
		<wp:post_name><![CDATA[pet-shop-08]]></wp:post_name>
		<wp:status><![CDATA[inherit]]></wp:status>
		<wp:post_parent>0</wp:post_parent>
		<wp:menu_order>0</wp:menu_order>
		<wp:post_type><![CDATA[attachment]]></wp:post_type>
		<wp:post_password><![CDATA[]]></wp:post_password>
		<wp:is_sticky>0</wp:is_sticky>
						<wp:attachment_url><![CDATA[https://wrathfulwood.s1-tastewp.com/wp-content/uploads/2020/04/neve-pet-shop-08.jpg]]></wp:attachment_url>
											<wp:postmeta>
		<wp:meta_key><![CDATA[_wp_attached_file]]></wp:meta_key>
		<wp:meta_value><![CDATA[2020/04/neve-pet-shop-08.jpg]]></wp:meta_value>
		</wp:postmeta>
							<wp:postmeta>
		<wp:meta_key><![CDATA[_wp_attachment_metadata]]></wp:meta_key>
		<wp:meta_value><![CDATA[a:6:{s:5:"width";i:600;s:6:"height";i:800;s:4:"file";s:28:"2020/04/neve-pet-shop-08.jpg";s:8:"filesize";i:21374;s:5:"sizes";a:0:{}s:10:"image_meta";a:12:{s:8:"aperture";s:1:"0";s:6:"credit";s:0:"";s:6:"camera";s:0:"";s:7:"caption";s:0:"";s:17:"created_timestamp";s:1:"0";s:9:"copyright";s:0:"";s:12:"focal_length";s:1:"0";s:3:"iso";s:1:"0";s:13:"shutter_speed";s:1:"0";s:5:"title";s:0:"";s:11:"orientation";s:1:"0";s:8:"keywords";a:0:{}}}]]></wp:meta_value>
		</wp:postmeta>
							</item>
					<item>
		<title><![CDATA[pet-shop-09]]></title>
		<link>https://wrathfulwood.s1-tastewp.com/pet-shop-09/</link>
		<pubDate>Thu, 02 Apr 2020 11:15:59 +0000</pubDate>
		<dc:creator><![CDATA[robertino]]></dc:creator>
		<guid isPermaLink="false">https://wrathfulwood.s1-tastewp.com/wp-content/uploads/2020/04/neve-pet-shop-09.jpg</guid>
		<description></description>
		<content:encoded><![CDATA[]]></content:encoded>
		<excerpt:encoded><![CDATA[]]></excerpt:encoded>
		<wp:post_id>36</wp:post_id>
		<wp:post_date><![CDATA[2020-04-02 11:15:59]]></wp:post_date>
		<wp:post_date_gmt><![CDATA[2020-04-02 11:15:59]]></wp:post_date_gmt>
		<wp:post_modified><![CDATA[2020-04-02 11:15:59]]></wp:post_modified>
		<wp:post_modified_gmt><![CDATA[2020-04-02 11:15:59]]></wp:post_modified_gmt>
		<wp:comment_status><![CDATA[open]]></wp:comment_status>
		<wp:ping_status><![CDATA[closed]]></wp:ping_status>
		<wp:post_name><![CDATA[pet-shop-09]]></wp:post_name>
		<wp:status><![CDATA[inherit]]></wp:status>
		<wp:post_parent>0</wp:post_parent>
		<wp:menu_order>0</wp:menu_order>
		<wp:post_type><![CDATA[attachment]]></wp:post_type>
		<wp:post_password><![CDATA[]]></wp:post_password>
		<wp:is_sticky>0</wp:is_sticky>
						<wp:attachment_url><![CDATA[https://wrathfulwood.s1-tastewp.com/wp-content/uploads/2020/04/neve-pet-shop-09.jpg]]></wp:attachment_url>
											<wp:postmeta>
		<wp:meta_key><![CDATA[_wp_attached_file]]></wp:meta_key>
		<wp:meta_value><![CDATA[2020/04/neve-pet-shop-09.jpg]]></wp:meta_value>
		</wp:postmeta>
							<wp:postmeta>
		<wp:meta_key><![CDATA[_wp_attachment_metadata]]></wp:meta_key>
		<wp:meta_value><![CDATA[a:6:{s:5:"width";i:600;s:6:"height";i:800;s:4:"file";s:28:"2020/04/neve-pet-shop-09.jpg";s:8:"filesize";i:76001;s:5:"sizes";a:0:{}s:10:"image_meta";a:12:{s:8:"aperture";s:1:"0";s:6:"credit";s:0:"";s:6:"camera";s:0:"";s:7:"caption";s:0:"";s:17:"created_timestamp";s:1:"0";s:9:"copyright";s:0:"";s:12:"focal_length";s:1:"0";s:3:"iso";s:1:"0";s:13:"shutter_speed";s:1:"0";s:5:"title";s:0:"";s:11:"orientation";s:1:"0";s:8:"keywords";a:0:{}}}]]></wp:meta_value>
		</wp:postmeta>
							</item>
					<item>
		<title><![CDATA[pet-shop-10]]></title>
		<link>https://wrathfulwood.s1-tastewp.com/pet-shop-10/</link>
		<pubDate>Thu, 02 Apr 2020 11:16:11 +0000</pubDate>
		<dc:creator><![CDATA[robertino]]></dc:creator>
		<guid isPermaLink="false">https://wrathfulwood.s1-tastewp.com/wp-content/uploads/2020/04/neve-pet-shop-10.jpg</guid>
		<description></description>
		<content:encoded><![CDATA[]]></content:encoded>
		<excerpt:encoded><![CDATA[]]></excerpt:encoded>
		<wp:post_id>37</wp:post_id>
		<wp:post_date><![CDATA[2020-04-02 11:16:11]]></wp:post_date>
		<wp:post_date_gmt><![CDATA[2020-04-02 11:16:11]]></wp:post_date_gmt>
		<wp:post_modified><![CDATA[2020-04-02 11:16:11]]></wp:post_modified>
		<wp:post_modified_gmt><![CDATA[2020-04-02 11:16:11]]></wp:post_modified_gmt>
		<wp:comment_status><![CDATA[open]]></wp:comment_status>
		<wp:ping_status><![CDATA[closed]]></wp:ping_status>
		<wp:post_name><![CDATA[pet-shop-10]]></wp:post_name>
		<wp:status><![CDATA[inherit]]></wp:status>
		<wp:post_parent>0</wp:post_parent>
		<wp:menu_order>0</wp:menu_order>
		<wp:post_type><![CDATA[attachment]]></wp:post_type>
		<wp:post_password><![CDATA[]]></wp:post_password>
		<wp:is_sticky>0</wp:is_sticky>
						<wp:attachment_url><![CDATA[https://wrathfulwood.s1-tastewp.com/wp-content/uploads/2020/04/neve-pet-shop-10.jpg]]></wp:attachment_url>
											<wp:postmeta>
		<wp:meta_key><![CDATA[_wp_attached_file]]></wp:meta_key>
		<wp:meta_value><![CDATA[2020/04/neve-pet-shop-10.jpg]]></wp:meta_value>
		</wp:postmeta>
							<wp:postmeta>
		<wp:meta_key><![CDATA[_wp_attachment_metadata]]></wp:meta_key>
		<wp:meta_value><![CDATA[a:6:{s:5:"width";i:600;s:6:"height";i:800;s:4:"file";s:28:"2020/04/neve-pet-shop-10.jpg";s:8:"filesize";i:92091;s:5:"sizes";a:0:{}s:10:"image_meta";a:12:{s:8:"aperture";s:1:"0";s:6:"credit";s:0:"";s:6:"camera";s:0:"";s:7:"caption";s:0:"";s:17:"created_timestamp";s:1:"0";s:9:"copyright";s:0:"";s:12:"focal_length";s:1:"0";s:3:"iso";s:1:"0";s:13:"shutter_speed";s:1:"0";s:5:"title";s:0:"";s:11:"orientation";s:1:"0";s:8:"keywords";a:0:{}}}]]></wp:meta_value>
		</wp:postmeta>
							</item>
					<item>
		<title><![CDATA[pet-shop-11]]></title>
		<link>https://wrathfulwood.s1-tastewp.com/pet-shop-11/</link>
		<pubDate>Thu, 02 Apr 2020 11:16:24 +0000</pubDate>
		<dc:creator><![CDATA[robertino]]></dc:creator>
		<guid isPermaLink="false">https://wrathfulwood.s1-tastewp.com/wp-content/uploads/2020/04/neve-pet-shop-11.jpg</guid>
		<description></description>
		<content:encoded><![CDATA[]]></content:encoded>
		<excerpt:encoded><![CDATA[]]></excerpt:encoded>
		<wp:post_id>38</wp:post_id>
		<wp:post_date><![CDATA[2020-04-02 11:16:24]]></wp:post_date>
		<wp:post_date_gmt><![CDATA[2020-04-02 11:16:24]]></wp:post_date_gmt>
		<wp:post_modified><![CDATA[2020-04-02 11:16:24]]></wp:post_modified>
		<wp:post_modified_gmt><![CDATA[2020-04-02 11:16:24]]></wp:post_modified_gmt>
		<wp:comment_status><![CDATA[open]]></wp:comment_status>
		<wp:ping_status><![CDATA[closed]]></wp:ping_status>
		<wp:post_name><![CDATA[pet-shop-11]]></wp:post_name>
		<wp:status><![CDATA[inherit]]></wp:status>
		<wp:post_parent>0</wp:post_parent>
		<wp:menu_order>0</wp:menu_order>
		<wp:post_type><![CDATA[attachment]]></wp:post_type>
		<wp:post_password><![CDATA[]]></wp:post_password>
		<wp:is_sticky>0</wp:is_sticky>
						<wp:attachment_url><![CDATA[https://wrathfulwood.s1-tastewp.com/wp-content/uploads/2020/04/neve-pet-shop-11.jpg]]></wp:attachment_url>
											<wp:postmeta>
		<wp:meta_key><![CDATA[_wp_attached_file]]></wp:meta_key>
		<wp:meta_value><![CDATA[2020/04/neve-pet-shop-11.jpg]]></wp:meta_value>
		</wp:postmeta>
							<wp:postmeta>
		<wp:meta_key><![CDATA[_wp_attachment_metadata]]></wp:meta_key>
		<wp:meta_value><![CDATA[a:6:{s:5:"width";i:600;s:6:"height";i:800;s:4:"file";s:28:"2020/04/neve-pet-shop-11.jpg";s:8:"filesize";i:72929;s:5:"sizes";a:0:{}s:10:"image_meta";a:12:{s:8:"aperture";s:1:"0";s:6:"credit";s:0:"";s:6:"camera";s:0:"";s:7:"caption";s:0:"";s:17:"created_timestamp";s:1:"0";s:9:"copyright";s:0:"";s:12:"focal_length";s:1:"0";s:3:"iso";s:1:"0";s:13:"shutter_speed";s:1:"0";s:5:"title";s:0:"";s:11:"orientation";s:1:"0";s:8:"keywords";a:0:{}}}]]></wp:meta_value>
		</wp:postmeta>
							</item>
					<item>
		<title><![CDATA[pet-shop-12]]></title>
		<link>https://wrathfulwood.s1-tastewp.com/pet-shop-12/</link>
		<pubDate>Thu, 02 Apr 2020 11:16:33 +0000</pubDate>
		<dc:creator><![CDATA[robertino]]></dc:creator>
		<guid isPermaLink="false">https://wrathfulwood.s1-tastewp.com/wp-content/uploads/2020/04/neve-pet-shop-12.jpg</guid>
		<description></description>
		<content:encoded><![CDATA[]]></content:encoded>
		<excerpt:encoded><![CDATA[]]></excerpt:encoded>
		<wp:post_id>39</wp:post_id>
		<wp:post_date><![CDATA[2020-04-02 11:16:33]]></wp:post_date>
		<wp:post_date_gmt><![CDATA[2020-04-02 11:16:33]]></wp:post_date_gmt>
		<wp:post_modified><![CDATA[2020-04-02 11:16:33]]></wp:post_modified>
		<wp:post_modified_gmt><![CDATA[2020-04-02 11:16:33]]></wp:post_modified_gmt>
		<wp:comment_status><![CDATA[open]]></wp:comment_status>
		<wp:ping_status><![CDATA[closed]]></wp:ping_status>
		<wp:post_name><![CDATA[pet-shop-12]]></wp:post_name>
		<wp:status><![CDATA[inherit]]></wp:status>
		<wp:post_parent>0</wp:post_parent>
		<wp:menu_order>0</wp:menu_order>
		<wp:post_type><![CDATA[attachment]]></wp:post_type>
		<wp:post_password><![CDATA[]]></wp:post_password>
		<wp:is_sticky>0</wp:is_sticky>
						<wp:attachment_url><![CDATA[https://wrathfulwood.s1-tastewp.com/wp-content/uploads/2020/04/neve-pet-shop-12.jpg]]></wp:attachment_url>
											<wp:postmeta>
		<wp:meta_key><![CDATA[_wp_attached_file]]></wp:meta_key>
		<wp:meta_value><![CDATA[2020/04/neve-pet-shop-12.jpg]]></wp:meta_value>
		</wp:postmeta>
							<wp:postmeta>
		<wp:meta_key><![CDATA[_wp_attachment_metadata]]></wp:meta_key>
		<wp:meta_value><![CDATA[a:6:{s:5:"width";i:600;s:6:"height";i:800;s:4:"file";s:28:"2020/04/neve-pet-shop-12.jpg";s:8:"filesize";i:83801;s:5:"sizes";a:0:{}s:10:"image_meta";a:12:{s:8:"aperture";s:1:"0";s:6:"credit";s:0:"";s:6:"camera";s:0:"";s:7:"caption";s:0:"";s:17:"created_timestamp";s:1:"0";s:9:"copyright";s:0:"";s:12:"focal_length";s:1:"0";s:3:"iso";s:1:"0";s:13:"shutter_speed";s:1:"0";s:5:"title";s:0:"";s:11:"orientation";s:1:"0";s:8:"keywords";a:0:{}}}]]></wp:meta_value>
		</wp:postmeta>
							</item>
					<item>
		<title><![CDATA[pet-shop-13]]></title>
		<link>https://wrathfulwood.s1-tastewp.com/pet-shop-13/</link>
		<pubDate>Thu, 02 Apr 2020 11:16:42 +0000</pubDate>
		<dc:creator><![CDATA[robertino]]></dc:creator>
		<guid isPermaLink="false">https://wrathfulwood.s1-tastewp.com/wp-content/uploads/2020/04/neve-pet-shop-13.jpg</guid>
		<description></description>
		<content:encoded><![CDATA[]]></content:encoded>
		<excerpt:encoded><![CDATA[]]></excerpt:encoded>
		<wp:post_id>40</wp:post_id>
		<wp:post_date><![CDATA[2020-04-02 11:16:42]]></wp:post_date>
		<wp:post_date_gmt><![CDATA[2020-04-02 11:16:42]]></wp:post_date_gmt>
		<wp:post_modified><![CDATA[2020-04-02 11:16:42]]></wp:post_modified>
		<wp:post_modified_gmt><![CDATA[2020-04-02 11:16:42]]></wp:post_modified_gmt>
		<wp:comment_status><![CDATA[open]]></wp:comment_status>
		<wp:ping_status><![CDATA[closed]]></wp:ping_status>
		<wp:post_name><![CDATA[pet-shop-13]]></wp:post_name>
		<wp:status><![CDATA[inherit]]></wp:status>
		<wp:post_parent>0</wp:post_parent>
		<wp:menu_order>0</wp:menu_order>
		<wp:post_type><![CDATA[attachment]]></wp:post_type>
		<wp:post_password><![CDATA[]]></wp:post_password>
		<wp:is_sticky>0</wp:is_sticky>
						<wp:attachment_url><![CDATA[https://wrathfulwood.s1-tastewp.com/wp-content/uploads/2020/04/neve-pet-shop-13.jpg]]></wp:attachment_url>
											<wp:postmeta>
		<wp:meta_key><![CDATA[_wp_attached_file]]></wp:meta_key>
		<wp:meta_value><![CDATA[2020/04/neve-pet-shop-13.jpg]]></wp:meta_value>
		</wp:postmeta>
							<wp:postmeta>
		<wp:meta_key><![CDATA[_wp_attachment_metadata]]></wp:meta_key>
		<wp:meta_value><![CDATA[a:6:{s:5:"width";i:600;s:6:"height";i:800;s:4:"file";s:28:"2020/04/neve-pet-shop-13.jpg";s:8:"filesize";i:115333;s:5:"sizes";a:1:{s:21:"woocommerce_thumbnail";a:6:{s:4:"file";s:28:"neve-pet-shop-13-300x300.jpg";s:5:"width";i:300;s:6:"height";i:300;s:9:"mime-type";s:10:"image/jpeg";s:8:"filesize";i:18710;s:9:"uncropped";b:0;}}s:10:"image_meta";a:12:{s:8:"aperture";s:1:"0";s:6:"credit";s:0:"";s:6:"camera";s:0:"";s:7:"caption";s:0:"";s:17:"created_timestamp";s:1:"0";s:9:"copyright";s:0:"";s:12:"focal_length";s:1:"0";s:3:"iso";s:1:"0";s:13:"shutter_speed";s:1:"0";s:5:"title";s:0:"";s:11:"orientation";s:1:"0";s:8:"keywords";a:0:{}}}]]></wp:meta_value>
		</wp:postmeta>
							</item>
					<item>
		<title><![CDATA[pet-shop-14]]></title>
		<link>https://wrathfulwood.s1-tastewp.com/pet-shop-14/</link>
		<pubDate>Thu, 02 Apr 2020 11:16:55 +0000</pubDate>
		<dc:creator><![CDATA[robertino]]></dc:creator>
		<guid isPermaLink="false">https://wrathfulwood.s1-tastewp.com/wp-content/uploads/2020/04/neve-pet-shop-14.jpg</guid>
		<description></description>
		<content:encoded><![CDATA[]]></content:encoded>
		<excerpt:encoded><![CDATA[]]></excerpt:encoded>
		<wp:post_id>41</wp:post_id>
		<wp:post_date><![CDATA[2020-04-02 11:16:55]]></wp:post_date>
		<wp:post_date_gmt><![CDATA[2020-04-02 11:16:55]]></wp:post_date_gmt>
		<wp:post_modified><![CDATA[2020-04-02 11:16:55]]></wp:post_modified>
		<wp:post_modified_gmt><![CDATA[2020-04-02 11:16:55]]></wp:post_modified_gmt>
		<wp:comment_status><![CDATA[open]]></wp:comment_status>
		<wp:ping_status><![CDATA[closed]]></wp:ping_status>
		<wp:post_name><![CDATA[pet-shop-14]]></wp:post_name>
		<wp:status><![CDATA[inherit]]></wp:status>
		<wp:post_parent>0</wp:post_parent>
		<wp:menu_order>0</wp:menu_order>
		<wp:post_type><![CDATA[attachment]]></wp:post_type>
		<wp:post_password><![CDATA[]]></wp:post_password>
		<wp:is_sticky>0</wp:is_sticky>
						<wp:attachment_url><![CDATA[https://wrathfulwood.s1-tastewp.com/wp-content/uploads/2020/04/neve-pet-shop-14.jpg]]></wp:attachment_url>
											<wp:postmeta>
		<wp:meta_key><![CDATA[_wp_attached_file]]></wp:meta_key>
		<wp:meta_value><![CDATA[2020/04/neve-pet-shop-14.jpg]]></wp:meta_value>
		</wp:postmeta>
							<wp:postmeta>
		<wp:meta_key><![CDATA[_wp_attachment_metadata]]></wp:meta_key>
		<wp:meta_value><![CDATA[a:6:{s:5:"width";i:600;s:6:"height";i:800;s:4:"file";s:28:"2020/04/neve-pet-shop-14.jpg";s:8:"filesize";i:195757;s:5:"sizes";a:1:{s:21:"woocommerce_thumbnail";a:6:{s:4:"file";s:28:"neve-pet-shop-14-300x300.jpg";s:5:"width";i:300;s:6:"height";i:300;s:9:"mime-type";s:10:"image/jpeg";s:8:"filesize";i:20936;s:9:"uncropped";b:0;}}s:10:"image_meta";a:12:{s:8:"aperture";s:1:"0";s:6:"credit";s:0:"";s:6:"camera";s:0:"";s:7:"caption";s:0:"";s:17:"created_timestamp";s:1:"0";s:9:"copyright";s:0:"";s:12:"focal_length";s:1:"0";s:3:"iso";s:1:"0";s:13:"shutter_speed";s:1:"0";s:5:"title";s:0:"";s:11:"orientation";s:1:"0";s:8:"keywords";a:0:{}}}]]></wp:meta_value>
		</wp:postmeta>
							</item>
					<item>
		<title><![CDATA[pet-shop-15]]></title>
		<link>https://wrathfulwood.s1-tastewp.com/pet-shop-15/</link>
		<pubDate>Thu, 02 Apr 2020 11:17:00 +0000</pubDate>
		<dc:creator><![CDATA[robertino]]></dc:creator>
		<guid isPermaLink="false">https://wrathfulwood.s1-tastewp.com/wp-content/uploads/2020/04/neve-pet-shop-15.jpg</guid>
		<description></description>
		<content:encoded><![CDATA[]]></content:encoded>
		<excerpt:encoded><![CDATA[]]></excerpt:encoded>
		<wp:post_id>42</wp:post_id>
		<wp:post_date><![CDATA[2020-04-02 11:17:00]]></wp:post_date>
		<wp:post_date_gmt><![CDATA[2020-04-02 11:17:00]]></wp:post_date_gmt>
		<wp:post_modified><![CDATA[2020-04-02 11:17:00]]></wp:post_modified>
		<wp:post_modified_gmt><![CDATA[2020-04-02 11:17:00]]></wp:post_modified_gmt>
		<wp:comment_status><![CDATA[open]]></wp:comment_status>
		<wp:ping_status><![CDATA[closed]]></wp:ping_status>
		<wp:post_name><![CDATA[pet-shop-15]]></wp:post_name>
		<wp:status><![CDATA[inherit]]></wp:status>
		<wp:post_parent>0</wp:post_parent>
		<wp:menu_order>0</wp:menu_order>
		<wp:post_type><![CDATA[attachment]]></wp:post_type>
		<wp:post_password><![CDATA[]]></wp:post_password>
		<wp:is_sticky>0</wp:is_sticky>
						<wp:attachment_url><![CDATA[https://wrathfulwood.s1-tastewp.com/wp-content/uploads/2020/04/neve-pet-shop-15.jpg]]></wp:attachment_url>
											<wp:postmeta>
		<wp:meta_key><![CDATA[_wp_attached_file]]></wp:meta_key>
		<wp:meta_value><![CDATA[2020/04/neve-pet-shop-15.jpg]]></wp:meta_value>
		</wp:postmeta>
							<wp:postmeta>
		<wp:meta_key><![CDATA[_wp_attachment_metadata]]></wp:meta_key>
		<wp:meta_value><![CDATA[a:6:{s:5:"width";i:600;s:6:"height";i:800;s:4:"file";s:28:"2020/04/neve-pet-shop-15.jpg";s:8:"filesize";i:57191;s:5:"sizes";a:0:{}s:10:"image_meta";a:12:{s:8:"aperture";s:1:"0";s:6:"credit";s:0:"";s:6:"camera";s:0:"";s:7:"caption";s:0:"";s:17:"created_timestamp";s:1:"0";s:9:"copyright";s:0:"";s:12:"focal_length";s:1:"0";s:3:"iso";s:1:"0";s:13:"shutter_speed";s:1:"0";s:5:"title";s:0:"";s:11:"orientation";s:1:"0";s:8:"keywords";a:0:{}}}]]></wp:meta_value>
		</wp:postmeta>
							</item>
					<item>
		<title><![CDATA[pet-shop-20]]></title>
		<link>https://wrathfulwood.s1-tastewp.com/pet-shop-20/</link>
		<pubDate>Thu, 02 Apr 2020 11:18:11 +0000</pubDate>
		<dc:creator><![CDATA[robertino]]></dc:creator>
		<guid isPermaLink="false">https://wrathfulwood.s1-tastewp.com/wp-content/uploads/2020/04/neve-pet-shop-20.jpg</guid>
		<description></description>
		<content:encoded><![CDATA[]]></content:encoded>
		<excerpt:encoded><![CDATA[]]></excerpt:encoded>
		<wp:post_id>44</wp:post_id>
		<wp:post_date><![CDATA[2020-04-02 11:18:11]]></wp:post_date>
		<wp:post_date_gmt><![CDATA[2020-04-02 11:18:11]]></wp:post_date_gmt>
		<wp:post_modified><![CDATA[2020-04-02 11:18:11]]></wp:post_modified>
		<wp:post_modified_gmt><![CDATA[2020-04-02 11:18:11]]></wp:post_modified_gmt>
		<wp:comment_status><![CDATA[open]]></wp:comment_status>
		<wp:ping_status><![CDATA[closed]]></wp:ping_status>
		<wp:post_name><![CDATA[pet-shop-20]]></wp:post_name>
		<wp:status><![CDATA[inherit]]></wp:status>
		<wp:post_parent>0</wp:post_parent>
		<wp:menu_order>0</wp:menu_order>
		<wp:post_type><![CDATA[attachment]]></wp:post_type>
		<wp:post_password><![CDATA[]]></wp:post_password>
		<wp:is_sticky>0</wp:is_sticky>
						<wp:attachment_url><![CDATA[https://wrathfulwood.s1-tastewp.com/wp-content/uploads/2020/04/neve-pet-shop-20.jpg]]></wp:attachment_url>
											<wp:postmeta>
		<wp:meta_key><![CDATA[_wp_attached_file]]></wp:meta_key>
		<wp:meta_value><![CDATA[2020/04/neve-pet-shop-20.jpg]]></wp:meta_value>
		</wp:postmeta>
							<wp:postmeta>
		<wp:meta_key><![CDATA[_wp_attachment_metadata]]></wp:meta_key>
		<wp:meta_value><![CDATA[a:6:{s:5:"width";i:600;s:6:"height";i:800;s:4:"file";s:28:"2020/04/neve-pet-shop-20.jpg";s:8:"filesize";i:83731;s:5:"sizes";a:1:{s:21:"woocommerce_thumbnail";a:6:{s:4:"file";s:28:"neve-pet-shop-20-300x300.jpg";s:5:"width";i:300;s:6:"height";i:300;s:9:"mime-type";s:10:"image/jpeg";s:8:"filesize";i:11815;s:9:"uncropped";b:0;}}s:10:"image_meta";a:12:{s:8:"aperture";s:1:"0";s:6:"credit";s:0:"";s:6:"camera";s:0:"";s:7:"caption";s:0:"";s:17:"created_timestamp";s:1:"0";s:9:"copyright";s:0:"";s:12:"focal_length";s:1:"0";s:3:"iso";s:1:"0";s:13:"shutter_speed";s:1:"0";s:5:"title";s:0:"";s:11:"orientation";s:1:"0";s:8:"keywords";a:0:{}}}]]></wp:meta_value>
		</wp:postmeta>
							</item>
					<item>
		<title><![CDATA[pet-shop-21]]></title>
		<link>https://wrathfulwood.s1-tastewp.com/pet-shop-21/</link>
		<pubDate>Thu, 02 Apr 2020 11:18:16 +0000</pubDate>
		<dc:creator><![CDATA[robertino]]></dc:creator>
		<guid isPermaLink="false">https://wrathfulwood.s1-tastewp.com/wp-content/uploads/2020/04/neve-pet-shop-21.jpg</guid>
		<description></description>
		<content:encoded><![CDATA[]]></content:encoded>
		<excerpt:encoded><![CDATA[]]></excerpt:encoded>
		<wp:post_id>45</wp:post_id>
		<wp:post_date><![CDATA[2020-04-02 11:18:16]]></wp:post_date>
		<wp:post_date_gmt><![CDATA[2020-04-02 11:18:16]]></wp:post_date_gmt>
		<wp:post_modified><![CDATA[2020-04-02 11:18:16]]></wp:post_modified>
		<wp:post_modified_gmt><![CDATA[2020-04-02 11:18:16]]></wp:post_modified_gmt>
		<wp:comment_status><![CDATA[open]]></wp:comment_status>
		<wp:ping_status><![CDATA[closed]]></wp:ping_status>
		<wp:post_name><![CDATA[pet-shop-21]]></wp:post_name>
		<wp:status><![CDATA[inherit]]></wp:status>
		<wp:post_parent>0</wp:post_parent>
		<wp:menu_order>0</wp:menu_order>
		<wp:post_type><![CDATA[attachment]]></wp:post_type>
		<wp:post_password><![CDATA[]]></wp:post_password>
		<wp:is_sticky>0</wp:is_sticky>
						<wp:attachment_url><![CDATA[https://wrathfulwood.s1-tastewp.com/wp-content/uploads/2020/04/neve-pet-shop-21.jpg]]></wp:attachment_url>
											<wp:postmeta>
		<wp:meta_key><![CDATA[_wp_attached_file]]></wp:meta_key>
		<wp:meta_value><![CDATA[2020/04/neve-pet-shop-21.jpg]]></wp:meta_value>
		</wp:postmeta>
							<wp:postmeta>
		<wp:meta_key><![CDATA[_wp_attachment_metadata]]></wp:meta_key>
		<wp:meta_value><![CDATA[a:6:{s:5:"width";i:600;s:6:"height";i:800;s:4:"file";s:28:"2020/04/neve-pet-shop-21.jpg";s:8:"filesize";i:136358;s:5:"sizes";a:1:{s:21:"woocommerce_thumbnail";a:6:{s:4:"file";s:28:"neve-pet-shop-21-300x300.jpg";s:5:"width";i:300;s:6:"height";i:300;s:9:"mime-type";s:10:"image/jpeg";s:8:"filesize";i:24637;s:9:"uncropped";b:0;}}s:10:"image_meta";a:12:{s:8:"aperture";s:1:"0";s:6:"credit";s:0:"";s:6:"camera";s:0:"";s:7:"caption";s:0:"";s:17:"created_timestamp";s:1:"0";s:9:"copyright";s:0:"";s:12:"focal_length";s:1:"0";s:3:"iso";s:1:"0";s:13:"shutter_speed";s:1:"0";s:5:"title";s:0:"";s:11:"orientation";s:1:"0";s:8:"keywords";a:0:{}}}]]></wp:meta_value>
		</wp:postmeta>
							</item>
					<item>
		<title><![CDATA[pet-shop-22]]></title>
		<link>https://wrathfulwood.s1-tastewp.com/pet-shop-22/</link>
		<pubDate>Thu, 02 Apr 2020 11:18:22 +0000</pubDate>
		<dc:creator><![CDATA[robertino]]></dc:creator>
		<guid isPermaLink="false">https://wrathfulwood.s1-tastewp.com/wp-content/uploads/2020/04/neve-pet-shop-22.jpg</guid>
		<description></description>
		<content:encoded><![CDATA[]]></content:encoded>
		<excerpt:encoded><![CDATA[]]></excerpt:encoded>
		<wp:post_id>46</wp:post_id>
		<wp:post_date><![CDATA[2020-04-02 11:18:22]]></wp:post_date>
		<wp:post_date_gmt><![CDATA[2020-04-02 11:18:22]]></wp:post_date_gmt>
		<wp:post_modified><![CDATA[2020-04-02 11:18:22]]></wp:post_modified>
		<wp:post_modified_gmt><![CDATA[2020-04-02 11:18:22]]></wp:post_modified_gmt>
		<wp:comment_status><![CDATA[open]]></wp:comment_status>
		<wp:ping_status><![CDATA[closed]]></wp:ping_status>
		<wp:post_name><![CDATA[pet-shop-22]]></wp:post_name>
		<wp:status><![CDATA[inherit]]></wp:status>
		<wp:post_parent>0</wp:post_parent>
		<wp:menu_order>0</wp:menu_order>
		<wp:post_type><![CDATA[attachment]]></wp:post_type>
		<wp:post_password><![CDATA[]]></wp:post_password>
		<wp:is_sticky>0</wp:is_sticky>
						<wp:attachment_url><![CDATA[https://wrathfulwood.s1-tastewp.com/wp-content/uploads/2020/04/neve-pet-shop-22.jpg]]></wp:attachment_url>
											<wp:postmeta>
		<wp:meta_key><![CDATA[_wp_attached_file]]></wp:meta_key>
		<wp:meta_value><![CDATA[2020/04/neve-pet-shop-22.jpg]]></wp:meta_value>
		</wp:postmeta>
							<wp:postmeta>
		<wp:meta_key><![CDATA[_wp_attachment_metadata]]></wp:meta_key>
		<wp:meta_value><![CDATA[a:6:{s:5:"width";i:600;s:6:"height";i:800;s:4:"file";s:28:"2020/04/neve-pet-shop-22.jpg";s:8:"filesize";i:169954;s:5:"sizes";a:1:{s:21:"woocommerce_thumbnail";a:6:{s:4:"file";s:28:"neve-pet-shop-22-300x300.jpg";s:5:"width";i:300;s:6:"height";i:300;s:9:"mime-type";s:10:"image/jpeg";s:8:"filesize";i:21800;s:9:"uncropped";b:0;}}s:10:"image_meta";a:12:{s:8:"aperture";s:1:"0";s:6:"credit";s:0:"";s:6:"camera";s:0:"";s:7:"caption";s:0:"";s:17:"created_timestamp";s:1:"0";s:9:"copyright";s:0:"";s:12:"focal_length";s:1:"0";s:3:"iso";s:1:"0";s:13:"shutter_speed";s:1:"0";s:5:"title";s:0:"";s:11:"orientation";s:1:"0";s:8:"keywords";a:0:{}}}]]></wp:meta_value>
		</wp:postmeta>
							</item>
					<item>
		<title><![CDATA[pet-shop-23]]></title>
		<link>https://wrathfulwood.s1-tastewp.com/pet-shop-23/</link>
		<pubDate>Thu, 02 Apr 2020 11:18:29 +0000</pubDate>
		<dc:creator><![CDATA[robertino]]></dc:creator>
		<guid isPermaLink="false">https://wrathfulwood.s1-tastewp.com/wp-content/uploads/2020/04/neve-pet-shop-23.jpg</guid>
		<description></description>
		<content:encoded><![CDATA[]]></content:encoded>
		<excerpt:encoded><![CDATA[]]></excerpt:encoded>
		<wp:post_id>47</wp:post_id>
		<wp:post_date><![CDATA[2020-04-02 11:18:29]]></wp:post_date>
		<wp:post_date_gmt><![CDATA[2020-04-02 11:18:29]]></wp:post_date_gmt>
		<wp:post_modified><![CDATA[2020-04-02 11:18:29]]></wp:post_modified>
		<wp:post_modified_gmt><![CDATA[2020-04-02 11:18:29]]></wp:post_modified_gmt>
		<wp:comment_status><![CDATA[open]]></wp:comment_status>
		<wp:ping_status><![CDATA[closed]]></wp:ping_status>
		<wp:post_name><![CDATA[pet-shop-23]]></wp:post_name>
		<wp:status><![CDATA[inherit]]></wp:status>
		<wp:post_parent>0</wp:post_parent>
		<wp:menu_order>0</wp:menu_order>
		<wp:post_type><![CDATA[attachment]]></wp:post_type>
		<wp:post_password><![CDATA[]]></wp:post_password>
		<wp:is_sticky>0</wp:is_sticky>
						<wp:attachment_url><![CDATA[https://wrathfulwood.s1-tastewp.com/wp-content/uploads/2020/04/neve-pet-shop-23.jpg]]></wp:attachment_url>
											<wp:postmeta>
		<wp:meta_key><![CDATA[_wp_attached_file]]></wp:meta_key>
		<wp:meta_value><![CDATA[2020/04/neve-pet-shop-23.jpg]]></wp:meta_value>
		</wp:postmeta>
							<wp:postmeta>
		<wp:meta_key><![CDATA[_wp_attachment_metadata]]></wp:meta_key>
		<wp:meta_value><![CDATA[a:6:{s:5:"width";i:600;s:6:"height";i:800;s:4:"file";s:28:"2020/04/neve-pet-shop-23.jpg";s:8:"filesize";i:93651;s:5:"sizes";a:1:{s:21:"woocommerce_thumbnail";a:6:{s:4:"file";s:28:"neve-pet-shop-23-300x300.jpg";s:5:"width";i:300;s:6:"height";i:300;s:9:"mime-type";s:10:"image/jpeg";s:8:"filesize";i:20997;s:9:"uncropped";b:0;}}s:10:"image_meta";a:12:{s:8:"aperture";s:1:"0";s:6:"credit";s:0:"";s:6:"camera";s:0:"";s:7:"caption";s:0:"";s:17:"created_timestamp";s:1:"0";s:9:"copyright";s:0:"";s:12:"focal_length";s:1:"0";s:3:"iso";s:1:"0";s:13:"shutter_speed";s:1:"0";s:5:"title";s:0:"";s:11:"orientation";s:1:"0";s:8:"keywords";a:0:{}}}]]></wp:meta_value>
		</wp:postmeta>
							</item>
					<item>
		<title><![CDATA[pet-shop-24]]></title>
		<link>https://wrathfulwood.s1-tastewp.com/pet-shop-24/</link>
		<pubDate>Thu, 02 Apr 2020 11:18:32 +0000</pubDate>
		<dc:creator><![CDATA[robertino]]></dc:creator>
		<guid isPermaLink="false">https://wrathfulwood.s1-tastewp.com/wp-content/uploads/2020/04/neve-pet-shop-24.jpg</guid>
		<description></description>
		<content:encoded><![CDATA[]]></content:encoded>
		<excerpt:encoded><![CDATA[]]></excerpt:encoded>
		<wp:post_id>48</wp:post_id>
		<wp:post_date><![CDATA[2020-04-02 11:18:32]]></wp:post_date>
		<wp:post_date_gmt><![CDATA[2020-04-02 11:18:32]]></wp:post_date_gmt>
		<wp:post_modified><![CDATA[2020-04-02 11:18:32]]></wp:post_modified>
		<wp:post_modified_gmt><![CDATA[2020-04-02 11:18:32]]></wp:post_modified_gmt>
		<wp:comment_status><![CDATA[open]]></wp:comment_status>
		<wp:ping_status><![CDATA[closed]]></wp:ping_status>
		<wp:post_name><![CDATA[pet-shop-24]]></wp:post_name>
		<wp:status><![CDATA[inherit]]></wp:status>
		<wp:post_parent>0</wp:post_parent>
		<wp:menu_order>0</wp:menu_order>
		<wp:post_type><![CDATA[attachment]]></wp:post_type>
		<wp:post_password><![CDATA[]]></wp:post_password>
		<wp:is_sticky>0</wp:is_sticky>
						<wp:attachment_url><![CDATA[https://wrathfulwood.s1-tastewp.com/wp-content/uploads/2020/04/neve-pet-shop-24.jpg]]></wp:attachment_url>
											<wp:postmeta>
		<wp:meta_key><![CDATA[_wp_attached_file]]></wp:meta_key>
		<wp:meta_value><![CDATA[2020/04/neve-pet-shop-24.jpg]]></wp:meta_value>
		</wp:postmeta>
							<wp:postmeta>
		<wp:meta_key><![CDATA[_wp_attachment_metadata]]></wp:meta_key>
		<wp:meta_value><![CDATA[a:6:{s:5:"width";i:600;s:6:"height";i:800;s:4:"file";s:28:"2020/04/neve-pet-shop-24.jpg";s:8:"filesize";i:36324;s:5:"sizes";a:1:{s:21:"woocommerce_thumbnail";a:6:{s:4:"file";s:28:"neve-pet-shop-24-300x300.jpg";s:5:"width";i:300;s:6:"height";i:300;s:9:"mime-type";s:10:"image/jpeg";s:8:"filesize";i:11505;s:9:"uncropped";b:0;}}s:10:"image_meta";a:12:{s:8:"aperture";s:1:"0";s:6:"credit";s:0:"";s:6:"camera";s:0:"";s:7:"caption";s:0:"";s:17:"created_timestamp";s:1:"0";s:9:"copyright";s:0:"";s:12:"focal_length";s:1:"0";s:3:"iso";s:1:"0";s:13:"shutter_speed";s:1:"0";s:5:"title";s:0:"";s:11:"orientation";s:1:"0";s:8:"keywords";a:0:{}}}]]></wp:meta_value>
		</wp:postmeta>
							</item>
					<item>
		<title><![CDATA[pet-shop-26]]></title>
		<link>https://wrathfulwood.s1-tastewp.com/pet-shop-26/</link>
		<pubDate>Thu, 02 Apr 2020 11:18:36 +0000</pubDate>
		<dc:creator><![CDATA[robertino]]></dc:creator>
		<guid isPermaLink="false">https://wrathfulwood.s1-tastewp.com/wp-content/uploads/2020/04/neve-pet-shop-26.jpg</guid>
		<description></description>
		<content:encoded><![CDATA[]]></content:encoded>
		<excerpt:encoded><![CDATA[]]></excerpt:encoded>
		<wp:post_id>49</wp:post_id>
		<wp:post_date><![CDATA[2020-04-02 11:18:36]]></wp:post_date>
		<wp:post_date_gmt><![CDATA[2020-04-02 11:18:36]]></wp:post_date_gmt>
		<wp:post_modified><![CDATA[2020-04-02 11:18:36]]></wp:post_modified>
		<wp:post_modified_gmt><![CDATA[2020-04-02 11:18:36]]></wp:post_modified_gmt>
		<wp:comment_status><![CDATA[open]]></wp:comment_status>
		<wp:ping_status><![CDATA[closed]]></wp:ping_status>
		<wp:post_name><![CDATA[pet-shop-26]]></wp:post_name>
		<wp:status><![CDATA[inherit]]></wp:status>
		<wp:post_parent>0</wp:post_parent>
		<wp:menu_order>0</wp:menu_order>
		<wp:post_type><![CDATA[attachment]]></wp:post_type>
		<wp:post_password><![CDATA[]]></wp:post_password>
		<wp:is_sticky>0</wp:is_sticky>
						<wp:attachment_url><![CDATA[https://wrathfulwood.s1-tastewp.com/wp-content/uploads/2020/04/neve-pet-shop-26.jpg]]></wp:attachment_url>
											<wp:postmeta>
		<wp:meta_key><![CDATA[_wp_attached_file]]></wp:meta_key>
		<wp:meta_value><![CDATA[2020/04/neve-pet-shop-26.jpg]]></wp:meta_value>
		</wp:postmeta>
							<wp:postmeta>
		<wp:meta_key><![CDATA[_wp_attachment_metadata]]></wp:meta_key>
		<wp:meta_value><![CDATA[a:6:{s:5:"width";i:600;s:6:"height";i:800;s:4:"file";s:28:"2020/04/neve-pet-shop-26.jpg";s:8:"filesize";i:48402;s:5:"sizes";a:0:{}s:10:"image_meta";a:12:{s:8:"aperture";s:1:"0";s:6:"credit";s:0:"";s:6:"camera";s:0:"";s:7:"caption";s:0:"";s:17:"created_timestamp";s:1:"0";s:9:"copyright";s:0:"";s:12:"focal_length";s:1:"0";s:3:"iso";s:1:"0";s:13:"shutter_speed";s:1:"0";s:5:"title";s:0:"";s:11:"orientation";s:1:"0";s:8:"keywords";a:0:{}}}]]></wp:meta_value>
		</wp:postmeta>
							</item>
					<item>
		<title><![CDATA[pet-shop-01]]></title>
		<link>https://wrathfulwood.s1-tastewp.com/pet-shop-01/</link>
		<pubDate>Thu, 02 Apr 2020 11:18:55 +0000</pubDate>
		<dc:creator><![CDATA[robertino]]></dc:creator>
		<guid isPermaLink="false">https://wrathfulwood.s1-tastewp.com/wp-content/uploads/2020/04/neve-pet-shop-01.jpg</guid>
		<description></description>
		<content:encoded><![CDATA[]]></content:encoded>
		<excerpt:encoded><![CDATA[]]></excerpt:encoded>
		<wp:post_id>50</wp:post_id>
		<wp:post_date><![CDATA[2020-04-02 11:18:55]]></wp:post_date>
		<wp:post_date_gmt><![CDATA[2020-04-02 11:18:55]]></wp:post_date_gmt>
		<wp:post_modified><![CDATA[2020-04-02 11:18:55]]></wp:post_modified>
		<wp:post_modified_gmt><![CDATA[2020-04-02 11:18:55]]></wp:post_modified_gmt>
		<wp:comment_status><![CDATA[open]]></wp:comment_status>
		<wp:ping_status><![CDATA[closed]]></wp:ping_status>
		<wp:post_name><![CDATA[pet-shop-01]]></wp:post_name>
		<wp:status><![CDATA[inherit]]></wp:status>
		<wp:post_parent>0</wp:post_parent>
		<wp:menu_order>0</wp:menu_order>
		<wp:post_type><![CDATA[attachment]]></wp:post_type>
		<wp:post_password><![CDATA[]]></wp:post_password>
		<wp:is_sticky>0</wp:is_sticky>
						<wp:attachment_url><![CDATA[https://wrathfulwood.s1-tastewp.com/wp-content/uploads/2020/04/neve-pet-shop-01.jpg]]></wp:attachment_url>
											<wp:postmeta>
		<wp:meta_key><![CDATA[_wp_attached_file]]></wp:meta_key>
		<wp:meta_value><![CDATA[2020/04/neve-pet-shop-01.jpg]]></wp:meta_value>
		</wp:postmeta>
							<wp:postmeta>
		<wp:meta_key><![CDATA[_wp_attachment_metadata]]></wp:meta_key>
		<wp:meta_value><![CDATA[a:6:{s:5:"width";i:1200;s:6:"height";i:601;s:4:"file";s:28:"2020/04/neve-pet-shop-01.jpg";s:8:"filesize";i:286284;s:5:"sizes";a:0:{}s:10:"image_meta";a:12:{s:8:"aperture";s:1:"0";s:6:"credit";s:0:"";s:6:"camera";s:0:"";s:7:"caption";s:0:"";s:17:"created_timestamp";s:1:"0";s:9:"copyright";s:0:"";s:12:"focal_length";s:1:"0";s:3:"iso";s:1:"0";s:13:"shutter_speed";s:1:"0";s:5:"title";s:0:"";s:11:"orientation";s:1:"0";s:8:"keywords";a:0:{}}}]]></wp:meta_value>
		</wp:postmeta>
							</item>
					<item>
		<title><![CDATA[pet-shop-02]]></title>
		<link>https://wrathfulwood.s1-tastewp.com/pet-shop-02/</link>
		<pubDate>Thu, 02 Apr 2020 11:19:05 +0000</pubDate>
		<dc:creator><![CDATA[robertino]]></dc:creator>
		<guid isPermaLink="false">https://wrathfulwood.s1-tastewp.com/wp-content/uploads/2020/04/neve-pet-shop-02.jpg</guid>
		<description></description>
		<content:encoded><![CDATA[]]></content:encoded>
		<excerpt:encoded><![CDATA[]]></excerpt:encoded>
		<wp:post_id>51</wp:post_id>
		<wp:post_date><![CDATA[2020-04-02 11:19:05]]></wp:post_date>
		<wp:post_date_gmt><![CDATA[2020-04-02 11:19:05]]></wp:post_date_gmt>
		<wp:post_modified><![CDATA[2020-04-02 11:19:05]]></wp:post_modified>
		<wp:post_modified_gmt><![CDATA[2020-04-02 11:19:05]]></wp:post_modified_gmt>
		<wp:comment_status><![CDATA[open]]></wp:comment_status>
		<wp:ping_status><![CDATA[closed]]></wp:ping_status>
		<wp:post_name><![CDATA[pet-shop-02]]></wp:post_name>
		<wp:status><![CDATA[inherit]]></wp:status>
		<wp:post_parent>0</wp:post_parent>
		<wp:menu_order>0</wp:menu_order>
		<wp:post_type><![CDATA[attachment]]></wp:post_type>
		<wp:post_password><![CDATA[]]></wp:post_password>
		<wp:is_sticky>0</wp:is_sticky>
						<wp:attachment_url><![CDATA[https://wrathfulwood.s1-tastewp.com/wp-content/uploads/2020/04/neve-pet-shop-02.jpg]]></wp:attachment_url>
											<wp:postmeta>
		<wp:meta_key><![CDATA[_wp_attached_file]]></wp:meta_key>
		<wp:meta_value><![CDATA[2020/04/neve-pet-shop-02.jpg]]></wp:meta_value>
		</wp:postmeta>
							<wp:postmeta>
		<wp:meta_key><![CDATA[_wp_attachment_metadata]]></wp:meta_key>
		<wp:meta_value><![CDATA[a:6:{s:5:"width";i:1200;s:6:"height";i:601;s:4:"file";s:28:"2020/04/neve-pet-shop-02.jpg";s:8:"filesize";i:202589;s:5:"sizes";a:0:{}s:10:"image_meta";a:12:{s:8:"aperture";s:1:"0";s:6:"credit";s:0:"";s:6:"camera";s:0:"";s:7:"caption";s:0:"";s:17:"created_timestamp";s:1:"0";s:9:"copyright";s:0:"";s:12:"focal_length";s:1:"0";s:3:"iso";s:1:"0";s:13:"shutter_speed";s:1:"0";s:5:"title";s:0:"";s:11:"orientation";s:1:"0";s:8:"keywords";a:0:{}}}]]></wp:meta_value>
		</wp:postmeta>
							</item>
					<item>
		<title><![CDATA[pet-shop-03]]></title>
		<link>https://wrathfulwood.s1-tastewp.com/pet-shop-03/</link>
		<pubDate>Thu, 02 Apr 2020 11:19:32 +0000</pubDate>
		<dc:creator><![CDATA[robertino]]></dc:creator>
		<guid isPermaLink="false">https://wrathfulwood.s1-tastewp.com/wp-content/uploads/2020/04/neve-pet-shop-03.jpg</guid>
		<description></description>
		<content:encoded><![CDATA[]]></content:encoded>
		<excerpt:encoded><![CDATA[]]></excerpt:encoded>
		<wp:post_id>52</wp:post_id>
		<wp:post_date><![CDATA[2020-04-02 11:19:32]]></wp:post_date>
		<wp:post_date_gmt><![CDATA[2020-04-02 11:19:32]]></wp:post_date_gmt>
		<wp:post_modified><![CDATA[2020-04-02 11:19:32]]></wp:post_modified>
		<wp:post_modified_gmt><![CDATA[2020-04-02 11:19:32]]></wp:post_modified_gmt>
		<wp:comment_status><![CDATA[open]]></wp:comment_status>
		<wp:ping_status><![CDATA[closed]]></wp:ping_status>
		<wp:post_name><![CDATA[pet-shop-03]]></wp:post_name>
		<wp:status><![CDATA[inherit]]></wp:status>
		<wp:post_parent>0</wp:post_parent>
		<wp:menu_order>0</wp:menu_order>
		<wp:post_type><![CDATA[attachment]]></wp:post_type>
		<wp:post_password><![CDATA[]]></wp:post_password>
		<wp:is_sticky>0</wp:is_sticky>
						<wp:attachment_url><![CDATA[https://wrathfulwood.s1-tastewp.com/wp-content/uploads/2020/04/neve-pet-shop-03.jpg]]></wp:attachment_url>
											<wp:postmeta>
		<wp:meta_key><![CDATA[_wp_attached_file]]></wp:meta_key>
		<wp:meta_value><![CDATA[2020/04/neve-pet-shop-03.jpg]]></wp:meta_value>
		</wp:postmeta>
							<wp:postmeta>
		<wp:meta_key><![CDATA[_wp_attachment_metadata]]></wp:meta_key>
		<wp:meta_value><![CDATA[a:6:{s:5:"width";i:1200;s:6:"height";i:601;s:4:"file";s:28:"2020/04/neve-pet-shop-03.jpg";s:8:"filesize";i:221691;s:5:"sizes";a:0:{}s:10:"image_meta";a:12:{s:8:"aperture";s:1:"0";s:6:"credit";s:0:"";s:6:"camera";s:0:"";s:7:"caption";s:0:"";s:17:"created_timestamp";s:1:"0";s:9:"copyright";s:0:"";s:12:"focal_length";s:1:"0";s:3:"iso";s:1:"0";s:13:"shutter_speed";s:1:"0";s:5:"title";s:0:"";s:11:"orientation";s:1:"0";s:8:"keywords";a:0:{}}}]]></wp:meta_value>
		</wp:postmeta>
							</item>
					<item>
		<title><![CDATA[Privacy Policy]]></title>
		<link>https://wrathfulwood.s1-tastewp.com/?page_id=3</link>
		<pubDate>Wed, 05 Aug 2020 23:33:08 +0000</pubDate>
		<dc:creator><![CDATA[robertino]]></dc:creator>
		<guid isPermaLink="false">https://wrathfulwood.s1-tastewp.com/?page_id=3</guid>
		<description></description>
		<content:encoded><![CDATA[<!-- wp:heading --><h2>Who we are</h2><!-- /wp:heading --><!-- wp:paragraph --><p>Our website address is: https://wrathfulwood.s1-tastewp.com.</p><!-- /wp:paragraph --><!-- wp:heading --><h2>What personal data we collect and why we collect it</h2><!-- /wp:heading --><!-- wp:heading {"level":3} --><h3>Comments</h3><!-- /wp:heading --><!-- wp:paragraph --><p>When visitors leave comments on the site we collect the data shown in the comments form, and also the visitor&#8217;s IP address and browser user agent string to help spam detection.</p><!-- /wp:paragraph --><!-- wp:paragraph --><p>An anonymized string created from your email address (also called a hash) may be provided to the Gravatar service to see if you are using it. The Gravatar service privacy policy is available here: https://automattic.com/privacy/. After approval of your comment, your profile picture is visible to the public in the context of your comment.</p><!-- /wp:paragraph --><!-- wp:heading {"level":3} --><h3>Media</h3><!-- /wp:heading --><!-- wp:paragraph --><p>If you upload images to the website, you should avoid uploading images with embedded location data (EXIF GPS) included. Visitors to the website can download and extract any location data from images on the website.</p><!-- /wp:paragraph --><!-- wp:heading {"level":3} --><h3>Contact forms</h3><!-- /wp:heading --><!-- wp:heading {"level":3} --><h3>Cookies</h3><!-- /wp:heading --><!-- wp:paragraph --><p>If you leave a comment on our site you may opt-in to saving your name, email address and website in cookies. These are for your convenience so that you do not have to fill in your details again when you leave another comment. These cookies will last for one year.</p><!-- /wp:paragraph --><!-- wp:paragraph --><p>If you visit our login page, we will set a temporary cookie to determine if your browser accepts cookies. This cookie contains no personal data and is discarded when you close your browser.</p><!-- /wp:paragraph --><!-- wp:paragraph --><p>When you log in, we will also set up several cookies to save your login information and your screen display choices. Login cookies last for two days, and screen options cookies last for a year. If you select &quot;Remember Me&quot;, your login will persist for two weeks. If you log out of your account, the login cookies will be removed.</p><!-- /wp:paragraph --><!-- wp:paragraph --><p>If you edit or publish an article, an additional cookie will be saved in your browser. This cookie includes no personal data and simply indicates the post ID of the article you just edited. It expires after 1 day.</p><!-- /wp:paragraph --><!-- wp:heading {"level":3} --><h3>Embedded content from other websites</h3><!-- /wp:heading --><!-- wp:paragraph --><p>Articles on this site may include embedded content (e.g. videos, images, articles, etc.). Embedded content from other websites behaves in the exact same way as if the visitor has visited the other website.</p><!-- /wp:paragraph --><!-- wp:paragraph --><p>These websites may collect data about you, use cookies, embed additional third-party tracking, and monitor your interaction with that embedded content, including tracking your interaction with the embedded content if you have an account and are logged in to that website.</p><!-- /wp:paragraph --><!-- wp:heading {"level":3} --><h3>Analytics</h3><!-- /wp:heading --><!-- wp:heading --><h2>Who we share your data with</h2><!-- /wp:heading --><!-- wp:heading --><h2>How long we retain your data</h2><!-- /wp:heading --><!-- wp:paragraph --><p>If you leave a comment, the comment and its metadata are retained indefinitely. This is so we can recognize and approve any follow-up comments automatically instead of holding them in a moderation queue.</p><!-- /wp:paragraph --><!-- wp:paragraph --><p>For users that register on our website (if any), we also store the personal information they provide in their user profile. All users can see, edit, or delete their personal information at any time (except they cannot change their username). Website administrators can also see and edit that information.</p><!-- /wp:paragraph --><!-- wp:heading --><h2>What rights you have over your data</h2><!-- /wp:heading --><!-- wp:paragraph --><p>If you have an account on this site, or have left comments, you can request to receive an exported file of the personal data we hold about you, including any data you have provided to us. You can also request that we erase any personal data we hold about you. This does not include any data we are obliged to keep for administrative, legal, or security purposes.</p><!-- /wp:paragraph --><!-- wp:heading --><h2>Where we send your data</h2><!-- /wp:heading --><!-- wp:paragraph --><p>Visitor comments may be checked through an automated spam detection service.</p><!-- /wp:paragraph --><!-- wp:heading --><h2>Your contact information</h2><!-- /wp:heading --><!-- wp:heading --><h2>Additional information</h2><!-- /wp:heading --><!-- wp:heading {"level":3} --><h3>How we protect your data</h3><!-- /wp:heading --><!-- wp:heading {"level":3} --><h3>What data breach procedures we have in place</h3><!-- /wp:heading --><!-- wp:heading {"level":3} --><h3>What third parties we receive data from</h3><!-- /wp:heading --><!-- wp:heading {"level":3} --><h3>What automated decision making and/or profiling we do with user data</h3><!-- /wp:heading --><!-- wp:heading {"level":3} --><h3>Industry regulatory disclosure requirements</h3><!-- /wp:heading -->]]></content:encoded>
		<excerpt:encoded><![CDATA[]]></excerpt:encoded>
		<wp:post_id>3</wp:post_id>
		<wp:post_date><![CDATA[2020-08-05 23:33:08]]></wp:post_date>
		<wp:post_date_gmt><![CDATA[2020-08-05 23:33:08]]></wp:post_date_gmt>
		<wp:post_modified><![CDATA[2020-08-05 23:33:08]]></wp:post_modified>
		<wp:post_modified_gmt><![CDATA[2020-08-05 23:33:08]]></wp:post_modified_gmt>
		<wp:comment_status><![CDATA[closed]]></wp:comment_status>
		<wp:ping_status><![CDATA[open]]></wp:ping_status>
		<wp:post_name><![CDATA[privacy-policy]]></wp:post_name>
		<wp:status><![CDATA[draft]]></wp:status>
		<wp:post_parent>0</wp:post_parent>
		<wp:menu_order>0</wp:menu_order>
		<wp:post_type><![CDATA[page]]></wp:post_type>
		<wp:post_password><![CDATA[]]></wp:post_password>
		<wp:is_sticky>0</wp:is_sticky>
														<wp:postmeta>
		<wp:meta_key><![CDATA[_wp_page_template]]></wp:meta_key>
		<wp:meta_value><![CDATA[default]]></wp:meta_value>
		</wp:postmeta>
							</item>
					<item>
		<title><![CDATA[woocommerce-placeholder]]></title>
		<link>https://wrathfulwood.s1-tastewp.com/woocommerce-placeholder/</link>
		<pubDate>Mon, 09 May 2022 08:52:35 +0000</pubDate>
		<dc:creator><![CDATA[robertino]]></dc:creator>
		<guid isPermaLink="false">https://wrathfulwood.s1-tastewp.com/wp-content/uploads/2022/05/woocommerce-placeholder.png</guid>
		<description></description>
		<content:encoded><![CDATA[]]></content:encoded>
		<excerpt:encoded><![CDATA[]]></excerpt:encoded>
		<wp:post_id>6</wp:post_id>
		<wp:post_date><![CDATA[2022-05-09 08:52:35]]></wp:post_date>
		<wp:post_date_gmt><![CDATA[2022-05-09 08:52:35]]></wp:post_date_gmt>
		<wp:post_modified><![CDATA[2022-05-09 08:52:35]]></wp:post_modified>
		<wp:post_modified_gmt><![CDATA[2022-05-09 08:52:35]]></wp:post_modified_gmt>
		<wp:comment_status><![CDATA[open]]></wp:comment_status>
		<wp:ping_status><![CDATA[closed]]></wp:ping_status>
		<wp:post_name><![CDATA[woocommerce-placeholder]]></wp:post_name>
		<wp:status><![CDATA[inherit]]></wp:status>
		<wp:post_parent>0</wp:post_parent>
		<wp:menu_order>0</wp:menu_order>
		<wp:post_type><![CDATA[attachment]]></wp:post_type>
		<wp:post_password><![CDATA[]]></wp:post_password>
		<wp:is_sticky>0</wp:is_sticky>
						<wp:attachment_url><![CDATA[https://wrathfulwood.s1-tastewp.com/wp-content/uploads/woocommerce-placeholder.png]]></wp:attachment_url>
											<wp:postmeta>
		<wp:meta_key><![CDATA[_wp_attached_file]]></wp:meta_key>
		<wp:meta_value><![CDATA[woocommerce-placeholder.png]]></wp:meta_value>
		</wp:postmeta>
							<wp:postmeta>
		<wp:meta_key><![CDATA[_wp_attachment_metadata]]></wp:meta_key>
		<wp:meta_value><![CDATA[a:6:{s:5:"width";i:1200;s:6:"height";i:1200;s:4:"file";s:27:"woocommerce-placeholder.png";s:8:"filesize";i:102644;s:5:"sizes";a:5:{s:6:"medium";a:5:{s:4:"file";s:35:"woocommerce-placeholder-300x300.png";s:5:"width";i:300;s:6:"height";i:300;s:9:"mime-type";s:9:"image/png";s:8:"filesize";i:12560;}s:5:"large";a:5:{s:4:"file";s:37:"woocommerce-placeholder-1024x1024.png";s:5:"width";i:1024;s:6:"height";i:1024;s:9:"mime-type";s:9:"image/png";s:8:"filesize";i:144462;}s:9:"thumbnail";a:5:{s:4:"file";s:35:"woocommerce-placeholder-150x150.png";s:5:"width";i:150;s:6:"height";i:150;s:9:"mime-type";s:9:"image/png";s:8:"filesize";i:4228;}s:12:"medium_large";a:5:{s:4:"file";s:35:"woocommerce-placeholder-768x768.png";s:5:"width";i:768;s:6:"height";i:768;s:9:"mime-type";s:9:"image/png";s:8:"filesize";i:67801;}s:9:"neve-blog";a:5:{s:4:"file";s:35:"woocommerce-placeholder-930x620.png";s:5:"width";i:930;s:6:"height";i:620;s:9:"mime-type";s:9:"image/png";s:8:"filesize";i:140942;}}s:10:"image_meta";a:12:{s:8:"aperture";s:1:"0";s:6:"credit";s:0:"";s:6:"camera";s:0:"";s:7:"caption";s:0:"";s:17:"created_timestamp";s:1:"0";s:9:"copyright";s:0:"";s:12:"focal_length";s:1:"0";s:3:"iso";s:1:"0";s:13:"shutter_speed";s:1:"0";s:5:"title";s:0:"";s:11:"orientation";s:1:"0";s:8:"keywords";a:0:{}}}]]></wp:meta_value>
		</wp:postmeta>
							</item>
					<item>
		<title><![CDATA[Refund and Returns Policy]]></title>
		<link>https://wrathfulwood.s1-tastewp.com/?page_id=11</link>
		<pubDate></pubDate>
		<dc:creator><![CDATA[robertino]]></dc:creator>
		<guid isPermaLink="false">https://wrathfulwood.s1-tastewp.com/?page_id=11</guid>
		<description></description>
		<content:encoded><![CDATA[<!-- wp:paragraph -->
<p><b>This is a sample page.</b></p>
<!-- /wp:paragraph -->

<!-- wp:paragraph -->
<h3>Overview</h3>
<!-- /wp:paragraph -->

<!-- wp:paragraph -->
<p>Our refund and returns policy lasts 30 days. If 30 days have passed since your purchase, we can’t offer you a full refund or exchange.</p>
<!-- /wp:paragraph -->

<!-- wp:paragraph -->
<p>To be eligible for a return, your item must be unused and in the same condition that you received it. It must also be in the original packaging.</p>
<!-- /wp:paragraph -->

<!-- wp:paragraph -->
<p>Several types of goods are exempt from being returned. Perishable goods such as food, flowers, newspapers or magazines cannot be returned. We also do not accept products that are intimate or sanitary goods, hazardous materials, or flammable liquids or gases.</p>
<!-- /wp:paragraph -->

<!-- wp:paragraph -->
<p>Additional non-returnable items:</p>
<!-- /wp:paragraph -->

<!-- wp:list -->
<ul>
<li>Gift cards</li>
<li>Downloadable software products</li>
<li>Some health and personal care items</li>
</ul>
<!-- /wp:list -->

<!-- wp:paragraph -->
<p>To complete your return, we require a receipt or proof of purchase.</p>
<!-- /wp:paragraph -->

<!-- wp:paragraph -->
<p>Please do not send your purchase back to the manufacturer.</p>
<!-- /wp:paragraph -->

<!-- wp:paragraph -->
<p>There are certain situations where only partial refunds are granted:</p>
<!-- /wp:paragraph -->

<!-- wp:list -->
<ul>
<li>Book with obvious signs of use</li>
<li>CD, DVD, VHS tape, software, video game, cassette tape, or vinyl record that has been opened.</li>
<li>Any item not in its original condition, is damaged or missing parts for reasons not due to our error.</li>
<li>Any item that is returned more than 30 days after delivery</li>
</ul>
<!-- /wp:list -->

<!-- wp:paragraph -->
<h2>Refunds</h2>
<!-- /wp:paragraph -->

<!-- wp:paragraph -->
<p>Once your return is received and inspected, we will send you an email to notify you that we have received your returned item. We will also notify you of the approval or rejection of your refund.</p>
<!-- /wp:paragraph -->

<!-- wp:paragraph -->
<p>If you are approved, then your refund will be processed, and a credit will automatically be applied to your credit card or original method of payment, within a certain amount of days.</p>
<!-- /wp:paragraph -->

<!-- wp:paragraph -->
<b>Late or missing refunds</b>
<!-- /wp:paragraph -->

<!-- wp:paragraph -->
<p>If you haven’t received a refund yet, first check your bank account again.</p>
<!-- /wp:paragraph -->

<!-- wp:paragraph -->
<p>Then contact your credit card company, it may take some time before your refund is officially posted.</p>
<!-- /wp:paragraph -->

<!-- wp:paragraph -->
<p>Next contact your bank. There is often some processing time before a refund is posted.</p>
<!-- /wp:paragraph -->

<!-- wp:paragraph -->
<p>If you’ve done all of this and you still have not received your refund yet, please contact us at {email address}.</p>
<!-- /wp:paragraph -->

<!-- wp:paragraph -->
<b>Sale items</b>
<!-- /wp:paragraph -->

<!-- wp:paragraph -->
<p>Only regular priced items may be refunded. Sale items cannot be refunded.</p>
<!-- /wp:paragraph -->

<!-- wp:paragraph -->
<h2>Exchanges</h2>
<!-- /wp:paragraph -->

<!-- wp:paragraph -->
<p>We only replace items if they are defective or damaged. If you need to exchange it for the same item, send us an email at {email address} and send your item to: {physical address}.</p>
<!-- /wp:paragraph -->

<!-- wp:paragraph -->
<h2>Gifts</h2>
<!-- /wp:paragraph -->

<!-- wp:paragraph -->
<p>If the item was marked as a gift when purchased and shipped directly to you, you’ll receive a gift credit for the value of your return. Once the returned item is received, a gift certificate will be mailed to you.</p>
<!-- /wp:paragraph -->

<!-- wp:paragraph -->
<p>If the item wasn’t marked as a gift when purchased, or the gift giver had the order shipped to themselves to give to you later, we will send a refund to the gift giver and they will find out about your return.</p>
<!-- /wp:paragraph -->

<!-- wp:paragraph -->
<h2>Shipping returns</h2>
<!-- /wp:paragraph -->

<!-- wp:paragraph -->
<p>To return your product, you should mail your product to: {physical address}.</p>
<!-- /wp:paragraph -->

<!-- wp:paragraph -->
<p>You will be responsible for paying for your own shipping costs for returning your item. Shipping costs are non-refundable. If you receive a refund, the cost of return shipping will be deducted from your refund.</p>
<!-- /wp:paragraph -->

<!-- wp:paragraph -->
<p>Depending on where you live, the time it may take for your exchanged product to reach you may vary.</p>
<!-- /wp:paragraph -->

<!-- wp:paragraph -->
<p>If you are returning more expensive items, you may consider using a trackable shipping service or purchasing shipping insurance. We don’t guarantee that we will receive your returned item.</p>
<!-- /wp:paragraph -->

<!-- wp:paragraph -->
<h2>Need help?</h2>
<!-- /wp:paragraph -->

<!-- wp:paragraph -->
<p>Contact us at {email} for questions related to refunds and returns.</p>
<!-- /wp:paragraph -->]]></content:encoded>
		<excerpt:encoded><![CDATA[]]></excerpt:encoded>
		<wp:post_id>11</wp:post_id>
		<wp:post_date><![CDATA[2022-05-09 08:52:35]]></wp:post_date>
		<wp:post_date_gmt><![CDATA[0000-00-00 00:00:00]]></wp:post_date_gmt>
		<wp:post_modified><![CDATA[2022-05-09 08:52:35]]></wp:post_modified>
		<wp:post_modified_gmt><![CDATA[0000-00-00 00:00:00]]></wp:post_modified_gmt>
		<wp:comment_status><![CDATA[closed]]></wp:comment_status>
		<wp:ping_status><![CDATA[closed]]></wp:ping_status>
		<wp:post_name><![CDATA[refund_returns]]></wp:post_name>
		<wp:status><![CDATA[draft]]></wp:status>
		<wp:post_parent>0</wp:post_parent>
		<wp:menu_order>0</wp:menu_order>
		<wp:post_type><![CDATA[page]]></wp:post_type>
		<wp:post_password><![CDATA[]]></wp:post_password>
		<wp:is_sticky>0</wp:is_sticky>
														<wp:postmeta>
		<wp:meta_key><![CDATA[custom-layout-options-should-expire]]></wp:meta_key>
		<wp:meta_value><![CDATA[]]></wp:meta_value>
		</wp:postmeta>
							</item>
					<item>
		<title><![CDATA[Cart]]></title>
		<link>https://wrathfulwood.s1-tastewp.com/d09c8-pet-shop-cart/</link>
		<pubDate>Wed, 01 Apr 2020 13:42:21 +0000</pubDate>
		<dc:creator><![CDATA[robertino]]></dc:creator>
		<guid isPermaLink="false">https://demosites.io/pet-shop-gb/cart/</guid>
		<description></description>
		<content:encoded><![CDATA[<!-- wp:shortcode -->[woocommerce_cart]<!-- /wp:shortcode -->]]></content:encoded>
		<excerpt:encoded><![CDATA[]]></excerpt:encoded>
		<wp:post_id>19</wp:post_id>
		<wp:post_date><![CDATA[2020-04-01 13:42:21]]></wp:post_date>
		<wp:post_date_gmt><![CDATA[2020-04-01 13:42:21]]></wp:post_date_gmt>
		<wp:post_modified><![CDATA[2020-04-01 13:42:21]]></wp:post_modified>
		<wp:post_modified_gmt><![CDATA[2020-04-01 13:42:21]]></wp:post_modified_gmt>
		<wp:comment_status><![CDATA[closed]]></wp:comment_status>
		<wp:ping_status><![CDATA[closed]]></wp:ping_status>
		<wp:post_name><![CDATA[d09c8-pet-shop-cart]]></wp:post_name>
		<wp:status><![CDATA[publish]]></wp:status>
		<wp:post_parent>0</wp:post_parent>
		<wp:menu_order>0</wp:menu_order>
		<wp:post_type><![CDATA[page]]></wp:post_type>
		<wp:post_password><![CDATA[]]></wp:post_password>
		<wp:is_sticky>0</wp:is_sticky>
														<wp:postmeta>
		<wp:meta_key><![CDATA[_elementor_controls_usage]]></wp:meta_key>
		<wp:meta_value><![CDATA[a:0:{}]]></wp:meta_value>
		</wp:postmeta>
							<wp:postmeta>
		<wp:meta_key><![CDATA[neve_meta_sidebar]]></wp:meta_key>
		<wp:meta_value><![CDATA[full-width]]></wp:meta_value>
		</wp:postmeta>
							<wp:postmeta>
		<wp:meta_key><![CDATA[neve_meta_enable_content_width]]></wp:meta_key>
		<wp:meta_value><![CDATA[on]]></wp:meta_value>
		</wp:postmeta>
							<wp:postmeta>
		<wp:meta_key><![CDATA[neve_meta_content_width]]></wp:meta_key>
		<wp:meta_value><![CDATA[100]]></wp:meta_value>
		</wp:postmeta>
							<wp:postmeta>
		<wp:meta_key><![CDATA[_wp_page_template]]></wp:meta_key>
		<wp:meta_value><![CDATA[default]]></wp:meta_value>
		</wp:postmeta>
							</item>
					<item>
		<title><![CDATA[]]></title>
		<link>https://wrathfulwood.s1-tastewp.com/2022/05/09/53/</link>
		<pubDate>Mon, 09 May 2022 08:55:06 +0000</pubDate>
		<dc:creator><![CDATA[robertino]]></dc:creator>
		<guid isPermaLink="false">https://wrathfulwood.s1-tastewp.com/2022/05/09/</guid>
		<description></description>
		<content:encoded><![CDATA[ ]]></content:encoded>
		<excerpt:encoded><![CDATA[]]></excerpt:encoded>
		<wp:post_id>53</wp:post_id>
		<wp:post_date><![CDATA[2022-05-09 08:55:06]]></wp:post_date>
		<wp:post_date_gmt><![CDATA[2022-05-09 08:55:06]]></wp:post_date_gmt>
		<wp:post_modified><![CDATA[2022-05-09 08:55:06]]></wp:post_modified>
		<wp:post_modified_gmt><![CDATA[2022-05-09 08:55:06]]></wp:post_modified_gmt>
		<wp:comment_status><![CDATA[closed]]></wp:comment_status>
		<wp:ping_status><![CDATA[closed]]></wp:ping_status>
		<wp:post_name><![CDATA[53]]></wp:post_name>
		<wp:status><![CDATA[publish]]></wp:status>
		<wp:post_parent>0</wp:post_parent>
		<wp:menu_order>4</wp:menu_order>
		<wp:post_type><![CDATA[nav_menu_item]]></wp:post_type>
		<wp:post_password><![CDATA[]]></wp:post_password>
		<wp:is_sticky>0</wp:is_sticky>
										<category domain="nav_menu" nicename="pet-shop-main-menu"><![CDATA[pet-shop-main-menu]]></category>
						<wp:postmeta>
		<wp:meta_key><![CDATA[_menu_item_type]]></wp:meta_key>
		<wp:meta_value><![CDATA[post_type]]></wp:meta_value>
		</wp:postmeta>
							<wp:postmeta>
		<wp:meta_key><![CDATA[_menu_item_menu_item_parent]]></wp:meta_key>
		<wp:meta_value><![CDATA[0]]></wp:meta_value>
		</wp:postmeta>
							<wp:postmeta>
		<wp:meta_key><![CDATA[_menu_item_object_id]]></wp:meta_key>
		<wp:meta_value><![CDATA[22]]></wp:meta_value>
		</wp:postmeta>
							<wp:postmeta>
		<wp:meta_key><![CDATA[_menu_item_object]]></wp:meta_key>
		<wp:meta_value><![CDATA[page]]></wp:meta_value>
		</wp:postmeta>
							<wp:postmeta>
		<wp:meta_key><![CDATA[_menu_item_target]]></wp:meta_key>
		<wp:meta_value><![CDATA[]]></wp:meta_value>
		</wp:postmeta>
							<wp:postmeta>
		<wp:meta_key><![CDATA[_menu_item_classes]]></wp:meta_key>
		<wp:meta_value><![CDATA[a:1:{i:0;s:0:"";}]]></wp:meta_value>
		</wp:postmeta>
							<wp:postmeta>
		<wp:meta_key><![CDATA[_menu_item_xfn]]></wp:meta_key>
		<wp:meta_value><![CDATA[]]></wp:meta_value>
		</wp:postmeta>
							<wp:postmeta>
		<wp:meta_key><![CDATA[_menu_item_url]]></wp:meta_key>
		<wp:meta_value><![CDATA[]]></wp:meta_value>
		</wp:postmeta>
							</item>
					<item>
		<title><![CDATA[pet-shop-04]]></title>
		<link>https://wrathfulwood.s1-tastewp.com/pet-shop-04/</link>
		<pubDate>Thu, 02 Apr 2020 11:19:41 +0000</pubDate>
		<dc:creator><![CDATA[robertino]]></dc:creator>
		<guid isPermaLink="false">https://wrathfulwood.s1-tastewp.com/wp-content/uploads/2020/04/neve-pet-shop-04.jpg</guid>
		<description></description>
		<content:encoded><![CDATA[]]></content:encoded>
		<excerpt:encoded><![CDATA[]]></excerpt:encoded>
		<wp:post_id>54</wp:post_id>
		<wp:post_date><![CDATA[2020-04-02 11:19:41]]></wp:post_date>
		<wp:post_date_gmt><![CDATA[2020-04-02 11:19:41]]></wp:post_date_gmt>
		<wp:post_modified><![CDATA[2020-04-02 11:19:41]]></wp:post_modified>
		<wp:post_modified_gmt><![CDATA[2020-04-02 11:19:41]]></wp:post_modified_gmt>
		<wp:comment_status><![CDATA[open]]></wp:comment_status>
		<wp:ping_status><![CDATA[closed]]></wp:ping_status>
		<wp:post_name><![CDATA[pet-shop-04]]></wp:post_name>
		<wp:status><![CDATA[inherit]]></wp:status>
		<wp:post_parent>0</wp:post_parent>
		<wp:menu_order>0</wp:menu_order>
		<wp:post_type><![CDATA[attachment]]></wp:post_type>
		<wp:post_password><![CDATA[]]></wp:post_password>
		<wp:is_sticky>0</wp:is_sticky>
						<wp:attachment_url><![CDATA[https://wrathfulwood.s1-tastewp.com/wp-content/uploads/2020/04/neve-pet-shop-04.jpg]]></wp:attachment_url>
											<wp:postmeta>
		<wp:meta_key><![CDATA[_wp_attached_file]]></wp:meta_key>
		<wp:meta_value><![CDATA[2020/04/neve-pet-shop-04.jpg]]></wp:meta_value>
		</wp:postmeta>
							<wp:postmeta>
		<wp:meta_key><![CDATA[_wp_attachment_metadata]]></wp:meta_key>
		<wp:meta_value><![CDATA[a:6:{s:5:"width";i:1200;s:6:"height";i:601;s:4:"file";s:28:"2020/04/neve-pet-shop-04.jpg";s:8:"filesize";i:173805;s:5:"sizes";a:0:{}s:10:"image_meta";a:12:{s:8:"aperture";s:1:"0";s:6:"credit";s:0:"";s:6:"camera";s:0:"";s:7:"caption";s:0:"";s:17:"created_timestamp";s:1:"0";s:9:"copyright";s:0:"";s:12:"focal_length";s:1:"0";s:3:"iso";s:1:"0";s:13:"shutter_speed";s:1:"0";s:5:"title";s:0:"";s:11:"orientation";s:1:"0";s:8:"keywords";a:0:{}}}]]></wp:meta_value>
		</wp:postmeta>
							</item>
					<item>
		<title><![CDATA[pet-shop-05]]></title>
		<link>https://wrathfulwood.s1-tastewp.com/pet-shop-05/</link>
		<pubDate>Thu, 02 Apr 2020 11:20:00 +0000</pubDate>
		<dc:creator><![CDATA[robertino]]></dc:creator>
		<guid isPermaLink="false">https://wrathfulwood.s1-tastewp.com/wp-content/uploads/2020/04/neve-pet-shop-05.jpg</guid>
		<description></description>
		<content:encoded><![CDATA[]]></content:encoded>
		<excerpt:encoded><![CDATA[]]></excerpt:encoded>
		<wp:post_id>55</wp:post_id>
		<wp:post_date><![CDATA[2020-04-02 11:20:00]]></wp:post_date>
		<wp:post_date_gmt><![CDATA[2020-04-02 11:20:00]]></wp:post_date_gmt>
		<wp:post_modified><![CDATA[2020-04-02 11:20:00]]></wp:post_modified>
		<wp:post_modified_gmt><![CDATA[2020-04-02 11:20:00]]></wp:post_modified_gmt>
		<wp:comment_status><![CDATA[open]]></wp:comment_status>
		<wp:ping_status><![CDATA[closed]]></wp:ping_status>
		<wp:post_name><![CDATA[pet-shop-05]]></wp:post_name>
		<wp:status><![CDATA[inherit]]></wp:status>
		<wp:post_parent>0</wp:post_parent>
		<wp:menu_order>0</wp:menu_order>
		<wp:post_type><![CDATA[attachment]]></wp:post_type>
		<wp:post_password><![CDATA[]]></wp:post_password>
		<wp:is_sticky>0</wp:is_sticky>
						<wp:attachment_url><![CDATA[https://wrathfulwood.s1-tastewp.com/wp-content/uploads/2020/04/neve-pet-shop-05.jpg]]></wp:attachment_url>
											<wp:postmeta>
		<wp:meta_key><![CDATA[_wp_attached_file]]></wp:meta_key>
		<wp:meta_value><![CDATA[2020/04/neve-pet-shop-05.jpg]]></wp:meta_value>
		</wp:postmeta>
							<wp:postmeta>
		<wp:meta_key><![CDATA[_wp_attachment_metadata]]></wp:meta_key>
		<wp:meta_value><![CDATA[a:6:{s:5:"width";i:1200;s:6:"height";i:601;s:4:"file";s:28:"2020/04/neve-pet-shop-05.jpg";s:8:"filesize";i:171645;s:5:"sizes";a:0:{}s:10:"image_meta";a:12:{s:8:"aperture";s:1:"0";s:6:"credit";s:0:"";s:6:"camera";s:0:"";s:7:"caption";s:0:"";s:17:"created_timestamp";s:1:"0";s:9:"copyright";s:0:"";s:12:"focal_length";s:1:"0";s:3:"iso";s:1:"0";s:13:"shutter_speed";s:1:"0";s:5:"title";s:0:"";s:11:"orientation";s:1:"0";s:8:"keywords";a:0:{}}}]]></wp:meta_value>
		</wp:postmeta>
							</item>
					<item>
		<title><![CDATA[pet-shop-25]]></title>
		<link>https://wrathfulwood.s1-tastewp.com/pet-shop-25/</link>
		<pubDate>Thu, 02 Apr 2020 11:20:11 +0000</pubDate>
		<dc:creator><![CDATA[robertino]]></dc:creator>
		<guid isPermaLink="false">https://wrathfulwood.s1-tastewp.com/wp-content/uploads/2020/04/neve-pet-shop-25.jpg</guid>
		<description></description>
		<content:encoded><![CDATA[]]></content:encoded>
		<excerpt:encoded><![CDATA[]]></excerpt:encoded>
		<wp:post_id>56</wp:post_id>
		<wp:post_date><![CDATA[2020-04-02 11:20:11]]></wp:post_date>
		<wp:post_date_gmt><![CDATA[2020-04-02 11:20:11]]></wp:post_date_gmt>
		<wp:post_modified><![CDATA[2020-04-02 11:20:11]]></wp:post_modified>
		<wp:post_modified_gmt><![CDATA[2020-04-02 11:20:11]]></wp:post_modified_gmt>
		<wp:comment_status><![CDATA[open]]></wp:comment_status>
		<wp:ping_status><![CDATA[closed]]></wp:ping_status>
		<wp:post_name><![CDATA[pet-shop-25]]></wp:post_name>
		<wp:status><![CDATA[inherit]]></wp:status>
		<wp:post_parent>0</wp:post_parent>
		<wp:menu_order>0</wp:menu_order>
		<wp:post_type><![CDATA[attachment]]></wp:post_type>
		<wp:post_password><![CDATA[]]></wp:post_password>
		<wp:is_sticky>0</wp:is_sticky>
						<wp:attachment_url><![CDATA[https://wrathfulwood.s1-tastewp.com/wp-content/uploads/2020/04/neve-pet-shop-25.jpg]]></wp:attachment_url>
											<wp:postmeta>
		<wp:meta_key><![CDATA[_wp_attached_file]]></wp:meta_key>
		<wp:meta_value><![CDATA[2020/04/neve-pet-shop-25.jpg]]></wp:meta_value>
		</wp:postmeta>
							<wp:postmeta>
		<wp:meta_key><![CDATA[_wp_attachment_metadata]]></wp:meta_key>
		<wp:meta_value><![CDATA[a:6:{s:5:"width";i:600;s:6:"height";i:800;s:4:"file";s:28:"2020/04/neve-pet-shop-25.jpg";s:8:"filesize";i:126744;s:5:"sizes";a:1:{s:21:"woocommerce_thumbnail";a:6:{s:4:"file";s:28:"neve-pet-shop-25-300x300.jpg";s:5:"width";i:300;s:6:"height";i:300;s:9:"mime-type";s:10:"image/jpeg";s:8:"filesize";i:25814;s:9:"uncropped";b:0;}}s:10:"image_meta";a:12:{s:8:"aperture";s:1:"0";s:6:"credit";s:0:"";s:6:"camera";s:0:"";s:7:"caption";s:0:"";s:17:"created_timestamp";s:1:"0";s:9:"copyright";s:0:"";s:12:"focal_length";s:1:"0";s:3:"iso";s:1:"0";s:13:"shutter_speed";s:1:"0";s:5:"title";s:0:"";s:11:"orientation";s:1:"0";s:8:"keywords";a:0:{}}}]]></wp:meta_value>
		</wp:postmeta>
							</item>
					<item>
		<title><![CDATA[pet-shop-17]]></title>
		<link>https://wrathfulwood.s1-tastewp.com/pet-shop-17/</link>
		<pubDate>Thu, 02 Apr 2020 11:21:17 +0000</pubDate>
		<dc:creator><![CDATA[robertino]]></dc:creator>
		<guid isPermaLink="false">https://wrathfulwood.s1-tastewp.com/wp-content/uploads/2020/04/neve-pet-shop-17.jpg</guid>
		<description></description>
		<content:encoded><![CDATA[]]></content:encoded>
		<excerpt:encoded><![CDATA[]]></excerpt:encoded>
		<wp:post_id>57</wp:post_id>
		<wp:post_date><![CDATA[2020-04-02 11:21:17]]></wp:post_date>
		<wp:post_date_gmt><![CDATA[2020-04-02 11:21:17]]></wp:post_date_gmt>
		<wp:post_modified><![CDATA[2020-04-02 11:21:17]]></wp:post_modified>
		<wp:post_modified_gmt><![CDATA[2020-04-02 11:21:17]]></wp:post_modified_gmt>
		<wp:comment_status><![CDATA[open]]></wp:comment_status>
		<wp:ping_status><![CDATA[closed]]></wp:ping_status>
		<wp:post_name><![CDATA[pet-shop-17]]></wp:post_name>
		<wp:status><![CDATA[inherit]]></wp:status>
		<wp:post_parent>0</wp:post_parent>
		<wp:menu_order>0</wp:menu_order>
		<wp:post_type><![CDATA[attachment]]></wp:post_type>
		<wp:post_password><![CDATA[]]></wp:post_password>
		<wp:is_sticky>0</wp:is_sticky>
						<wp:attachment_url><![CDATA[https://wrathfulwood.s1-tastewp.com/wp-content/uploads/2020/04/neve-pet-shop-17.jpg]]></wp:attachment_url>
											<wp:postmeta>
		<wp:meta_key><![CDATA[_wp_attached_file]]></wp:meta_key>
		<wp:meta_value><![CDATA[2020/04/neve-pet-shop-17.jpg]]></wp:meta_value>
		</wp:postmeta>
							<wp:postmeta>
		<wp:meta_key><![CDATA[_wp_attachment_metadata]]></wp:meta_key>
		<wp:meta_value><![CDATA[a:6:{s:5:"width";i:600;s:6:"height";i:800;s:4:"file";s:28:"2020/04/neve-pet-shop-17.jpg";s:8:"filesize";i:28755;s:5:"sizes";a:1:{s:21:"woocommerce_thumbnail";a:6:{s:4:"file";s:28:"neve-pet-shop-17-300x300.jpg";s:5:"width";i:300;s:6:"height";i:300;s:9:"mime-type";s:10:"image/jpeg";s:8:"filesize";i:10639;s:9:"uncropped";b:0;}}s:10:"image_meta";a:12:{s:8:"aperture";s:1:"0";s:6:"credit";s:0:"";s:6:"camera";s:0:"";s:7:"caption";s:0:"";s:17:"created_timestamp";s:1:"0";s:9:"copyright";s:0:"";s:12:"focal_length";s:1:"0";s:3:"iso";s:1:"0";s:13:"shutter_speed";s:1:"0";s:5:"title";s:0:"";s:11:"orientation";s:1:"0";s:8:"keywords";a:0:{}}}]]></wp:meta_value>
		</wp:postmeta>
							</item>
					<item>
		<title><![CDATA[pet-shop-18]]></title>
		<link>https://wrathfulwood.s1-tastewp.com/pet-shop-18/</link>
		<pubDate>Thu, 02 Apr 2020 11:21:37 +0000</pubDate>
		<dc:creator><![CDATA[robertino]]></dc:creator>
		<guid isPermaLink="false">https://wrathfulwood.s1-tastewp.com/wp-content/uploads/2020/04/neve-pet-shop-18.jpg</guid>
		<description></description>
		<content:encoded><![CDATA[]]></content:encoded>
		<excerpt:encoded><![CDATA[]]></excerpt:encoded>
		<wp:post_id>58</wp:post_id>
		<wp:post_date><![CDATA[2020-04-02 11:21:37]]></wp:post_date>
		<wp:post_date_gmt><![CDATA[2020-04-02 11:21:37]]></wp:post_date_gmt>
		<wp:post_modified><![CDATA[2020-04-02 11:21:37]]></wp:post_modified>
		<wp:post_modified_gmt><![CDATA[2020-04-02 11:21:37]]></wp:post_modified_gmt>
		<wp:comment_status><![CDATA[open]]></wp:comment_status>
		<wp:ping_status><![CDATA[closed]]></wp:ping_status>
		<wp:post_name><![CDATA[pet-shop-18]]></wp:post_name>
		<wp:status><![CDATA[inherit]]></wp:status>
		<wp:post_parent>0</wp:post_parent>
		<wp:menu_order>0</wp:menu_order>
		<wp:post_type><![CDATA[attachment]]></wp:post_type>
		<wp:post_password><![CDATA[]]></wp:post_password>
		<wp:is_sticky>0</wp:is_sticky>
						<wp:attachment_url><![CDATA[https://wrathfulwood.s1-tastewp.com/wp-content/uploads/2020/04/neve-pet-shop-18.jpg]]></wp:attachment_url>
											<wp:postmeta>
		<wp:meta_key><![CDATA[_wp_attached_file]]></wp:meta_key>
		<wp:meta_value><![CDATA[2020/04/neve-pet-shop-18.jpg]]></wp:meta_value>
		</wp:postmeta>
							<wp:postmeta>
		<wp:meta_key><![CDATA[_wp_attachment_metadata]]></wp:meta_key>
		<wp:meta_value><![CDATA[a:6:{s:5:"width";i:600;s:6:"height";i:800;s:4:"file";s:28:"2020/04/neve-pet-shop-18.jpg";s:8:"filesize";i:144458;s:5:"sizes";a:1:{s:21:"woocommerce_thumbnail";a:6:{s:4:"file";s:28:"neve-pet-shop-18-300x300.jpg";s:5:"width";i:300;s:6:"height";i:300;s:9:"mime-type";s:10:"image/jpeg";s:8:"filesize";i:13406;s:9:"uncropped";b:0;}}s:10:"image_meta";a:12:{s:8:"aperture";s:1:"0";s:6:"credit";s:0:"";s:6:"camera";s:0:"";s:7:"caption";s:0:"";s:17:"created_timestamp";s:1:"0";s:9:"copyright";s:0:"";s:12:"focal_length";s:1:"0";s:3:"iso";s:1:"0";s:13:"shutter_speed";s:1:"0";s:5:"title";s:0:"";s:11:"orientation";s:1:"0";s:8:"keywords";a:0:{}}}]]></wp:meta_value>
		</wp:postmeta>
							</item>
					<item>
		<title><![CDATA[pet-shop-19]]></title>
		<link>https://wrathfulwood.s1-tastewp.com/pet-shop-19/</link>
		<pubDate>Thu, 02 Apr 2020 11:21:46 +0000</pubDate>
		<dc:creator><![CDATA[robertino]]></dc:creator>
		<guid isPermaLink="false">https://wrathfulwood.s1-tastewp.com/wp-content/uploads/2020/04/neve-pet-shop-19.jpg</guid>
		<description></description>
		<content:encoded><![CDATA[]]></content:encoded>
		<excerpt:encoded><![CDATA[]]></excerpt:encoded>
		<wp:post_id>59</wp:post_id>
		<wp:post_date><![CDATA[2020-04-02 11:21:46]]></wp:post_date>
		<wp:post_date_gmt><![CDATA[2020-04-02 11:21:46]]></wp:post_date_gmt>
		<wp:post_modified><![CDATA[2020-04-02 11:21:46]]></wp:post_modified>
		<wp:post_modified_gmt><![CDATA[2020-04-02 11:21:46]]></wp:post_modified_gmt>
		<wp:comment_status><![CDATA[open]]></wp:comment_status>
		<wp:ping_status><![CDATA[closed]]></wp:ping_status>
		<wp:post_name><![CDATA[pet-shop-19]]></wp:post_name>
		<wp:status><![CDATA[inherit]]></wp:status>
		<wp:post_parent>0</wp:post_parent>
		<wp:menu_order>0</wp:menu_order>
		<wp:post_type><![CDATA[attachment]]></wp:post_type>
		<wp:post_password><![CDATA[]]></wp:post_password>
		<wp:is_sticky>0</wp:is_sticky>
						<wp:attachment_url><![CDATA[https://wrathfulwood.s1-tastewp.com/wp-content/uploads/2020/04/neve-pet-shop-19.jpg]]></wp:attachment_url>
											<wp:postmeta>
		<wp:meta_key><![CDATA[_wp_attached_file]]></wp:meta_key>
		<wp:meta_value><![CDATA[2020/04/neve-pet-shop-19.jpg]]></wp:meta_value>
		</wp:postmeta>
							<wp:postmeta>
		<wp:meta_key><![CDATA[_wp_attachment_metadata]]></wp:meta_key>
		<wp:meta_value><![CDATA[a:6:{s:5:"width";i:600;s:6:"height";i:800;s:4:"file";s:28:"2020/04/neve-pet-shop-19.jpg";s:8:"filesize";i:86189;s:5:"sizes";a:1:{s:21:"woocommerce_thumbnail";a:6:{s:4:"file";s:28:"neve-pet-shop-19-300x300.jpg";s:5:"width";i:300;s:6:"height";i:300;s:9:"mime-type";s:10:"image/jpeg";s:8:"filesize";i:14245;s:9:"uncropped";b:0;}}s:10:"image_meta";a:12:{s:8:"aperture";s:1:"0";s:6:"credit";s:0:"";s:6:"camera";s:0:"";s:7:"caption";s:0:"";s:17:"created_timestamp";s:1:"0";s:9:"copyright";s:0:"";s:12:"focal_length";s:1:"0";s:3:"iso";s:1:"0";s:13:"shutter_speed";s:1:"0";s:5:"title";s:0:"";s:11:"orientation";s:1:"0";s:8:"keywords";a:0:{}}}]]></wp:meta_value>
		</wp:postmeta>
							</item>
					<item>
		<title><![CDATA[pet-shop-logo]]></title>
		<link>https://wrathfulwood.s1-tastewp.com/pet-shop-logo/</link>
		<pubDate>Mon, 06 Apr 2020 08:28:43 +0000</pubDate>
		<dc:creator><![CDATA[robertino]]></dc:creator>
		<guid isPermaLink="false">https://wrathfulwood.s1-tastewp.com/wp-content/uploads/2020/04/neve-pet-shop-logo.png</guid>
		<description></description>
		<content:encoded><![CDATA[]]></content:encoded>
		<excerpt:encoded><![CDATA[]]></excerpt:encoded>
		<wp:post_id>98</wp:post_id>
		<wp:post_date><![CDATA[2020-04-06 08:28:43]]></wp:post_date>
		<wp:post_date_gmt><![CDATA[2020-04-06 08:28:43]]></wp:post_date_gmt>
		<wp:post_modified><![CDATA[2020-04-06 08:28:43]]></wp:post_modified>
		<wp:post_modified_gmt><![CDATA[2020-04-06 08:28:43]]></wp:post_modified_gmt>
		<wp:comment_status><![CDATA[open]]></wp:comment_status>
		<wp:ping_status><![CDATA[closed]]></wp:ping_status>
		<wp:post_name><![CDATA[pet-shop-logo]]></wp:post_name>
		<wp:status><![CDATA[inherit]]></wp:status>
		<wp:post_parent>0</wp:post_parent>
		<wp:menu_order>0</wp:menu_order>
		<wp:post_type><![CDATA[attachment]]></wp:post_type>
		<wp:post_password><![CDATA[]]></wp:post_password>
		<wp:is_sticky>0</wp:is_sticky>
						<wp:attachment_url><![CDATA[https://wrathfulwood.s1-tastewp.com/wp-content/uploads/2020/04/neve-pet-shop-logo.png]]></wp:attachment_url>
											<wp:postmeta>
		<wp:meta_key><![CDATA[_wp_attached_file]]></wp:meta_key>
		<wp:meta_value><![CDATA[2020/04/neve-pet-shop-logo.png]]></wp:meta_value>
		</wp:postmeta>
							<wp:postmeta>
		<wp:meta_key><![CDATA[_wp_attachment_metadata]]></wp:meta_key>
		<wp:meta_value><![CDATA[a:6:{s:5:"width";i:325;s:6:"height";i:100;s:4:"file";s:30:"2020/04/neve-pet-shop-logo.png";s:8:"filesize";i:6228;s:5:"sizes";a:0:{}s:10:"image_meta";a:12:{s:8:"aperture";s:1:"0";s:6:"credit";s:0:"";s:6:"camera";s:0:"";s:7:"caption";s:0:"";s:17:"created_timestamp";s:1:"0";s:9:"copyright";s:0:"";s:12:"focal_length";s:1:"0";s:3:"iso";s:1:"0";s:13:"shutter_speed";s:1:"0";s:5:"title";s:0:"";s:11:"orientation";s:1:"0";s:8:"keywords";a:0:{}}}]]></wp:meta_value>
		</wp:postmeta>
							</item>
					<item>
		<title><![CDATA[pet-shop-icon]]></title>
		<link>https://wrathfulwood.s1-tastewp.com/pet-shop-icon/</link>
		<pubDate>Mon, 06 Apr 2020 08:31:25 +0000</pubDate>
		<dc:creator><![CDATA[robertino]]></dc:creator>
		<guid isPermaLink="false">https://wrathfulwood.s1-tastewp.com/wp-content/uploads/2020/04/neve-pet-shop-icon.png</guid>
		<description></description>
		<content:encoded><![CDATA[]]></content:encoded>
		<excerpt:encoded><![CDATA[]]></excerpt:encoded>
		<wp:post_id>100</wp:post_id>
		<wp:post_date><![CDATA[2020-04-06 08:31:25]]></wp:post_date>
		<wp:post_date_gmt><![CDATA[2020-04-06 08:31:25]]></wp:post_date_gmt>
		<wp:post_modified><![CDATA[2020-04-06 08:31:25]]></wp:post_modified>
		<wp:post_modified_gmt><![CDATA[2020-04-06 08:31:25]]></wp:post_modified_gmt>
		<wp:comment_status><![CDATA[open]]></wp:comment_status>
		<wp:ping_status><![CDATA[closed]]></wp:ping_status>
		<wp:post_name><![CDATA[pet-shop-icon]]></wp:post_name>
		<wp:status><![CDATA[inherit]]></wp:status>
		<wp:post_parent>0</wp:post_parent>
		<wp:menu_order>0</wp:menu_order>
		<wp:post_type><![CDATA[attachment]]></wp:post_type>
		<wp:post_password><![CDATA[]]></wp:post_password>
		<wp:is_sticky>0</wp:is_sticky>
						<wp:attachment_url><![CDATA[https://wrathfulwood.s1-tastewp.com/wp-content/uploads/2020/04/neve-pet-shop-icon.png]]></wp:attachment_url>
											<wp:postmeta>
		<wp:meta_key><![CDATA[_wp_attached_file]]></wp:meta_key>
		<wp:meta_value><![CDATA[2020/04/neve-pet-shop-icon.png]]></wp:meta_value>
		</wp:postmeta>
							<wp:postmeta>
		<wp:meta_key><![CDATA[_wp_attachment_metadata]]></wp:meta_key>
		<wp:meta_value><![CDATA[a:6:{s:5:"width";i:512;s:6:"height";i:512;s:4:"file";s:30:"2020/04/neve-pet-shop-icon.png";s:8:"filesize";i:17457;s:5:"sizes";a:0:{}s:10:"image_meta";a:12:{s:8:"aperture";s:1:"0";s:6:"credit";s:0:"";s:6:"camera";s:0:"";s:7:"caption";s:0:"";s:17:"created_timestamp";s:1:"0";s:9:"copyright";s:0:"";s:12:"focal_length";s:1:"0";s:3:"iso";s:1:"0";s:13:"shutter_speed";s:1:"0";s:5:"title";s:0:"";s:11:"orientation";s:1:"0";s:8:"keywords";a:0:{}}}]]></wp:meta_value>
		</wp:postmeta>
							</item>
					<item>
		<title><![CDATA[cropped-neve-pet-shop-icon.png]]></title>
		<link>https://wrathfulwood.s1-tastewp.com/cropped-neve-pet-shop-icon-png/</link>
		<pubDate>Mon, 06 Apr 2020 08:31:27 +0000</pubDate>
		<dc:creator><![CDATA[robertino]]></dc:creator>
		<guid isPermaLink="false">https://wrathfulwood.s1-tastewp.com/wp-content/uploads/2020/04/cropped-neve-pet-shop-icon.png</guid>
		<description></description>
		<content:encoded><![CDATA[https://wrathfulwood.s1-tastewp.com/wp-content/uploads/2020/04/cropped-neve-pet-shop-icon.png]]></content:encoded>
		<excerpt:encoded><![CDATA[]]></excerpt:encoded>
		<wp:post_id>101</wp:post_id>
		<wp:post_date><![CDATA[2020-04-06 08:31:27]]></wp:post_date>
		<wp:post_date_gmt><![CDATA[2020-04-06 08:31:27]]></wp:post_date_gmt>
		<wp:post_modified><![CDATA[2020-04-06 08:31:27]]></wp:post_modified>
		<wp:post_modified_gmt><![CDATA[2020-04-06 08:31:27]]></wp:post_modified_gmt>
		<wp:comment_status><![CDATA[open]]></wp:comment_status>
		<wp:ping_status><![CDATA[closed]]></wp:ping_status>
		<wp:post_name><![CDATA[cropped-neve-pet-shop-icon-png]]></wp:post_name>
		<wp:status><![CDATA[inherit]]></wp:status>
		<wp:post_parent>0</wp:post_parent>
		<wp:menu_order>0</wp:menu_order>
		<wp:post_type><![CDATA[attachment]]></wp:post_type>
		<wp:post_password><![CDATA[]]></wp:post_password>
		<wp:is_sticky>0</wp:is_sticky>
						<wp:attachment_url><![CDATA[https://wrathfulwood.s1-tastewp.com/wp-content/uploads/2020/04/cropped-neve-pet-shop-icon.png]]></wp:attachment_url>
											<wp:postmeta>
		<wp:meta_key><![CDATA[_wp_attached_file]]></wp:meta_key>
		<wp:meta_value><![CDATA[2020/04/cropped-neve-pet-shop-icon.png]]></wp:meta_value>
		</wp:postmeta>
							<wp:postmeta>
		<wp:meta_key><![CDATA[_wp_attachment_metadata]]></wp:meta_key>
		<wp:meta_value><![CDATA[a:6:{s:5:"width";i:512;s:6:"height";i:512;s:4:"file";s:38:"2020/04/cropped-neve-pet-shop-icon.png";s:8:"filesize";i:11227;s:5:"sizes";a:0:{}s:10:"image_meta";a:12:{s:8:"aperture";s:1:"0";s:6:"credit";s:0:"";s:6:"camera";s:0:"";s:7:"caption";s:0:"";s:17:"created_timestamp";s:1:"0";s:9:"copyright";s:0:"";s:12:"focal_length";s:1:"0";s:3:"iso";s:1:"0";s:13:"shutter_speed";s:1:"0";s:5:"title";s:0:"";s:11:"orientation";s:1:"0";s:8:"keywords";a:0:{}}}]]></wp:meta_value>
		</wp:postmeta>
							<wp:postmeta>
		<wp:meta_key><![CDATA[_wp_attachment_context]]></wp:meta_key>
		<wp:meta_value><![CDATA[site-icon]]></wp:meta_value>
		</wp:postmeta>
							<wp:postmeta>
		<wp:meta_key><![CDATA[_oembed_de5ac4da7c12c23d3b9a4bcb03adcaff]]></wp:meta_key>
		<wp:meta_value><![CDATA[{{unknown}}]]></wp:meta_value>
		</wp:postmeta>
							</item>
					<item>
		<title><![CDATA[neve]]></title>
		<link>https://wrathfulwood.s1-tastewp.com/2020/07/02/neve/</link>
		<pubDate>Thu, 02 Jul 2020 15:39:09 +0000</pubDate>
		<dc:creator><![CDATA[robertino]]></dc:creator>
		<guid isPermaLink="false">https://demosites.io/pet-shop-gb/neve/</guid>
		<description></description>
		<content:encoded><![CDATA[.wpforms-field-label{
	color: var(--nv-text-dark-bg);
}]]></content:encoded>
		<excerpt:encoded><![CDATA[]]></excerpt:encoded>
		<wp:post_id>140</wp:post_id>
		<wp:post_date><![CDATA[2020-07-02 15:39:09]]></wp:post_date>
		<wp:post_date_gmt><![CDATA[2020-07-02 15:39:09]]></wp:post_date_gmt>
		<wp:post_modified><![CDATA[2020-07-02 15:39:09]]></wp:post_modified>
		<wp:post_modified_gmt><![CDATA[2020-07-02 15:39:09]]></wp:post_modified_gmt>
		<wp:comment_status><![CDATA[closed]]></wp:comment_status>
		<wp:ping_status><![CDATA[closed]]></wp:ping_status>
		<wp:post_name><![CDATA[neve]]></wp:post_name>
		<wp:status><![CDATA[publish]]></wp:status>
		<wp:post_parent>0</wp:post_parent>
		<wp:menu_order>0</wp:menu_order>
		<wp:post_type><![CDATA[custom_css]]></wp:post_type>
		<wp:post_password><![CDATA[]]></wp:post_password>
		<wp:is_sticky>0</wp:is_sticky>
														</item>
					<item>
		<title><![CDATA[a]]></title>
		<link>https://wrathfulwood.s1-tastewp.com/d09c8-contact/a/</link>
		<pubDate>Sat, 04 Jul 2020 17:15:41 +0000</pubDate>
		<dc:creator><![CDATA[robertino]]></dc:creator>
		<guid isPermaLink="false">https://wrathfulwood.s1-tastewp.com/wp-content/uploads/2020/07/a.png</guid>
		<description></description>
		<content:encoded><![CDATA[]]></content:encoded>
		<excerpt:encoded><![CDATA[]]></excerpt:encoded>
		<wp:post_id>171</wp:post_id>
		<wp:post_date><![CDATA[2020-07-04 17:15:41]]></wp:post_date>
		<wp:post_date_gmt><![CDATA[2020-07-04 17:15:41]]></wp:post_date_gmt>
		<wp:post_modified><![CDATA[2020-07-04 17:15:41]]></wp:post_modified>
		<wp:post_modified_gmt><![CDATA[2020-07-04 17:15:41]]></wp:post_modified_gmt>
		<wp:comment_status><![CDATA[open]]></wp:comment_status>
		<wp:ping_status><![CDATA[closed]]></wp:ping_status>
		<wp:post_name><![CDATA[a]]></wp:post_name>
		<wp:status><![CDATA[inherit]]></wp:status>
		<wp:post_parent>125</wp:post_parent>
		<wp:menu_order>0</wp:menu_order>
		<wp:post_type><![CDATA[attachment]]></wp:post_type>
		<wp:post_password><![CDATA[]]></wp:post_password>
		<wp:is_sticky>0</wp:is_sticky>
						<wp:attachment_url><![CDATA[https://wrathfulwood.s1-tastewp.com/wp-content/uploads/2020/07/a.png]]></wp:attachment_url>
											<wp:postmeta>
		<wp:meta_key><![CDATA[_wp_attached_file]]></wp:meta_key>
		<wp:meta_value><![CDATA[2020/07/a.png]]></wp:meta_value>
		</wp:postmeta>
							<wp:postmeta>
		<wp:meta_key><![CDATA[_wp_attachment_metadata]]></wp:meta_key>
		<wp:meta_value><![CDATA[a:6:{s:5:"width";i:714;s:6:"height";i:403;s:4:"file";s:13:"2020/07/a.png";s:8:"filesize";i:238206;s:5:"sizes";a:0:{}s:10:"image_meta";a:12:{s:8:"aperture";s:1:"0";s:6:"credit";s:0:"";s:6:"camera";s:0:"";s:7:"caption";s:0:"";s:17:"created_timestamp";s:1:"0";s:9:"copyright";s:0:"";s:12:"focal_length";s:1:"0";s:3:"iso";s:1:"0";s:13:"shutter_speed";s:1:"0";s:5:"title";s:0:"";s:11:"orientation";s:1:"0";s:8:"keywords";a:0:{}}}]]></wp:meta_value>
		</wp:postmeta>
							</item>
					<item>
		<title><![CDATA[]]></title>
		<link>https://wrathfulwood.s1-tastewp.com/2022/05/09/173/</link>
		<pubDate>Mon, 09 May 2022 08:55:08 +0000</pubDate>
		<dc:creator><![CDATA[robertino]]></dc:creator>
		<guid isPermaLink="false">https://wrathfulwood.s1-tastewp.com/2022/05/09/173/</guid>
		<description></description>
		<content:encoded><![CDATA[ ]]></content:encoded>
		<excerpt:encoded><![CDATA[]]></excerpt:encoded>
		<wp:post_id>173</wp:post_id>
		<wp:post_date><![CDATA[2022-05-09 08:55:08]]></wp:post_date>
		<wp:post_date_gmt><![CDATA[2022-05-09 08:55:08]]></wp:post_date_gmt>
		<wp:post_modified><![CDATA[2022-05-09 08:55:08]]></wp:post_modified>
		<wp:post_modified_gmt><![CDATA[2022-05-09 08:55:08]]></wp:post_modified_gmt>
		<wp:comment_status><![CDATA[closed]]></wp:comment_status>
		<wp:ping_status><![CDATA[closed]]></wp:ping_status>
		<wp:post_name><![CDATA[173]]></wp:post_name>
		<wp:status><![CDATA[publish]]></wp:status>
		<wp:post_parent>0</wp:post_parent>
		<wp:menu_order>2</wp:menu_order>
		<wp:post_type><![CDATA[nav_menu_item]]></wp:post_type>
		<wp:post_password><![CDATA[]]></wp:post_password>
		<wp:is_sticky>0</wp:is_sticky>
										<category domain="nav_menu" nicename="pet-shop-main-menu"><![CDATA[pet-shop-main-menu]]></category>
						<wp:postmeta>
		<wp:meta_key><![CDATA[_menu_item_type]]></wp:meta_key>
		<wp:meta_value><![CDATA[post_type]]></wp:meta_value>
		</wp:postmeta>
							<wp:postmeta>
		<wp:meta_key><![CDATA[_menu_item_menu_item_parent]]></wp:meta_key>
		<wp:meta_value><![CDATA[0]]></wp:meta_value>
		</wp:postmeta>
							<wp:postmeta>
		<wp:meta_key><![CDATA[_menu_item_object_id]]></wp:meta_key>
		<wp:meta_value><![CDATA[108]]></wp:meta_value>
		</wp:postmeta>
							<wp:postmeta>
		<wp:meta_key><![CDATA[_menu_item_object]]></wp:meta_key>
		<wp:meta_value><![CDATA[page]]></wp:meta_value>
		</wp:postmeta>
							<wp:postmeta>
		<wp:meta_key><![CDATA[_menu_item_target]]></wp:meta_key>
		<wp:meta_value><![CDATA[]]></wp:meta_value>
		</wp:postmeta>
							<wp:postmeta>
		<wp:meta_key><![CDATA[_menu_item_classes]]></wp:meta_key>
		<wp:meta_value><![CDATA[a:1:{i:0;s:0:"";}]]></wp:meta_value>
		</wp:postmeta>
							<wp:postmeta>
		<wp:meta_key><![CDATA[_menu_item_xfn]]></wp:meta_key>
		<wp:meta_value><![CDATA[]]></wp:meta_value>
		</wp:postmeta>
							<wp:postmeta>
		<wp:meta_key><![CDATA[_menu_item_url]]></wp:meta_key>
		<wp:meta_value><![CDATA[]]></wp:meta_value>
		</wp:postmeta>
							</item>
					<item>
		<title><![CDATA[]]></title>
		<link>https://wrathfulwood.s1-tastewp.com/2022/05/09/174/</link>
		<pubDate>Mon, 09 May 2022 08:55:08 +0000</pubDate>
		<dc:creator><![CDATA[robertino]]></dc:creator>
		<guid isPermaLink="false">https://wrathfulwood.s1-tastewp.com/2022/05/09/174/</guid>
		<description></description>
		<content:encoded><![CDATA[ ]]></content:encoded>
		<excerpt:encoded><![CDATA[]]></excerpt:encoded>
		<wp:post_id>174</wp:post_id>
		<wp:post_date><![CDATA[2022-05-09 08:55:08]]></wp:post_date>
		<wp:post_date_gmt><![CDATA[2022-05-09 08:55:08]]></wp:post_date_gmt>
		<wp:post_modified><![CDATA[2022-05-09 08:55:08]]></wp:post_modified>
		<wp:post_modified_gmt><![CDATA[2022-05-09 08:55:08]]></wp:post_modified_gmt>
		<wp:comment_status><![CDATA[closed]]></wp:comment_status>
		<wp:ping_status><![CDATA[closed]]></wp:ping_status>
		<wp:post_name><![CDATA[174]]></wp:post_name>
		<wp:status><![CDATA[publish]]></wp:status>
		<wp:post_parent>0</wp:post_parent>
		<wp:menu_order>1</wp:menu_order>
		<wp:post_type><![CDATA[nav_menu_item]]></wp:post_type>
		<wp:post_password><![CDATA[]]></wp:post_password>
		<wp:is_sticky>0</wp:is_sticky>
										<category domain="nav_menu" nicename="pet-shop-main-menu"><![CDATA[pet-shop-main-menu]]></category>
						<wp:postmeta>
		<wp:meta_key><![CDATA[_menu_item_type]]></wp:meta_key>
		<wp:meta_value><![CDATA[post_type]]></wp:meta_value>
		</wp:postmeta>
							<wp:postmeta>
		<wp:meta_key><![CDATA[_menu_item_menu_item_parent]]></wp:meta_key>
		<wp:meta_value><![CDATA[0]]></wp:meta_value>
		</wp:postmeta>
							<wp:postmeta>
		<wp:meta_key><![CDATA[_menu_item_object_id]]></wp:meta_key>
		<wp:meta_value><![CDATA[105]]></wp:meta_value>
		</wp:postmeta>
							<wp:postmeta>
		<wp:meta_key><![CDATA[_menu_item_object]]></wp:meta_key>
		<wp:meta_value><![CDATA[page]]></wp:meta_value>
		</wp:postmeta>
							<wp:postmeta>
		<wp:meta_key><![CDATA[_menu_item_target]]></wp:meta_key>
		<wp:meta_value><![CDATA[]]></wp:meta_value>
		</wp:postmeta>
							<wp:postmeta>
		<wp:meta_key><![CDATA[_menu_item_classes]]></wp:meta_key>
		<wp:meta_value><![CDATA[a:1:{i:0;s:0:"";}]]></wp:meta_value>
		</wp:postmeta>
							<wp:postmeta>
		<wp:meta_key><![CDATA[_menu_item_xfn]]></wp:meta_key>
		<wp:meta_value><![CDATA[]]></wp:meta_value>
		</wp:postmeta>
							<wp:postmeta>
		<wp:meta_key><![CDATA[_menu_item_url]]></wp:meta_key>
		<wp:meta_value><![CDATA[]]></wp:meta_value>
		</wp:postmeta>
							</item>
					<item>
		<title><![CDATA[]]></title>
		<link>https://wrathfulwood.s1-tastewp.com/2022/05/09/175/</link>
		<pubDate>Mon, 09 May 2022 08:55:08 +0000</pubDate>
		<dc:creator><![CDATA[robertino]]></dc:creator>
		<guid isPermaLink="false">https://wrathfulwood.s1-tastewp.com/2022/05/09/175/</guid>
		<description></description>
		<content:encoded><![CDATA[ ]]></content:encoded>
		<excerpt:encoded><![CDATA[]]></excerpt:encoded>
		<wp:post_id>175</wp:post_id>
		<wp:post_date><![CDATA[2022-05-09 08:55:08]]></wp:post_date>
		<wp:post_date_gmt><![CDATA[2022-05-09 08:55:08]]></wp:post_date_gmt>
		<wp:post_modified><![CDATA[2022-05-09 08:55:08]]></wp:post_modified>
		<wp:post_modified_gmt><![CDATA[2022-05-09 08:55:08]]></wp:post_modified_gmt>
		<wp:comment_status><![CDATA[closed]]></wp:comment_status>
		<wp:ping_status><![CDATA[closed]]></wp:ping_status>
		<wp:post_name><![CDATA[175]]></wp:post_name>
		<wp:status><![CDATA[publish]]></wp:status>
		<wp:post_parent>0</wp:post_parent>
		<wp:menu_order>5</wp:menu_order>
		<wp:post_type><![CDATA[nav_menu_item]]></wp:post_type>
		<wp:post_password><![CDATA[]]></wp:post_password>
		<wp:is_sticky>0</wp:is_sticky>
										<category domain="nav_menu" nicename="pet-shop-main-menu"><![CDATA[pet-shop-main-menu]]></category>
						<wp:postmeta>
		<wp:meta_key><![CDATA[_menu_item_type]]></wp:meta_key>
		<wp:meta_value><![CDATA[post_type]]></wp:meta_value>
		</wp:postmeta>
							<wp:postmeta>
		<wp:meta_key><![CDATA[_menu_item_menu_item_parent]]></wp:meta_key>
		<wp:meta_value><![CDATA[0]]></wp:meta_value>
		</wp:postmeta>
							<wp:postmeta>
		<wp:meta_key><![CDATA[_menu_item_object_id]]></wp:meta_key>
		<wp:meta_value><![CDATA[125]]></wp:meta_value>
		</wp:postmeta>
							<wp:postmeta>
		<wp:meta_key><![CDATA[_menu_item_object]]></wp:meta_key>
		<wp:meta_value><![CDATA[page]]></wp:meta_value>
		</wp:postmeta>
							<wp:postmeta>
		<wp:meta_key><![CDATA[_menu_item_target]]></wp:meta_key>
		<wp:meta_value><![CDATA[]]></wp:meta_value>
		</wp:postmeta>
							<wp:postmeta>
		<wp:meta_key><![CDATA[_menu_item_classes]]></wp:meta_key>
		<wp:meta_value><![CDATA[a:1:{i:0;s:0:"";}]]></wp:meta_value>
		</wp:postmeta>
							<wp:postmeta>
		<wp:meta_key><![CDATA[_menu_item_xfn]]></wp:meta_key>
		<wp:meta_value><![CDATA[]]></wp:meta_value>
		</wp:postmeta>
							<wp:postmeta>
		<wp:meta_key><![CDATA[_menu_item_url]]></wp:meta_key>
		<wp:meta_value><![CDATA[]]></wp:meta_value>
		</wp:postmeta>
							</item>
					<item>
		<title><![CDATA[]]></title>
		<link>https://wrathfulwood.s1-tastewp.com/2022/05/09/176/</link>
		<pubDate>Mon, 09 May 2022 08:55:08 +0000</pubDate>
		<dc:creator><![CDATA[robertino]]></dc:creator>
		<guid isPermaLink="false">https://wrathfulwood.s1-tastewp.com/2022/05/09/176/</guid>
		<description></description>
		<content:encoded><![CDATA[ ]]></content:encoded>
		<excerpt:encoded><![CDATA[]]></excerpt:encoded>
		<wp:post_id>176</wp:post_id>
		<wp:post_date><![CDATA[2022-05-09 08:55:08]]></wp:post_date>
		<wp:post_date_gmt><![CDATA[2022-05-09 08:55:08]]></wp:post_date_gmt>
		<wp:post_modified><![CDATA[2022-05-09 08:55:08]]></wp:post_modified>
		<wp:post_modified_gmt><![CDATA[2022-05-09 08:55:08]]></wp:post_modified_gmt>
		<wp:comment_status><![CDATA[closed]]></wp:comment_status>
		<wp:ping_status><![CDATA[closed]]></wp:ping_status>
		<wp:post_name><![CDATA[176]]></wp:post_name>
		<wp:status><![CDATA[publish]]></wp:status>
		<wp:post_parent>0</wp:post_parent>
		<wp:menu_order>3</wp:menu_order>
		<wp:post_type><![CDATA[nav_menu_item]]></wp:post_type>
		<wp:post_password><![CDATA[]]></wp:post_password>
		<wp:is_sticky>0</wp:is_sticky>
										<category domain="nav_menu" nicename="pet-shop-main-menu"><![CDATA[pet-shop-main-menu]]></category>
						<wp:postmeta>
		<wp:meta_key><![CDATA[_menu_item_type]]></wp:meta_key>
		<wp:meta_value><![CDATA[post_type]]></wp:meta_value>
		</wp:postmeta>
							<wp:postmeta>
		<wp:meta_key><![CDATA[_menu_item_menu_item_parent]]></wp:meta_key>
		<wp:meta_value><![CDATA[0]]></wp:meta_value>
		</wp:postmeta>
							<wp:postmeta>
		<wp:meta_key><![CDATA[_menu_item_object_id]]></wp:meta_key>
		<wp:meta_value><![CDATA[167]]></wp:meta_value>
		</wp:postmeta>
							<wp:postmeta>
		<wp:meta_key><![CDATA[_menu_item_object]]></wp:meta_key>
		<wp:meta_value><![CDATA[page]]></wp:meta_value>
		</wp:postmeta>
							<wp:postmeta>
		<wp:meta_key><![CDATA[_menu_item_target]]></wp:meta_key>
		<wp:meta_value><![CDATA[]]></wp:meta_value>
		</wp:postmeta>
							<wp:postmeta>
		<wp:meta_key><![CDATA[_menu_item_classes]]></wp:meta_key>
		<wp:meta_value><![CDATA[a:1:{i:0;s:0:"";}]]></wp:meta_value>
		</wp:postmeta>
							<wp:postmeta>
		<wp:meta_key><![CDATA[_menu_item_xfn]]></wp:meta_key>
		<wp:meta_value><![CDATA[]]></wp:meta_value>
		</wp:postmeta>
							<wp:postmeta>
		<wp:meta_key><![CDATA[_menu_item_url]]></wp:meta_key>
		<wp:meta_value><![CDATA[]]></wp:meta_value>
		</wp:postmeta>
							</item>
					<item>
		<title><![CDATA[Hello world!]]></title>
		<link>https://wrathfulwood.s1-tastewp.com/2020/08/05/hello-world/</link>
		<pubDate>Wed, 05 Aug 2020 23:33:08 +0000</pubDate>
		<dc:creator><![CDATA[robertino]]></dc:creator>
		<guid isPermaLink="false">https://wrathfulwood.s1-tastewp.com/?p=1</guid>
		<description></description>
		<content:encoded><![CDATA[<!-- wp:paragraph -->
<p>Welcome to WordPress. This is your first post. Edit or delete it, then start writing!</p>
<!-- /wp:paragraph -->

<!-- wp:themeisle-blocks/review {"id":"wp-block-themeisle-blocks-review-7252825a","className":"is-style-default","product":73} /-->]]></content:encoded>
		<excerpt:encoded><![CDATA[]]></excerpt:encoded>
		<wp:post_id>1</wp:post_id>
		<wp:post_date><![CDATA[2020-08-05 23:33:08]]></wp:post_date>
		<wp:post_date_gmt><![CDATA[2020-08-05 23:33:08]]></wp:post_date_gmt>
		<wp:post_modified><![CDATA[2022-05-09 09:02:55]]></wp:post_modified>
		<wp:post_modified_gmt><![CDATA[2022-05-09 09:02:55]]></wp:post_modified_gmt>
		<wp:comment_status><![CDATA[open]]></wp:comment_status>
		<wp:ping_status><![CDATA[open]]></wp:ping_status>
		<wp:post_name><![CDATA[hello-world]]></wp:post_name>
		<wp:status><![CDATA[publish]]></wp:status>
		<wp:post_parent>0</wp:post_parent>
		<wp:menu_order>0</wp:menu_order>
		<wp:post_type><![CDATA[post]]></wp:post_type>
		<wp:post_password><![CDATA[]]></wp:post_password>
		<wp:is_sticky>0</wp:is_sticky>
										<category domain="category" nicename="uncategorized"><![CDATA[Uncategorized]]></category>
						<wp:postmeta>
		<wp:meta_key><![CDATA[nb_of_words]]></wp:meta_key>
		<wp:meta_value><![CDATA[15]]></wp:meta_value>
		</wp:postmeta>
							<wp:postmeta>
		<wp:meta_key><![CDATA[neve_meta_sidebar]]></wp:meta_key>
		<wp:meta_value><![CDATA[]]></wp:meta_value>
		</wp:postmeta>
							<wp:postmeta>
		<wp:meta_key><![CDATA[neve_meta_container]]></wp:meta_key>
		<wp:meta_value><![CDATA[]]></wp:meta_value>
		</wp:postmeta>
							<wp:postmeta>
		<wp:meta_key><![CDATA[neve_meta_enable_content_width]]></wp:meta_key>
		<wp:meta_value><![CDATA[]]></wp:meta_value>
		</wp:postmeta>
							<wp:postmeta>
		<wp:meta_key><![CDATA[neve_meta_content_width]]></wp:meta_key>
		<wp:meta_value><![CDATA[0]]></wp:meta_value>
		</wp:postmeta>
							<wp:postmeta>
		<wp:meta_key><![CDATA[neve_meta_title_alignment]]></wp:meta_key>
		<wp:meta_value><![CDATA[]]></wp:meta_value>
		</wp:postmeta>
							<wp:postmeta>
		<wp:meta_key><![CDATA[neve_meta_author_avatar]]></wp:meta_key>
		<wp:meta_value><![CDATA[]]></wp:meta_value>
		</wp:postmeta>
							<wp:postmeta>
		<wp:meta_key><![CDATA[neve_post_elements_order]]></wp:meta_key>
		<wp:meta_value><![CDATA[]]></wp:meta_value>
		</wp:postmeta>
							<wp:postmeta>
		<wp:meta_key><![CDATA[neve_meta_disable_header]]></wp:meta_key>
		<wp:meta_value><![CDATA[]]></wp:meta_value>
		</wp:postmeta>
							<wp:postmeta>
		<wp:meta_key><![CDATA[neve_meta_disable_footer]]></wp:meta_key>
		<wp:meta_value><![CDATA[]]></wp:meta_value>
		</wp:postmeta>
							<wp:postmeta>
		<wp:meta_key><![CDATA[neve_meta_disable_title]]></wp:meta_key>
		<wp:meta_value><![CDATA[]]></wp:meta_value>
		</wp:postmeta>
							<wp:postmeta>
		<wp:meta_key><![CDATA[neve_meta_reading_time]]></wp:meta_key>
		<wp:meta_value><![CDATA[]]></wp:meta_value>
		</wp:postmeta>
							<wp:postmeta>
		<wp:meta_key><![CDATA[_themeisle_gutenberg_block_has_review]]></wp:meta_key>
		<wp:meta_value><![CDATA[1]]></wp:meta_value>
		</wp:postmeta>
							<wp:postmeta>
		<wp:meta_key><![CDATA[_ti_tpc_template_sync]]></wp:meta_key>
		<wp:meta_value><![CDATA[]]></wp:meta_value>
		</wp:postmeta>
							<wp:postmeta>
		<wp:meta_key><![CDATA[_ti_tpc_template_id]]></wp:meta_key>
		<wp:meta_value><![CDATA[]]></wp:meta_value>
		</wp:postmeta>
							<wp:postmeta>
		<wp:meta_key><![CDATA[_edit_last]]></wp:meta_key>
		<wp:meta_value><![CDATA[1]]></wp:meta_value>
		</wp:postmeta>
							<wp:postmeta>
		<wp:meta_key><![CDATA[custom-layout-options-should-expire]]></wp:meta_key>
		<wp:meta_value><![CDATA[]]></wp:meta_value>
		</wp:postmeta>
							<wp:comment>
			<wp:comment_id>1</wp:comment_id>
			<wp:comment_author><![CDATA[A WordPress Commenter]]></wp:comment_author>
			<wp:comment_author_email><![CDATA[wapuu@wordpress.example]]></wp:comment_author_email>
			<wp:comment_author_url>https://wordpress.org/</wp:comment_author_url>
			<wp:comment_author_IP><![CDATA[]]></wp:comment_author_IP>
			<wp:comment_date><![CDATA[2020-08-05 23:33:08]]></wp:comment_date>
			<wp:comment_date_gmt><![CDATA[2020-08-05 23:33:08]]></wp:comment_date_gmt>
			<wp:comment_content><![CDATA[Hi, this is a comment.
To get started with moderating, editing, and deleting comments, please visit the Comments screen in the dashboard.
Commenter avatars come from <a href="https://gravatar.com">Gravatar</a>.]]></wp:comment_content>
			<wp:comment_approved><![CDATA[1]]></wp:comment_approved>
			<wp:comment_type><![CDATA[comment]]></wp:comment_type>
			<wp:comment_parent>0</wp:comment_parent>
			<wp:comment_user_id>0</wp:comment_user_id>
							</wp:comment>
					</item>
					<item>
		<title><![CDATA[Sample Page]]></title>
		<link>https://wrathfulwood.s1-tastewp.com/sample-page/</link>
		<pubDate>Wed, 05 Aug 2020 23:33:08 +0000</pubDate>
		<dc:creator><![CDATA[robertino]]></dc:creator>
		<guid isPermaLink="false">https://wrathfulwood.s1-tastewp.com/?page_id=2</guid>
		<description></description>
		<content:encoded><![CDATA[<!-- wp:paragraph -->
<p>This is an example page. It's different from a blog post because it will stay in one place and will show up in your site navigation (in most themes). Most people start with an About page that introduces them to potential site visitors. It might say something like this:</p>
<!-- /wp:paragraph -->

<!-- wp:quote -->
<blockquote class="wp-block-quote"><p>Hi there! I'm a bike messenger by day, aspiring actor by night, and this is my website. I live in Los Angeles, have a great dog named Jack, and I like pi&#241;a coladas. (And gettin' caught in the rain.)</p></blockquote>
<!-- /wp:quote -->

<!-- wp:paragraph -->
<p>...or something like this:</p>
<!-- /wp:paragraph -->

<!-- wp:quote -->
<blockquote class="wp-block-quote"><p>The XYZ Doohickey Company was founded in 1971, and has been providing quality doohickeys to the public ever since. Located in Gotham City, XYZ employs over 2,000 people and does all kinds of awesome things for the Gotham community.</p></blockquote>
<!-- /wp:quote -->

<!-- wp:paragraph -->
<p>As a new WordPress user, you should go to <a href="https://wrathfulwood.s1-tastewp.com/wp-admin/">your dashboard</a> to delete this page and create new pages for your content. Have fun!</p>
<!-- /wp:paragraph -->]]></content:encoded>
		<excerpt:encoded><![CDATA[]]></excerpt:encoded>
		<wp:post_id>2</wp:post_id>
		<wp:post_date><![CDATA[2020-08-05 23:33:08]]></wp:post_date>
		<wp:post_date_gmt><![CDATA[2020-08-05 23:33:08]]></wp:post_date_gmt>
		<wp:post_modified><![CDATA[2020-08-05 23:33:08]]></wp:post_modified>
		<wp:post_modified_gmt><![CDATA[2020-08-05 23:33:08]]></wp:post_modified_gmt>
		<wp:comment_status><![CDATA[closed]]></wp:comment_status>
		<wp:ping_status><![CDATA[open]]></wp:ping_status>
		<wp:post_name><![CDATA[sample-page]]></wp:post_name>
		<wp:status><![CDATA[publish]]></wp:status>
		<wp:post_parent>0</wp:post_parent>
		<wp:menu_order>0</wp:menu_order>
		<wp:post_type><![CDATA[page]]></wp:post_type>
		<wp:post_password><![CDATA[]]></wp:post_password>
		<wp:is_sticky>0</wp:is_sticky>
														<wp:postmeta>
		<wp:meta_key><![CDATA[_wp_page_template]]></wp:meta_key>
		<wp:meta_value><![CDATA[default]]></wp:meta_value>
		</wp:postmeta>
							</item>
					<item>
		<title><![CDATA[Shop]]></title>
		<link>https://wrathfulwood.s1-tastewp.com/shop/</link>
		<pubDate>Mon, 09 May 2022 08:52:35 +0000</pubDate>
		<dc:creator><![CDATA[robertino]]></dc:creator>
		<guid isPermaLink="false">https://wrathfulwood.s1-tastewp.com/shop/</guid>
		<description></description>
		<content:encoded><![CDATA[]]></content:encoded>
		<excerpt:encoded><![CDATA[]]></excerpt:encoded>
		<wp:post_id>7</wp:post_id>
		<wp:post_date><![CDATA[2022-05-09 08:52:35]]></wp:post_date>
		<wp:post_date_gmt><![CDATA[2022-05-09 08:52:35]]></wp:post_date_gmt>
		<wp:post_modified><![CDATA[2022-05-09 08:52:35]]></wp:post_modified>
		<wp:post_modified_gmt><![CDATA[2022-05-09 08:52:35]]></wp:post_modified_gmt>
		<wp:comment_status><![CDATA[closed]]></wp:comment_status>
		<wp:ping_status><![CDATA[closed]]></wp:ping_status>
		<wp:post_name><![CDATA[shop]]></wp:post_name>
		<wp:status><![CDATA[publish]]></wp:status>
		<wp:post_parent>0</wp:post_parent>
		<wp:menu_order>0</wp:menu_order>
		<wp:post_type><![CDATA[page]]></wp:post_type>
		<wp:post_password><![CDATA[]]></wp:post_password>
		<wp:is_sticky>0</wp:is_sticky>
														<wp:postmeta>
		<wp:meta_key><![CDATA[custom-layout-options-should-expire]]></wp:meta_key>
		<wp:meta_value><![CDATA[]]></wp:meta_value>
		</wp:postmeta>
							</item>
					<item>
		<title><![CDATA[Cart]]></title>
		<link>https://wrathfulwood.s1-tastewp.com/cart/</link>
		<pubDate>Mon, 09 May 2022 08:52:35 +0000</pubDate>
		<dc:creator><![CDATA[robertino]]></dc:creator>
		<guid isPermaLink="false">https://wrathfulwood.s1-tastewp.com/cart/</guid>
		<description></description>
		<content:encoded><![CDATA[<!-- wp:shortcode -->[woocommerce_cart]<!-- /wp:shortcode -->]]></content:encoded>
		<excerpt:encoded><![CDATA[]]></excerpt:encoded>
		<wp:post_id>8</wp:post_id>
		<wp:post_date><![CDATA[2022-05-09 08:52:35]]></wp:post_date>
		<wp:post_date_gmt><![CDATA[2022-05-09 08:52:35]]></wp:post_date_gmt>
		<wp:post_modified><![CDATA[2022-05-09 08:52:35]]></wp:post_modified>
		<wp:post_modified_gmt><![CDATA[2022-05-09 08:52:35]]></wp:post_modified_gmt>
		<wp:comment_status><![CDATA[closed]]></wp:comment_status>
		<wp:ping_status><![CDATA[closed]]></wp:ping_status>
		<wp:post_name><![CDATA[cart]]></wp:post_name>
		<wp:status><![CDATA[publish]]></wp:status>
		<wp:post_parent>0</wp:post_parent>
		<wp:menu_order>0</wp:menu_order>
		<wp:post_type><![CDATA[page]]></wp:post_type>
		<wp:post_password><![CDATA[]]></wp:post_password>
		<wp:is_sticky>0</wp:is_sticky>
														<wp:postmeta>
		<wp:meta_key><![CDATA[custom-layout-options-should-expire]]></wp:meta_key>
		<wp:meta_value><![CDATA[]]></wp:meta_value>
		</wp:postmeta>
							</item>
					<item>
		<title><![CDATA[Checkout]]></title>
		<link>https://wrathfulwood.s1-tastewp.com/checkout/</link>
		<pubDate>Mon, 09 May 2022 08:52:35 +0000</pubDate>
		<dc:creator><![CDATA[robertino]]></dc:creator>
		<guid isPermaLink="false">https://wrathfulwood.s1-tastewp.com/checkout/</guid>
		<description></description>
		<content:encoded><![CDATA[<!-- wp:shortcode -->[woocommerce_checkout]<!-- /wp:shortcode -->]]></content:encoded>
		<excerpt:encoded><![CDATA[]]></excerpt:encoded>
		<wp:post_id>9</wp:post_id>
		<wp:post_date><![CDATA[2022-05-09 08:52:35]]></wp:post_date>
		<wp:post_date_gmt><![CDATA[2022-05-09 08:52:35]]></wp:post_date_gmt>
		<wp:post_modified><![CDATA[2022-05-09 08:52:35]]></wp:post_modified>
		<wp:post_modified_gmt><![CDATA[2022-05-09 08:52:35]]></wp:post_modified_gmt>
		<wp:comment_status><![CDATA[closed]]></wp:comment_status>
		<wp:ping_status><![CDATA[closed]]></wp:ping_status>
		<wp:post_name><![CDATA[checkout]]></wp:post_name>
		<wp:status><![CDATA[publish]]></wp:status>
		<wp:post_parent>0</wp:post_parent>
		<wp:menu_order>0</wp:menu_order>
		<wp:post_type><![CDATA[page]]></wp:post_type>
		<wp:post_password><![CDATA[]]></wp:post_password>
		<wp:is_sticky>0</wp:is_sticky>
														<wp:postmeta>
		<wp:meta_key><![CDATA[custom-layout-options-should-expire]]></wp:meta_key>
		<wp:meta_value><![CDATA[]]></wp:meta_value>
		</wp:postmeta>
							</item>
					<item>
		<title><![CDATA[My account]]></title>
		<link>https://wrathfulwood.s1-tastewp.com/my-account/</link>
		<pubDate>Mon, 09 May 2022 08:52:35 +0000</pubDate>
		<dc:creator><![CDATA[robertino]]></dc:creator>
		<guid isPermaLink="false">https://wrathfulwood.s1-tastewp.com/my-account/</guid>
		<description></description>
		<content:encoded><![CDATA[<!-- wp:shortcode -->[woocommerce_my_account]<!-- /wp:shortcode -->]]></content:encoded>
		<excerpt:encoded><![CDATA[]]></excerpt:encoded>
		<wp:post_id>10</wp:post_id>
		<wp:post_date><![CDATA[2022-05-09 08:52:35]]></wp:post_date>
		<wp:post_date_gmt><![CDATA[2022-05-09 08:52:35]]></wp:post_date_gmt>
		<wp:post_modified><![CDATA[2022-05-09 08:52:35]]></wp:post_modified>
		<wp:post_modified_gmt><![CDATA[2022-05-09 08:52:35]]></wp:post_modified_gmt>
		<wp:comment_status><![CDATA[closed]]></wp:comment_status>
		<wp:ping_status><![CDATA[closed]]></wp:ping_status>
		<wp:post_name><![CDATA[my-account]]></wp:post_name>
		<wp:status><![CDATA[publish]]></wp:status>
		<wp:post_parent>0</wp:post_parent>
		<wp:menu_order>0</wp:menu_order>
		<wp:post_type><![CDATA[page]]></wp:post_type>
		<wp:post_password><![CDATA[]]></wp:post_password>
		<wp:is_sticky>0</wp:is_sticky>
														<wp:postmeta>
		<wp:meta_key><![CDATA[custom-layout-options-should-expire]]></wp:meta_key>
		<wp:meta_value><![CDATA[]]></wp:meta_value>
		</wp:postmeta>
							</item>
					<item>
		<title><![CDATA[Checkout]]></title>
		<link>https://wrathfulwood.s1-tastewp.com/d09c8-pet-shop-checkout/</link>
		<pubDate>Wed, 01 Apr 2020 13:42:21 +0000</pubDate>
		<dc:creator><![CDATA[robertino]]></dc:creator>
		<guid isPermaLink="false">https://demosites.io/pet-shop-gb/checkout/</guid>
		<description></description>
		<content:encoded><![CDATA[<!-- wp:shortcode -->[woocommerce_checkout]<!-- /wp:shortcode -->]]></content:encoded>
		<excerpt:encoded><![CDATA[]]></excerpt:encoded>
		<wp:post_id>20</wp:post_id>
		<wp:post_date><![CDATA[2020-04-01 13:42:21]]></wp:post_date>
		<wp:post_date_gmt><![CDATA[2020-04-01 13:42:21]]></wp:post_date_gmt>
		<wp:post_modified><![CDATA[2020-04-01 13:42:21]]></wp:post_modified>
		<wp:post_modified_gmt><![CDATA[2020-04-01 13:42:21]]></wp:post_modified_gmt>
		<wp:comment_status><![CDATA[closed]]></wp:comment_status>
		<wp:ping_status><![CDATA[closed]]></wp:ping_status>
		<wp:post_name><![CDATA[d09c8-pet-shop-checkout]]></wp:post_name>
		<wp:status><![CDATA[publish]]></wp:status>
		<wp:post_parent>0</wp:post_parent>
		<wp:menu_order>0</wp:menu_order>
		<wp:post_type><![CDATA[page]]></wp:post_type>
		<wp:post_password><![CDATA[]]></wp:post_password>
		<wp:is_sticky>0</wp:is_sticky>
														<wp:postmeta>
		<wp:meta_key><![CDATA[_elementor_controls_usage]]></wp:meta_key>
		<wp:meta_value><![CDATA[a:0:{}]]></wp:meta_value>
		</wp:postmeta>
							<wp:postmeta>
		<wp:meta_key><![CDATA[neve_meta_sidebar]]></wp:meta_key>
		<wp:meta_value><![CDATA[full-width]]></wp:meta_value>
		</wp:postmeta>
							<wp:postmeta>
		<wp:meta_key><![CDATA[neve_meta_enable_content_width]]></wp:meta_key>
		<wp:meta_value><![CDATA[on]]></wp:meta_value>
		</wp:postmeta>
							<wp:postmeta>
		<wp:meta_key><![CDATA[neve_meta_content_width]]></wp:meta_key>
		<wp:meta_value><![CDATA[100]]></wp:meta_value>
		</wp:postmeta>
							<wp:postmeta>
		<wp:meta_key><![CDATA[_wp_page_template]]></wp:meta_key>
		<wp:meta_value><![CDATA[default]]></wp:meta_value>
		</wp:postmeta>
							</item>
					<item>
		<title><![CDATA[My account]]></title>
		<link>https://wrathfulwood.s1-tastewp.com/d09c8-pet-shop-my-account/</link>
		<pubDate>Wed, 01 Apr 2020 13:42:21 +0000</pubDate>
		<dc:creator><![CDATA[robertino]]></dc:creator>
		<guid isPermaLink="false">https://demosites.io/pet-shop-gb/my-account/</guid>
		<description></description>
		<content:encoded><![CDATA[<!-- wp:shortcode -->[woocommerce_my_account]<!-- /wp:shortcode -->]]></content:encoded>
		<excerpt:encoded><![CDATA[]]></excerpt:encoded>
		<wp:post_id>21</wp:post_id>
		<wp:post_date><![CDATA[2020-04-01 13:42:21]]></wp:post_date>
		<wp:post_date_gmt><![CDATA[2020-04-01 13:42:21]]></wp:post_date_gmt>
		<wp:post_modified><![CDATA[2020-04-01 13:42:21]]></wp:post_modified>
		<wp:post_modified_gmt><![CDATA[2020-04-01 13:42:21]]></wp:post_modified_gmt>
		<wp:comment_status><![CDATA[closed]]></wp:comment_status>
		<wp:ping_status><![CDATA[closed]]></wp:ping_status>
		<wp:post_name><![CDATA[d09c8-pet-shop-my-account]]></wp:post_name>
		<wp:status><![CDATA[publish]]></wp:status>
		<wp:post_parent>0</wp:post_parent>
		<wp:menu_order>0</wp:menu_order>
		<wp:post_type><![CDATA[page]]></wp:post_type>
		<wp:post_password><![CDATA[]]></wp:post_password>
		<wp:is_sticky>0</wp:is_sticky>
														<wp:postmeta>
		<wp:meta_key><![CDATA[_elementor_controls_usage]]></wp:meta_key>
		<wp:meta_value><![CDATA[a:0:{}]]></wp:meta_value>
		</wp:postmeta>
							<wp:postmeta>
		<wp:meta_key><![CDATA[neve_meta_sidebar]]></wp:meta_key>
		<wp:meta_value><![CDATA[full-width]]></wp:meta_value>
		</wp:postmeta>
							<wp:postmeta>
		<wp:meta_key><![CDATA[neve_meta_enable_content_width]]></wp:meta_key>
		<wp:meta_value><![CDATA[on]]></wp:meta_value>
		</wp:postmeta>
							<wp:postmeta>
		<wp:meta_key><![CDATA[neve_meta_content_width]]></wp:meta_key>
		<wp:meta_value><![CDATA[100]]></wp:meta_value>
		</wp:postmeta>
							<wp:postmeta>
		<wp:meta_key><![CDATA[_wp_page_template]]></wp:meta_key>
		<wp:meta_value><![CDATA[default]]></wp:meta_value>
		</wp:postmeta>
							</item>
					<item>
		<title><![CDATA[Blog]]></title>
		<link>https://wrathfulwood.s1-tastewp.com/d09c8-pet-shop-blog/</link>
		<pubDate>Wed, 01 Apr 2020 13:45:10 +0000</pubDate>
		<dc:creator><![CDATA[robertino]]></dc:creator>
		<guid isPermaLink="false">https://demosites.io/pet-shop-gb/?page_id=22</guid>
		<description></description>
		<content:encoded><![CDATA[]]></content:encoded>
		<excerpt:encoded><![CDATA[]]></excerpt:encoded>
		<wp:post_id>22</wp:post_id>
		<wp:post_date><![CDATA[2020-04-01 13:45:10]]></wp:post_date>
		<wp:post_date_gmt><![CDATA[2020-04-01 13:45:10]]></wp:post_date_gmt>
		<wp:post_modified><![CDATA[2020-04-01 13:45:10]]></wp:post_modified>
		<wp:post_modified_gmt><![CDATA[2020-04-01 13:45:10]]></wp:post_modified_gmt>
		<wp:comment_status><![CDATA[closed]]></wp:comment_status>
		<wp:ping_status><![CDATA[closed]]></wp:ping_status>
		<wp:post_name><![CDATA[d09c8-pet-shop-blog]]></wp:post_name>
		<wp:status><![CDATA[publish]]></wp:status>
		<wp:post_parent>0</wp:post_parent>
		<wp:menu_order>0</wp:menu_order>
		<wp:post_type><![CDATA[page]]></wp:post_type>
		<wp:post_password><![CDATA[]]></wp:post_password>
		<wp:is_sticky>0</wp:is_sticky>
														<wp:postmeta>
		<wp:meta_key><![CDATA[_customize_changeset_uuid]]></wp:meta_key>
		<wp:meta_value><![CDATA[b7faa4a2-d557-4ddb-968b-d12e8829bca5]]></wp:meta_value>
		</wp:postmeta>
							<wp:postmeta>
		<wp:meta_key><![CDATA[_elementor_controls_usage]]></wp:meta_key>
		<wp:meta_value><![CDATA[a:0:{}]]></wp:meta_value>
		</wp:postmeta>
							<wp:postmeta>
		<wp:meta_key><![CDATA[_wp_page_template]]></wp:meta_key>
		<wp:meta_value><![CDATA[default]]></wp:meta_value>
		</wp:postmeta>
							</item>
					<item>
		<title><![CDATA[5 things to keep in mind when buying a pet online]]></title>
		<link>https://wrathfulwood.s1-tastewp.com/2020/04/03/5-things-to-keep-in-mind-when-buying-a-pet/</link>
		<pubDate>Fri, 03 Apr 2020 16:16:37 +0000</pubDate>
		<dc:creator><![CDATA[robertino]]></dc:creator>
		<guid isPermaLink="false">https://demosites.io/pet-shop-gb/?p=82</guid>
		<description></description>
		<content:encoded><![CDATA[<!-- wp:paragraph -->
<p>Pro-sumer software make it a priority can you champion this into the weeds, so synergize productive mindfulness blue sky thinking. We need distributors to evangelize the new line to local markets dog and pony show, put a record on and see who dances technologically savvy. Nail jelly to the hothouse wall message the initiative. Value-added pulling teeth run it up the flagpole hard stop. 4-blocker per my previous email for customer centric wheelhouse. Churning anomalies turd polishing window-licker keep it lean we need to start advertising on social media. </p>
<!-- /wp:paragraph -->

<!-- wp:heading -->
<h2>Main point</h2>
<!-- /wp:heading -->

<!-- wp:paragraph -->
<p>Can I just chime in on that one make sure to include in your wheelhouse and forcing function for bake it in for high-level. Message the initiative price point fire up your browser, but in this space win-win-win. Eat our own dog food baseline the procedure and samepage your department. </p>
<!-- /wp:paragraph -->

<!-- wp:heading {"level":3} -->
<h3>Conclusion</h3>
<!-- /wp:heading -->

<!-- wp:paragraph -->
<p>Nail jelly to the hothouse wall message the initiative. Value-added pulling teeth run it up the flagpole hard stop. 4-blocker per my previous email for customer centric wheelhouse. Churning anomalies turd polishing window-licker keep it lean we need to start advertising on social media. </p>
<!-- /wp:paragraph -->]]></content:encoded>
		<excerpt:encoded><![CDATA[]]></excerpt:encoded>
		<wp:post_id>82</wp:post_id>
		<wp:post_date><![CDATA[2020-04-03 16:16:37]]></wp:post_date>
		<wp:post_date_gmt><![CDATA[2020-04-03 16:16:37]]></wp:post_date_gmt>
		<wp:post_modified><![CDATA[2020-04-03 16:16:37]]></wp:post_modified>
		<wp:post_modified_gmt><![CDATA[2020-04-03 16:16:37]]></wp:post_modified_gmt>
		<wp:comment_status><![CDATA[open]]></wp:comment_status>
		<wp:ping_status><![CDATA[open]]></wp:ping_status>
		<wp:post_name><![CDATA[5-things-to-keep-in-mind-when-buying-a-pet]]></wp:post_name>
		<wp:status><![CDATA[publish]]></wp:status>
		<wp:post_parent>0</wp:post_parent>
		<wp:menu_order>0</wp:menu_order>
		<wp:post_type><![CDATA[post]]></wp:post_type>
		<wp:post_password><![CDATA[]]></wp:post_password>
		<wp:is_sticky>0</wp:is_sticky>
										<category domain="category" nicename="uncategorized"><![CDATA[Uncategorized]]></category>
						<wp:postmeta>
		<wp:meta_key><![CDATA[nb_of_words]]></wp:meta_key>
		<wp:meta_value><![CDATA[151]]></wp:meta_value>
		</wp:postmeta>
							<wp:postmeta>
		<wp:meta_key><![CDATA[_elementor_controls_usage]]></wp:meta_key>
		<wp:meta_value><![CDATA[a:0:{}]]></wp:meta_value>
		</wp:postmeta>
							<wp:postmeta>
		<wp:meta_key><![CDATA[_yoast_wpseo_primary_category]]></wp:meta_key>
		<wp:meta_value><![CDATA[1]]></wp:meta_value>
		</wp:postmeta>
							<wp:postmeta>
		<wp:meta_key><![CDATA[neve_meta_enable_content_width]]></wp:meta_key>
		<wp:meta_value><![CDATA[off]]></wp:meta_value>
		</wp:postmeta>
							<wp:postmeta>
		<wp:meta_key><![CDATA[_yoast_wpseo_content_score]]></wp:meta_key>
		<wp:meta_value><![CDATA[60]]></wp:meta_value>
		</wp:postmeta>
							<wp:postmeta>
		<wp:meta_key><![CDATA[_thumbnail_id]]></wp:meta_key>
		<wp:meta_value><![CDATA[52]]></wp:meta_value>
		</wp:postmeta>
							</item>
					<item>
		<title><![CDATA[Why pets are ideal friends to children]]></title>
		<link>https://wrathfulwood.s1-tastewp.com/2020/04/03/why-pets-are-ideal-friends-to-children/</link>
		<pubDate>Fri, 03 Apr 2020 16:25:54 +0000</pubDate>
		<dc:creator><![CDATA[robertino]]></dc:creator>
		<guid isPermaLink="false">https://demosites.io/pet-shop-gb/?p=83</guid>
		<description></description>
		<content:encoded><![CDATA[<!-- wp:paragraph -->
<p>Pro-sumer software&nbsp;make it a priority&nbsp;can you champion this&nbsp;into the weeds, so&nbsp;synergize productive mindfulness&nbsp;blue sky thinking. We need distributors to evangelize the new line to local markets dog and pony show, put a record on and see who dances&nbsp;technologically savvy. Nail jelly to the hothouse wall&nbsp;message the initiative. Value-added pulling teeth run it up the flagpole hard stop.&nbsp;</p>
<!-- /wp:paragraph -->

<!-- wp:heading -->
<h2>Heading in post</h2>
<!-- /wp:heading -->

<!-- wp:paragraph -->
<p>4-blocker&nbsp;per my previous email&nbsp;for customer centric wheelhouse.&nbsp;Churning anomalies&nbsp;turd polishing window-licker&nbsp;keep it lean&nbsp;we need to start advertising on social media. Can I just chime in on that one&nbsp;make sure to include in your wheelhouse&nbsp;and&nbsp;forcing function&nbsp;for&nbsp;bake it in&nbsp;for&nbsp;high-level.&nbsp;Message the initiative&nbsp;price point fire up your browser, but&nbsp;in this space&nbsp;win-win-win.&nbsp;Eat our own dog food&nbsp;baseline the procedure and samepage your department. Show pony&nbsp;anti-pattern, for&nbsp;it's a simple lift and shift job&nbsp;the right info at the right time to the right people&nbsp;anti-pattern.&nbsp;</p>
<!-- /wp:paragraph -->

<!-- wp:paragraph -->
<p>Ping me&nbsp;table the discussion , so&nbsp;teams were able to drive adoption and awareness&nbsp;nor&nbsp;innovation is hot right now&nbsp;reach out.&nbsp;High performance keywords&nbsp;but what's the real problem we're trying to solve here?&nbsp;and&nbsp;draft policy ppml proposal&nbsp;for&nbsp;create spaces to explore what’s next&nbsp;but&nbsp;circle back around.&nbsp;We want to see more charts&nbsp;window of opportunity&nbsp;deliverables&nbsp;and&nbsp;driving the initiative forward&nbsp;regroup.</p>
<!-- /wp:paragraph -->

<!-- wp:heading -->
<h2>Conclusion</h2>
<!-- /wp:heading -->

<!-- wp:themeisle-blocks/review {"id":"wp-block-themeisle-blocks-review-29ae1aa5","product":62} /-->]]></content:encoded>
		<excerpt:encoded><![CDATA[]]></excerpt:encoded>
		<wp:post_id>83</wp:post_id>
		<wp:post_date><![CDATA[2020-04-03 16:25:54]]></wp:post_date>
		<wp:post_date_gmt><![CDATA[2020-04-03 16:25:54]]></wp:post_date_gmt>
		<wp:post_modified><![CDATA[2022-05-09 09:03:40]]></wp:post_modified>
		<wp:post_modified_gmt><![CDATA[2022-05-09 09:03:40]]></wp:post_modified_gmt>
		<wp:comment_status><![CDATA[open]]></wp:comment_status>
		<wp:ping_status><![CDATA[open]]></wp:ping_status>
		<wp:post_name><![CDATA[why-pets-are-ideal-friends-to-children]]></wp:post_name>
		<wp:status><![CDATA[publish]]></wp:status>
		<wp:post_parent>0</wp:post_parent>
		<wp:menu_order>0</wp:menu_order>
		<wp:post_type><![CDATA[post]]></wp:post_type>
		<wp:post_password><![CDATA[]]></wp:post_password>
		<wp:is_sticky>0</wp:is_sticky>
										<category domain="category" nicename="uncategorized"><![CDATA[Uncategorized]]></category>
						<wp:postmeta>
		<wp:meta_key><![CDATA[nb_of_words]]></wp:meta_key>
		<wp:meta_value><![CDATA[185]]></wp:meta_value>
		</wp:postmeta>
							<wp:postmeta>
		<wp:meta_key><![CDATA[_elementor_controls_usage]]></wp:meta_key>
		<wp:meta_value><![CDATA[a:0:{}]]></wp:meta_value>
		</wp:postmeta>
							<wp:postmeta>
		<wp:meta_key><![CDATA[_thumbnail_id]]></wp:meta_key>
		<wp:meta_value><![CDATA[51]]></wp:meta_value>
		</wp:postmeta>
							<wp:postmeta>
		<wp:meta_key><![CDATA[_yoast_wpseo_primary_category]]></wp:meta_key>
		<wp:meta_value><![CDATA[1]]></wp:meta_value>
		</wp:postmeta>
							<wp:postmeta>
		<wp:meta_key><![CDATA[neve_meta_enable_content_width]]></wp:meta_key>
		<wp:meta_value><![CDATA[off]]></wp:meta_value>
		</wp:postmeta>
							<wp:postmeta>
		<wp:meta_key><![CDATA[_yoast_wpseo_content_score]]></wp:meta_key>
		<wp:meta_value><![CDATA[90]]></wp:meta_value>
		</wp:postmeta>
							<wp:postmeta>
		<wp:meta_key><![CDATA[neve_meta_sidebar]]></wp:meta_key>
		<wp:meta_value><![CDATA[]]></wp:meta_value>
		</wp:postmeta>
							<wp:postmeta>
		<wp:meta_key><![CDATA[neve_meta_container]]></wp:meta_key>
		<wp:meta_value><![CDATA[]]></wp:meta_value>
		</wp:postmeta>
							<wp:postmeta>
		<wp:meta_key><![CDATA[neve_meta_content_width]]></wp:meta_key>
		<wp:meta_value><![CDATA[0]]></wp:meta_value>
		</wp:postmeta>
							<wp:postmeta>
		<wp:meta_key><![CDATA[neve_meta_title_alignment]]></wp:meta_key>
		<wp:meta_value><![CDATA[]]></wp:meta_value>
		</wp:postmeta>
							<wp:postmeta>
		<wp:meta_key><![CDATA[neve_meta_author_avatar]]></wp:meta_key>
		<wp:meta_value><![CDATA[]]></wp:meta_value>
		</wp:postmeta>
							<wp:postmeta>
		<wp:meta_key><![CDATA[neve_post_elements_order]]></wp:meta_key>
		<wp:meta_value><![CDATA[]]></wp:meta_value>
		</wp:postmeta>
							<wp:postmeta>
		<wp:meta_key><![CDATA[neve_meta_disable_header]]></wp:meta_key>
		<wp:meta_value><![CDATA[]]></wp:meta_value>
		</wp:postmeta>
							<wp:postmeta>
		<wp:meta_key><![CDATA[neve_meta_disable_footer]]></wp:meta_key>
		<wp:meta_value><![CDATA[]]></wp:meta_value>
		</wp:postmeta>
							<wp:postmeta>
		<wp:meta_key><![CDATA[neve_meta_disable_title]]></wp:meta_key>
		<wp:meta_value><![CDATA[]]></wp:meta_value>
		</wp:postmeta>
							<wp:postmeta>
		<wp:meta_key><![CDATA[neve_meta_reading_time]]></wp:meta_key>
		<wp:meta_value><![CDATA[]]></wp:meta_value>
		</wp:postmeta>
							<wp:postmeta>
		<wp:meta_key><![CDATA[_themeisle_gutenberg_block_has_review]]></wp:meta_key>
		<wp:meta_value><![CDATA[1]]></wp:meta_value>
		</wp:postmeta>
							<wp:postmeta>
		<wp:meta_key><![CDATA[_ti_tpc_template_sync]]></wp:meta_key>
		<wp:meta_value><![CDATA[]]></wp:meta_value>
		</wp:postmeta>
							<wp:postmeta>
		<wp:meta_key><![CDATA[_ti_tpc_template_id]]></wp:meta_key>
		<wp:meta_value><![CDATA[]]></wp:meta_value>
		</wp:postmeta>
							<wp:postmeta>
		<wp:meta_key><![CDATA[_edit_last]]></wp:meta_key>
		<wp:meta_value><![CDATA[1]]></wp:meta_value>
		</wp:postmeta>
							<wp:postmeta>
		<wp:meta_key><![CDATA[custom-layout-options-should-expire]]></wp:meta_key>
		<wp:meta_value><![CDATA[]]></wp:meta_value>
		</wp:postmeta>
							</item>
					<item>
		<title><![CDATA[How to engage the whole family in pet-caring]]></title>
		<link>https://wrathfulwood.s1-tastewp.com/2020/04/03/how-to-engage-the-whole-family-in-pet-caring/</link>
		<pubDate>Fri, 03 Apr 2020 16:30:26 +0000</pubDate>
		<dc:creator><![CDATA[robertino]]></dc:creator>
		<guid isPermaLink="false">https://demosites.io/pet-shop-gb/?p=85</guid>
		<description></description>
		<content:encoded><![CDATA[<!-- wp:paragraph -->
<p>Pro-sumer software&nbsp;make it a priority&nbsp;can you champion this&nbsp;into the weeds, so&nbsp;synergize productive mindfulness&nbsp;blue sky thinking. We need distributors to evangelize the new line to local markets dog and pony show, put a record on and see who dances&nbsp;technologically savvy. Nail jelly to the hothouse wall&nbsp;message the initiative. Value-added pulling teeth run it up the flagpole hard stop.&nbsp;</p>
<!-- /wp:paragraph -->

<!-- wp:heading -->
<h2>Heading in post</h2>
<!-- /wp:heading -->

<!-- wp:paragraph -->
<p>4-blocker&nbsp;per my previous email&nbsp;for customer centric wheelhouse.&nbsp;Churning anomalies&nbsp;turd polishing window-licker&nbsp;keep it lean&nbsp;we need to start advertising on social media. Can I just chime in on that one&nbsp;make sure to include in your wheelhouse&nbsp;and&nbsp;forcing function&nbsp;for&nbsp;bake it in&nbsp;for&nbsp;high-level.&nbsp;Message the initiative&nbsp;price point fire up your browser, but&nbsp;in this space&nbsp;win-win-win.&nbsp;Eat our own dog food&nbsp;baseline the procedure and samepage your department. Show pony&nbsp;anti-pattern, for&nbsp;it's a simple lift and shift job&nbsp;the right info at the right time to the right people&nbsp;anti-pattern.&nbsp;</p>
<!-- /wp:paragraph -->

<!-- wp:paragraph -->
<p>Ping me&nbsp;table the discussion , so&nbsp;teams were able to drive adoption and awareness&nbsp;nor&nbsp;innovation is hot right now&nbsp;reach out.&nbsp;High performance keywords&nbsp;but what's the real problem we're trying to solve here?&nbsp;and&nbsp;draft policy ppml proposal&nbsp;for&nbsp;create spaces to explore what’s next&nbsp;but&nbsp;circle back around.&nbsp;We want to see more charts&nbsp;window of opportunity&nbsp;deliverables&nbsp;and&nbsp;driving the initiative forward&nbsp;regroup.</p>
<!-- /wp:paragraph -->

<!-- wp:heading -->
<h2>Conclusion</h2>
<!-- /wp:heading -->

<!-- wp:paragraph -->
<p>Can I just chime in on that one make sure to include in your wheelhouse and forcing function for bake it in for high-level. Message the initiative price point fire up your browser, but in this space win-win-win. Eat our own dog food baseline the procedure and samepage your department. Show pony anti-pattern, for it's a simple lift and shift job the right info at the right time to the right people anti-pattern. </p>
<!-- /wp:paragraph -->]]></content:encoded>
		<excerpt:encoded><![CDATA[]]></excerpt:encoded>
		<wp:post_id>85</wp:post_id>
		<wp:post_date><![CDATA[2020-04-03 16:30:26]]></wp:post_date>
		<wp:post_date_gmt><![CDATA[2020-04-03 16:30:26]]></wp:post_date_gmt>
		<wp:post_modified><![CDATA[2020-04-03 16:30:26]]></wp:post_modified>
		<wp:post_modified_gmt><![CDATA[2020-04-03 16:30:26]]></wp:post_modified_gmt>
		<wp:comment_status><![CDATA[open]]></wp:comment_status>
		<wp:ping_status><![CDATA[open]]></wp:ping_status>
		<wp:post_name><![CDATA[how-to-engage-the-whole-family-in-pet-caring]]></wp:post_name>
		<wp:status><![CDATA[publish]]></wp:status>
		<wp:post_parent>0</wp:post_parent>
		<wp:menu_order>0</wp:menu_order>
		<wp:post_type><![CDATA[post]]></wp:post_type>
		<wp:post_password><![CDATA[]]></wp:post_password>
		<wp:is_sticky>0</wp:is_sticky>
										<category domain="category" nicename="uncategorized"><![CDATA[Uncategorized]]></category>
						<wp:postmeta>
		<wp:meta_key><![CDATA[nb_of_words]]></wp:meta_key>
		<wp:meta_value><![CDATA[241]]></wp:meta_value>
		</wp:postmeta>
							<wp:postmeta>
		<wp:meta_key><![CDATA[_elementor_controls_usage]]></wp:meta_key>
		<wp:meta_value><![CDATA[a:0:{}]]></wp:meta_value>
		</wp:postmeta>
							<wp:postmeta>
		<wp:meta_key><![CDATA[_thumbnail_id]]></wp:meta_key>
		<wp:meta_value><![CDATA[55]]></wp:meta_value>
		</wp:postmeta>
							<wp:postmeta>
		<wp:meta_key><![CDATA[_yoast_wpseo_primary_category]]></wp:meta_key>
		<wp:meta_value><![CDATA[]]></wp:meta_value>
		</wp:postmeta>
							<wp:postmeta>
		<wp:meta_key><![CDATA[neve_meta_enable_content_width]]></wp:meta_key>
		<wp:meta_value><![CDATA[off]]></wp:meta_value>
		</wp:postmeta>
							<wp:postmeta>
		<wp:meta_key><![CDATA[_yoast_wpseo_content_score]]></wp:meta_key>
		<wp:meta_value><![CDATA[90]]></wp:meta_value>
		</wp:postmeta>
							</item>
					<item>
		<title><![CDATA[How to choose the right products for your pet]]></title>
		<link>https://wrathfulwood.s1-tastewp.com/2020/04/03/how-to-choose-the-right-products-for-your-pet/</link>
		<pubDate>Fri, 03 Apr 2020 16:31:35 +0000</pubDate>
		<dc:creator><![CDATA[robertino]]></dc:creator>
		<guid isPermaLink="false">https://demosites.io/pet-shop-gb/?p=86</guid>
		<description></description>
		<content:encoded><![CDATA[<!-- wp:paragraph -->
<p>Pro-sumer software&nbsp;make it a priority&nbsp;can you champion this&nbsp;into the weeds, so&nbsp;synergize productive mindfulness&nbsp;blue sky thinking. We need distributors to evangelize the new line to local markets dog and pony show, put a record on and see who dances&nbsp;technologically savvy. Nail jelly to the hothouse wall&nbsp;message the initiative. Value-added pulling teeth run it up the flagpole hard stop.&nbsp;</p>
<!-- /wp:paragraph -->

<!-- wp:heading -->
<h2>Heading in post</h2>
<!-- /wp:heading -->

<!-- wp:paragraph -->
<p>4-blocker&nbsp;per my previous email&nbsp;for customer centric wheelhouse.&nbsp;Churning anomalies&nbsp;turd polishing window-licker&nbsp;keep it lean&nbsp;we need to start advertising on social media. Can I just chime in on that one&nbsp;make sure to include in your wheelhouse&nbsp;and&nbsp;forcing function&nbsp;for&nbsp;bake it in&nbsp;for&nbsp;high-level.&nbsp;Message the initiative&nbsp;price point fire up your browser, but&nbsp;in this space&nbsp;win-win-win.&nbsp;Eat our own dog food&nbsp;baseline the procedure and samepage your department. Show pony&nbsp;anti-pattern, for&nbsp;it's a simple lift and shift job&nbsp;the right info at the right time to the right people&nbsp;anti-pattern.&nbsp;</p>
<!-- /wp:paragraph -->

<!-- wp:paragraph -->
<p>Ping me&nbsp;table the discussion , so&nbsp;teams were able to drive adoption and awareness&nbsp;nor&nbsp;innovation is hot right now&nbsp;reach out.&nbsp;High performance keywords&nbsp;but what's the real problem we're trying to solve here?&nbsp;and&nbsp;draft policy ppml proposal&nbsp;for&nbsp;create spaces to explore what’s next&nbsp;but&nbsp;circle back around.&nbsp;We want to see more charts&nbsp;window of opportunity&nbsp;deliverables&nbsp;and&nbsp;driving the initiative forward&nbsp;regroup.</p>
<!-- /wp:paragraph -->

<!-- wp:heading -->
<h2>Conclusion</h2>
<!-- /wp:heading -->

<!-- wp:paragraph -->
<p>Can I just chime in on that one&nbsp;make sure to include in your wheelhouse&nbsp;and&nbsp;forcing function&nbsp;for&nbsp;bake it in&nbsp;for&nbsp;high-level.&nbsp;Message the initiative&nbsp;price point fire up your browser, but&nbsp;in this space&nbsp;win-win-win.&nbsp;Eat our own dog food&nbsp;baseline the procedure and samepage your department. Show pony&nbsp;anti-pattern, for&nbsp;it's a simple lift and shift job&nbsp;the right info at the right time to the right people&nbsp;anti-pattern.&nbsp;</p>
<!-- /wp:paragraph -->

<!-- wp:themeisle-blocks/review {"id":"wp-block-themeisle-blocks-review-0001a049","product":70} /-->]]></content:encoded>
		<excerpt:encoded><![CDATA[]]></excerpt:encoded>
		<wp:post_id>86</wp:post_id>
		<wp:post_date><![CDATA[2020-04-03 16:31:35]]></wp:post_date>
		<wp:post_date_gmt><![CDATA[2020-04-03 16:31:35]]></wp:post_date_gmt>
		<wp:post_modified><![CDATA[2022-05-09 09:03:15]]></wp:post_modified>
		<wp:post_modified_gmt><![CDATA[2022-05-09 09:03:15]]></wp:post_modified_gmt>
		<wp:comment_status><![CDATA[open]]></wp:comment_status>
		<wp:ping_status><![CDATA[open]]></wp:ping_status>
		<wp:post_name><![CDATA[how-to-choose-the-right-products-for-your-pet]]></wp:post_name>
		<wp:status><![CDATA[publish]]></wp:status>
		<wp:post_parent>0</wp:post_parent>
		<wp:menu_order>0</wp:menu_order>
		<wp:post_type><![CDATA[post]]></wp:post_type>
		<wp:post_password><![CDATA[]]></wp:post_password>
		<wp:is_sticky>0</wp:is_sticky>
										<category domain="category" nicename="uncategorized"><![CDATA[Uncategorized]]></category>
						<wp:postmeta>
		<wp:meta_key><![CDATA[nb_of_words]]></wp:meta_key>
		<wp:meta_value><![CDATA[241]]></wp:meta_value>
		</wp:postmeta>
							<wp:postmeta>
		<wp:meta_key><![CDATA[_elementor_controls_usage]]></wp:meta_key>
		<wp:meta_value><![CDATA[a:0:{}]]></wp:meta_value>
		</wp:postmeta>
							<wp:postmeta>
		<wp:meta_key><![CDATA[_thumbnail_id]]></wp:meta_key>
		<wp:meta_value><![CDATA[50]]></wp:meta_value>
		</wp:postmeta>
							<wp:postmeta>
		<wp:meta_key><![CDATA[_yoast_wpseo_primary_category]]></wp:meta_key>
		<wp:meta_value><![CDATA[]]></wp:meta_value>
		</wp:postmeta>
							<wp:postmeta>
		<wp:meta_key><![CDATA[neve_meta_enable_content_width]]></wp:meta_key>
		<wp:meta_value><![CDATA[off]]></wp:meta_value>
		</wp:postmeta>
							<wp:postmeta>
		<wp:meta_key><![CDATA[_yoast_wpseo_content_score]]></wp:meta_key>
		<wp:meta_value><![CDATA[90]]></wp:meta_value>
		</wp:postmeta>
							<wp:postmeta>
		<wp:meta_key><![CDATA[neve_meta_sidebar]]></wp:meta_key>
		<wp:meta_value><![CDATA[]]></wp:meta_value>
		</wp:postmeta>
							<wp:postmeta>
		<wp:meta_key><![CDATA[neve_meta_container]]></wp:meta_key>
		<wp:meta_value><![CDATA[]]></wp:meta_value>
		</wp:postmeta>
							<wp:postmeta>
		<wp:meta_key><![CDATA[neve_meta_content_width]]></wp:meta_key>
		<wp:meta_value><![CDATA[0]]></wp:meta_value>
		</wp:postmeta>
							<wp:postmeta>
		<wp:meta_key><![CDATA[neve_meta_title_alignment]]></wp:meta_key>
		<wp:meta_value><![CDATA[]]></wp:meta_value>
		</wp:postmeta>
							<wp:postmeta>
		<wp:meta_key><![CDATA[neve_meta_author_avatar]]></wp:meta_key>
		<wp:meta_value><![CDATA[]]></wp:meta_value>
		</wp:postmeta>
							<wp:postmeta>
		<wp:meta_key><![CDATA[neve_post_elements_order]]></wp:meta_key>
		<wp:meta_value><![CDATA[]]></wp:meta_value>
		</wp:postmeta>
							<wp:postmeta>
		<wp:meta_key><![CDATA[neve_meta_disable_header]]></wp:meta_key>
		<wp:meta_value><![CDATA[]]></wp:meta_value>
		</wp:postmeta>
							<wp:postmeta>
		<wp:meta_key><![CDATA[neve_meta_disable_footer]]></wp:meta_key>
		<wp:meta_value><![CDATA[]]></wp:meta_value>
		</wp:postmeta>
							<wp:postmeta>
		<wp:meta_key><![CDATA[neve_meta_disable_title]]></wp:meta_key>
		<wp:meta_value><![CDATA[]]></wp:meta_value>
		</wp:postmeta>
							<wp:postmeta>
		<wp:meta_key><![CDATA[neve_meta_reading_time]]></wp:meta_key>
		<wp:meta_value><![CDATA[]]></wp:meta_value>
		</wp:postmeta>
							<wp:postmeta>
		<wp:meta_key><![CDATA[_themeisle_gutenberg_block_has_review]]></wp:meta_key>
		<wp:meta_value><![CDATA[1]]></wp:meta_value>
		</wp:postmeta>
							<wp:postmeta>
		<wp:meta_key><![CDATA[_ti_tpc_template_sync]]></wp:meta_key>
		<wp:meta_value><![CDATA[]]></wp:meta_value>
		</wp:postmeta>
							<wp:postmeta>
		<wp:meta_key><![CDATA[_ti_tpc_template_id]]></wp:meta_key>
		<wp:meta_value><![CDATA[]]></wp:meta_value>
		</wp:postmeta>
							<wp:postmeta>
		<wp:meta_key><![CDATA[_edit_last]]></wp:meta_key>
		<wp:meta_value><![CDATA[1]]></wp:meta_value>
		</wp:postmeta>
							<wp:postmeta>
		<wp:meta_key><![CDATA[custom-layout-options-should-expire]]></wp:meta_key>
		<wp:meta_value><![CDATA[]]></wp:meta_value>
		</wp:postmeta>
							</item>
					<item>
		<title><![CDATA[Home]]></title>
		<link>https://wrathfulwood.s1-tastewp.com/</link>
		<pubDate>Mon, 29 Jun 2020 23:38:07 +0000</pubDate>
		<dc:creator><![CDATA[robertino]]></dc:creator>
		<guid isPermaLink="false">https://demosites.io/pet-shop-gb/?page_id=105</guid>
		<description></description>
		<content:encoded><![CDATA[<!-- wp:themeisle-blocks/advanced-columns {"id":"wp-block-themeisle-blocks-advanced-columns-cbb7d63f","columns":1,"layout":"equal","padding":{"top":"170px","bottom":"150px","left":"20px","right":"20px"},"paddingMobile":0,"margin":{"top":"-7px","bottom":"20px"},"marginMobile":{"top":"-4px","bottom":null},"columnsWidth":900,"horizontalAlign":"center","backgroundType":"image","backgroundImage":{"id":53,"url":"https://wrathfulwood.s1-tastewp.com/wp-content/uploads/2020/04/neve-pet-shop-04.jpg"},"backgroundPosition":{"x":"0.50","y":"0.50"},"backgroundRepeat":"no-repeat","backgroundSize":"cover","backgroundOverlayOpacity":80,"backgroundOverlayColor":"var(\u002d\u002dnv-dark-bg)","backgroundOverlayPosition":{"x":"0.00","y":"0.00"},"border":0,"borderRadius":0,"align":"full","otterConditions":[[{}]]} -->
<div id="wp-block-themeisle-blocks-advanced-columns-cbb7d63f" class="wp-block-themeisle-blocks-advanced-columns alignfull has-1-columns has-desktop-equal-layout has-tablet-equal-layout has-mobile-equal-layout has-vertical-unset"><div class="wp-block-themeisle-blocks-advanced-columns-overlay"></div><div class="innerblocks-wrap"><!-- wp:themeisle-blocks/advanced-column {"id":"wp-block-themeisle-blocks-advanced-column-9099e04a","columnWidth":"100"} -->
<div id="wp-block-themeisle-blocks-advanced-column-9099e04a" class="wp-block-themeisle-blocks-advanced-column"><!-- wp:heading {"textAlign":"center","level":1,"textColor":"white"} -->
<h1 class="has-text-align-center has-white-color has-text-color">Discover the finest products for your pet</h1>
<!-- /wp:heading -->

<!-- wp:themeisle-blocks/advanced-heading {"id":"wp-block-themeisle-blocks-advanced-heading-5ba2036d","tag":"p","align":"center","headingColor":"#ffffff","fontSize":28,"fontSizeMobile":20,"paddingType":"unlinked","paddingTypeMobile":"unlinked","paddingMobile":0,"paddingRight":40,"paddingRightMobile":20,"paddingLeft":40,"paddingLeftMobile":20,"marginBottom":20} -->
<p id="wp-block-themeisle-blocks-advanced-heading-5ba2036d" class="wp-block-themeisle-blocks-advanced-heading wp-block-themeisle-blocks-advanced-heading-5ba2036d">A beautifully simple starter site with WooCommerce integration</p>
<!-- /wp:themeisle-blocks/advanced-heading -->

<!-- wp:themeisle-blocks/button-group {"id":"wp-block-themeisle-blocks-button-group-72abf9df","align":"center","spacing":0,"paddingTopBottom":25,"paddingLeftRight":50,"fontSize":16,"fontFamily":"Arvo","fontVariant":"700","textTransform":"none","fontStyle":"normal"} -->
<div id="wp-block-themeisle-blocks-button-group-72abf9df" class="wp-block-themeisle-blocks-button-group wp-block-buttons align-center"><!-- wp:themeisle-blocks/button {"id":"wp-block-themeisle-blocks-button-1b647751","color":"var(\u002d\u002dnv-text-color)","background":"var(\u002d\u002dnv-primary-accent)","border":"","hoverColor":"#ffffff","hoverBackground":"var(\u002d\u002dnv-secondary-accent)","hoverBorder":"","borderRadius":100,"boxShadowColor":"","hoverBoxShadowColor":"","iconType":"right","prefix":"fas","icon":"arrow-right"} -->
<div id="wp-block-themeisle-blocks-button-1b647751" class="wp-block-themeisle-blocks-button wp-block-button"><a href="" target="_self" rel="noopener noreferrer" class="wp-block-button__link"><span>GO TO SHOP</span><i class="fas fa-fw fa-arrow-right margin-left"></i></a></div>
<!-- /wp:themeisle-blocks/button --></div>
<!-- /wp:themeisle-blocks/button-group --></div>
<!-- /wp:themeisle-blocks/advanced-column --></div></div>
<!-- /wp:themeisle-blocks/advanced-columns -->

<!-- wp:themeisle-blocks/advanced-columns {"id":"wp-block-themeisle-blocks-advanced-columns-ab114888","columns":3,"layout":"equal","layoutMobile":"collapsedRows","padding":{"top":"110px","bottom":"100px","left":"20px","right":"20px"},"margin":{"top":"20px","bottom":"20px"},"columnsWidth":1100,"horizontalAlign":"center","backgroundColor":"var(\u002d\u002dnv-light-bg)","backgroundPosition":{"x":"0.00","y":"0.00"},"backgroundOverlayPosition":{"x":"0.00","y":"0.00"},"border":0,"borderRadius":0,"align":"full","otterConditions":[]} -->
<div id="wp-block-themeisle-blocks-advanced-columns-ab114888" class="wp-block-themeisle-blocks-advanced-columns alignfull has-3-columns has-desktop-equal-layout has-tablet-equal-layout has-mobile-collapsedRows-layout has-vertical-unset"><div class="wp-block-themeisle-blocks-advanced-columns-overlay"></div><div class="innerblocks-wrap"><!-- wp:themeisle-blocks/advanced-column {"id":"wp-block-themeisle-blocks-advanced-column-76cf25ee","padding":{"top":"20px","bottom":"20px","left":"20px","right":"20px"},"margin":{"top":"20px","bottom":"20px","left":"20px","right":"20px"},"backgroundColor":"var(\u002d\u002dnv-site-bg)","backgroundPosition":{"x":"0.00","y":"0.00"},"border":{"top":"0px","bottom":"5px","left":"0px","right":"0px"},"borderColor":"var(\u002d\u002dnv-primary-accent)","borderRadius":{"top":"4px","bottom":"4px","left":"4px","right":"4px"},"columnWidth":"33.33","otterConditions":[]} -->
<div id="wp-block-themeisle-blocks-advanced-column-76cf25ee" class="wp-block-themeisle-blocks-advanced-column"><!-- wp:themeisle-blocks/service -->
<div class="wp-block-themeisle-blocks-service"><!-- wp:themeisle-blocks/font-awesome-icons {"id":"wp-block-themeisle-blocks-font-awesome-icons-bc6879e6","prefix":"fas","icon":"paw","fontSize":25,"padding":25,"backgroundColor":"var(\u002d\u002dnv-c-2)","textColor":"#ffffff","borderRadius":100} -->
<p id="wp-block-themeisle-blocks-font-awesome-icons-bc6879e6" class="wp-block-themeisle-blocks-font-awesome-icons"><span class="wp-block-themeisle-blocks-font-awesome-icons-container"><i class="fas fa-paw"></i></span></p>
<!-- /wp:themeisle-blocks/font-awesome-icons -->

<!-- wp:heading {"textAlign":"center","level":3} -->
<h3 class="has-text-align-center">Pet-friendly Materials</h3>
<!-- /wp:heading -->

<!-- wp:paragraph {"align":"center"} -->
<p class="has-text-align-center">We care about your pet as you do, and deliver the finest materials</p>
<!-- /wp:paragraph --></div>
<!-- /wp:themeisle-blocks/service --></div>
<!-- /wp:themeisle-blocks/advanced-column -->

<!-- wp:themeisle-blocks/advanced-column {"id":"wp-block-themeisle-blocks-advanced-column-e4703d6c","padding":{"top":"20px","bottom":"20px","left":"20px","right":"20px"},"margin":{"top":"20px","bottom":"20px","left":"20px","right":"20px"},"backgroundColor":"var(\u002d\u002dnv-site-bg)","backgroundPosition":{"x":"0.00","y":"0.00"},"border":{"top":"0px","bottom":"5px","left":"0px","right":"0px"},"borderColor":"var(\u002d\u002dnv-primary-accent)","borderRadius":{"top":"4px","bottom":"4px","left":"4px","right":"4px"},"columnWidth":"33.33","otterConditions":[]} -->
<div id="wp-block-themeisle-blocks-advanced-column-e4703d6c" class="wp-block-themeisle-blocks-advanced-column"><!-- wp:themeisle-blocks/font-awesome-icons {"id":"wp-block-themeisle-blocks-font-awesome-icons-8d7704f6","prefix":"fas","icon":"shipping-fast","fontSize":25,"padding":23,"backgroundColor":"var(\u002d\u002dnv-c-2)","textColor":"#ffffff","borderRadius":100} -->
<p id="wp-block-themeisle-blocks-font-awesome-icons-8d7704f6" class="wp-block-themeisle-blocks-font-awesome-icons"><span class="wp-block-themeisle-blocks-font-awesome-icons-container"><i class="fas fa-shipping-fast"></i></span></p>
<!-- /wp:themeisle-blocks/font-awesome-icons -->

<!-- wp:heading {"textAlign":"center","level":3} -->
<h3 class="has-text-align-center">Free Shipping</h3>
<!-- /wp:heading -->

<!-- wp:paragraph {"align":"center"} -->
<p class="has-text-align-center">We care about your pet as you do, and deliver the finest materials</p>
<!-- /wp:paragraph --></div>
<!-- /wp:themeisle-blocks/advanced-column -->

<!-- wp:themeisle-blocks/advanced-column {"id":"wp-block-themeisle-blocks-advanced-column-2d0eeda8","padding":{"top":"20px","bottom":"20px","left":"20px","right":"20px"},"margin":{"top":"20px","bottom":"20px","left":"20px","right":"20px"},"backgroundColor":"var(\u002d\u002dnv-site-bg)","backgroundPosition":{"x":"0.00","y":"0.00"},"border":{"top":"0px","bottom":"5px","left":"0px","right":"0px"},"borderColor":"var(\u002d\u002dnv-primary-accent)","borderRadius":{"top":"4px","bottom":"4px","left":"4px","right":"4px"},"columnWidth":"33.33","otterConditions":[]} -->
<div id="wp-block-themeisle-blocks-advanced-column-2d0eeda8" class="wp-block-themeisle-blocks-advanced-column"><!-- wp:themeisle-blocks/font-awesome-icons {"id":"wp-block-themeisle-blocks-font-awesome-icons-662e3790","prefix":"fas","icon":"money-check-alt","fontSize":25,"padding":25,"backgroundColor":"var(\u002d\u002dnv-c-2)","textColor":"#ffffff","borderRadius":100} -->
<p id="wp-block-themeisle-blocks-font-awesome-icons-662e3790" class="wp-block-themeisle-blocks-font-awesome-icons"><span class="wp-block-themeisle-blocks-font-awesome-icons-container"><i class="fas fa-money-check-alt"></i></span></p>
<!-- /wp:themeisle-blocks/font-awesome-icons -->

<!-- wp:heading {"textAlign":"center","level":3} -->
<h3 class="has-text-align-center">Flexible Payments</h3>
<!-- /wp:heading -->

<!-- wp:paragraph {"align":"center"} -->
<p class="has-text-align-center">We care about your pet as you do, and deliver the finest materials</p>
<!-- /wp:paragraph --></div>
<!-- /wp:themeisle-blocks/advanced-column --></div></div>
<!-- /wp:themeisle-blocks/advanced-columns -->

<!-- wp:themeisle-blocks/advanced-columns {"id":"wp-block-themeisle-blocks-advanced-columns-08bcd8f6","columns":2,"layout":"oneTwo","layoutMobile":"collapsedRows","padding":{"top":"95px","bottom":"105px","left":"20px","right":"20px"},"paddingMobile":{"top":"20px","bottom":"20px","left":"20px","right":"20px"},"margin":{"top":"20px","bottom":"20px"},"columnsWidth":1100,"horizontalAlign":"center","backgroundColor":"var(\u002d\u002dnv-dark-bg)","backgroundPosition":{"x":"0.00","y":"0.00"},"backgroundOverlayPosition":{"x":"0.00","y":"0.00"},"border":0,"borderRadius":0,"align":"full","otterConditions":[]} -->
<div id="wp-block-themeisle-blocks-advanced-columns-08bcd8f6" class="wp-block-themeisle-blocks-advanced-columns alignfull has-2-columns has-desktop-oneTwo-layout has-tablet-equal-layout has-mobile-collapsedRows-layout has-vertical-unset"><div class="wp-block-themeisle-blocks-advanced-columns-overlay"></div><div class="innerblocks-wrap"><!-- wp:themeisle-blocks/advanced-column {"id":"wp-block-themeisle-blocks-advanced-column-7ccc17b6","padding":{"top":"20px","bottom":"20px","left":"20px","right":"20px"},"margin":{"top":"20px","bottom":"20px","left":"20px","right":"20px"},"backgroundType":"image","backgroundImage":{"id":42,"url":"https://wrathfulwood.s1-tastewp.com/wp-content/uploads/2020/04/neve-pet-shop-15.jpg"},"backgroundPosition":{"x":"0.50","y":"0.50"},"backgroundRepeat":"no-repeat","backgroundSize":"cover","border":0,"borderRadius":0,"columnWidth":"43.00","otterConditions":[]} -->
<div id="wp-block-themeisle-blocks-advanced-column-7ccc17b6" class="wp-block-themeisle-blocks-advanced-column"></div>
<!-- /wp:themeisle-blocks/advanced-column -->

<!-- wp:themeisle-blocks/advanced-column {"id":"wp-block-themeisle-blocks-advanced-column-546e1574","padding":{"top":"40px","bottom":"40px","left":"40px","right":"10px"},"paddingMobile":0,"margin":{"top":"20px","bottom":"20px","left":"20px","right":"20px"},"marginMobile":{"top":"20px","bottom":"20px","left":null,"right":null},"backgroundPosition":{"x":"0.00","y":"0.00"},"border":0,"borderRadius":0,"columnWidth":"57.00","otterConditions":[]} -->
<div id="wp-block-themeisle-blocks-advanced-column-546e1574" class="wp-block-themeisle-blocks-advanced-column"><!-- wp:heading {"textColor":"nv-text-dark-bg"} -->
<h2 class="has-nv-text-dark-bg-color has-text-color">We have been on business since 1995</h2>
<!-- /wp:heading -->

<!-- wp:spacer {"height":20} -->
<div style="height:20px" aria-hidden="true" class="wp-block-spacer"></div>
<!-- /wp:spacer -->

<!-- wp:paragraph {"style":{"typography":{"fontSize":22}},"textColor":"nv-text-dark-bg"} -->
<p class="has-nv-text-dark-bg-color has-text-color" style="font-size:22px">We love pets, so we have created a shop that lets you get premium-quality products for your little friends</p>
<!-- /wp:paragraph -->

<!-- wp:spacer {"height":40} -->
<div style="height:40px" aria-hidden="true" class="wp-block-spacer"></div>
<!-- /wp:spacer -->

<!-- wp:themeisle-blocks/advanced-columns {"id":"wp-block-themeisle-blocks-advanced-columns-df8118fa","columns":1,"layout":"equal","padding":{"top":"24px","right":"24px","bottom":"24px","left":"24px"},"backgroundColor":"var(\u002d\u002dnv-c-1)","className":"has-default-gap"} -->
<div id="wp-block-themeisle-blocks-advanced-columns-df8118fa" class="wp-block-themeisle-blocks-advanced-columns has-1-columns has-desktop-equal-layout has-tablet-equal-layout has-mobile-equal-layout has-vertical-unset has-default-gap"><div class="wp-block-themeisle-blocks-advanced-columns-overlay"></div><div class="innerblocks-wrap"><!-- wp:themeisle-blocks/advanced-column {"id":"wp-block-themeisle-blocks-advanced-column-c80a1684","columnWidth":"100"} -->
<div id="wp-block-themeisle-blocks-advanced-column-c80a1684" class="wp-block-themeisle-blocks-advanced-column"><!-- wp:themeisle-blocks/advanced-heading {"id":"wp-block-themeisle-blocks-advanced-heading-0c193af8","tag":"p","headingColor":"var(\u002d\u002dnv-primary-accent)","fontSize":16,"fontFamily":"Arvo","fontVariant":"700","marginBottom":0} -->
<p id="wp-block-themeisle-blocks-advanced-heading-0c193af8" class="wp-block-themeisle-blocks-advanced-heading wp-block-themeisle-blocks-advanced-heading-0c193af8">Our Values</p>
<!-- /wp:themeisle-blocks/advanced-heading -->

<!-- wp:paragraph {"textColor":"nv-text-dark-bg"} -->
<p class="has-nv-text-dark-bg-color has-text-color">Show pony anti-pattern, for it’s a simple lift and shift job the right info at the right time to the right people anti-pattern. Ping me table the discussion , so teams were able to drive adoption and awareness nor innovation is hot right now reach out</p>
<!-- /wp:paragraph -->

<!-- wp:themeisle-blocks/advanced-heading {"id":"wp-block-themeisle-blocks-advanced-heading-d314d49a","tag":"p","headingColor":"var(\u002d\u002dnv-primary-accent)","fontSize":16,"fontFamily":"Arvo","fontVariant":"700","marginBottom":0} -->
<p id="wp-block-themeisle-blocks-advanced-heading-d314d49a" class="wp-block-themeisle-blocks-advanced-heading wp-block-themeisle-blocks-advanced-heading-d314d49a">Our Company</p>
<!-- /wp:themeisle-blocks/advanced-heading -->

<!-- wp:paragraph {"textColor":"nv-text-dark-bg"} -->
<p class="has-nv-text-dark-bg-color has-text-color">Lorem ipsum dolor sit amet, consectetur adipiscing elit. Ut elit tellus, luctus nec ullamcorper mattis, pulvinar dapibus leo.</p>
<!-- /wp:paragraph -->

<!-- wp:themeisle-blocks/advanced-heading {"id":"wp-block-themeisle-blocks-advanced-heading-454a78bf","tag":"p","headingColor":"var(\u002d\u002dnv-primary-accent)","fontSize":16,"fontFamily":"Arvo","fontVariant":"700","marginBottom":0} -->
<p id="wp-block-themeisle-blocks-advanced-heading-454a78bf" class="wp-block-themeisle-blocks-advanced-heading wp-block-themeisle-blocks-advanced-heading-454a78bf">Our Materials</p>
<!-- /wp:themeisle-blocks/advanced-heading -->

<!-- wp:paragraph {"textColor":"nv-text-dark-bg"} -->
<p class="has-nv-text-dark-bg-color has-text-color">Show pony&nbsp;anti-pattern, for&nbsp;it’s a simple lift and shift job&nbsp;the right info at the right time to the right people&nbsp;anti-pattern.&nbsp;</p>
<!-- /wp:paragraph -->

<!-- wp:paragraph {"textColor":"nv-text-dark-bg"} -->
<p class="has-nv-text-dark-bg-color has-text-color">Ping me&nbsp;table the discussion , so&nbsp;teams were able to drive adoption and awareness&nbsp;nor&nbsp;innovation is hot right now&nbsp;reach out</p>
<!-- /wp:paragraph --></div>
<!-- /wp:themeisle-blocks/advanced-column --></div></div>
<!-- /wp:themeisle-blocks/advanced-columns --></div>
<!-- /wp:themeisle-blocks/advanced-column --></div></div>
<!-- /wp:themeisle-blocks/advanced-columns -->

<!-- wp:themeisle-blocks/advanced-columns {"id":"wp-block-themeisle-blocks-advanced-columns-7ca699a0","columns":1,"layout":"equal","padding":{"top":"110px","bottom":"20px","left":"20px","right":"20px"},"margin":{"top":"20px","bottom":"20px"},"columnsWidth":1100,"horizontalAlign":"center","backgroundColor":"var(\u002d\u002dnv-site-bg)","backgroundPosition":{"x":"0.00","y":"0.00"},"backgroundOverlayPosition":{"x":"0.00","y":"0.00"},"border":0,"borderRadius":0,"align":"full","otterConditions":[]} -->
<div id="wp-block-themeisle-blocks-advanced-columns-7ca699a0" class="wp-block-themeisle-blocks-advanced-columns alignfull has-1-columns has-desktop-equal-layout has-tablet-equal-layout has-mobile-equal-layout has-vertical-unset"><div class="wp-block-themeisle-blocks-advanced-columns-overlay"></div><div class="innerblocks-wrap"><!-- wp:themeisle-blocks/advanced-column {"id":"wp-block-themeisle-blocks-advanced-column-01546f97","padding":{"top":"20px","bottom":"20px","left":"20px","right":"20px"},"margin":{"top":"20px","bottom":"20px","left":"20px","right":"20px"},"backgroundPosition":{"x":"0.00","y":"0.00"},"border":0,"borderRadius":0,"columnWidth":"100","otterConditions":[]} -->
<div id="wp-block-themeisle-blocks-advanced-column-01546f97" class="wp-block-themeisle-blocks-advanced-column"><!-- wp:heading {"textAlign":"center","textColor":"neve-text-color"} -->
<h2 class="has-text-align-center has-neve-text-color-color has-text-color">Featured Products</h2>
<!-- /wp:heading -->

<!-- wp:separator {"color":"neve-button-color"} -->
<hr class="wp-block-separator has-text-color has-background has-neve-button-color-background-color has-neve-button-color-color"/>
<!-- /wp:separator -->

<!-- wp:woocommerce/product-new {"rows":1,"contentVisibility":{"title":true,"price":true,"rating":false,"button":true}} /-->

<!-- wp:spacer {"height":20} -->
<div style="height:20px" aria-hidden="true" class="wp-block-spacer"></div>
<!-- /wp:spacer -->

<!-- wp:themeisle-blocks/button-group {"id":"wp-block-themeisle-blocks-button-group-d66b4dbf","align":"center","spacing":0,"paddingTopBottom":25,"paddingLeftRight":50,"fontSize":16,"fontFamily":"Arvo","fontVariant":"700","textTransform":"none","fontStyle":"normal"} -->
<div id="wp-block-themeisle-blocks-button-group-d66b4dbf" class="wp-block-themeisle-blocks-button-group wp-block-buttons align-center"><!-- wp:themeisle-blocks/button {"id":"wp-block-themeisle-blocks-button-65fc7bca","color":"var(\u002d\u002dnv-text-color)","background":"var(\u002d\u002dnv-primary-accent)","border":"","hoverColor":"#ffffff","hoverBackground":"var(\u002d\u002dnv-secondary-accent)","hoverBorder":"","borderRadius":100,"boxShadowColor":"","hoverBoxShadowColor":"","prefix":"fas","icon":"arrow-right"} -->
<div id="wp-block-themeisle-blocks-button-65fc7bca" class="wp-block-themeisle-blocks-button wp-block-button"><a href="#" target="_self" rel="noopener noreferrer" class="wp-block-button__link"><span>BROWSE ALL PRODUCTS</span></a></div>
<!-- /wp:themeisle-blocks/button --></div>
<!-- /wp:themeisle-blocks/button-group --></div>
<!-- /wp:themeisle-blocks/advanced-column --></div></div>
<!-- /wp:themeisle-blocks/advanced-columns -->

<!-- wp:themeisle-blocks/advanced-columns {"id":"wp-block-themeisle-blocks-advanced-columns-293ae528","columns":2,"layout":"twoOne","layoutMobile":"collapsedRows","padding":{"top":"100px","bottom":"100px","left":"20px","right":"20px"},"paddingMobile":{"top":"20px","bottom":"20px","left":"20px","right":"20px"},"margin":{"top":"20px","bottom":"-40px"},"columnsWidth":1100,"horizontalAlign":"center","backgroundColor":"var(\u002d\u002dnv-dark-bg)","backgroundPosition":{"x":"0.00","y":"0.00"},"backgroundOverlayPosition":{"x":"0.00","y":"0.00"},"border":0,"borderRadius":0,"align":"full","otterConditions":[]} -->
<div id="wp-block-themeisle-blocks-advanced-columns-293ae528" class="wp-block-themeisle-blocks-advanced-columns alignfull has-2-columns has-desktop-twoOne-layout has-tablet-equal-layout has-mobile-collapsedRows-layout has-vertical-unset"><div class="wp-block-themeisle-blocks-advanced-columns-overlay"></div><div class="innerblocks-wrap"><!-- wp:themeisle-blocks/advanced-column {"id":"wp-block-themeisle-blocks-advanced-column-c7c82bf7","padding":{"top":"40px","bottom":"40px","left":"20px","right":"20px"},"paddingMobile":20,"margin":{"top":"20px","bottom":"20px","left":"20px","right":"20px"},"backgroundPosition":{"x":"0.00","y":"0.00"},"border":0,"borderRadius":0,"columnWidth":"57.00","className":"small-form","otterConditions":[]} -->
<div id="wp-block-themeisle-blocks-advanced-column-c7c82bf7" class="wp-block-themeisle-blocks-advanced-column small-form"><!-- wp:heading {"textColor":"nv-text-dark-bg"} -->
<h2 class="has-nv-text-dark-bg-color has-text-color">Join our newsletter for special deals and offers</h2>
<!-- /wp:heading -->

<!-- wp:html -->
[wpforms id="136" title="false" description="false"]
<!-- /wp:html --></div>
<!-- /wp:themeisle-blocks/advanced-column -->

<!-- wp:themeisle-blocks/advanced-column {"id":"wp-block-themeisle-blocks-advanced-column-24cca890","padding":{"top":"20px","bottom":"20px","left":"20px","right":"20px"},"margin":{"top":"20px","bottom":"20px","left":"20px","right":"20px"},"marginMobile":{"top":null,"bottom":"60px","left":null,"right":null},"backgroundType":"image","backgroundImage":{"id":47,"url":"https://wrathfulwood.s1-tastewp.com/wp-content/uploads/2020/04/neve-pet-shop-23.jpg"},"backgroundPosition":{"x":"0.50","y":"0.50"},"backgroundRepeat":"no-repeat","backgroundSize":"cover","border":0,"borderRadius":0,"columnWidth":"43.00","otterConditions":[]} -->
<div id="wp-block-themeisle-blocks-advanced-column-24cca890" class="wp-block-themeisle-blocks-advanced-column"></div>
<!-- /wp:themeisle-blocks/advanced-column --></div></div>
<!-- /wp:themeisle-blocks/advanced-columns -->]]></content:encoded>
		<excerpt:encoded><![CDATA[]]></excerpt:encoded>
		<wp:post_id>105</wp:post_id>
		<wp:post_date><![CDATA[2020-06-29 23:38:07]]></wp:post_date>
		<wp:post_date_gmt><![CDATA[2020-06-29 23:38:07]]></wp:post_date_gmt>
		<wp:post_modified><![CDATA[2020-06-29 23:38:07]]></wp:post_modified>
		<wp:post_modified_gmt><![CDATA[2020-06-29 23:38:07]]></wp:post_modified_gmt>
		<wp:comment_status><![CDATA[closed]]></wp:comment_status>
		<wp:ping_status><![CDATA[closed]]></wp:ping_status>
		<wp:post_name><![CDATA[d09c8-home]]></wp:post_name>
		<wp:status><![CDATA[publish]]></wp:status>
		<wp:post_parent>0</wp:post_parent>
		<wp:menu_order>0</wp:menu_order>
		<wp:post_type><![CDATA[page]]></wp:post_type>
		<wp:post_password><![CDATA[]]></wp:post_password>
		<wp:is_sticky>0</wp:is_sticky>
														<wp:postmeta>
		<wp:meta_key><![CDATA[neve_meta_sidebar]]></wp:meta_key>
		<wp:meta_value><![CDATA[full-width]]></wp:meta_value>
		</wp:postmeta>
							<wp:postmeta>
		<wp:meta_key><![CDATA[neve_meta_enable_content_width]]></wp:meta_key>
		<wp:meta_value><![CDATA[on]]></wp:meta_value>
		</wp:postmeta>
							<wp:postmeta>
		<wp:meta_key><![CDATA[neve_meta_content_width]]></wp:meta_key>
		<wp:meta_value><![CDATA[100]]></wp:meta_value>
		</wp:postmeta>
							<wp:postmeta>
		<wp:meta_key><![CDATA[neve_meta_disable_title]]></wp:meta_key>
		<wp:meta_value><![CDATA[on]]></wp:meta_value>
		</wp:postmeta>
							<wp:postmeta>
		<wp:meta_key><![CDATA[_themeisle_gutenberg_block_fonts]]></wp:meta_key>
		<wp:meta_value><![CDATA[a:1:{s:4:"Arvo";a:2:{s:10:"fontfamily";s:4:"Arvo";s:11:"fontvariant";a:1:{i:0;s:3:"700";}}}]]></wp:meta_value>
		</wp:postmeta>
							<wp:postmeta>
		<wp:meta_key><![CDATA[_wp_page_template]]></wp:meta_key>
		<wp:meta_value><![CDATA[default]]></wp:meta_value>
		</wp:postmeta>
							<wp:postmeta>
		<wp:meta_key><![CDATA[_ti_tpc_template_sync]]></wp:meta_key>
		<wp:meta_value><![CDATA[]]></wp:meta_value>
		</wp:postmeta>
							<wp:postmeta>
		<wp:meta_key><![CDATA[_ti_tpc_template_id]]></wp:meta_key>
		<wp:meta_value><![CDATA[695blg4xn7pkav5zqwfm]]></wp:meta_value>
		</wp:postmeta>
							<wp:postmeta>
		<wp:meta_key><![CDATA[_ti_tpc_screenshot_url]]></wp:meta_key>
		<wp:meta_value><![CDATA[https://api.themeisle.com/sites/images/q:auto/dpr:2/wp-content/uploads/2020/12/Pet-Shop-Home.jpg]]></wp:meta_value>
		</wp:postmeta>
							<wp:postmeta>
		<wp:meta_key><![CDATA[_ti_tpc_site_slug]]></wp:meta_key>
		<wp:meta_value><![CDATA[neve-pet-shop-gutenberg]]></wp:meta_value>
		</wp:postmeta>
							<wp:postmeta>
		<wp:meta_key><![CDATA[_ti_tpc_published]]></wp:meta_key>
		<wp:meta_value><![CDATA[1]]></wp:meta_value>
		</wp:postmeta>
							<wp:postmeta>
		<wp:meta_key><![CDATA[neve_meta_container]]></wp:meta_key>
		<wp:meta_value><![CDATA[]]></wp:meta_value>
		</wp:postmeta>
							<wp:postmeta>
		<wp:meta_key><![CDATA[neve_meta_title_alignment]]></wp:meta_key>
		<wp:meta_value><![CDATA[]]></wp:meta_value>
		</wp:postmeta>
							<wp:postmeta>
		<wp:meta_key><![CDATA[neve_meta_author_avatar]]></wp:meta_key>
		<wp:meta_value><![CDATA[]]></wp:meta_value>
		</wp:postmeta>
							<wp:postmeta>
		<wp:meta_key><![CDATA[neve_post_elements_order]]></wp:meta_key>
		<wp:meta_value><![CDATA[]]></wp:meta_value>
		</wp:postmeta>
							<wp:postmeta>
		<wp:meta_key><![CDATA[neve_meta_disable_header]]></wp:meta_key>
		<wp:meta_value><![CDATA[]]></wp:meta_value>
		</wp:postmeta>
							<wp:postmeta>
		<wp:meta_key><![CDATA[neve_meta_disable_footer]]></wp:meta_key>
		<wp:meta_value><![CDATA[]]></wp:meta_value>
		</wp:postmeta>
							<wp:postmeta>
		<wp:meta_key><![CDATA[inline_featured_image]]></wp:meta_key>
		<wp:meta_value><![CDATA[0]]></wp:meta_value>
		</wp:postmeta>
							<wp:postmeta>
		<wp:meta_key><![CDATA[_themeisle_gutenberg_block_styles]]></wp:meta_key>
		<wp:meta_value><![CDATA[#wp-block-themeisle-blocks-advanced-columns-cbb7d63f{padding-top:20px;padding-bottom:20px;padding-left:20px;padding-right:20px;margin-top:20px;margin-bottom:20px;--columnsWidth:900px;justify-content:center;min-height:auto;background:url(https://wrathfulwood.s1-tastewp.com/wp-content/uploads/2020/04/neve-pet-shop-04.jpg) no-repeat scroll 50% 50%/cover;border-width:0;border-style:solid;border-color:#000;border-radius:0}#wp-block-themeisle-blocks-advanced-columns-cbb7d63f>.wp-block-themeisle-blocks-advanced-columns-overlay{background:var(--nv-dark-bg);opacity:.8;mix-blend-mode:normal;border-radius:0}@media (max-width:600px){#wp-block-themeisle-blocks-advanced-columns-cbb7d63f{padding-top:0;padding-bottom:0;padding-left:0;padding-right:0;margin-top:-4px}}@media (min-width:960px){#wp-block-themeisle-blocks-advanced-column-9099e04a{flex-basis:100%}}#wp-block-themeisle-blocks-advanced-heading-5ba2036d{text-align:center;color:#fff;font-size:28px;padding-top:0;padding-right:40px;padding-bottom:0;padding-left:40px;margin-top:0;margin-bottom:20px}@media (max-width:600px){#wp-block-themeisle-blocks-advanced-heading-5ba2036d{font-size:20px;padding-right:20px;padding-left:20px}}#wp-block-themeisle-blocks-button-group-72abf9df{gap:0px}#wp-block-themeisle-blocks-button-group-72abf9df .wp-block-themeisle-blocks-button .wp-block-button__link{padding-top:25px;padding-bottom:25px;padding-left:50px;padding-right:50px;font-size:16px;font-family:Arvo;font-weight:700;text-transform:none;font-style:normal}#wp-block-themeisle-blocks-button-group-72abf9df .wp-block-themeisle-blocks-button .wp-block-button__link svg{width:16px}#wp-block-themeisle-blocks-button-1b647751 .wp-block-button__link{color:var(--nv-text-color);background:var(--nv-primary-accent);border-radius:100px}#wp-block-themeisle-blocks-button-1b647751 .wp-block-button__link:hover{color:#fff;background:var(--nv-secondary-accent);border-color:}#wp-block-themeisle-blocks-advanced-columns-ab114888{padding-top:20px;padding-bottom:20px;padding-left:20px;padding-right:20px;margin-top:20px;margin-bottom:20px;--columnsWidth:1100px;justify-content:center;min-height:auto;background:var(--nv-light-bg);border-width:0;border-style:solid;border-color:#000;border-radius:0}#wp-block-themeisle-blocks-advanced-columns-ab114888>.wp-block-themeisle-blocks-advanced-columns-overlay{opacity:.5;mix-blend-mode:normal;border-radius:0}#wp-block-themeisle-blocks-advanced-column-76cf25ee{padding-top:20px;padding-bottom:20px;padding-left:20px;padding-right:20px;margin-top:20px;margin-bottom:20px;margin-left:20px;margin-right:20px;background:var(--nv-site-bg);border-width:0 0 5px;border-style:solid;border-color:var(--nv-primary-accent);border-radius:4px}@media (min-width:960px){#wp-block-themeisle-blocks-advanced-column-76cf25ee{flex-basis:33.33%}}#wp-block-themeisle-blocks-font-awesome-icons-bc6879e6{--borderRadius:100%;--padding:25px;--fontSize:25px}#wp-block-themeisle-blocks-font-awesome-icons-bc6879e6 .wp-block-themeisle-blocks-font-awesome-icons-container{color:#fff;background:var(--nv-c-2)}#wp-block-themeisle-blocks-font-awesome-icons-bc6879e6 .wp-block-themeisle-blocks-font-awesome-icons-container a{color:#fff}#wp-block-themeisle-blocks-font-awesome-icons-bc6879e6 .wp-block-themeisle-blocks-font-awesome-icons-container i{font-size:25px}#wp-block-themeisle-blocks-advanced-column-e4703d6c{padding-top:20px;padding-bottom:20px;padding-left:20px;padding-right:20px;margin-top:20px;margin-bottom:20px;margin-left:20px;margin-right:20px;background:var(--nv-site-bg);border-width:0 0 5px;border-style:solid;border-color:var(--nv-primary-accent);border-radius:4px}@media (min-width:960px){#wp-block-themeisle-blocks-advanced-column-e4703d6c{flex-basis:33.33%}}#wp-block-themeisle-blocks-font-awesome-icons-8d7704f6{--borderRadius:100%;--padding:23px;--fontSize:25px}#wp-block-themeisle-blocks-font-awesome-icons-8d7704f6 .wp-block-themeisle-blocks-font-awesome-icons-container{color:#fff;background:var(--nv-c-2)}#wp-block-themeisle-blocks-font-awesome-icons-8d7704f6 .wp-block-themeisle-blocks-font-awesome-icons-container a{color:#fff}#wp-block-themeisle-blocks-font-awesome-icons-8d7704f6 .wp-block-themeisle-blocks-font-awesome-icons-container i{font-size:25px}#wp-block-themeisle-blocks-advanced-column-2d0eeda8{padding-top:20px;padding-bottom:20px;padding-left:20px;padding-right:20px;margin-top:20px;margin-bottom:20px;margin-left:20px;margin-right:20px;background:var(--nv-site-bg);border-width:0 0 5px;border-style:solid;border-color:var(--nv-primary-accent);border-radius:4px}@media (min-width:960px){#wp-block-themeisle-blocks-advanced-column-2d0eeda8{flex-basis:33.33%}}#wp-block-themeisle-blocks-font-awesome-icons-662e3790{--borderRadius:100%;--padding:25px;--fontSize:25px}#wp-block-themeisle-blocks-font-awesome-icons-662e3790 .wp-block-themeisle-blocks-font-awesome-icons-container{color:#fff;background:var(--nv-c-2)}#wp-block-themeisle-blocks-font-awesome-icons-662e3790 .wp-block-themeisle-blocks-font-awesome-icons-container a{color:#fff}#wp-block-themeisle-blocks-font-awesome-icons-662e3790 .wp-block-themeisle-blocks-font-awesome-icons-container i{font-size:25px}#wp-block-themeisle-blocks-advanced-columns-08bcd8f6{padding-top:20px;padding-bottom:20px;padding-left:20px;padding-right:20px;margin-top:20px;margin-bottom:20px;--columnsWidth:1100px;justify-content:center;min-height:auto;background:var(--nv-dark-bg);border-width:0;border-style:solid;border-color:#000;border-radius:0}#wp-block-themeisle-blocks-advanced-columns-08bcd8f6>.wp-block-themeisle-blocks-advanced-columns-overlay{opacity:.5;mix-blend-mode:normal;border-radius:0}@media (max-width:600px){#wp-block-themeisle-blocks-advanced-columns-08bcd8f6{padding-top:20px;padding-bottom:20px;padding-left:20px;padding-right:20px}}#wp-block-themeisle-blocks-advanced-column-7ccc17b6{padding-top:20px;padding-bottom:20px;padding-left:20px;padding-right:20px;margin-top:20px;margin-bottom:20px;margin-left:20px;margin-right:20px;background:url(https://wrathfulwood.s1-tastewp.com/wp-content/uploads/2020/04/neve-pet-shop-15.jpg) no-repeat scroll 50% 50%/cover;border-width:0;border-style:solid;border-color:#000;border-radius:0}@media (min-width:960px){#wp-block-themeisle-blocks-advanced-column-7ccc17b6{flex-basis:43%}}#wp-block-themeisle-blocks-advanced-column-546e1574{padding-top:20px;padding-bottom:20px;padding-left:20px;padding-right:20px;margin-top:20px;margin-bottom:20px;margin-left:20px;margin-right:20px;border-width:0;border-style:solid;border-color:#000;border-radius:0}@media (min-width:960px){#wp-block-themeisle-blocks-advanced-column-546e1574{flex-basis:57%}}@media (max-width:600px){#wp-block-themeisle-blocks-advanced-column-546e1574{padding-top:0;padding-bottom:0;padding-left:0;padding-right:0;margin-top:20px;margin-bottom:20px}}#wp-block-themeisle-blocks-advanced-columns-df8118fa{padding-top:24px;padding-bottom:24px;padding-left:24px;padding-right:24px;min-height:auto;background:var(--nv-c-1)}#wp-block-themeisle-blocks-advanced-columns-df8118fa>.wp-block-themeisle-blocks-advanced-columns-overlay{opacity:.5;mix-blend-mode:normal}@media (min-width:960px){#wp-block-themeisle-blocks-advanced-column-c80a1684{flex-basis:100%}}#wp-block-themeisle-blocks-advanced-heading-0c193af8{text-align:unset;color:var(--nv-primary-accent);font-size:16px;font-family:Arvo;font-weight:700;padding:0;margin-top:0;margin-bottom:0}#wp-block-themeisle-blocks-advanced-heading-d314d49a{text-align:unset;color:var(--nv-primary-accent);font-size:16px;font-family:Arvo;font-weight:700;padding:0;margin-top:0;margin-bottom:0}#wp-block-themeisle-blocks-advanced-heading-454a78bf{text-align:unset;color:var(--nv-primary-accent);font-size:16px;font-family:Arvo;font-weight:700;padding:0;margin-top:0;margin-bottom:0}#wp-block-themeisle-blocks-advanced-columns-7ca699a0{padding-top:20px;padding-bottom:20px;padding-left:20px;padding-right:20px;margin-top:20px;margin-bottom:20px;--columnsWidth:1100px;justify-content:center;min-height:auto;background:var(--nv-site-bg);border-width:0;border-style:solid;border-color:#000;border-radius:0}#wp-block-themeisle-blocks-advanced-columns-7ca699a0>.wp-block-themeisle-blocks-advanced-columns-overlay{opacity:.5;mix-blend-mode:normal;border-radius:0}#wp-block-themeisle-blocks-advanced-column-01546f97{padding-top:20px;padding-bottom:20px;padding-left:20px;padding-right:20px;margin-top:20px;margin-bottom:20px;margin-left:20px;margin-right:20px;border-width:0;border-style:solid;border-color:#000;border-radius:0}@media (min-width:960px){#wp-block-themeisle-blocks-advanced-column-01546f97{flex-basis:100%}}#wp-block-themeisle-blocks-button-group-d66b4dbf{gap:0px}#wp-block-themeisle-blocks-button-group-d66b4dbf .wp-block-themeisle-blocks-button .wp-block-button__link{padding-top:25px;padding-bottom:25px;padding-left:50px;padding-right:50px;font-size:16px;font-family:Arvo;font-weight:700;text-transform:none;font-style:normal}#wp-block-themeisle-blocks-button-group-d66b4dbf .wp-block-themeisle-blocks-button .wp-block-button__link svg{width:16px}#wp-block-themeisle-blocks-button-65fc7bca .wp-block-button__link{color:var(--nv-text-color);background:var(--nv-primary-accent);border-radius:100px}#wp-block-themeisle-blocks-button-65fc7bca .wp-block-button__link:hover{color:#fff;background:var(--nv-secondary-accent);border-color:}#wp-block-themeisle-blocks-advanced-columns-293ae528{padding-top:20px;padding-bottom:20px;padding-left:20px;padding-right:20px;margin-top:20px;margin-bottom:20px;--columnsWidth:1100px;justify-content:center;min-height:auto;background:var(--nv-dark-bg);border-width:0;border-style:solid;border-color:#000;border-radius:0}#wp-block-themeisle-blocks-advanced-columns-293ae528>.wp-block-themeisle-blocks-advanced-columns-overlay{opacity:.5;mix-blend-mode:normal;border-radius:0}@media (max-width:600px){#wp-block-themeisle-blocks-advanced-columns-293ae528{padding-top:20px;padding-bottom:20px;padding-left:20px;padding-right:20px}}#wp-block-themeisle-blocks-advanced-column-c7c82bf7{padding-top:20px;padding-bottom:20px;padding-left:20px;padding-right:20px;margin-top:20px;margin-bottom:20px;margin-left:20px;margin-right:20px;border-width:0;border-style:solid;border-color:#000;border-radius:0}@media (min-width:960px){#wp-block-themeisle-blocks-advanced-column-c7c82bf7{flex-basis:57%}}@media (max-width:600px){#wp-block-themeisle-blocks-advanced-column-c7c82bf7{padding-top:20px;padding-bottom:20px;padding-left:20px;padding-right:20px}}#wp-block-themeisle-blocks-advanced-column-24cca890{padding-top:20px;padding-bottom:20px;padding-left:20px;padding-right:20px;margin-top:20px;margin-bottom:20px;margin-left:20px;margin-right:20px;background:url(https://wrathfulwood.s1-tastewp.com/wp-content/uploads/2020/04/neve-pet-shop-23.jpg) no-repeat scroll 50% 50%/cover;border-width:0;border-style:solid;border-color:#000;border-radius:0}@media (min-width:960px){#wp-block-themeisle-blocks-advanced-column-24cca890{flex-basis:43%}}@media (max-width:600px){#wp-block-themeisle-blocks-advanced-column-24cca890{margin-bottom:60px}}]]></wp:meta_value>
		</wp:postmeta>
							<wp:postmeta>
		<wp:meta_key><![CDATA[_themeisle_gutenberg_block_stylesheet]]></wp:meta_key>
		<wp:meta_value><![CDATA[post-v2-105-1652086753]]></wp:meta_value>
		</wp:postmeta>
							</item>
					<item>
		<title><![CDATA[About]]></title>
		<link>https://wrathfulwood.s1-tastewp.com/d09c8-about/</link>
		<pubDate>Tue, 30 Jun 2020 00:26:40 +0000</pubDate>
		<dc:creator><![CDATA[robertino]]></dc:creator>
		<guid isPermaLink="false">https://demosites.io/pet-shop-gb/?page_id=108</guid>
		<description></description>
		<content:encoded><![CDATA[<!-- wp:themeisle-blocks/advanced-columns {"id":"wp-block-themeisle-blocks-advanced-columns-6d39dfb0","columns":1,"layout":"equal","paddingType":"unlinked","paddingMobile":20,"paddingTop":55,"paddingBottom":40,"marginTop":0,"marginTopMobile":-4,"marginBottom":0,"columnsWidth":1100,"horizontalAlign":"center","backgroundType":"image","backgroundImageID":51,"backgroundImageURL":"https://wrathfulwood.s1-tastewp.com/wp-content/uploads/2020/04/neve-pet-shop-02.jpg","backgroundPosition":"center center","backgroundRepeat":"no-repeat","backgroundSize":"cover","backgroundOverlayOpacity":80,"backgroundOverlayColor":"var(\u002d\u002dnv-dark-bg)","align":"full"} -->
<div class="wp-block-themeisle-blocks-advanced-columns alignfull has-1-columns has-desktop-equal-layout has-tablet-equal-layout has-mobile-equal-layout has-default-gap has-vertical-unset" id="wp-block-themeisle-blocks-advanced-columns-6d39dfb0"><div class="wp-block-themeisle-blocks-advanced-columns-overlay"></div><div class="innerblocks-wrap"><!-- wp:themeisle-blocks/advanced-column {"id":"wp-block-themeisle-blocks-advanced-column-d08a6c6d","paddingMobile":0,"columnWidth":"100"} -->
<div class="wp-block-themeisle-blocks-advanced-column" id="wp-block-themeisle-blocks-advanced-column-d08a6c6d"><!-- wp:heading {"align":"center","level":1,"textColor":"nv-text-dark-bg"} -->
<h1 class="has-text-align-center has-nv-text-dark-bg-color has-text-color">About Us</h1>
<!-- /wp:heading -->

<!-- wp:separator {"color":"neve-button-color"} -->
<hr class="wp-block-separator has-text-color has-background has-neve-button-color-background-color has-neve-button-color-color"/>
<!-- /wp:separator --></div>
<!-- /wp:themeisle-blocks/advanced-column --></div></div>
<!-- /wp:themeisle-blocks/advanced-columns -->

<!-- wp:themeisle-blocks/advanced-columns {"id":"wp-block-themeisle-blocks-advanced-columns-aac5f012","columns":2,"layout":"oneTwo","layoutMobile":"collapsedRows","paddingType":"unlinked","paddingMobile":20,"paddingTop":105,"paddingBottom":105,"marginTop":0,"marginBottom":0,"columnsWidth":1100,"horizontalAlign":"center","backgroundColor":"var(\u002d\u002dnv-light-bg)","align":"full"} -->
<div class="wp-block-themeisle-blocks-advanced-columns alignfull has-2-columns has-desktop-oneTwo-layout has-tablet-equal-layout has-mobile-collapsedRows-layout has-default-gap has-vertical-unset" id="wp-block-themeisle-blocks-advanced-columns-aac5f012"><div class="wp-block-themeisle-blocks-advanced-columns-overlay"></div><div class="innerblocks-wrap"><!-- wp:themeisle-blocks/advanced-column {"id":"wp-block-themeisle-blocks-advanced-column-c775aa31","paddingType":"unlinked","paddingMobile":0,"paddingTop":50,"paddingBottom":40,"marginTopMobile":40,"marginBottomMobile":0,"columnWidth":"33.34"} -->
<div class="wp-block-themeisle-blocks-advanced-column" id="wp-block-themeisle-blocks-advanced-column-c775aa31"><!-- wp:heading -->
<h2>We have been on business since 1995</h2>
<!-- /wp:heading -->

<!-- wp:spacer {"height":30} -->
<div style="height:30px" aria-hidden="true" class="wp-block-spacer"></div>
<!-- /wp:spacer -->

<!-- wp:themeisle-blocks/advanced-heading {"id":"wp-block-themeisle-blocks-advanced-heading-5e92b692","tag":"p","fontSize":22,"fontSizeMobile":18,"marginBottom":0,"marginBottomMobile":0} -->
<p id="wp-block-themeisle-blocks-advanced-heading-5e92b692" class="wp-block-themeisle-blocks-advanced-heading wp-block-themeisle-blocks-advanced-heading-5e92b692">We love pets, so we have created a shop that lets you get premium-quality products for your little friends</p>
<!-- /wp:themeisle-blocks/advanced-heading --></div>
<!-- /wp:themeisle-blocks/advanced-column -->

<!-- wp:themeisle-blocks/advanced-column {"id":"wp-block-themeisle-blocks-advanced-column-1c81d4f1","paddingTypeMobile":"unlinked","paddingTopMobile":110,"paddingBottomMobile":110,"backgroundType":"image","backgroundImageID":34,"backgroundImageURL":"https://wrathfulwood.s1-tastewp.com/wp-content/uploads/2020/04/neve-pet-shop-07.jpg","backgroundPosition":"center center","backgroundRepeat":"no-repeat","backgroundSize":"cover","columnWidth":"66.66"} -->
<div class="wp-block-themeisle-blocks-advanced-column" id="wp-block-themeisle-blocks-advanced-column-1c81d4f1"></div>
<!-- /wp:themeisle-blocks/advanced-column --></div></div>
<!-- /wp:themeisle-blocks/advanced-columns -->

<!-- wp:themeisle-blocks/advanced-columns {"id":"wp-block-themeisle-blocks-advanced-columns-0dd32b1f","columns":2,"layout":"oneTwo","layoutMobile":"collapsedRows","padding":0,"paddingMobile":20,"marginTop":0,"marginBottom":0,"horizontalAlign":"center","align":"full"} -->
<div class="wp-block-themeisle-blocks-advanced-columns alignfull has-2-columns has-desktop-oneTwo-layout has-tablet-equal-layout has-mobile-collapsedRows-layout has-default-gap has-vertical-unset" id="wp-block-themeisle-blocks-advanced-columns-0dd32b1f"><div class="wp-block-themeisle-blocks-advanced-columns-overlay"></div><div class="innerblocks-wrap"><!-- wp:themeisle-blocks/advanced-column {"id":"wp-block-themeisle-blocks-advanced-column-b87f0665","padding":0,"marginTop":0,"marginRight":-13,"marginRightMobile":0,"marginBottom":0,"marginLeftMobile":0,"columnWidth":"40.00"} -->
<div class="wp-block-themeisle-blocks-advanced-column" id="wp-block-themeisle-blocks-advanced-column-b87f0665"><!-- wp:themeisle-blocks/advanced-columns {"id":"wp-block-themeisle-blocks-advanced-columns-30b38721","columns":2,"layout":"equal","layoutMobile":"collapsedRows","padding":0,"marginTop":0,"marginBottom":0} -->
<div class="wp-block-themeisle-blocks-advanced-columns has-2-columns has-desktop-equal-layout has-tablet-equal-layout has-mobile-collapsedRows-layout has-default-gap has-vertical-unset" id="wp-block-themeisle-blocks-advanced-columns-30b38721"><div class="wp-block-themeisle-blocks-advanced-columns-overlay"></div><div class="innerblocks-wrap"><!-- wp:themeisle-blocks/advanced-column {"id":"wp-block-themeisle-blocks-advanced-column-785827e4","padding":0,"marginTop":0,"marginRight":-13,"marginRightMobile":0,"marginBottom":0,"marginLeftMobile":0,"columnWidth":"50"} -->
<div class="wp-block-themeisle-blocks-advanced-column" id="wp-block-themeisle-blocks-advanced-column-785827e4"><!-- wp:image {"id":55,"sizeSlug":"large"} -->
<figure class="wp-block-image size-large"><img src="https://wrathfulwood.s1-tastewp.com/wp-content/uploads/2020/04/neve-pet-shop-25.jpg" alt="" class="wp-image-55"/></figure>
<!-- /wp:image --></div>
<!-- /wp:themeisle-blocks/advanced-column -->

<!-- wp:themeisle-blocks/advanced-column {"id":"wp-block-themeisle-blocks-advanced-column-0fd5cc39","padding":0,"marginTop":0,"marginRightMobile":0,"marginBottom":0,"marginLeftMobile":0,"columnWidth":"50"} -->
<div class="wp-block-themeisle-blocks-advanced-column" id="wp-block-themeisle-blocks-advanced-column-0fd5cc39"><!-- wp:image {"id":47,"sizeSlug":"large"} -->
<figure class="wp-block-image size-large"><img src="https://wrathfulwood.s1-tastewp.com/wp-content/uploads/2020/04/neve-pet-shop-23.jpg" alt="" class="wp-image-47"/></figure>
<!-- /wp:image --></div>
<!-- /wp:themeisle-blocks/advanced-column --></div></div>
<!-- /wp:themeisle-blocks/advanced-columns --></div>
<!-- /wp:themeisle-blocks/advanced-column -->

<!-- wp:themeisle-blocks/advanced-column {"id":"wp-block-themeisle-blocks-advanced-column-db69c55e","padding":0,"marginTop":0,"marginRightMobile":0,"marginBottom":0,"marginLeftMobile":0,"columnWidth":"60.00"} -->
<div class="wp-block-themeisle-blocks-advanced-column" id="wp-block-themeisle-blocks-advanced-column-db69c55e"><!-- wp:themeisle-blocks/advanced-columns {"id":"wp-block-themeisle-blocks-advanced-columns-24921e6c","columns":3,"layout":"equal","layoutMobile":"collapsedRows","padding":0,"marginTop":0,"marginBottom":0} -->
<div class="wp-block-themeisle-blocks-advanced-columns has-3-columns has-desktop-equal-layout has-tablet-equal-layout has-mobile-collapsedRows-layout has-default-gap has-vertical-unset" id="wp-block-themeisle-blocks-advanced-columns-24921e6c"><div class="wp-block-themeisle-blocks-advanced-columns-overlay"></div><div class="innerblocks-wrap"><!-- wp:themeisle-blocks/advanced-column {"id":"wp-block-themeisle-blocks-advanced-column-2be5e90e","padding":0,"marginTop":0,"marginRight":-12,"marginRightMobile":0,"marginBottom":0,"marginLeftMobile":0,"columnWidth":"33.33"} -->
<div class="wp-block-themeisle-blocks-advanced-column" id="wp-block-themeisle-blocks-advanced-column-2be5e90e"><!-- wp:image {"id":58,"sizeSlug":"large"} -->
<figure class="wp-block-image size-large"><img src="https://wrathfulwood.s1-tastewp.com/wp-content/uploads/2020/04/neve-pet-shop-19.jpg" alt="" class="wp-image-58"/></figure>
<!-- /wp:image --></div>
<!-- /wp:themeisle-blocks/advanced-column -->

<!-- wp:themeisle-blocks/advanced-column {"id":"wp-block-themeisle-blocks-advanced-column-feb003ae","padding":0,"marginTop":0,"marginRight":-15,"marginRightMobile":0,"marginBottom":0,"marginLeftMobile":0,"columnWidth":"33.33"} -->
<div class="wp-block-themeisle-blocks-advanced-column" id="wp-block-themeisle-blocks-advanced-column-feb003ae"><!-- wp:image {"id":48,"sizeSlug":"large"} -->
<figure class="wp-block-image size-large"><img src="https://wrathfulwood.s1-tastewp.com/wp-content/uploads/2020/04/neve-pet-shop-24.jpg" alt="" class="wp-image-48"/></figure>
<!-- /wp:image --></div>
<!-- /wp:themeisle-blocks/advanced-column -->

<!-- wp:themeisle-blocks/advanced-column {"id":"wp-block-themeisle-blocks-advanced-column-1b3c3f8e","padding":0,"marginTop":0,"marginRightMobile":0,"marginBottom":0,"marginLeftMobile":0,"columnWidth":"33.33"} -->
<div class="wp-block-themeisle-blocks-advanced-column" id="wp-block-themeisle-blocks-advanced-column-1b3c3f8e"><!-- wp:image {"id":38,"sizeSlug":"large"} -->
<figure class="wp-block-image size-large"><img src="https://wrathfulwood.s1-tastewp.com/wp-content/uploads/2020/04/neve-pet-shop-11.jpg" alt="" class="wp-image-38"/></figure>
<!-- /wp:image --></div>
<!-- /wp:themeisle-blocks/advanced-column --></div></div>
<!-- /wp:themeisle-blocks/advanced-columns --></div>
<!-- /wp:themeisle-blocks/advanced-column --></div></div>
<!-- /wp:themeisle-blocks/advanced-columns -->

<!-- wp:themeisle-blocks/advanced-columns {"id":"wp-block-themeisle-blocks-advanced-columns-7fa15eef","columns":1,"layout":"equal","paddingType":"unlinked","paddingTypeMobile":"unlinked","paddingTop":65,"paddingTopMobile":0,"paddingBottom":0,"marginTopMobile":0,"marginBottom":0,"columnsWidth":1100,"horizontalAlign":"center","align":"full"} -->
<div class="wp-block-themeisle-blocks-advanced-columns alignfull has-1-columns has-desktop-equal-layout has-tablet-equal-layout has-mobile-equal-layout has-default-gap has-vertical-unset" id="wp-block-themeisle-blocks-advanced-columns-7fa15eef"><div class="wp-block-themeisle-blocks-advanced-columns-overlay"></div><div class="innerblocks-wrap"><!-- wp:themeisle-blocks/advanced-column {"id":"wp-block-themeisle-blocks-advanced-column-20d8fef0","paddingType":"unlinked","paddingBottom":0,"marginTopMobile":0,"marginBottom":0,"columnWidth":"100"} -->
<div class="wp-block-themeisle-blocks-advanced-column" id="wp-block-themeisle-blocks-advanced-column-20d8fef0"><!-- wp:heading {"align":"center"} -->
<h2 class="has-text-align-center">Shop Categories</h2>
<!-- /wp:heading --></div>
<!-- /wp:themeisle-blocks/advanced-column --></div></div>
<!-- /wp:themeisle-blocks/advanced-columns -->

<!-- wp:themeisle-blocks/advanced-columns {"id":"wp-block-themeisle-blocks-advanced-columns-7fc487a2","columns":3,"layout":"equal","layoutMobile":"collapsedRows","paddingType":"unlinked","paddingTypeMobile":"unlinked","paddingTop":0,"paddingBottom":80,"paddingBottomMobile":0,"columnsWidth":1100,"horizontalAlign":"center","align":"full"} -->
<div class="wp-block-themeisle-blocks-advanced-columns alignfull has-3-columns has-desktop-equal-layout has-tablet-equal-layout has-mobile-collapsedRows-layout has-default-gap has-vertical-unset" id="wp-block-themeisle-blocks-advanced-columns-7fc487a2"><div class="wp-block-themeisle-blocks-advanced-columns-overlay"></div><div class="innerblocks-wrap"><!-- wp:themeisle-blocks/advanced-column {"id":"wp-block-themeisle-blocks-advanced-column-f085661c","padding":0,"marginTop":0,"columnWidth":"33.33"} -->
<div class="wp-block-themeisle-blocks-advanced-column" id="wp-block-themeisle-blocks-advanced-column-f085661c"><!-- wp:image {"id":39,"sizeSlug":"large"} -->
<figure class="wp-block-image size-large"><img src="https://wrathfulwood.s1-tastewp.com/wp-content/uploads/2020/04/neve-pet-shop-12.jpg" alt="" class="wp-image-39"/></figure>
<!-- /wp:image -->

<!-- wp:heading {"align":"center","level":3} -->
<h3 class="has-text-align-center">Misc</h3>
<!-- /wp:heading -->

<!-- wp:paragraph {"align":"center"} -->
<p class="has-text-align-center">Lorem ipsum dolor sit amet, consectetur adipiscing elit. Ut elit tellus.</p>
<!-- /wp:paragraph --></div>
<!-- /wp:themeisle-blocks/advanced-column -->

<!-- wp:themeisle-blocks/advanced-column {"id":"wp-block-themeisle-blocks-advanced-column-1f0c697c","padding":0,"marginTop":0,"columnWidth":"33.33"} -->
<div class="wp-block-themeisle-blocks-advanced-column" id="wp-block-themeisle-blocks-advanced-column-1f0c697c"><!-- wp:image {"id":38,"sizeSlug":"large"} -->
<figure class="wp-block-image size-large"><img src="https://wrathfulwood.s1-tastewp.com/wp-content/uploads/2020/04/neve-pet-shop-11.jpg" alt="" class="wp-image-38"/></figure>
<!-- /wp:image -->

<!-- wp:heading {"align":"center","level":3} -->
<h3 class="has-text-align-center">Pets</h3>
<!-- /wp:heading -->

<!-- wp:paragraph {"align":"center"} -->
<p class="has-text-align-center">Lorem ipsum dolor sit amet, consectetur adipiscing elit. Ut elit tellus.</p>
<!-- /wp:paragraph --></div>
<!-- /wp:themeisle-blocks/advanced-column -->

<!-- wp:themeisle-blocks/advanced-column {"id":"wp-block-themeisle-blocks-advanced-column-67af76c2","padding":0,"marginTop":0,"columnWidth":"33.33"} -->
<div class="wp-block-themeisle-blocks-advanced-column" id="wp-block-themeisle-blocks-advanced-column-67af76c2"><!-- wp:image {"id":45,"sizeSlug":"large"} -->
<figure class="wp-block-image size-large"><img src="https://wrathfulwood.s1-tastewp.com/wp-content/uploads/2020/04/neve-pet-shop-21.jpg" alt="" class="wp-image-45"/></figure>
<!-- /wp:image -->

<!-- wp:heading {"align":"center","level":3} -->
<h3 class="has-text-align-center">Pet Food</h3>
<!-- /wp:heading -->

<!-- wp:paragraph {"align":"center"} -->
<p class="has-text-align-center">Lorem ipsum dolor sit amet, consectetur adipiscing elit. Ut elit tellus.</p>
<!-- /wp:paragraph --></div>
<!-- /wp:themeisle-blocks/advanced-column --></div></div>
<!-- /wp:themeisle-blocks/advanced-columns -->

<!-- wp:themeisle-blocks/advanced-columns {"id":"wp-block-themeisle-blocks-advanced-columns-0ab5d83a","columns":1,"layout":"equal","paddingType":"unlinked","paddingTypeMobile":"unlinked","paddingTop":130,"paddingTopMobile":20,"paddingBottom":120,"paddingBottomMobile":40,"marginTop":0,"marginBottom":0,"columnsWidth":850,"horizontalAlign":"center","backgroundColor":"var(\u002d\u002dnv-dark-bg)","align":"full"} -->
<div class="wp-block-themeisle-blocks-advanced-columns alignfull has-1-columns has-desktop-equal-layout has-tablet-equal-layout has-mobile-equal-layout has-default-gap has-vertical-unset" id="wp-block-themeisle-blocks-advanced-columns-0ab5d83a"><div class="wp-block-themeisle-blocks-advanced-columns-overlay"></div><div class="innerblocks-wrap"><!-- wp:themeisle-blocks/advanced-column {"id":"wp-block-themeisle-blocks-advanced-column-d6f07f31","paddingType":"unlinked","paddingTypeMobile":"unlinked","paddingRightMobile":0,"paddingBottom":0,"paddingLeftMobile":0,"marginBottom":0,"columnWidth":"100"} -->
<div class="wp-block-themeisle-blocks-advanced-column" id="wp-block-themeisle-blocks-advanced-column-d6f07f31"><!-- wp:heading {"align":"center","textColor":"nv-text-dark-bg"} -->
<h2 class="has-text-align-center has-nv-text-dark-bg-color has-text-color">Frequent Questions</h2>
<!-- /wp:heading -->

<!-- wp:separator {"color":"neve-button-color"} -->
<hr class="wp-block-separator has-text-color has-background has-neve-button-color-background-color has-neve-button-color-color"/>
<!-- /wp:separator -->

<!-- wp:themeisle-blocks/advanced-columns {"id":"wp-block-themeisle-blocks-advanced-columns-49c978a0","columns":1,"layout":"equal","padding":0,"backgroundColor":"#162526"} -->
<div class="wp-block-themeisle-blocks-advanced-columns has-1-columns has-desktop-equal-layout has-tablet-equal-layout has-mobile-equal-layout has-default-gap has-vertical-unset" id="wp-block-themeisle-blocks-advanced-columns-49c978a0"><div class="wp-block-themeisle-blocks-advanced-columns-overlay"></div><div class="innerblocks-wrap"><!-- wp:themeisle-blocks/advanced-column {"id":"wp-block-themeisle-blocks-advanced-column-903d5221","paddingType":"unlinked","paddingBottom":0,"marginTop":0,"marginBottom":0,"backgroundColor":"var(\u002d\u002dnv-c-1)","columnWidth":"100"} -->
<div class="wp-block-themeisle-blocks-advanced-column" id="wp-block-themeisle-blocks-advanced-column-903d5221"><!-- wp:paragraph {"textColor":"nv-text-dark-bg"} -->
<p class="has-nv-text-dark-bg-color has-text-color">Do you offer country-wide shipping</p>
<!-- /wp:paragraph --></div>
<!-- /wp:themeisle-blocks/advanced-column --></div></div>
<!-- /wp:themeisle-blocks/advanced-columns -->

<!-- wp:paragraph {"textColor":"nv-text-dark-bg"} -->
<p class="has-nv-text-dark-bg-color has-text-color">Lorem ipsum dolor sit amet, consectetur adipiscing elit. Ut elit tellus, luctus nec ullamcorper mattis, pulvinar dapibus leo.</p>
<!-- /wp:paragraph -->

<!-- wp:themeisle-blocks/advanced-columns {"id":"wp-block-themeisle-blocks-advanced-columns-673ea8e6","columns":1,"layout":"equal","padding":0,"marginTop":40,"backgroundColor":"#162526"} -->
<div class="wp-block-themeisle-blocks-advanced-columns has-1-columns has-desktop-equal-layout has-tablet-equal-layout has-mobile-equal-layout has-default-gap has-vertical-unset" id="wp-block-themeisle-blocks-advanced-columns-673ea8e6"><div class="wp-block-themeisle-blocks-advanced-columns-overlay"></div><div class="innerblocks-wrap"><!-- wp:themeisle-blocks/advanced-column {"id":"wp-block-themeisle-blocks-advanced-column-874f51aa","paddingType":"unlinked","paddingBottom":0,"marginTop":0,"marginBottom":0,"backgroundColor":"var(\u002d\u002dnv-c-1)","columnWidth":"100"} -->
<div class="wp-block-themeisle-blocks-advanced-column" id="wp-block-themeisle-blocks-advanced-column-874f51aa"><!-- wp:paragraph {"textColor":"nv-text-dark-bg"} -->
<p class="has-nv-text-dark-bg-color has-text-color">Are there certifications for the organic pet food?</p>
<!-- /wp:paragraph --></div>
<!-- /wp:themeisle-blocks/advanced-column --></div></div>
<!-- /wp:themeisle-blocks/advanced-columns -->

<!-- wp:paragraph {"textColor":"nv-text-dark-bg"} -->
<p class="has-nv-text-dark-bg-color has-text-color">Lorem ipsum dolor sit amet, consectetur adipiscing elit. Ut elit tellus, luctus nec ullamcorper mattis, pulvinar dapibus leo.</p>
<!-- /wp:paragraph -->

<!-- wp:themeisle-blocks/advanced-columns {"id":"wp-block-themeisle-blocks-advanced-columns-fa25fb0a","columns":1,"layout":"equal","padding":0,"marginTop":40,"backgroundColor":"#162526"} -->
<div class="wp-block-themeisle-blocks-advanced-columns has-1-columns has-desktop-equal-layout has-tablet-equal-layout has-mobile-equal-layout has-default-gap has-vertical-unset" id="wp-block-themeisle-blocks-advanced-columns-fa25fb0a"><div class="wp-block-themeisle-blocks-advanced-columns-overlay"></div><div class="innerblocks-wrap"><!-- wp:themeisle-blocks/advanced-column {"id":"wp-block-themeisle-blocks-advanced-column-2ee78622","paddingType":"unlinked","paddingBottom":0,"marginTop":0,"marginBottom":0,"backgroundColor":"var(\u002d\u002dnv-c-1)","columnWidth":"100"} -->
<div class="wp-block-themeisle-blocks-advanced-column" id="wp-block-themeisle-blocks-advanced-column-2ee78622"><!-- wp:paragraph {"textColor":"nv-text-dark-bg"} -->
<p class="has-nv-text-dark-bg-color has-text-color">Can I buy a pet online?</p>
<!-- /wp:paragraph --></div>
<!-- /wp:themeisle-blocks/advanced-column --></div></div>
<!-- /wp:themeisle-blocks/advanced-columns -->

<!-- wp:paragraph {"textColor":"nv-text-dark-bg"} -->
<p class="has-nv-text-dark-bg-color has-text-color">Lorem ipsum dolor sit amet, consectetur adipiscing elit. Ut elit tellus, luctus nec ullamcorper mattis, pulvinar dapibus leo.</p>
<!-- /wp:paragraph --></div>
<!-- /wp:themeisle-blocks/advanced-column --></div></div>
<!-- /wp:themeisle-blocks/advanced-columns -->

<!-- wp:themeisle-blocks/advanced-columns {"id":"wp-block-themeisle-blocks-advanced-columns-66b34962","columns":2,"layout":"equal","layoutMobile":"collapsedRows","paddingType":"unlinked","paddingTypeMobile":"unlinked","paddingMobile":20,"paddingTop":80,"paddingTopMobile":20,"paddingBottom":65,"paddingBottomMobile":20,"marginTop":0,"marginBottom":0,"columnsWidth":1100,"horizontalAlign":"center","align":"full"} -->
<div class="wp-block-themeisle-blocks-advanced-columns alignfull has-2-columns has-desktop-equal-layout has-tablet-equal-layout has-mobile-collapsedRows-layout has-default-gap has-vertical-unset" id="wp-block-themeisle-blocks-advanced-columns-66b34962"><div class="wp-block-themeisle-blocks-advanced-columns-overlay"></div><div class="innerblocks-wrap"><!-- wp:themeisle-blocks/advanced-column {"id":"wp-block-themeisle-blocks-advanced-column-3809e31f","paddingType":"unlinked","paddingRight":0,"paddingLeft":0,"marginBottomMobile":0,"columnWidth":"50"} -->
<div class="wp-block-themeisle-blocks-advanced-column" id="wp-block-themeisle-blocks-advanced-column-3809e31f"><!-- wp:themeisle-blocks/advanced-columns {"id":"wp-block-themeisle-blocks-advanced-columns-a89d71d5","columns":2,"layout":"oneTwo","layoutMobile":"collapsedRows","paddingType":"unlinked","paddingBottom":0,"marginTop":0,"marginBottom":30,"columnsWidth":1200,"horizontalAlign":"center","borderType":"unlinked","borderBottom":5,"borderColor":"var(\u002d\u002dnv-primary-accent)","borderRadius":4} -->
<div class="wp-block-themeisle-blocks-advanced-columns has-2-columns has-desktop-oneTwo-layout has-tablet-equal-layout has-mobile-collapsedRows-layout has-default-gap has-vertical-unset" id="wp-block-themeisle-blocks-advanced-columns-a89d71d5"><div class="wp-block-themeisle-blocks-advanced-columns-overlay"></div><div class="innerblocks-wrap"><!-- wp:themeisle-blocks/advanced-column {"id":"wp-block-themeisle-blocks-advanced-column-c6298ab6","padding":0,"marginTop":0,"marginBottom":0,"columnWidth":"14.00"} -->
<div class="wp-block-themeisle-blocks-advanced-column" id="wp-block-themeisle-blocks-advanced-column-c6298ab6"><!-- wp:themeisle-blocks/font-awesome-icons {"id":"wp-block-themeisle-blocks-font-awesome-icons-8f22dcff","prefix":"fas","icon":"paw","fontSize":19,"padding":20,"backgroundColor":"var(\u002d\u002dnv-c-2)","textColor":"var(\u002d\u002dnv-text-dark-bg)","borderRadius":97} -->
<p class="wp-block-themeisle-blocks-font-awesome-icons" id="wp-block-themeisle-blocks-font-awesome-icons-8f22dcff"><span class="wp-block-themeisle-blocks-font-awesome-icons-container"><i class="fas fa-paw"></i></span></p>
<!-- /wp:themeisle-blocks/font-awesome-icons --></div>
<!-- /wp:themeisle-blocks/advanced-column -->

<!-- wp:themeisle-blocks/advanced-column {"id":"wp-block-themeisle-blocks-advanced-column-ec78a68d","padding":0,"marginTop":0,"marginBottom":0,"columnWidth":"86.00"} -->
<div class="wp-block-themeisle-blocks-advanced-column" id="wp-block-themeisle-blocks-advanced-column-ec78a68d"><!-- wp:heading {"level":3} -->
<h3>Pet-friendly materials</h3>
<!-- /wp:heading -->

<!-- wp:paragraph -->
<p>This is a feature description</p>
<!-- /wp:paragraph --></div>
<!-- /wp:themeisle-blocks/advanced-column --></div></div>
<!-- /wp:themeisle-blocks/advanced-columns -->

<!-- wp:themeisle-blocks/advanced-columns {"id":"wp-block-themeisle-blocks-advanced-columns-aa49216a","columns":2,"layout":"oneTwo","layoutMobile":"collapsedRows","paddingType":"unlinked","paddingBottom":0,"marginTop":0,"marginBottom":0,"columnsWidth":1200,"horizontalAlign":"center","borderType":"unlinked","borderBottom":5,"borderColor":"var(\u002d\u002dnv-primary-accent)","borderRadius":4} -->
<div class="wp-block-themeisle-blocks-advanced-columns has-2-columns has-desktop-oneTwo-layout has-tablet-equal-layout has-mobile-collapsedRows-layout has-default-gap has-vertical-unset" id="wp-block-themeisle-blocks-advanced-columns-aa49216a"><div class="wp-block-themeisle-blocks-advanced-columns-overlay"></div><div class="innerblocks-wrap"><!-- wp:themeisle-blocks/advanced-column {"id":"wp-block-themeisle-blocks-advanced-column-51cb05f6","padding":0,"marginTop":0,"marginBottom":0,"columnWidth":"14.00"} -->
<div class="wp-block-themeisle-blocks-advanced-column" id="wp-block-themeisle-blocks-advanced-column-51cb05f6"><!-- wp:themeisle-blocks/font-awesome-icons {"id":"wp-block-themeisle-blocks-font-awesome-icons-b7a6f58f","prefix":"fas","icon":"shipping-fast","fontSize":19,"padding":20,"backgroundColor":"var(\u002d\u002dnv-c-2)","textColor":"var(\u002d\u002dnv-text-dark-bg)","borderRadius":97} -->
<p class="wp-block-themeisle-blocks-font-awesome-icons" id="wp-block-themeisle-blocks-font-awesome-icons-b7a6f58f"><span class="wp-block-themeisle-blocks-font-awesome-icons-container"><i class="fas fa-shipping-fast"></i></span></p>
<!-- /wp:themeisle-blocks/font-awesome-icons --></div>
<!-- /wp:themeisle-blocks/advanced-column -->

<!-- wp:themeisle-blocks/advanced-column {"id":"wp-block-themeisle-blocks-advanced-column-b5238015","padding":0,"marginTop":0,"marginBottom":0,"columnWidth":"86.00"} -->
<div class="wp-block-themeisle-blocks-advanced-column" id="wp-block-themeisle-blocks-advanced-column-b5238015"><!-- wp:heading {"level":3} -->
<h3>Free shipping for over 100$</h3>
<!-- /wp:heading -->

<!-- wp:paragraph -->
<p>This is a feature description</p>
<!-- /wp:paragraph --></div>
<!-- /wp:themeisle-blocks/advanced-column --></div></div>
<!-- /wp:themeisle-blocks/advanced-columns --></div>
<!-- /wp:themeisle-blocks/advanced-column -->

<!-- wp:themeisle-blocks/advanced-column {"id":"wp-block-themeisle-blocks-advanced-column-7287ac6a","paddingType":"unlinked","paddingRight":0,"paddingLeft":0,"marginTopMobile":0,"columnWidth":"50"} -->
<div class="wp-block-themeisle-blocks-advanced-column" id="wp-block-themeisle-blocks-advanced-column-7287ac6a"><!-- wp:themeisle-blocks/advanced-columns {"id":"wp-block-themeisle-blocks-advanced-columns-2b0841b5","columns":2,"layout":"oneTwo","layoutMobile":"collapsedRows","paddingType":"unlinked","paddingBottom":0,"marginTop":0,"marginBottom":30,"columnsWidth":1200,"horizontalAlign":"center","borderType":"unlinked","borderBottom":5,"borderColor":"var(\u002d\u002dnv-primary-accent)","borderRadius":4} -->
<div class="wp-block-themeisle-blocks-advanced-columns has-2-columns has-desktop-oneTwo-layout has-tablet-equal-layout has-mobile-collapsedRows-layout has-default-gap has-vertical-unset" id="wp-block-themeisle-blocks-advanced-columns-2b0841b5"><div class="wp-block-themeisle-blocks-advanced-columns-overlay"></div><div class="innerblocks-wrap"><!-- wp:themeisle-blocks/advanced-column {"id":"wp-block-themeisle-blocks-advanced-column-4e2a49cd","padding":0,"marginTop":0,"marginBottom":0,"columnWidth":"14.00"} -->
<div class="wp-block-themeisle-blocks-advanced-column" id="wp-block-themeisle-blocks-advanced-column-4e2a49cd"><!-- wp:themeisle-blocks/font-awesome-icons {"id":"wp-block-themeisle-blocks-font-awesome-icons-57bf6641","prefix":"fas","icon":"money-check-alt","fontSize":19,"padding":20,"backgroundColor":"var(\u002d\u002dnv-c-2)","textColor":"var(\u002d\u002dnv-text-dark-bg)","borderRadius":97} -->
<p class="wp-block-themeisle-blocks-font-awesome-icons" id="wp-block-themeisle-blocks-font-awesome-icons-57bf6641"><span class="wp-block-themeisle-blocks-font-awesome-icons-container"><i class="fas fa-money-check-alt"></i></span></p>
<!-- /wp:themeisle-blocks/font-awesome-icons --></div>
<!-- /wp:themeisle-blocks/advanced-column -->

<!-- wp:themeisle-blocks/advanced-column {"id":"wp-block-themeisle-blocks-advanced-column-3578ff9e","padding":0,"marginTop":0,"marginBottom":0,"columnWidth":"86.00"} -->
<div class="wp-block-themeisle-blocks-advanced-column" id="wp-block-themeisle-blocks-advanced-column-3578ff9e"><!-- wp:heading {"level":3} -->
<h3>Flexible payments</h3>
<!-- /wp:heading -->

<!-- wp:paragraph -->
<p>This is a feature description</p>
<!-- /wp:paragraph --></div>
<!-- /wp:themeisle-blocks/advanced-column --></div></div>
<!-- /wp:themeisle-blocks/advanced-columns -->

<!-- wp:themeisle-blocks/advanced-columns {"id":"wp-block-themeisle-blocks-advanced-columns-035ca70a","columns":2,"layout":"oneTwo","layoutMobile":"collapsedRows","paddingType":"unlinked","paddingBottom":0,"marginTop":0,"marginBottom":0,"columnsWidth":1200,"horizontalAlign":"center","borderType":"unlinked","borderBottom":5,"borderColor":"var(\u002d\u002dnv-primary-accent)","borderRadius":4} -->
<div class="wp-block-themeisle-blocks-advanced-columns has-2-columns has-desktop-oneTwo-layout has-tablet-equal-layout has-mobile-collapsedRows-layout has-default-gap has-vertical-unset" id="wp-block-themeisle-blocks-advanced-columns-035ca70a"><div class="wp-block-themeisle-blocks-advanced-columns-overlay"></div><div class="innerblocks-wrap"><!-- wp:themeisle-blocks/advanced-column {"id":"wp-block-themeisle-blocks-advanced-column-ebd5b984","padding":0,"marginTop":0,"marginBottom":0,"columnWidth":"14.69"} -->
<div class="wp-block-themeisle-blocks-advanced-column" id="wp-block-themeisle-blocks-advanced-column-ebd5b984"><!-- wp:themeisle-blocks/font-awesome-icons {"id":"wp-block-themeisle-blocks-font-awesome-icons-cecb1cdd","prefix":"fas","icon":"heartbeat","fontSize":19,"padding":20,"backgroundColor":"var(\u002d\u002dnv-c-2)","textColor":"var(\u002d\u002dnv-text-dark-bg)","borderRadius":97} -->
<p class="wp-block-themeisle-blocks-font-awesome-icons" id="wp-block-themeisle-blocks-font-awesome-icons-cecb1cdd"><span class="wp-block-themeisle-blocks-font-awesome-icons-container"><i class="fas fa-heartbeat"></i></span></p>
<!-- /wp:themeisle-blocks/font-awesome-icons --></div>
<!-- /wp:themeisle-blocks/advanced-column -->

<!-- wp:themeisle-blocks/advanced-column {"id":"wp-block-themeisle-blocks-advanced-column-dc1865bb","padding":0,"marginTop":0,"marginBottom":0,"columnWidth":"85.31"} -->
<div class="wp-block-themeisle-blocks-advanced-column" id="wp-block-themeisle-blocks-advanced-column-dc1865bb"><!-- wp:heading {"level":3} -->
<h3>Health-checked pets</h3>
<!-- /wp:heading -->

<!-- wp:paragraph -->
<p>This is a feature description</p>
<!-- /wp:paragraph --></div>
<!-- /wp:themeisle-blocks/advanced-column --></div></div>
<!-- /wp:themeisle-blocks/advanced-columns --></div>
<!-- /wp:themeisle-blocks/advanced-column --></div></div>
<!-- /wp:themeisle-blocks/advanced-columns -->]]></content:encoded>
		<excerpt:encoded><![CDATA[]]></excerpt:encoded>
		<wp:post_id>108</wp:post_id>
		<wp:post_date><![CDATA[2020-06-30 00:26:40]]></wp:post_date>
		<wp:post_date_gmt><![CDATA[2020-06-30 00:26:40]]></wp:post_date_gmt>
		<wp:post_modified><![CDATA[2020-06-30 00:26:40]]></wp:post_modified>
		<wp:post_modified_gmt><![CDATA[2020-06-30 00:26:40]]></wp:post_modified_gmt>
		<wp:comment_status><![CDATA[closed]]></wp:comment_status>
		<wp:ping_status><![CDATA[closed]]></wp:ping_status>
		<wp:post_name><![CDATA[d09c8-about]]></wp:post_name>
		<wp:status><![CDATA[publish]]></wp:status>
		<wp:post_parent>0</wp:post_parent>
		<wp:menu_order>0</wp:menu_order>
		<wp:post_type><![CDATA[page]]></wp:post_type>
		<wp:post_password><![CDATA[]]></wp:post_password>
		<wp:is_sticky>0</wp:is_sticky>
														<wp:postmeta>
		<wp:meta_key><![CDATA[neve_meta_sidebar]]></wp:meta_key>
		<wp:meta_value><![CDATA[full-width]]></wp:meta_value>
		</wp:postmeta>
							<wp:postmeta>
		<wp:meta_key><![CDATA[neve_meta_enable_content_width]]></wp:meta_key>
		<wp:meta_value><![CDATA[on]]></wp:meta_value>
		</wp:postmeta>
							<wp:postmeta>
		<wp:meta_key><![CDATA[neve_meta_content_width]]></wp:meta_key>
		<wp:meta_value><![CDATA[100]]></wp:meta_value>
		</wp:postmeta>
							<wp:postmeta>
		<wp:meta_key><![CDATA[neve_meta_disable_title]]></wp:meta_key>
		<wp:meta_value><![CDATA[on]]></wp:meta_value>
		</wp:postmeta>
							<wp:postmeta>
		<wp:meta_key><![CDATA[_wp_page_template]]></wp:meta_key>
		<wp:meta_value><![CDATA[default]]></wp:meta_value>
		</wp:postmeta>
							<wp:postmeta>
		<wp:meta_key><![CDATA[_ti_tpc_template_sync]]></wp:meta_key>
		<wp:meta_value><![CDATA[]]></wp:meta_value>
		</wp:postmeta>
							<wp:postmeta>
		<wp:meta_key><![CDATA[_ti_tpc_template_id]]></wp:meta_key>
		<wp:meta_value><![CDATA[0yv2k21pkxzwtko0nyq3]]></wp:meta_value>
		</wp:postmeta>
							<wp:postmeta>
		<wp:meta_key><![CDATA[_ti_tpc_screenshot_url]]></wp:meta_key>
		<wp:meta_value><![CDATA[https://api.themeisle.com/sites/images/q:auto/dpr:2/wp-content/uploads/2020/12/Pet-Shop-About.jpg]]></wp:meta_value>
		</wp:postmeta>
							<wp:postmeta>
		<wp:meta_key><![CDATA[_ti_tpc_site_slug]]></wp:meta_key>
		<wp:meta_value><![CDATA[neve-pet-shop-gutenberg]]></wp:meta_value>
		</wp:postmeta>
							<wp:postmeta>
		<wp:meta_key><![CDATA[_ti_tpc_published]]></wp:meta_key>
		<wp:meta_value><![CDATA[1]]></wp:meta_value>
		</wp:postmeta>
							<wp:postmeta>
		<wp:meta_key><![CDATA[neve_meta_container]]></wp:meta_key>
		<wp:meta_value><![CDATA[]]></wp:meta_value>
		</wp:postmeta>
							<wp:postmeta>
		<wp:meta_key><![CDATA[neve_meta_title_alignment]]></wp:meta_key>
		<wp:meta_value><![CDATA[]]></wp:meta_value>
		</wp:postmeta>
							<wp:postmeta>
		<wp:meta_key><![CDATA[neve_meta_author_avatar]]></wp:meta_key>
		<wp:meta_value><![CDATA[]]></wp:meta_value>
		</wp:postmeta>
							<wp:postmeta>
		<wp:meta_key><![CDATA[neve_post_elements_order]]></wp:meta_key>
		<wp:meta_value><![CDATA[]]></wp:meta_value>
		</wp:postmeta>
							<wp:postmeta>
		<wp:meta_key><![CDATA[neve_meta_disable_header]]></wp:meta_key>
		<wp:meta_value><![CDATA[]]></wp:meta_value>
		</wp:postmeta>
							<wp:postmeta>
		<wp:meta_key><![CDATA[neve_meta_disable_footer]]></wp:meta_key>
		<wp:meta_value><![CDATA[]]></wp:meta_value>
		</wp:postmeta>
							</item>
					<item>
		<title><![CDATA[Contact]]></title>
		<link>https://wrathfulwood.s1-tastewp.com/d09c8-contact/</link>
		<pubDate>Wed, 01 Jul 2020 22:07:00 +0000</pubDate>
		<dc:creator><![CDATA[robertino]]></dc:creator>
		<guid isPermaLink="false">https://demosites.io/pet-shop-gb/?page_id=125</guid>
		<description></description>
		<content:encoded><![CDATA[<!-- wp:themeisle-blocks/advanced-columns {"id":"wp-block-themeisle-blocks-advanced-columns-6548a24d","columns":1,"layout":"equal","paddingType":"unlinked","paddingMobile":20,"paddingTop":40,"paddingBottom":40,"marginTop":0,"marginTopMobile":-4,"marginBottom":0,"columnsWidth":1100,"horizontalAlign":"center","backgroundType":"image","backgroundImageID":52,"backgroundImageURL":"https://wrathfulwood.s1-tastewp.com/wp-content/uploads/2020/04/neve-pet-shop-03.jpg","backgroundPosition":"center center","backgroundRepeat":"no-repeat","backgroundSize":"cover","backgroundOverlayOpacity":80,"backgroundOverlayColor":"var(\u002d\u002dnv-dark-bg)","align":"full"} -->
<div class="wp-block-themeisle-blocks-advanced-columns alignfull has-1-columns has-desktop-equal-layout has-tablet-equal-layout has-mobile-equal-layout has-default-gap has-vertical-unset" id="wp-block-themeisle-blocks-advanced-columns-6548a24d"><div class="wp-block-themeisle-blocks-advanced-columns-overlay"></div><div class="innerblocks-wrap"><!-- wp:themeisle-blocks/advanced-column {"id":"wp-block-themeisle-blocks-advanced-column-ecd038a8","marginTopMobile":0,"marginBottomMobile":0,"columnWidth":"100"} -->
<div class="wp-block-themeisle-blocks-advanced-column" id="wp-block-themeisle-blocks-advanced-column-ecd038a8"><!-- wp:heading {"align":"center","level":1,"textColor":"nv-text-dark-bg"} -->
<h1 class="has-text-align-center has-nv-text-dark-bg-color has-text-color">Contact us</h1>
<!-- /wp:heading -->

<!-- wp:separator {"color":"neve-button-color"} -->
<hr class="wp-block-separator has-text-color has-background has-neve-button-color-background-color has-neve-button-color-color"/>
<!-- /wp:separator --></div>
<!-- /wp:themeisle-blocks/advanced-column --></div></div>
<!-- /wp:themeisle-blocks/advanced-columns -->

<!-- wp:themeisle-blocks/advanced-columns {"id":"wp-block-themeisle-blocks-advanced-columns-e23d216c","columns":3,"layout":"equal","layoutMobile":"collapsedRows","paddingType":"unlinked","paddingMobile":20,"paddingTop":100,"paddingBottom":100,"marginTop":0,"marginBottom":0,"columnsWidth":1100,"horizontalAlign":"center","backgroundColor":"var(\u002d\u002dnv-light-bg)","align":"full"} -->
<div class="wp-block-themeisle-blocks-advanced-columns alignfull has-3-columns has-desktop-equal-layout has-tablet-equal-layout has-mobile-collapsedRows-layout has-default-gap has-vertical-unset" id="wp-block-themeisle-blocks-advanced-columns-e23d216c"><div class="wp-block-themeisle-blocks-advanced-columns-overlay"></div><div class="innerblocks-wrap"><!-- wp:themeisle-blocks/advanced-column {"id":"wp-block-themeisle-blocks-advanced-column-fb315db1","padding":0,"columnWidth":"33.33"} -->
<div class="wp-block-themeisle-blocks-advanced-column" id="wp-block-themeisle-blocks-advanced-column-fb315db1"><!-- wp:themeisle-blocks/advanced-columns {"id":"wp-block-themeisle-blocks-advanced-columns-92da7a3b","columns":2,"layout":"oneTwo","layoutTablet":"oneTwo","layoutMobile":"collapsedRows","paddingType":"unlinked","paddingBottom":0,"marginTop":0,"marginBottom":0,"columnsWidth":1200,"horizontalAlign":"center","backgroundColor":"var(\u002d\u002dnv-site-bg)","borderType":"unlinked","borderBottom":5,"borderColor":"var(\u002d\u002dnv-primary-accent)","borderRadius":4} -->
<div class="wp-block-themeisle-blocks-advanced-columns has-2-columns has-desktop-oneTwo-layout has-tablet-oneTwo-layout has-mobile-collapsedRows-layout has-default-gap has-vertical-unset" id="wp-block-themeisle-blocks-advanced-columns-92da7a3b"><div class="wp-block-themeisle-blocks-advanced-columns-overlay"></div><div class="innerblocks-wrap"><!-- wp:themeisle-blocks/advanced-column {"id":"wp-block-themeisle-blocks-advanced-column-2d6e9d76","padding":0,"marginTop":0,"marginBottom":0,"columnWidth":"14.00"} -->
<div class="wp-block-themeisle-blocks-advanced-column" id="wp-block-themeisle-blocks-advanced-column-2d6e9d76"><!-- wp:themeisle-blocks/font-awesome-icons {"id":"wp-block-themeisle-blocks-font-awesome-icons-feb48ffb","prefix":"fas","icon":"building","fontSize":19,"padding":20,"backgroundColor":"var(\u002d\u002dnv-c-2)","textColor":"var(\u002d\u002dnv-text-dark-bg)","borderRadius":100} -->
<p class="wp-block-themeisle-blocks-font-awesome-icons" id="wp-block-themeisle-blocks-font-awesome-icons-feb48ffb"><span class="wp-block-themeisle-blocks-font-awesome-icons-container"><i class="fas fa-building"></i></span></p>
<!-- /wp:themeisle-blocks/font-awesome-icons --></div>
<!-- /wp:themeisle-blocks/advanced-column -->

<!-- wp:themeisle-blocks/advanced-column {"id":"wp-block-themeisle-blocks-advanced-column-15565432","padding":0,"marginTop":0,"marginBottom":0,"columnWidth":"86.00"} -->
<div class="wp-block-themeisle-blocks-advanced-column" id="wp-block-themeisle-blocks-advanced-column-15565432"><!-- wp:heading {"level":3} -->
<h3>Visit us</h3>
<!-- /wp:heading -->

<!-- wp:paragraph -->
<p>1857 Pinewood Avenue</p>
<!-- /wp:paragraph --></div>
<!-- /wp:themeisle-blocks/advanced-column --></div></div>
<!-- /wp:themeisle-blocks/advanced-columns --></div>
<!-- /wp:themeisle-blocks/advanced-column -->

<!-- wp:themeisle-blocks/advanced-column {"id":"wp-block-themeisle-blocks-advanced-column-2b38707c","padding":0,"columnWidth":"33.33"} -->
<div class="wp-block-themeisle-blocks-advanced-column" id="wp-block-themeisle-blocks-advanced-column-2b38707c"><!-- wp:themeisle-blocks/advanced-columns {"id":"wp-block-themeisle-blocks-advanced-columns-277143e7","columns":2,"layout":"oneTwo","layoutTablet":"oneTwo","layoutMobile":"collapsedRows","paddingType":"unlinked","paddingBottom":0,"marginTop":0,"marginBottom":0,"columnsWidth":1200,"horizontalAlign":"center","backgroundColor":"var(\u002d\u002dnv-site-bg)","borderType":"unlinked","borderBottom":5,"borderColor":"var(\u002d\u002dnv-primary-accent)","borderRadius":4} -->
<div class="wp-block-themeisle-blocks-advanced-columns has-2-columns has-desktop-oneTwo-layout has-tablet-oneTwo-layout has-mobile-collapsedRows-layout has-default-gap has-vertical-unset" id="wp-block-themeisle-blocks-advanced-columns-277143e7"><div class="wp-block-themeisle-blocks-advanced-columns-overlay"></div><div class="innerblocks-wrap"><!-- wp:themeisle-blocks/advanced-column {"id":"wp-block-themeisle-blocks-advanced-column-4fcc2eae","padding":0,"marginTop":0,"marginBottom":0,"columnWidth":"14.00"} -->
<div class="wp-block-themeisle-blocks-advanced-column" id="wp-block-themeisle-blocks-advanced-column-4fcc2eae"><!-- wp:themeisle-blocks/font-awesome-icons {"id":"wp-block-themeisle-blocks-font-awesome-icons-c3ffc31c","prefix":"fas","icon":"phone-alt","fontSize":19,"padding":20,"backgroundColor":"var(\u002d\u002dnv-c-2)","textColor":"#ffffff","borderRadius":97} -->
<p class="wp-block-themeisle-blocks-font-awesome-icons" id="wp-block-themeisle-blocks-font-awesome-icons-c3ffc31c"><span class="wp-block-themeisle-blocks-font-awesome-icons-container"><i class="fas fa-phone-alt"></i></span></p>
<!-- /wp:themeisle-blocks/font-awesome-icons --></div>
<!-- /wp:themeisle-blocks/advanced-column -->

<!-- wp:themeisle-blocks/advanced-column {"id":"wp-block-themeisle-blocks-advanced-column-a02a7d43","padding":0,"marginTop":0,"marginBottom":0,"columnWidth":"86.00"} -->
<div class="wp-block-themeisle-blocks-advanced-column" id="wp-block-themeisle-blocks-advanced-column-a02a7d43"><!-- wp:heading {"level":3} -->
<h3>Call Us</h3>
<!-- /wp:heading -->

<!-- wp:paragraph -->
<p>906-563-2270</p>
<!-- /wp:paragraph --></div>
<!-- /wp:themeisle-blocks/advanced-column --></div></div>
<!-- /wp:themeisle-blocks/advanced-columns --></div>
<!-- /wp:themeisle-blocks/advanced-column -->

<!-- wp:themeisle-blocks/advanced-column {"id":"wp-block-themeisle-blocks-advanced-column-1c27e139","padding":0,"columnWidth":"33.33"} -->
<div class="wp-block-themeisle-blocks-advanced-column" id="wp-block-themeisle-blocks-advanced-column-1c27e139"><!-- wp:themeisle-blocks/advanced-columns {"id":"wp-block-themeisle-blocks-advanced-columns-bf2c7745","columns":2,"layout":"oneTwo","layoutTablet":"oneTwo","layoutMobile":"collapsedRows","paddingType":"unlinked","paddingBottom":0,"marginTop":0,"marginBottom":0,"columnsWidth":1200,"horizontalAlign":"center","backgroundColor":"var(\u002d\u002dnv-site-bg)","borderType":"unlinked","borderBottom":5,"borderColor":"var(\u002d\u002dnv-primary-accent)","borderRadius":4} -->
<div class="wp-block-themeisle-blocks-advanced-columns has-2-columns has-desktop-oneTwo-layout has-tablet-oneTwo-layout has-mobile-collapsedRows-layout has-default-gap has-vertical-unset" id="wp-block-themeisle-blocks-advanced-columns-bf2c7745"><div class="wp-block-themeisle-blocks-advanced-columns-overlay"></div><div class="innerblocks-wrap"><!-- wp:themeisle-blocks/advanced-column {"id":"wp-block-themeisle-blocks-advanced-column-2a274847","padding":0,"marginTop":0,"marginBottom":0,"columnWidth":"14.00"} -->
<div class="wp-block-themeisle-blocks-advanced-column" id="wp-block-themeisle-blocks-advanced-column-2a274847"><!-- wp:themeisle-blocks/font-awesome-icons {"id":"wp-block-themeisle-blocks-font-awesome-icons-ee732253","prefix":"fas","icon":"envelope","fontSize":19,"padding":20,"backgroundColor":"var(\u002d\u002dnv-c-2)","textColor":"#ffffff","borderRadius":97} -->
<p class="wp-block-themeisle-blocks-font-awesome-icons" id="wp-block-themeisle-blocks-font-awesome-icons-ee732253"><span class="wp-block-themeisle-blocks-font-awesome-icons-container"><i class="fas fa-envelope"></i></span></p>
<!-- /wp:themeisle-blocks/font-awesome-icons --></div>
<!-- /wp:themeisle-blocks/advanced-column -->

<!-- wp:themeisle-blocks/advanced-column {"id":"wp-block-themeisle-blocks-advanced-column-f021d6ad","padding":0,"marginTop":0,"marginBottom":0,"columnWidth":"86.00"} -->
<div class="wp-block-themeisle-blocks-advanced-column" id="wp-block-themeisle-blocks-advanced-column-f021d6ad"><!-- wp:heading {"level":3} -->
<h3>Email us</h3>
<!-- /wp:heading -->

<!-- wp:paragraph -->
<p>hello[at]pet-center.neve</p>
<!-- /wp:paragraph --></div>
<!-- /wp:themeisle-blocks/advanced-column --></div></div>
<!-- /wp:themeisle-blocks/advanced-columns --></div>
<!-- /wp:themeisle-blocks/advanced-column --></div></div>
<!-- /wp:themeisle-blocks/advanced-columns -->

<!-- wp:themeisle-blocks/advanced-columns {"id":"wp-block-themeisle-blocks-advanced-columns-ac846296","columns":2,"layout":"oneTwo","layoutMobile":"collapsedRows","paddingType":"unlinked","paddingMobile":20,"paddingTop":60,"paddingBottom":0,"marginTop":0,"marginBottom":0,"marginBottomMobile":-3,"columnsWidth":1200,"horizontalAlign":"center","backgroundColor":"var(\u002d\u002dnv-dark-bg)","align":"full"} -->
<div class="wp-block-themeisle-blocks-advanced-columns alignfull has-2-columns has-desktop-oneTwo-layout has-tablet-equal-layout has-mobile-collapsedRows-layout has-default-gap has-vertical-unset" id="wp-block-themeisle-blocks-advanced-columns-ac846296"><div class="wp-block-themeisle-blocks-advanced-columns-overlay"></div><div class="innerblocks-wrap"><!-- wp:themeisle-blocks/advanced-column {"id":"wp-block-themeisle-blocks-advanced-column-3fa5b6d4","paddingType":"unlinked","paddingMobile":20,"paddingTop":130,"paddingRight":40,"paddingBottom":120,"paddingLeft":40,"marginTopMobile":0,"marginRight":-13,"marginRightMobile":0,"marginBottom":23,"marginBottomMobile":0,"marginLeftMobile":0,"backgroundColor":"var(\u002d\u002dnv-site-bg)","columnWidth":"33.34"} -->
<div class="wp-block-themeisle-blocks-advanced-column" id="wp-block-themeisle-blocks-advanced-column-3fa5b6d4"><!-- wp:heading -->
<h2>Venue</h2>
<!-- /wp:heading -->

<!-- wp:paragraph -->
<p>Pork belly portland fingerstache pitchfork dreamcatcher, retrpo</p>
<!-- /wp:paragraph -->

<!-- wp:spacer {"height":20} -->
<div style="height:20px" aria-hidden="true" class="wp-block-spacer"></div>
<!-- /wp:spacer -->

<!-- wp:themeisle-blocks/button-group {"id":"wp-block-themeisle-blocks-button-group-30be1a3b","spacing":0,"paddingLeftRight":0,"fontSize":16,"fontFamily":"Arvo","fontVariant":"normal","textTransform":"none","fontStyle":"normal"} -->
<div id="wp-block-themeisle-blocks-button-group-30be1a3b" class="wp-block-themeisle-blocks-button-group wp-block-buttons"><!-- wp:themeisle-blocks/button {"id":"wp-block-themeisle-blocks-button-56a33cb8","color":"var(\u002d\u002dnv-primary-accent)","background":"var(\u002d\u002dnv-site-bg)","border":"","hoverColor":"","hoverBackground":"","hoverBorder":"","boxShadowColor":"","hoverBoxShadowColor":"","iconType":"only","prefix":"fas","icon":"map-marker-alt"} -->
<div id="wp-block-themeisle-blocks-button-56a33cb8" class="wp-block-themeisle-blocks-button wp-block-button"><a href="" target="_self" rel="noopener noreferrer" class="wp-block-button__link"><i class="fas fa-fw fa-map-marker-alt"></i></a></div>
<!-- /wp:themeisle-blocks/button -->

<!-- wp:themeisle-blocks/button {"id":"wp-block-themeisle-blocks-button-84a6f198","color":"var(\u002d\u002dnv-text-color)","background":"var(\u002d\u002dnv-site-bg)","border":"","hoverColor":"","hoverBackground":"","hoverBorder":"","boxShadowColor":"","hoverBoxShadowColor":"","prefix":"","icon":""} -->
<div id="wp-block-themeisle-blocks-button-84a6f198" class="wp-block-themeisle-blocks-button wp-block-button"><a href="" target="_self" rel="noopener noreferrer" class="wp-block-button__link"><span>1857 Pinewood Avenue</span></a></div>
<!-- /wp:themeisle-blocks/button --></div>
<!-- /wp:themeisle-blocks/button-group --></div>
<!-- /wp:themeisle-blocks/advanced-column -->

<!-- wp:themeisle-blocks/advanced-column {"id":"wp-block-themeisle-blocks-advanced-column-e0bf51a2","paddingTypeMobile":"unlinked","padding":0,"paddingTopMobile":225,"paddingBottomMobile":225,"marginTypeMobile":"linked","marginMobile":0,"marginTopMobile":0,"marginBottom":23,"backgroundType":"image","backgroundImageID":171,"backgroundImageURL":"https://wrathfulwood.s1-tastewp.com/wp-content/uploads/2020/07/a.png","backgroundRepeat":"no-repeat","backgroundSize":"cover","columnWidth":"66.66"} -->
<div class="wp-block-themeisle-blocks-advanced-column" id="wp-block-themeisle-blocks-advanced-column-e0bf51a2"></div>
<!-- /wp:themeisle-blocks/advanced-column --></div></div>
<!-- /wp:themeisle-blocks/advanced-columns -->

<!-- wp:themeisle-blocks/advanced-columns {"id":"wp-block-themeisle-blocks-advanced-columns-844f25d8","columns":2,"layout":"equal","layoutMobile":"collapsedRows","paddingType":"unlinked","paddingTypeMobile":"unlinked","paddingTop":0,"paddingTopMobile":20,"paddingBottom":80,"paddingBottomMobile":80,"marginTop":0,"marginBottom":-45,"columnsWidth":1100,"horizontalAlign":"center","backgroundColor":"var(\u002d\u002dnv-dark-bg)","align":"full"} -->
<div class="wp-block-themeisle-blocks-advanced-columns alignfull has-2-columns has-desktop-equal-layout has-tablet-equal-layout has-mobile-collapsedRows-layout has-default-gap has-vertical-unset" id="wp-block-themeisle-blocks-advanced-columns-844f25d8"><div class="wp-block-themeisle-blocks-advanced-columns-overlay"></div><div class="innerblocks-wrap"><!-- wp:themeisle-blocks/advanced-column {"id":"wp-block-themeisle-blocks-advanced-column-146a0b05","paddingType":"unlinked","padding":40,"paddingMobile":0,"paddingTop":160,"paddingRight":25,"paddingBottom":140,"paddingLeft":40,"marginTop":0,"marginTopMobile":0,"marginBottomMobile":0,"columnWidth":"50"} -->
<div class="wp-block-themeisle-blocks-advanced-column" id="wp-block-themeisle-blocks-advanced-column-146a0b05"><!-- wp:heading {"textColor":"nv-text-dark-bg"} -->
<h2 class="has-nv-text-dark-bg-color has-text-color">Get in touch directly using this form</h2>
<!-- /wp:heading -->

<!-- wp:paragraph {"textColor":"nv-text-dark-bg"} -->
<p class="has-nv-text-dark-bg-color has-text-color">Send an email using this form and we will get back to you with more details!</p>
<!-- /wp:paragraph -->

<!-- wp:themeisle-blocks/button-group {"id":"wp-block-themeisle-blocks-button-group-ef18e737","spacing":5,"paddingTopBottom":9,"paddingLeftRight":9,"fontSize":25} -->
<div id="wp-block-themeisle-blocks-button-group-ef18e737" class="wp-block-themeisle-blocks-button-group wp-block-buttons"><!-- wp:themeisle-blocks/button {"id":"wp-block-themeisle-blocks-button-2cfe3c88","color":"","background":"#3b5998","border":"","hoverColor":"","hoverBackground":"","hoverBorder":"","borderRadius":100,"boxShadowColor":"","hoverBoxShadowColor":"","iconType":"only","prefix":"fab","icon":"facebook"} -->
<div id="wp-block-themeisle-blocks-button-2cfe3c88" class="wp-block-themeisle-blocks-button wp-block-button"><a href="" target="_self" rel="noopener noreferrer" class="wp-block-button__link"><i class="fab fa-fw fa-facebook"></i></a></div>
<!-- /wp:themeisle-blocks/button -->

<!-- wp:themeisle-blocks/button {"id":"wp-block-themeisle-blocks-button-d874565b","color":"","background":"#1da1f2","border":"","hoverColor":"","hoverBackground":"","hoverBorder":"","borderRadius":100,"boxShadowColor":"","hoverBoxShadowColor":"","iconType":"only","prefix":"fab","icon":"twitter"} -->
<div id="wp-block-themeisle-blocks-button-d874565b" class="wp-block-themeisle-blocks-button wp-block-button"><a href="" target="_self" rel="noopener noreferrer" class="wp-block-button__link"><i class="fab fa-fw fa-twitter"></i></a></div>
<!-- /wp:themeisle-blocks/button -->

<!-- wp:themeisle-blocks/button {"id":"wp-block-themeisle-blocks-button-3d40077b","color":"","background":"#dd4b39","border":"","hoverColor":"","hoverBackground":"","hoverBorder":"","borderRadius":100,"boxShadowColor":"","hoverBoxShadowColor":"","iconType":"only","prefix":"fab","icon":"google-plus"} -->
<div id="wp-block-themeisle-blocks-button-3d40077b" class="wp-block-themeisle-blocks-button wp-block-button"><a href="" target="_self" rel="noopener noreferrer" class="wp-block-button__link"><i class="fab fa-fw fa-google-plus"></i></a></div>
<!-- /wp:themeisle-blocks/button --></div>
<!-- /wp:themeisle-blocks/button-group --></div>
<!-- /wp:themeisle-blocks/advanced-column -->

<!-- wp:themeisle-blocks/advanced-column {"id":"wp-block-themeisle-blocks-advanced-column-bb6ff40b","padding":0,"marginTop":0,"columnWidth":"50","className":"contact-form"} -->
<div class="wp-block-themeisle-blocks-advanced-column contact-form" id="wp-block-themeisle-blocks-advanced-column-bb6ff40b"><!-- wp:html -->
[wpforms id="138" title="false" description="false"]
<!-- /wp:html --></div>
<!-- /wp:themeisle-blocks/advanced-column --></div></div>
<!-- /wp:themeisle-blocks/advanced-columns -->]]></content:encoded>
		<excerpt:encoded><![CDATA[]]></excerpt:encoded>
		<wp:post_id>125</wp:post_id>
		<wp:post_date><![CDATA[2020-07-01 22:07:00]]></wp:post_date>
		<wp:post_date_gmt><![CDATA[2020-07-01 22:07:00]]></wp:post_date_gmt>
		<wp:post_modified><![CDATA[2020-07-01 22:07:00]]></wp:post_modified>
		<wp:post_modified_gmt><![CDATA[2020-07-01 22:07:00]]></wp:post_modified_gmt>
		<wp:comment_status><![CDATA[closed]]></wp:comment_status>
		<wp:ping_status><![CDATA[closed]]></wp:ping_status>
		<wp:post_name><![CDATA[d09c8-contact]]></wp:post_name>
		<wp:status><![CDATA[publish]]></wp:status>
		<wp:post_parent>0</wp:post_parent>
		<wp:menu_order>0</wp:menu_order>
		<wp:post_type><![CDATA[page]]></wp:post_type>
		<wp:post_password><![CDATA[]]></wp:post_password>
		<wp:is_sticky>0</wp:is_sticky>
														<wp:postmeta>
		<wp:meta_key><![CDATA[neve_meta_sidebar]]></wp:meta_key>
		<wp:meta_value><![CDATA[full-width]]></wp:meta_value>
		</wp:postmeta>
							<wp:postmeta>
		<wp:meta_key><![CDATA[neve_meta_enable_content_width]]></wp:meta_key>
		<wp:meta_value><![CDATA[on]]></wp:meta_value>
		</wp:postmeta>
							<wp:postmeta>
		<wp:meta_key><![CDATA[neve_meta_content_width]]></wp:meta_key>
		<wp:meta_value><![CDATA[100]]></wp:meta_value>
		</wp:postmeta>
							<wp:postmeta>
		<wp:meta_key><![CDATA[neve_meta_disable_title]]></wp:meta_key>
		<wp:meta_value><![CDATA[on]]></wp:meta_value>
		</wp:postmeta>
							<wp:postmeta>
		<wp:meta_key><![CDATA[_themeisle_gutenberg_block_fonts]]></wp:meta_key>
		<wp:meta_value><![CDATA[a:1:{s:4:"Arvo";a:2:{s:10:"fontfamily";s:4:"Arvo";s:11:"fontvariant";a:1:{i:0;s:6:"normal";}}}]]></wp:meta_value>
		</wp:postmeta>
							<wp:postmeta>
		<wp:meta_key><![CDATA[_wp_page_template]]></wp:meta_key>
		<wp:meta_value><![CDATA[default]]></wp:meta_value>
		</wp:postmeta>
							<wp:postmeta>
		<wp:meta_key><![CDATA[_ti_tpc_template_sync]]></wp:meta_key>
		<wp:meta_value><![CDATA[]]></wp:meta_value>
		</wp:postmeta>
							<wp:postmeta>
		<wp:meta_key><![CDATA[_ti_tpc_template_id]]></wp:meta_key>
		<wp:meta_value><![CDATA[74wviuferv969ngdvnpu]]></wp:meta_value>
		</wp:postmeta>
							<wp:postmeta>
		<wp:meta_key><![CDATA[_ti_tpc_screenshot_url]]></wp:meta_key>
		<wp:meta_value><![CDATA[https://api.themeisle.com/sites/images/q:auto/dpr:2/wp-content/uploads/2020/12/Pet-Shop-Contact.jpg]]></wp:meta_value>
		</wp:postmeta>
							<wp:postmeta>
		<wp:meta_key><![CDATA[_ti_tpc_site_slug]]></wp:meta_key>
		<wp:meta_value><![CDATA[neve-pet-shop-gutenberg]]></wp:meta_value>
		</wp:postmeta>
							<wp:postmeta>
		<wp:meta_key><![CDATA[_ti_tpc_published]]></wp:meta_key>
		<wp:meta_value><![CDATA[1]]></wp:meta_value>
		</wp:postmeta>
							<wp:postmeta>
		<wp:meta_key><![CDATA[neve_meta_container]]></wp:meta_key>
		<wp:meta_value><![CDATA[]]></wp:meta_value>
		</wp:postmeta>
							<wp:postmeta>
		<wp:meta_key><![CDATA[neve_meta_title_alignment]]></wp:meta_key>
		<wp:meta_value><![CDATA[]]></wp:meta_value>
		</wp:postmeta>
							<wp:postmeta>
		<wp:meta_key><![CDATA[neve_meta_author_avatar]]></wp:meta_key>
		<wp:meta_value><![CDATA[]]></wp:meta_value>
		</wp:postmeta>
							<wp:postmeta>
		<wp:meta_key><![CDATA[neve_post_elements_order]]></wp:meta_key>
		<wp:meta_value><![CDATA[]]></wp:meta_value>
		</wp:postmeta>
							<wp:postmeta>
		<wp:meta_key><![CDATA[neve_meta_disable_header]]></wp:meta_key>
		<wp:meta_value><![CDATA[]]></wp:meta_value>
		</wp:postmeta>
							<wp:postmeta>
		<wp:meta_key><![CDATA[neve_meta_disable_footer]]></wp:meta_key>
		<wp:meta_value><![CDATA[]]></wp:meta_value>
		</wp:postmeta>
							<wp:postmeta>
		<wp:meta_key><![CDATA[_themeisle_gutenberg_block_styles]]></wp:meta_key>
		<wp:meta_value><![CDATA[#wp-block-themeisle-blocks-advanced-columns-6548a24d{padding-top:40px;padding-bottom:40px;padding-left:20px;padding-right:20px;margin-top:0;margin-bottom:0;--columnsWidth:1100px;justify-content:center;min-height:auto;background:url(https://wrathfulwood.s1-tastewp.com/wp-content/uploads/2020/04/neve-pet-shop-03.jpg) no-repeat scroll center center/cover}#wp-block-themeisle-blocks-advanced-columns-6548a24d>.wp-block-themeisle-blocks-advanced-columns-overlay{background:var(--nv-dark-bg);opacity:.8;mix-blend-mode:normal}@media (max-width:600px){#wp-block-themeisle-blocks-advanced-columns-6548a24d{padding-top:20px;padding-bottom:20px;padding-left:20px;padding-right:20px}}#wp-block-themeisle-blocks-advanced-column-ecd038a8{padding-top:20px;padding-bottom:20px;padding-left:20px;padding-right:20px;margin-top:20px;margin-bottom:20px;margin-left:0;margin-right:0}@media (min-width:960px){#wp-block-themeisle-blocks-advanced-column-ecd038a8{flex-basis:100%}}#wp-block-themeisle-blocks-advanced-columns-e23d216c{padding-top:100px;padding-bottom:100px;padding-left:20px;padding-right:20px;margin-top:0;margin-bottom:0;--columnsWidth:1100px;justify-content:center;min-height:auto;background:var(--nv-light-bg)}#wp-block-themeisle-blocks-advanced-columns-e23d216c>.wp-block-themeisle-blocks-advanced-columns-overlay{opacity:.5;mix-blend-mode:normal}@media (max-width:600px){#wp-block-themeisle-blocks-advanced-columns-e23d216c{padding-top:20px;padding-bottom:20px;padding-left:20px;padding-right:20px}}#wp-block-themeisle-blocks-advanced-column-fb315db1{padding-top:0;padding-bottom:0;padding-left:0;padding-right:0;margin-top:20px;margin-bottom:20px;margin-left:0;margin-right:0}@media (min-width:960px){#wp-block-themeisle-blocks-advanced-column-fb315db1{flex-basis:33.33%}}#wp-block-themeisle-blocks-advanced-columns-92da7a3b{padding-top:20px;padding-bottom:0;padding-left:20px;padding-right:20px;margin-top:0;margin-bottom:0;--columnsWidth:1200px;justify-content:center;min-height:auto;background:var(--nv-site-bg);border-width:0 0 5px;border-style:solid;border-color:var(--nv-primary-accent);border-radius:4px}#wp-block-themeisle-blocks-advanced-columns-92da7a3b>.wp-block-themeisle-blocks-advanced-columns-overlay{opacity:.5;mix-blend-mode:normal;border-radius:4px}#wp-block-themeisle-blocks-advanced-column-2d6e9d76{padding-top:0;padding-bottom:0;padding-left:0;padding-right:0;margin-top:0;margin-bottom:0;margin-left:0;margin-right:0}@media (min-width:960px){#wp-block-themeisle-blocks-advanced-column-2d6e9d76{flex-basis:14%}}#wp-block-themeisle-blocks-font-awesome-icons-feb48ffb{--borderRadius:100%;--padding:20px;--fontSize:19px}#wp-block-themeisle-blocks-font-awesome-icons-feb48ffb .wp-block-themeisle-blocks-font-awesome-icons-container{color:var(--nv-text-dark-bg);background:var(--nv-c-2)}#wp-block-themeisle-blocks-font-awesome-icons-feb48ffb .wp-block-themeisle-blocks-font-awesome-icons-container a{color:var(--nv-text-dark-bg)}#wp-block-themeisle-blocks-font-awesome-icons-feb48ffb .wp-block-themeisle-blocks-font-awesome-icons-container i{font-size:19px}#wp-block-themeisle-blocks-advanced-column-15565432{padding-top:0;padding-bottom:0;padding-left:0;padding-right:0;margin-top:0;margin-bottom:0;margin-left:0;margin-right:0}@media (min-width:960px){#wp-block-themeisle-blocks-advanced-column-15565432{flex-basis:86%}}#wp-block-themeisle-blocks-advanced-column-2b38707c{padding-top:0;padding-bottom:0;padding-left:0;padding-right:0;margin-top:20px;margin-bottom:20px;margin-left:0;margin-right:0}@media (min-width:960px){#wp-block-themeisle-blocks-advanced-column-2b38707c{flex-basis:33.33%}}#wp-block-themeisle-blocks-advanced-columns-277143e7{padding-top:20px;padding-bottom:0;padding-left:20px;padding-right:20px;margin-top:0;margin-bottom:0;--columnsWidth:1200px;justify-content:center;min-height:auto;background:var(--nv-site-bg);border-width:0 0 5px;border-style:solid;border-color:var(--nv-primary-accent);border-radius:4px}#wp-block-themeisle-blocks-advanced-columns-277143e7>.wp-block-themeisle-blocks-advanced-columns-overlay{opacity:.5;mix-blend-mode:normal;border-radius:4px}#wp-block-themeisle-blocks-advanced-column-4fcc2eae{padding-top:0;padding-bottom:0;padding-left:0;padding-right:0;margin-top:0;margin-bottom:0;margin-left:0;margin-right:0}@media (min-width:960px){#wp-block-themeisle-blocks-advanced-column-4fcc2eae{flex-basis:14%}}#wp-block-themeisle-blocks-font-awesome-icons-c3ffc31c{--borderRadius:97%;--padding:20px;--fontSize:19px}#wp-block-themeisle-blocks-font-awesome-icons-c3ffc31c .wp-block-themeisle-blocks-font-awesome-icons-container{color:#fff;background:var(--nv-c-2)}#wp-block-themeisle-blocks-font-awesome-icons-c3ffc31c .wp-block-themeisle-blocks-font-awesome-icons-container a{color:#fff}#wp-block-themeisle-blocks-font-awesome-icons-c3ffc31c .wp-block-themeisle-blocks-font-awesome-icons-container i{font-size:19px}#wp-block-themeisle-blocks-advanced-column-a02a7d43{padding-top:0;padding-bottom:0;padding-left:0;padding-right:0;margin-top:0;margin-bottom:0;margin-left:0;margin-right:0}@media (min-width:960px){#wp-block-themeisle-blocks-advanced-column-a02a7d43{flex-basis:86%}}#wp-block-themeisle-blocks-advanced-column-1c27e139{padding-top:0;padding-bottom:0;padding-left:0;padding-right:0;margin-top:20px;margin-bottom:20px;margin-left:0;margin-right:0}@media (min-width:960px){#wp-block-themeisle-blocks-advanced-column-1c27e139{flex-basis:33.33%}}#wp-block-themeisle-blocks-advanced-columns-bf2c7745{padding-top:20px;padding-bottom:0;padding-left:20px;padding-right:20px;margin-top:0;margin-bottom:0;--columnsWidth:1200px;justify-content:center;min-height:auto;background:var(--nv-site-bg);border-width:0 0 5px;border-style:solid;border-color:var(--nv-primary-accent);border-radius:4px}#wp-block-themeisle-blocks-advanced-columns-bf2c7745>.wp-block-themeisle-blocks-advanced-columns-overlay{opacity:.5;mix-blend-mode:normal;border-radius:4px}#wp-block-themeisle-blocks-advanced-column-2a274847{padding-top:0;padding-bottom:0;padding-left:0;padding-right:0;margin-top:0;margin-bottom:0;margin-left:0;margin-right:0}@media (min-width:960px){#wp-block-themeisle-blocks-advanced-column-2a274847{flex-basis:14%}}#wp-block-themeisle-blocks-font-awesome-icons-ee732253{--borderRadius:97%;--padding:20px;--fontSize:19px}#wp-block-themeisle-blocks-font-awesome-icons-ee732253 .wp-block-themeisle-blocks-font-awesome-icons-container{color:#fff;background:var(--nv-c-2)}#wp-block-themeisle-blocks-font-awesome-icons-ee732253 .wp-block-themeisle-blocks-font-awesome-icons-container a{color:#fff}#wp-block-themeisle-blocks-font-awesome-icons-ee732253 .wp-block-themeisle-blocks-font-awesome-icons-container i{font-size:19px}#wp-block-themeisle-blocks-advanced-column-f021d6ad{padding-top:0;padding-bottom:0;padding-left:0;padding-right:0;margin-top:0;margin-bottom:0;margin-left:0;margin-right:0}@media (min-width:960px){#wp-block-themeisle-blocks-advanced-column-f021d6ad{flex-basis:86%}}#wp-block-themeisle-blocks-advanced-columns-ac846296{padding-top:60px;padding-bottom:0;padding-left:20px;padding-right:20px;margin-top:0;margin-bottom:0;--columnsWidth:1200px;justify-content:center;min-height:auto;background:var(--nv-dark-bg)}#wp-block-themeisle-blocks-advanced-columns-ac846296>.wp-block-themeisle-blocks-advanced-columns-overlay{opacity:.5;mix-blend-mode:normal}@media (max-width:600px){#wp-block-themeisle-blocks-advanced-columns-ac846296{padding-top:20px;padding-bottom:20px;padding-left:20px;padding-right:20px}}#wp-block-themeisle-blocks-advanced-column-3fa5b6d4{padding-top:130px;padding-bottom:120px;padding-left:40px;padding-right:40px;margin-top:20px;margin-bottom:23px;margin-left:0;margin-right:-13px;background:var(--nv-site-bg)}@media (min-width:960px){#wp-block-themeisle-blocks-advanced-column-3fa5b6d4{flex-basis:33.34%}}@media (max-width:600px){#wp-block-themeisle-blocks-advanced-column-3fa5b6d4{padding-top:20px;padding-bottom:20px;padding-left:20px;padding-right:20px}}#wp-block-themeisle-blocks-button-group-30be1a3b{gap:0px}#wp-block-themeisle-blocks-button-group-30be1a3b .wp-block-themeisle-blocks-button .wp-block-button__link{padding-left:0;padding-right:0;font-size:16px;font-family:Arvo;font-weight:400;text-transform:none;font-style:normal}#wp-block-themeisle-blocks-button-group-30be1a3b .wp-block-themeisle-blocks-button .wp-block-button__link svg{width:16px}#wp-block-themeisle-blocks-button-56a33cb8 .wp-block-button__link{color:var(--nv-primary-accent);background:var(--nv-site-bg)}#wp-block-themeisle-blocks-button-56a33cb8 .wp-block-button__link:hover{color:;background:;border-color:}#wp-block-themeisle-blocks-button-84a6f198 .wp-block-button__link{color:var(--nv-text-color);background:var(--nv-site-bg)}#wp-block-themeisle-blocks-button-84a6f198 .wp-block-button__link:hover{color:;background:;border-color:}#wp-block-themeisle-blocks-advanced-column-e0bf51a2{padding-top:0;padding-bottom:0;padding-left:0;padding-right:0;margin-top:20px;margin-bottom:23px;margin-left:0;margin-right:0;background:url(https://wrathfulwood.s1-tastewp.com/wp-content/uploads/2020/07/a.png) no-repeat scroll 50% 50%/cover}@media (min-width:960px){#wp-block-themeisle-blocks-advanced-column-e0bf51a2{flex-basis:66.66%}}@media (max-width:600px){#wp-block-themeisle-blocks-advanced-column-e0bf51a2{padding-top:225px;padding-bottom:225px;margin-top:0}}#wp-block-themeisle-blocks-advanced-columns-844f25d8{padding-top:0;padding-bottom:80px;padding-left:20px;padding-right:20px;margin-top:0;margin-bottom:-45px;--columnsWidth:1100px;justify-content:center;min-height:auto;background:var(--nv-dark-bg)}#wp-block-themeisle-blocks-advanced-columns-844f25d8>.wp-block-themeisle-blocks-advanced-columns-overlay{opacity:.5;mix-blend-mode:normal}@media (max-width:600px){#wp-block-themeisle-blocks-advanced-columns-844f25d8{padding-top:20px;padding-bottom:80px}}#wp-block-themeisle-blocks-advanced-column-146a0b05{padding-top:160px;padding-bottom:140px;padding-left:40px;padding-right:25px;margin-top:0;margin-bottom:20px;margin-left:0;margin-right:0}@media (min-width:960px){#wp-block-themeisle-blocks-advanced-column-146a0b05{flex-basis:50%}}@media (max-width:600px){#wp-block-themeisle-blocks-advanced-column-146a0b05{padding-top:0;padding-bottom:0;padding-left:0;padding-right:0}}#wp-block-themeisle-blocks-button-group-ef18e737{gap:5px}#wp-block-themeisle-blocks-button-group-ef18e737 .wp-block-themeisle-blocks-button .wp-block-button__link{padding-top:9px;padding-bottom:9px;padding-left:9px;padding-right:9px;font-size:25px;font-style:normal}#wp-block-themeisle-blocks-button-group-ef18e737 .wp-block-themeisle-blocks-button .wp-block-button__link svg{width:25px}#wp-block-themeisle-blocks-button-2cfe3c88 .wp-block-button__link{color:;background:#3b5998;border-radius:100px}#wp-block-themeisle-blocks-button-2cfe3c88 .wp-block-button__link:hover{color:;background:;border-color:}#wp-block-themeisle-blocks-button-d874565b .wp-block-button__link{color:;background:#1da1f2;border-radius:100px}#wp-block-themeisle-blocks-button-d874565b .wp-block-button__link:hover{color:;background:;border-color:}#wp-block-themeisle-blocks-button-3d40077b .wp-block-button__link{color:;background:#dd4b39;border-radius:100px}#wp-block-themeisle-blocks-button-3d40077b .wp-block-button__link:hover{color:;background:;border-color:}#wp-block-themeisle-blocks-advanced-column-bb6ff40b{padding-top:0;padding-bottom:0;padding-left:0;padding-right:0;margin-top:0;margin-bottom:20px;margin-left:0;margin-right:0}@media (min-width:960px){#wp-block-themeisle-blocks-advanced-column-bb6ff40b{flex-basis:50%}}]]></wp:meta_value>
		</wp:postmeta>
							<wp:postmeta>
		<wp:meta_key><![CDATA[_themeisle_gutenberg_block_stylesheet]]></wp:meta_key>
		<wp:meta_value><![CDATA[post-v2-125-1652086768]]></wp:meta_value>
		</wp:postmeta>
							</item>
					<item>
		<title><![CDATA[Shop]]></title>
		<link>https://wrathfulwood.s1-tastewp.com/shop-2/</link>
		<pubDate>Sat, 04 Jul 2020 10:06:06 +0000</pubDate>
		<dc:creator><![CDATA[robertino]]></dc:creator>
		<guid isPermaLink="false">https://demosites.io/pet-shop-gb/?page_id=167</guid>
		<description></description>
		<content:encoded><![CDATA[<!-- wp:themeisle-blocks/advanced-columns {"id":"wp-block-themeisle-blocks-advanced-columns-8e37df5e"} -->
<div class="wp-block-themeisle-blocks-advanced-columns has-undefined-columns has-desktop-undefined-layout has-tablet-equal-layout has-mobile-equal-layout has-default-gap has-vertical-unset" id="wp-block-themeisle-blocks-advanced-columns-8e37df5e"><div class="wp-block-themeisle-blocks-advanced-columns-overlay"></div><div class="innerblocks-wrap"></div></div>
<!-- /wp:themeisle-blocks/advanced-columns -->]]></content:encoded>
		<excerpt:encoded><![CDATA[]]></excerpt:encoded>
		<wp:post_id>167</wp:post_id>
		<wp:post_date><![CDATA[2020-07-04 10:06:06]]></wp:post_date>
		<wp:post_date_gmt><![CDATA[2020-07-04 10:06:06]]></wp:post_date_gmt>
		<wp:post_modified><![CDATA[2020-07-04 10:06:06]]></wp:post_modified>
		<wp:post_modified_gmt><![CDATA[2020-07-04 10:06:06]]></wp:post_modified_gmt>
		<wp:comment_status><![CDATA[closed]]></wp:comment_status>
		<wp:ping_status><![CDATA[closed]]></wp:ping_status>
		<wp:post_name><![CDATA[shop-2]]></wp:post_name>
		<wp:status><![CDATA[publish]]></wp:status>
		<wp:post_parent>0</wp:post_parent>
		<wp:menu_order>0</wp:menu_order>
		<wp:post_type><![CDATA[page]]></wp:post_type>
		<wp:post_password><![CDATA[]]></wp:post_password>
		<wp:is_sticky>0</wp:is_sticky>
														<wp:postmeta>
		<wp:meta_key><![CDATA[neve_meta_enable_content_width]]></wp:meta_key>
		<wp:meta_value><![CDATA[off]]></wp:meta_value>
		</wp:postmeta>
							<wp:postmeta>
		<wp:meta_key><![CDATA[neve_meta_content_width]]></wp:meta_key>
		<wp:meta_value><![CDATA[100]]></wp:meta_value>
		</wp:postmeta>
							<wp:postmeta>
		<wp:meta_key><![CDATA[_wp_page_template]]></wp:meta_key>
		<wp:meta_value><![CDATA[default]]></wp:meta_value>
		</wp:postmeta>
							</item>
					<item>
		<title><![CDATA[review]]></title>
		<link>https://wrathfulwood.s1-tastewp.com/2022/05/09/review/</link>
		<pubDate>Mon, 09 May 2022 09:02:22 +0000</pubDate>
		<dc:creator><![CDATA[robertino]]></dc:creator>
		<guid isPermaLink="false">https://wrathfulwood.s1-tastewp.com/?p=177</guid>
		<description></description>
		<content:encoded><![CDATA[<!-- wp:paragraph -->
<p></p>
<!-- /wp:paragraph -->

<!-- wp:themeisle-blocks/review-comparison {"id":"wp-block-themeisle-blocks-review-comparison-27fec284","reviews":["1-7252825a","86-0001a049","83-29ae1aa5"]} /-->

<!-- wp:themeisle-blocks/posts-grid {"id":"wp-block-themeisle-blocks-posts-grid-92224aed","style":"list","textAlign":"center","verticalAlign":"top","enableFeaturedPost":true} /-->]]></content:encoded>
		<excerpt:encoded><![CDATA[]]></excerpt:encoded>
		<wp:post_id>177</wp:post_id>
		<wp:post_date><![CDATA[2022-05-09 09:02:22]]></wp:post_date>
		<wp:post_date_gmt><![CDATA[2022-05-09 09:02:22]]></wp:post_date_gmt>
		<wp:post_modified><![CDATA[2022-05-09 09:09:44]]></wp:post_modified>
		<wp:post_modified_gmt><![CDATA[2022-05-09 09:09:44]]></wp:post_modified_gmt>
		<wp:comment_status><![CDATA[open]]></wp:comment_status>
		<wp:ping_status><![CDATA[open]]></wp:ping_status>
		<wp:post_name><![CDATA[review]]></wp:post_name>
		<wp:status><![CDATA[publish]]></wp:status>
		<wp:post_parent>0</wp:post_parent>
		<wp:menu_order>0</wp:menu_order>
		<wp:post_type><![CDATA[post]]></wp:post_type>
		<wp:post_password><![CDATA[]]></wp:post_password>
		<wp:is_sticky>0</wp:is_sticky>
										<category domain="category" nicename="uncategorized"><![CDATA[Uncategorized]]></category>
						<wp:postmeta>
		<wp:meta_key><![CDATA[nb_of_words]]></wp:meta_key>
		<wp:meta_value><![CDATA[1]]></wp:meta_value>
		</wp:postmeta>
							<wp:postmeta>
		<wp:meta_key><![CDATA[custom-layout-options-should-expire]]></wp:meta_key>
		<wp:meta_value><![CDATA[]]></wp:meta_value>
		</wp:postmeta>
							<wp:postmeta>
		<wp:meta_key><![CDATA[neve_meta_sidebar]]></wp:meta_key>
		<wp:meta_value><![CDATA[]]></wp:meta_value>
		</wp:postmeta>
							<wp:postmeta>
		<wp:meta_key><![CDATA[neve_meta_container]]></wp:meta_key>
		<wp:meta_value><![CDATA[]]></wp:meta_value>
		</wp:postmeta>
							<wp:postmeta>
		<wp:meta_key><![CDATA[neve_meta_enable_content_width]]></wp:meta_key>
		<wp:meta_value><![CDATA[]]></wp:meta_value>
		</wp:postmeta>
							<wp:postmeta>
		<wp:meta_key><![CDATA[neve_meta_content_width]]></wp:meta_key>
		<wp:meta_value><![CDATA[0]]></wp:meta_value>
		</wp:postmeta>
							<wp:postmeta>
		<wp:meta_key><![CDATA[neve_meta_title_alignment]]></wp:meta_key>
		<wp:meta_value><![CDATA[]]></wp:meta_value>
		</wp:postmeta>
							<wp:postmeta>
		<wp:meta_key><![CDATA[neve_meta_author_avatar]]></wp:meta_key>
		<wp:meta_value><![CDATA[]]></wp:meta_value>
		</wp:postmeta>
							<wp:postmeta>
		<wp:meta_key><![CDATA[neve_post_elements_order]]></wp:meta_key>
		<wp:meta_value><![CDATA[]]></wp:meta_value>
		</wp:postmeta>
							<wp:postmeta>
		<wp:meta_key><![CDATA[neve_meta_disable_header]]></wp:meta_key>
		<wp:meta_value><![CDATA[]]></wp:meta_value>
		</wp:postmeta>
							<wp:postmeta>
		<wp:meta_key><![CDATA[neve_meta_disable_footer]]></wp:meta_key>
		<wp:meta_value><![CDATA[]]></wp:meta_value>
		</wp:postmeta>
							<wp:postmeta>
		<wp:meta_key><![CDATA[neve_meta_disable_title]]></wp:meta_key>
		<wp:meta_value><![CDATA[]]></wp:meta_value>
		</wp:postmeta>
							<wp:postmeta>
		<wp:meta_key><![CDATA[neve_meta_reading_time]]></wp:meta_key>
		<wp:meta_value><![CDATA[]]></wp:meta_value>
		</wp:postmeta>
							<wp:postmeta>
		<wp:meta_key><![CDATA[_themeisle_gutenberg_block_has_review]]></wp:meta_key>
		<wp:meta_value><![CDATA[]]></wp:meta_value>
		</wp:postmeta>
							<wp:postmeta>
		<wp:meta_key><![CDATA[_ti_tpc_template_sync]]></wp:meta_key>
		<wp:meta_value><![CDATA[]]></wp:meta_value>
		</wp:postmeta>
							<wp:postmeta>
		<wp:meta_key><![CDATA[_ti_tpc_template_id]]></wp:meta_key>
		<wp:meta_value><![CDATA[]]></wp:meta_value>
		</wp:postmeta>
							<wp:postmeta>
		<wp:meta_key><![CDATA[_edit_last]]></wp:meta_key>
		<wp:meta_value><![CDATA[1]]></wp:meta_value>
		</wp:postmeta>
							<wp:postmeta>
		<wp:meta_key><![CDATA[_themeisle_gutenberg_block_styles]]></wp:meta_key>
		<wp:meta_value><![CDATA[#wp-block-themeisle-blocks-posts-grid-92224aed{--textAlign:center;--vertAlign:flex-start}]]></wp:meta_value>
		</wp:postmeta>
							<wp:postmeta>
		<wp:meta_key><![CDATA[_themeisle_gutenberg_block_stylesheet]]></wp:meta_key>
		<wp:meta_value><![CDATA[post-v2-177-1652087384]]></wp:meta_value>
		</wp:postmeta>
							</item>
					<item>
		<title><![CDATA[Test 100 icons]]></title>
		<link>https://wrathfulwood.s1-tastewp.com/2022/05/09/test-60-icons/</link>
		<pubDate>Mon, 09 May 2022 09:10:16 +0000</pubDate>
		<dc:creator><![CDATA[robertino]]></dc:creator>
		<guid isPermaLink="false">https://wrathfulwood.s1-tastewp.com/?p=184</guid>
		<description></description>
		<content:encoded><![CDATA[<!-- wp:themeisle-blocks/font-awesome-icons {"id":"wp-block-themeisle-blocks-font-awesome-icons-434e626c","prefix":"fas","icon":"tint-slash","fontSize":18,"padding":10,"backgroundColor":"violet","textColor":"blue","borderColor":"red","borderSize":4,"borderRadius":70} -->
<p id="wp-block-themeisle-blocks-font-awesome-icons-434e626c" class="wp-block-themeisle-blocks-font-awesome-icons"><span class="wp-block-themeisle-blocks-font-awesome-icons-container"><i class="fas fa-tint-slash"></i></span></p>
<!-- /wp:themeisle-blocks/font-awesome-icons -->

<!-- wp:themeisle-blocks/font-awesome-icons {"id":"wp-block-themeisle-blocks-font-awesome-icons-2f5d2ecb","prefix":"fas","icon":"kiss-wink-heart","fontSize":18,"padding":10,"backgroundColor":"violet","textColor":"blue","borderColor":"red","borderSize":4,"borderRadius":70} -->
<p id="wp-block-themeisle-blocks-font-awesome-icons-2f5d2ecb" class="wp-block-themeisle-blocks-font-awesome-icons"><span class="wp-block-themeisle-blocks-font-awesome-icons-container"><i class="fas fa-kiss-wink-heart"></i></span></p>
<!-- /wp:themeisle-blocks/font-awesome-icons -->

<!-- wp:themeisle-blocks/font-awesome-icons {"id":"wp-block-themeisle-blocks-font-awesome-icons-5de5ff66","icon":"500px","fontSize":18,"padding":10,"backgroundColor":"violet","textColor":"blue","borderColor":"red","borderSize":4,"borderRadius":70} -->
<p id="wp-block-themeisle-blocks-font-awesome-icons-5de5ff66" class="wp-block-themeisle-blocks-font-awesome-icons"><span class="wp-block-themeisle-blocks-font-awesome-icons-container"><i class="fab fa-500px"></i></span></p>
<!-- /wp:themeisle-blocks/font-awesome-icons -->

<!-- wp:themeisle-blocks/font-awesome-icons {"id":"wp-block-themeisle-blocks-font-awesome-icons-c41298a1","prefix":"fas","icon":"draw-polygon","fontSize":18,"padding":10,"backgroundColor":"violet","textColor":"blue","borderColor":"red","borderSize":4,"borderRadius":70} -->
<p id="wp-block-themeisle-blocks-font-awesome-icons-c41298a1" class="wp-block-themeisle-blocks-font-awesome-icons"><span class="wp-block-themeisle-blocks-font-awesome-icons-container"><i class="fas fa-draw-polygon"></i></span></p>
<!-- /wp:themeisle-blocks/font-awesome-icons -->

<!-- wp:themeisle-blocks/font-awesome-icons {"id":"wp-block-themeisle-blocks-font-awesome-icons-d45526d5","icon":"acquisitions-incorporated","fontSize":18,"padding":10,"backgroundColor":"violet","textColor":"blue","borderColor":"red","borderSize":4,"borderRadius":70} -->
<p id="wp-block-themeisle-blocks-font-awesome-icons-d45526d5" class="wp-block-themeisle-blocks-font-awesome-icons"><span class="wp-block-themeisle-blocks-font-awesome-icons-container"><i class="fab fa-acquisitions-incorporated"></i></span></p>
<!-- /wp:themeisle-blocks/font-awesome-icons -->

<!-- wp:themeisle-blocks/font-awesome-icons {"id":"wp-block-themeisle-blocks-font-awesome-icons-507c2ea3","prefix":"fas","icon":"forward","fontSize":18,"padding":10,"backgroundColor":"violet","textColor":"blue","borderColor":"red","borderSize":4,"borderRadius":70} -->
<p id="wp-block-themeisle-blocks-font-awesome-icons-507c2ea3" class="wp-block-themeisle-blocks-font-awesome-icons"><span class="wp-block-themeisle-blocks-font-awesome-icons-container"><i class="fas fa-forward"></i></span></p>
<!-- /wp:themeisle-blocks/font-awesome-icons -->

<!-- wp:themeisle-blocks/font-awesome-icons {"id":"wp-block-themeisle-blocks-font-awesome-icons-ec699a04","prefix":"fas","icon":"hands","fontSize":18,"padding":10,"backgroundColor":"violet","textColor":"blue","borderColor":"red","borderSize":4,"borderRadius":70} -->
<p id="wp-block-themeisle-blocks-font-awesome-icons-ec699a04" class="wp-block-themeisle-blocks-font-awesome-icons"><span class="wp-block-themeisle-blocks-font-awesome-icons-container"><i class="fas fa-hands"></i></span></p>
<!-- /wp:themeisle-blocks/font-awesome-icons -->

<!-- wp:themeisle-blocks/font-awesome-icons {"id":"wp-block-themeisle-blocks-font-awesome-icons-44e1667f","prefix":"fas","icon":"smile-wink","fontSize":18,"padding":10,"backgroundColor":"violet","textColor":"blue","borderColor":"red","borderSize":4,"borderRadius":70} -->
<p id="wp-block-themeisle-blocks-font-awesome-icons-44e1667f" class="wp-block-themeisle-blocks-font-awesome-icons"><span class="wp-block-themeisle-blocks-font-awesome-icons-container"><i class="fas fa-smile-wink"></i></span></p>
<!-- /wp:themeisle-blocks/font-awesome-icons -->

<!-- wp:themeisle-blocks/font-awesome-icons {"id":"wp-block-themeisle-blocks-font-awesome-icons-8cd4fddb","prefix":"fas","icon":"researchgate","fontSize":18,"padding":10,"backgroundColor":"violet","textColor":"blue","borderColor":"red","borderSize":4,"borderRadius":70} -->
<p id="wp-block-themeisle-blocks-font-awesome-icons-8cd4fddb" class="wp-block-themeisle-blocks-font-awesome-icons"><span class="wp-block-themeisle-blocks-font-awesome-icons-container"><i class="fas fa-researchgate"></i></span></p>
<!-- /wp:themeisle-blocks/font-awesome-icons -->

<!-- wp:themeisle-blocks/font-awesome-icons {"id":"wp-block-themeisle-blocks-font-awesome-icons-4a234115","prefix":"fas","icon":"car","fontSize":18,"padding":10,"backgroundColor":"violet","textColor":"blue","borderColor":"red","borderSize":4,"borderRadius":70} -->
<p id="wp-block-themeisle-blocks-font-awesome-icons-4a234115" class="wp-block-themeisle-blocks-font-awesome-icons"><span class="wp-block-themeisle-blocks-font-awesome-icons-container"><i class="fas fa-car"></i></span></p>
<!-- /wp:themeisle-blocks/font-awesome-icons -->

<!-- wp:themeisle-blocks/font-awesome-icons {"id":"wp-block-themeisle-blocks-font-awesome-icons-6942119d","icon":"accessible-icon","fontSize":18,"padding":10,"backgroundColor":"violet","textColor":"blue","borderColor":"red","borderSize":4,"borderRadius":70} -->
<p id="wp-block-themeisle-blocks-font-awesome-icons-6942119d" class="wp-block-themeisle-blocks-font-awesome-icons"><span class="wp-block-themeisle-blocks-font-awesome-icons-container"><i class="fab fa-accessible-icon"></i></span></p>
<!-- /wp:themeisle-blocks/font-awesome-icons -->

<!-- wp:themeisle-blocks/font-awesome-icons {"id":"wp-block-themeisle-blocks-font-awesome-icons-1fc442c1","prefix":"fas","icon":"wine-bottle","fontSize":18,"padding":10,"backgroundColor":"violet","textColor":"blue","borderColor":"red","borderSize":4,"borderRadius":70} -->
<p id="wp-block-themeisle-blocks-font-awesome-icons-1fc442c1" class="wp-block-themeisle-blocks-font-awesome-icons"><span class="wp-block-themeisle-blocks-font-awesome-icons-container"><i class="fas fa-wine-bottle"></i></span></p>
<!-- /wp:themeisle-blocks/font-awesome-icons -->

<!-- wp:themeisle-blocks/font-awesome-icons {"id":"wp-block-themeisle-blocks-font-awesome-icons-eb388f71","prefix":"fas","icon":"satellite","fontSize":18,"padding":10,"backgroundColor":"violet","textColor":"blue","borderColor":"red","borderSize":4,"borderRadius":70} -->
<p id="wp-block-themeisle-blocks-font-awesome-icons-eb388f71" class="wp-block-themeisle-blocks-font-awesome-icons"><span class="wp-block-themeisle-blocks-font-awesome-icons-container"><i class="fas fa-satellite"></i></span></p>
<!-- /wp:themeisle-blocks/font-awesome-icons -->

<!-- wp:themeisle-blocks/font-awesome-icons {"id":"wp-block-themeisle-blocks-font-awesome-icons-c72458dc","prefix":"fas","icon":"th","fontSize":18,"padding":10,"backgroundColor":"violet","textColor":"blue","borderColor":"red","borderSize":4,"borderRadius":70} -->
<p id="wp-block-themeisle-blocks-font-awesome-icons-c72458dc" class="wp-block-themeisle-blocks-font-awesome-icons"><span class="wp-block-themeisle-blocks-font-awesome-icons-container"><i class="fas fa-th"></i></span></p>
<!-- /wp:themeisle-blocks/font-awesome-icons -->

<!-- wp:themeisle-blocks/font-awesome-icons {"id":"wp-block-themeisle-blocks-font-awesome-icons-599672e8","prefix":"far","icon":"address-book","fontSize":18,"padding":10,"backgroundColor":"violet","textColor":"blue","borderColor":"red","borderSize":4,"borderRadius":70} -->
<p id="wp-block-themeisle-blocks-font-awesome-icons-599672e8" class="wp-block-themeisle-blocks-font-awesome-icons"><span class="wp-block-themeisle-blocks-font-awesome-icons-container"><i class="far fa-address-book"></i></span></p>
<!-- /wp:themeisle-blocks/font-awesome-icons -->

<!-- wp:themeisle-blocks/font-awesome-icons {"id":"wp-block-themeisle-blocks-font-awesome-icons-9f60d719","prefix":"fas","icon":"angle-up","fontSize":18,"padding":10,"backgroundColor":"violet","textColor":"blue","borderColor":"red","borderSize":4,"borderRadius":70} -->
<p id="wp-block-themeisle-blocks-font-awesome-icons-9f60d719" class="wp-block-themeisle-blocks-font-awesome-icons"><span class="wp-block-themeisle-blocks-font-awesome-icons-container"><i class="fas fa-angle-up"></i></span></p>
<!-- /wp:themeisle-blocks/font-awesome-icons -->

<!-- wp:themeisle-blocks/font-awesome-icons {"id":"wp-block-themeisle-blocks-font-awesome-icons-69218e18","prefix":"fas","icon":"bicycle","fontSize":18,"padding":10,"backgroundColor":"violet","textColor":"blue","borderColor":"red","borderSize":4,"borderRadius":70} -->
<p id="wp-block-themeisle-blocks-font-awesome-icons-69218e18" class="wp-block-themeisle-blocks-font-awesome-icons"><span class="wp-block-themeisle-blocks-font-awesome-icons-container"><i class="fas fa-bicycle"></i></span></p>
<!-- /wp:themeisle-blocks/font-awesome-icons -->

<!-- wp:themeisle-blocks/font-awesome-icons {"id":"wp-block-themeisle-blocks-font-awesome-icons-ed03e448","prefix":"fas","icon":"window-close","fontSize":18,"padding":10,"backgroundColor":"violet","textColor":"blue","borderColor":"red","borderSize":4,"borderRadius":70} -->
<p id="wp-block-themeisle-blocks-font-awesome-icons-ed03e448" class="wp-block-themeisle-blocks-font-awesome-icons"><span class="wp-block-themeisle-blocks-font-awesome-icons-container"><i class="fas fa-window-close"></i></span></p>
<!-- /wp:themeisle-blocks/font-awesome-icons -->

<!-- wp:themeisle-blocks/font-awesome-icons {"id":"wp-block-themeisle-blocks-font-awesome-icons-f4a96c1f","prefix":"fas","icon":"align-center","fontSize":18,"padding":10,"backgroundColor":"violet","textColor":"blue","borderColor":"red","borderSize":4,"borderRadius":70} -->
<p id="wp-block-themeisle-blocks-font-awesome-icons-f4a96c1f" class="wp-block-themeisle-blocks-font-awesome-icons"><span class="wp-block-themeisle-blocks-font-awesome-icons-container"><i class="fas fa-align-center"></i></span></p>
<!-- /wp:themeisle-blocks/font-awesome-icons -->

<!-- wp:themeisle-blocks/font-awesome-icons {"id":"wp-block-themeisle-blocks-font-awesome-icons-b8c8273c","prefix":"fas","icon":"mobile","fontSize":18,"padding":10,"backgroundColor":"violet","textColor":"blue","borderColor":"red","borderSize":4,"borderRadius":70} -->
<p id="wp-block-themeisle-blocks-font-awesome-icons-b8c8273c" class="wp-block-themeisle-blocks-font-awesome-icons"><span class="wp-block-themeisle-blocks-font-awesome-icons-container"><i class="fas fa-mobile"></i></span></p>
<!-- /wp:themeisle-blocks/font-awesome-icons -->

<!-- wp:themeisle-blocks/font-awesome-icons {"id":"wp-block-themeisle-blocks-font-awesome-icons-5de7eb5f","prefix":"fas","icon":"quote-right","fontSize":18,"padding":10,"backgroundColor":"violet","textColor":"blue","borderColor":"red","borderSize":4,"borderRadius":70} -->
<p id="wp-block-themeisle-blocks-font-awesome-icons-5de7eb5f" class="wp-block-themeisle-blocks-font-awesome-icons"><span class="wp-block-themeisle-blocks-font-awesome-icons-container"><i class="fas fa-quote-right"></i></span></p>
<!-- /wp:themeisle-blocks/font-awesome-icons -->

<!-- wp:themeisle-blocks/font-awesome-icons {"id":"wp-block-themeisle-blocks-font-awesome-icons-1d1c71ee","prefix":"far","icon":"address-book","fontSize":18,"padding":10,"backgroundColor":"violet","textColor":"blue","borderColor":"red","borderSize":4,"borderRadius":70} -->
<p id="wp-block-themeisle-blocks-font-awesome-icons-1d1c71ee" class="wp-block-themeisle-blocks-font-awesome-icons"><span class="wp-block-themeisle-blocks-font-awesome-icons-container"><i class="far fa-address-book"></i></span></p>
<!-- /wp:themeisle-blocks/font-awesome-icons -->

<!-- wp:themeisle-blocks/font-awesome-icons {"id":"wp-block-themeisle-blocks-font-awesome-icons-1d985bb8","prefix":"fas","icon":"sign-language","fontSize":18,"padding":10,"backgroundColor":"violet","textColor":"blue","borderColor":"red","borderSize":4,"borderRadius":70} -->
<p id="wp-block-themeisle-blocks-font-awesome-icons-1d985bb8" class="wp-block-themeisle-blocks-font-awesome-icons"><span class="wp-block-themeisle-blocks-font-awesome-icons-container"><i class="fas fa-sign-language"></i></span></p>
<!-- /wp:themeisle-blocks/font-awesome-icons -->

<!-- wp:themeisle-blocks/font-awesome-icons {"id":"wp-block-themeisle-blocks-font-awesome-icons-2b2e7bad","prefix":"fas","icon":"store-alt","fontSize":18,"padding":10,"backgroundColor":"violet","textColor":"blue","borderColor":"red","borderSize":4,"borderRadius":70} -->
<p id="wp-block-themeisle-blocks-font-awesome-icons-2b2e7bad" class="wp-block-themeisle-blocks-font-awesome-icons"><span class="wp-block-themeisle-blocks-font-awesome-icons-container"><i class="fas fa-store-alt"></i></span></p>
<!-- /wp:themeisle-blocks/font-awesome-icons -->

<!-- wp:themeisle-blocks/font-awesome-icons {"id":"wp-block-themeisle-blocks-font-awesome-icons-b60e5f92","icon":"500px","fontSize":18,"padding":10,"backgroundColor":"violet","textColor":"blue","borderColor":"red","borderSize":4,"borderRadius":70} -->
<p id="wp-block-themeisle-blocks-font-awesome-icons-b60e5f92" class="wp-block-themeisle-blocks-font-awesome-icons"><span class="wp-block-themeisle-blocks-font-awesome-icons-container"><i class="fab fa-500px"></i></span></p>
<!-- /wp:themeisle-blocks/font-awesome-icons -->

<!-- wp:themeisle-blocks/font-awesome-icons {"id":"wp-block-themeisle-blocks-font-awesome-icons-63d3c5e1","prefix":"fas","icon":"chevron-down","fontSize":18,"padding":10,"backgroundColor":"violet","textColor":"blue","borderColor":"red","borderSize":4,"borderRadius":70} -->
<p id="wp-block-themeisle-blocks-font-awesome-icons-63d3c5e1" class="wp-block-themeisle-blocks-font-awesome-icons"><span class="wp-block-themeisle-blocks-font-awesome-icons-container"><i class="fas fa-chevron-down"></i></span></p>
<!-- /wp:themeisle-blocks/font-awesome-icons -->

<!-- wp:themeisle-blocks/font-awesome-icons {"id":"wp-block-themeisle-blocks-font-awesome-icons-d371fa4e","prefix":"fas","icon":"map-marked","fontSize":18,"padding":10,"backgroundColor":"violet","textColor":"blue","borderColor":"red","borderSize":4,"borderRadius":70} -->
<p id="wp-block-themeisle-blocks-font-awesome-icons-d371fa4e" class="wp-block-themeisle-blocks-font-awesome-icons"><span class="wp-block-themeisle-blocks-font-awesome-icons-container"><i class="fas fa-map-marked"></i></span></p>
<!-- /wp:themeisle-blocks/font-awesome-icons -->

<!-- wp:themeisle-blocks/font-awesome-icons {"id":"wp-block-themeisle-blocks-font-awesome-icons-364643b3","prefix":"fas","icon":"hat-cowboy","fontSize":18,"padding":10,"backgroundColor":"violet","textColor":"blue","borderColor":"red","borderSize":4,"borderRadius":70} -->
<p id="wp-block-themeisle-blocks-font-awesome-icons-364643b3" class="wp-block-themeisle-blocks-font-awesome-icons"><span class="wp-block-themeisle-blocks-font-awesome-icons-container"><i class="fas fa-hat-cowboy"></i></span></p>
<!-- /wp:themeisle-blocks/font-awesome-icons -->

<!-- wp:themeisle-blocks/font-awesome-icons {"id":"wp-block-themeisle-blocks-font-awesome-icons-937ec1ee","prefix":"fas","icon":"mars-double","fontSize":18,"padding":10,"backgroundColor":"violet","textColor":"blue","borderColor":"red","borderSize":4,"borderRadius":70} -->
<p id="wp-block-themeisle-blocks-font-awesome-icons-937ec1ee" class="wp-block-themeisle-blocks-font-awesome-icons"><span class="wp-block-themeisle-blocks-font-awesome-icons-container"><i class="fas fa-mars-double"></i></span></p>
<!-- /wp:themeisle-blocks/font-awesome-icons -->

<!-- wp:themeisle-blocks/font-awesome-icons {"id":"wp-block-themeisle-blocks-font-awesome-icons-3a6d859a","prefix":"fas","icon":"minus-square","fontSize":18,"padding":10,"backgroundColor":"violet","textColor":"blue","borderColor":"red","borderSize":4,"borderRadius":70} -->
<p id="wp-block-themeisle-blocks-font-awesome-icons-3a6d859a" class="wp-block-themeisle-blocks-font-awesome-icons"><span class="wp-block-themeisle-blocks-font-awesome-icons-container"><i class="fas fa-minus-square"></i></span></p>
<!-- /wp:themeisle-blocks/font-awesome-icons -->

<!-- wp:themeisle-blocks/font-awesome-icons {"id":"wp-block-themeisle-blocks-font-awesome-icons-96ba4b3b","prefix":"fas","icon":"hand-holding-medical","fontSize":18,"padding":10,"backgroundColor":"violet","textColor":"blue","borderColor":"red","borderSize":4,"borderRadius":70} -->
<p id="wp-block-themeisle-blocks-font-awesome-icons-96ba4b3b" class="wp-block-themeisle-blocks-font-awesome-icons"><span class="wp-block-themeisle-blocks-font-awesome-icons-container"><i class="fas fa-hand-holding-medical"></i></span></p>
<!-- /wp:themeisle-blocks/font-awesome-icons -->

<!-- wp:themeisle-blocks/font-awesome-icons {"id":"wp-block-themeisle-blocks-font-awesome-icons-cab9645b","library":"themeisle-icons","icon":"bookmark","fontSize":18,"padding":10,"backgroundColor":"violet","textColor":"blue","borderColor":"red","borderSize":4,"borderRadius":70} -->
<p id="wp-block-themeisle-blocks-font-awesome-icons-cab9645b" class="wp-block-themeisle-blocks-font-awesome-icons"><span class="wp-block-themeisle-blocks-font-awesome-icons-container"><svg xmlns="http://www.w3.org/2000/svg" viewBox="0 0 1800 1800" aria-hidden="true"><path d="M1711.665,9.238H88.343c-43.62,0-79.105,35.478-79.105,79.089v1623.338 c0,43.611,35.486,79.099,79.105,79.099h1623.322c43.611,0,79.099-35.487,79.099-79.099V88.327 C1790.764,44.715,1755.276,9.238,1711.665,9.238z M1209.058,73.28h220.448v608.01l-85.529-109.984 c-5.927-7.619-15.038-12.079-24.69-12.079s-18.765,4.456-24.69,12.079l-85.538,109.988V73.28z M71.796,1711.665V88.327 c0-9.112,7.423-16.53,16.547-16.53h245.4v1656.407h-245.4C79.219,1728.203,71.796,1720.785,71.796,1711.665z M504.532,1728.203 h-108.23V71.796h108.23V1728.203z M1728.203,1711.665c0,9.12-7.418,16.538-16.538,16.538H567.09V71.796h579.409v700.058 c0,17.277,13.999,31.28,31.279,31.28h0.479c9.662,0,18.773-4.459,24.7-12.079l116.328-149.594l116.319,149.594 c5.926,7.62,15.039,12.079,24.69,12.079h0.489c17.271,0,31.278-14.003,31.278-31.28V71.796h219.602 c9.12,0,16.538,7.418,16.538,16.53V1711.665z"></path></svg></span></p>
<!-- /wp:themeisle-blocks/font-awesome-icons -->

<!-- wp:themeisle-blocks/font-awesome-icons {"id":"wp-block-themeisle-blocks-font-awesome-icons-8462a8d4","library":"themeisle-icons","icon":"download","fontSize":18,"padding":10,"backgroundColor":"violet","textColor":"blue","borderColor":"red","borderSize":4,"borderRadius":70} -->
<p id="wp-block-themeisle-blocks-font-awesome-icons-8462a8d4" class="wp-block-themeisle-blocks-font-awesome-icons"><span class="wp-block-themeisle-blocks-font-awesome-icons-container"><svg xmlns="http://www.w3.org/2000/svg" viewBox="0 0 1800 1800" aria-hidden="true"><path d="M899.996,1.402C404.51,1.402,1.403,404.513,1.403,900.003c0,495.485,403.107,898.595,898.592,898.595 c495.489,0,898.6-403.109,898.6-898.595C1798.596,404.513,1395.484,1.402,899.996,1.402z M899.996,1735.555 c-460.721,0-835.546-374.826-835.546-835.552c0-460.726,374.825-835.556,835.546-835.556c460.724,0,835.555,374.83,835.555,835.556 C1735.551,1360.729,1360.72,1735.555,899.996,1735.555z"></path><path d="M1178.01,942.664h-151.185V603.598c0-17.411-14.112-31.522-31.522-31.522H797.969 c-17.411,0-31.522,14.111-31.522,31.522v339.066H615.253c-11.896,0-22.781,6.698-28.141,17.319 c-5.361,10.624-4.283,23.36,2.779,32.929l281.383,381.16c5.946,8.056,15.356,12.805,25.362,12.805 c10.005,0,19.417-4.749,25.361-12.805l281.375-381.16c7.062-9.568,8.14-22.305,2.779-32.929 C1200.79,949.362,1189.906,942.664,1178.01,942.664z M896.636,1302.273L677.705,1005.71h120.264 c17.41,0,31.523-14.106,31.523-31.522V635.12H963.78v339.067c0,17.416,14.112,31.522,31.522,31.522h120.256L896.636,1302.273z"></path><path d="M794.556,529.751h204.15c17.411,0,31.522-14.113,31.522-31.523s-14.111-31.522-31.522-31.522h-204.15 c-17.411,0-31.523,14.112-31.523,31.522S777.145,529.751,794.556,529.751z"></path></svg></span></p>
<!-- /wp:themeisle-blocks/font-awesome-icons -->

<!-- wp:themeisle-blocks/font-awesome-icons {"id":"wp-block-themeisle-blocks-font-awesome-icons-7abcba96","library":"themeisle-icons","icon":"music","fontSize":18,"padding":10,"backgroundColor":"violet","textColor":"blue","borderColor":"red","borderSize":4,"borderRadius":70} -->
<p id="wp-block-themeisle-blocks-font-awesome-icons-7abcba96" class="wp-block-themeisle-blocks-font-awesome-icons"><span class="wp-block-themeisle-blocks-font-awesome-icons-container"><svg xmlns="http://www.w3.org/2000/svg" viewBox="0 0 1800 1800" aria-hidden="true"><path d="M1674.102,313.758V35.517c0-0.531-0.053-1.05-0.08-1.573c0.212-3.68-0.184-7.458-1.348-11.182 c-5.178-16.602-22.839-25.852-39.428-20.683L569.624,333.772c-1.089,0.334-2.151,0.72-3.184,1.16 c-0.084,0.035-0.154,0.079-0.238,0.114c-0.856,0.378-1.691,0.782-2.507,1.226c-0.439,0.242-0.853,0.518-1.279,0.777 c-0.435,0.263-0.878,0.519-1.295,0.804c-0.527,0.356-1.023,0.751-1.529,1.138c-0.294,0.229-0.602,0.443-0.892,0.685 c-0.496,0.413-0.958,0.857-1.428,1.301c-0.272,0.254-0.553,0.496-0.816,0.76c-0.409,0.417-0.786,0.855-1.173,1.291 c-0.294,0.329-0.598,0.655-0.879,0.998c-0.302,0.377-0.583,0.773-0.869,1.164c-0.32,0.435-0.655,0.866-0.953,1.313 c-0.215,0.325-0.404,0.663-0.606,0.992c-0.329,0.544-0.663,1.085-0.962,1.647c-0.149,0.281-0.277,0.575-0.417,0.861 c-0.308,0.623-0.615,1.251-0.878,1.893c-0.124,0.299-0.22,0.602-0.329,0.901c-0.242,0.641-0.488,1.282-0.69,1.945 c-0.136,0.448-0.232,0.909-0.351,1.366c-0.132,0.519-0.281,1.028-0.386,1.555c-0.184,0.905-0.316,1.823-0.417,2.75 c-0.013,0.088-0.03,0.171-0.039,0.263c-0.114,1.125-0.171,2.258-0.163,3.4v281.451c0,0.119,0,0.242,0,0.365v748.525 c-44.338-48.791-108.277-79.475-179.244-79.475c-133.55,0-242.2,108.656-242.2,242.209c0,133.554,108.65,242.203,242.2,242.203 c133.553,0,242.208-108.649,242.208-242.203V668.854l1000.829-312.107v709.3c-44.338-48.791-108.273-79.465-179.24-79.465 c-133.553,0-242.203,108.646-242.203,242.199c0,133.557,108.65,242.213,242.203,242.213c133.555,0,242.205-108.656,242.205-242.213 V314.122C1674.102,313.999,1674.102,313.88,1674.102,313.758z M368.1,1736.388c-98.83,0-179.235-80.405-179.235-179.239 c0-98.835,80.405-179.244,179.235-179.244c98.833,0,179.244,80.409,179.244,179.244 C547.344,1655.982,466.934,1736.388,368.1,1736.388z M1431.896,1408.029c-98.832,0-179.239-80.41-179.239-179.248 c0-98.835,80.407-179.239,179.239-179.239c98.834,0,179.24,80.404,179.24,179.239 C1611.137,1327.619,1530.73,1408.029,1431.896,1408.029z M610.308,602.899v-215.86L1611.137,74.931v215.861L610.308,602.899z"></path></svg></span></p>
<!-- /wp:themeisle-blocks/font-awesome-icons -->

<!-- wp:themeisle-blocks/font-awesome-icons {"id":"wp-block-themeisle-blocks-font-awesome-icons-585136f8","prefix":"fas","icon":"dice-d20","fontSize":18,"padding":10,"backgroundColor":"violet","textColor":"blue","borderColor":"red","borderSize":4,"borderRadius":70} -->
<p id="wp-block-themeisle-blocks-font-awesome-icons-585136f8" class="wp-block-themeisle-blocks-font-awesome-icons"><span class="wp-block-themeisle-blocks-font-awesome-icons-container"><i class="fas fa-dice-d20"></i></span></p>
<!-- /wp:themeisle-blocks/font-awesome-icons -->

<!-- wp:themeisle-blocks/font-awesome-icons {"id":"wp-block-themeisle-blocks-font-awesome-icons-1fe6d37e","library":"themeisle-icons","icon":"briefcase","fontSize":18,"padding":10,"backgroundColor":"violet","textColor":"blue","borderColor":"red","borderSize":4,"borderRadius":70} -->
<p id="wp-block-themeisle-blocks-font-awesome-icons-1fe6d37e" class="wp-block-themeisle-blocks-font-awesome-icons"><span class="wp-block-themeisle-blocks-font-awesome-icons-container"><svg xmlns="http://www.w3.org/2000/svg" viewBox="0 0 1800 1800" aria-hidden="true"><path d="M1709.277,268.688h-515.642c1.962-7.174,3.1-14.691,3.1-22.48v-74.93c0-47.103-38.321-85.424-85.424-85.424 H688.688c-47.103,0-85.423,38.321-85.423,85.424v74.93c0,7.789,1.137,15.306,3.1,22.48H90.723 c-47.103,0-85.424,38.321-85.424,85.424v659.412c0,47.103,38.321,85.424,85.424,85.424h43.563c-1.962,7.179-3.1,14.691-3.1,22.48 v507.295c0,47.103,38.321,85.424,85.424,85.424H1583.39c47.103,0,85.424-38.321,85.424-85.424v-507.295 c0-7.789-1.137-15.302-3.1-22.48h43.563c47.103,0,85.424-38.321,85.424-85.424V354.111 C1794.701,307.009,1756.38,268.688,1709.277,268.688z M1433.147,1036.004v62.943v54.413c0,12.395-10.085,22.479-22.479,22.479 h-47.959c-12.395,0-22.48-10.085-22.48-22.479v-54.413v-62.943v-92.919c0-12.395,10.086-22.479,22.48-22.479h47.959 c12.395,0,22.479,10.085,22.479,22.479V1036.004z M666.209,246.208v-74.93c0-12.395,10.085-22.48,22.479-22.48h422.623 c12.395,0,22.479,10.085,22.479,22.48v74.93c0,12.395-10.085,22.48-22.479,22.48H688.688 C676.294,268.688,666.209,258.602,666.209,246.208z M688.688,331.631h422.623h243.902v526.408 c-43.599,3.815-77.929,40.473-77.929,85.046v92.919H522.71v-92.919c0-44.573-34.33-81.23-77.933-85.046V331.631H688.688z M459.767,1098.947v54.413c0,12.395-10.085,22.479-22.479,22.479h-47.959c-12.395,0-22.48-10.085-22.48-22.479v-54.413v-62.943 v-92.919c0-12.395,10.085-22.479,22.48-22.479h47.959c12.395,0,22.479,10.085,22.479,22.479v92.919V1098.947z M90.723,1036.004 c-12.395,0-22.479-10.086-22.479-22.48V354.111c0-12.395,10.085-22.48,22.479-22.48h291.111v526.408 c-43.599,3.815-77.929,40.473-77.929,85.046v92.919H216.61H90.723z M1605.87,1121.428v507.295c0,12.395-10.086,22.48-22.48,22.48 H216.61c-12.395,0-22.48-10.086-22.48-22.48v-507.295c0-12.396,10.085-22.48,22.48-22.48h87.294v54.413 c0,47.103,38.321,85.424,85.424,85.424h47.959c47.102,0,85.423-38.321,85.423-85.424v-54.413h754.575v54.413 c0,47.103,38.321,85.424,85.424,85.424h47.959c47.103,0,85.423-38.321,85.423-85.424v-54.413h87.299 C1595.784,1098.947,1605.87,1109.032,1605.87,1121.428z M1731.757,1013.523c0,12.395-10.085,22.48-22.479,22.48H1583.39h-87.299 v-92.919c0-44.573-34.33-81.23-77.933-85.046V331.631h291.119c12.395,0,22.479,10.085,22.479,22.48V1013.523z"></path></svg></span></p>
<!-- /wp:themeisle-blocks/font-awesome-icons -->

<!-- wp:themeisle-blocks/font-awesome-icons {"id":"wp-block-themeisle-blocks-font-awesome-icons-e6ffa90b","library":"themeisle-icons","icon":"idea","fontSize":18,"padding":10,"backgroundColor":"violet","textColor":"blue","borderColor":"red","borderSize":4,"borderRadius":70} -->
<p id="wp-block-themeisle-blocks-font-awesome-icons-e6ffa90b" class="wp-block-themeisle-blocks-font-awesome-icons"><span class="wp-block-themeisle-blocks-font-awesome-icons-container"><svg xmlns="http://www.w3.org/2000/svg" viewBox="0 0 1800 1800" aria-hidden="true"><path d="M900.114,54.882c-329.509,0-597.583,268.077-597.583,597.59c0,219.592,118.159,418.518,309.714,523.794 v152.835h-0.127v122.121h-0.172v185.238h172.682c3.58,60.518,53.924,108.656,115.315,108.656 c61.39,0,111.736-48.139,115.31-108.656h172.571v-122.122h0.177v-185.237h-0.019v-152.835 c191.557-105.276,309.715-304.203,309.715-523.794C1497.697,322.959,1229.623,54.882,900.114,54.882z M675.235,1392.218h449.649 v59.005H675.235V1392.218z M899.943,1682.002c-29.441,0-48.627-22.507-51.876-45.541h103.788 C948.464,1662.119,926.504,1682.002,899.943,1682.002z M1124.708,1573.344H675.063v-59.005h449.645V1573.344z M1142.116,1129.132 l-17.25,8.778v189.457H931.559V861l187.201-187.21c12.323-12.323,12.323-32.302-0.005-44.63 c-12.318-12.318-32.302-12.323-44.629,0.004L900,803.299L725.875,629.165c-12.323-12.323-32.307-12.328-44.63-0.004 c-12.328,12.328-12.328,32.307-0.005,44.63L868.441,861v466.367H675.362V1137.91l-17.249-8.778 c-180.4-91.778-292.465-274.427-292.465-476.66c0-294.71,239.761-534.471,534.466-534.471 c294.706,0,534.466,239.761,534.466,534.471C1434.58,854.705,1322.516,1037.354,1142.116,1129.132z"></path><path d="M1066.667,246.225c-17.43,0-31.558,14.128-31.558,31.559s14.128,31.558,31.558,31.558 c49.641,0,165.99,59.634,165.99,175.279c0,17.431,14.128,31.559,31.558,31.559c17.431,0,31.559-14.128,31.559-31.559 C1295.773,328.101,1146.624,246.225,1066.667,246.225z"></path><path d="M209.331,712.881c0-17.43-14.128-31.558-31.558-31.558H34.686c-17.43,0-31.558,14.128-31.558,31.558 s14.128,31.558,31.558,31.558h143.087C195.203,744.439,209.331,730.312,209.331,712.881z"></path><path d="M220.157,300.096c6.164,6.163,14.239,9.245,22.317,9.245c8.075,0,16.153-3.082,22.313-9.241 c12.328-12.328,12.328-32.307,0.004-44.629L163.623,154.297c-12.318-12.319-32.303-12.323-44.63-0.004 c-12.327,12.327-12.327,32.307-0.004,44.63L220.157,300.096z"></path><path d="M220.17,1125.662l-101.178,101.174c-12.327,12.327-12.327,32.307-0.004,44.634 c6.164,6.164,14.238,9.246,22.317,9.246c8.074,0,16.153-3.082,22.312-9.246l101.179-101.173 c12.327-12.327,12.327-32.307,0.004-44.625C252.478,1113.344,232.493,1113.344,220.17,1125.662z"></path><path d="M1765.314,681.323h-143.083c-17.43,0-31.559,14.128-31.559,31.558s14.129,31.558,31.559,31.558h143.083 c17.43,0,31.558-14.128,31.558-31.558S1782.744,681.323,1765.314,681.323z"></path><path d="M1557.521,309.341c8.074,0,16.153-3.082,22.316-9.241l101.174-101.173 c12.322-12.327,12.322-32.307,0-44.634c-12.328-12.319-32.307-12.319-44.635,0l-101.173,101.173 c-12.323,12.328-12.323,32.307,0,44.634C1541.368,306.259,1549.447,309.341,1557.521,309.341z"></path><path d="M1579.829,1125.662c-12.318-12.318-32.302-12.318-44.63,0.01c-12.323,12.318-12.323,32.298,0.005,44.625 l101.178,101.173c6.159,6.164,14.238,9.246,22.312,9.246c8.075,0,16.154-3.082,22.318-9.246 c12.322-12.327,12.322-32.307-0.005-44.634L1579.829,1125.662z"></path></svg></span></p>
<!-- /wp:themeisle-blocks/font-awesome-icons -->

<!-- wp:themeisle-blocks/font-awesome-icons {"id":"wp-block-themeisle-blocks-font-awesome-icons-3f55bfbc","prefix":"fas","icon":"grimace","fontSize":18,"padding":10,"backgroundColor":"violet","textColor":"blue","borderColor":"red","borderSize":4,"borderRadius":70} -->
<p id="wp-block-themeisle-blocks-font-awesome-icons-3f55bfbc" class="wp-block-themeisle-blocks-font-awesome-icons"><span class="wp-block-themeisle-blocks-font-awesome-icons-container"><i class="fas fa-grimace"></i></span></p>
<!-- /wp:themeisle-blocks/font-awesome-icons -->

<!-- wp:themeisle-blocks/font-awesome-icons {"id":"wp-block-themeisle-blocks-font-awesome-icons-cab2db27","prefix":"fas","icon":"weixin","fontSize":18,"padding":10,"backgroundColor":"violet","textColor":"blue","borderColor":"red","borderSize":4,"borderRadius":70} -->
<p id="wp-block-themeisle-blocks-font-awesome-icons-cab2db27" class="wp-block-themeisle-blocks-font-awesome-icons"><span class="wp-block-themeisle-blocks-font-awesome-icons-container"><i class="fas fa-weixin"></i></span></p>
<!-- /wp:themeisle-blocks/font-awesome-icons -->

<!-- wp:themeisle-blocks/font-awesome-icons {"id":"wp-block-themeisle-blocks-font-awesome-icons-bdd21113","prefix":"fas","icon":"audio-description","fontSize":18,"padding":10,"backgroundColor":"violet","textColor":"blue","borderColor":"red","borderSize":4,"borderRadius":70} -->
<p id="wp-block-themeisle-blocks-font-awesome-icons-bdd21113" class="wp-block-themeisle-blocks-font-awesome-icons"><span class="wp-block-themeisle-blocks-font-awesome-icons-container"><i class="fas fa-audio-description"></i></span></p>
<!-- /wp:themeisle-blocks/font-awesome-icons -->

<!-- wp:themeisle-blocks/font-awesome-icons {"id":"wp-block-themeisle-blocks-font-awesome-icons-022d985e","library":"themeisle-icons","icon":"bookmark","fontSize":18,"padding":10,"backgroundColor":"violet","textColor":"blue","borderColor":"red","borderSize":4,"borderRadius":70} -->
<p id="wp-block-themeisle-blocks-font-awesome-icons-022d985e" class="wp-block-themeisle-blocks-font-awesome-icons"><span class="wp-block-themeisle-blocks-font-awesome-icons-container"><svg xmlns="http://www.w3.org/2000/svg" viewBox="0 0 1800 1800" aria-hidden="true"><path d="M1711.665,9.238H88.343c-43.62,0-79.105,35.478-79.105,79.089v1623.338 c0,43.611,35.486,79.099,79.105,79.099h1623.322c43.611,0,79.099-35.487,79.099-79.099V88.327 C1790.764,44.715,1755.276,9.238,1711.665,9.238z M1209.058,73.28h220.448v608.01l-85.529-109.984 c-5.927-7.619-15.038-12.079-24.69-12.079s-18.765,4.456-24.69,12.079l-85.538,109.988V73.28z M71.796,1711.665V88.327 c0-9.112,7.423-16.53,16.547-16.53h245.4v1656.407h-245.4C79.219,1728.203,71.796,1720.785,71.796,1711.665z M504.532,1728.203 h-108.23V71.796h108.23V1728.203z M1728.203,1711.665c0,9.12-7.418,16.538-16.538,16.538H567.09V71.796h579.409v700.058 c0,17.277,13.999,31.28,31.279,31.28h0.479c9.662,0,18.773-4.459,24.7-12.079l116.328-149.594l116.319,149.594 c5.926,7.62,15.039,12.079,24.69,12.079h0.489c17.271,0,31.278-14.003,31.278-31.28V71.796h219.602 c9.12,0,16.538,7.418,16.538,16.53V1711.665z"></path></svg></span></p>
<!-- /wp:themeisle-blocks/font-awesome-icons -->

<!-- wp:themeisle-blocks/font-awesome-icons {"id":"wp-block-themeisle-blocks-font-awesome-icons-84601c99","icon":"500px","fontSize":18,"padding":10,"backgroundColor":"violet","textColor":"blue","borderColor":"red","borderSize":4,"borderRadius":70} -->
<p id="wp-block-themeisle-blocks-font-awesome-icons-84601c99" class="wp-block-themeisle-blocks-font-awesome-icons"><span class="wp-block-themeisle-blocks-font-awesome-icons-container"><i class="fab fa-500px"></i></span></p>
<!-- /wp:themeisle-blocks/font-awesome-icons -->

<!-- wp:themeisle-blocks/font-awesome-icons {"id":"wp-block-themeisle-blocks-font-awesome-icons-3b0b6267","prefix":"fas","icon":"lungs-virus","fontSize":18,"padding":10,"backgroundColor":"violet","textColor":"blue","borderColor":"red","borderSize":4,"borderRadius":70} -->
<p id="wp-block-themeisle-blocks-font-awesome-icons-3b0b6267" class="wp-block-themeisle-blocks-font-awesome-icons"><span class="wp-block-themeisle-blocks-font-awesome-icons-container"><i class="fas fa-lungs-virus"></i></span></p>
<!-- /wp:themeisle-blocks/font-awesome-icons -->

<!-- wp:themeisle-blocks/font-awesome-icons {"id":"wp-block-themeisle-blocks-font-awesome-icons-1297cf54","prefix":"fas","icon":"cat","fontSize":18,"padding":10,"backgroundColor":"violet","textColor":"blue","borderColor":"red","borderSize":4,"borderRadius":70} -->
<p id="wp-block-themeisle-blocks-font-awesome-icons-1297cf54" class="wp-block-themeisle-blocks-font-awesome-icons"><span class="wp-block-themeisle-blocks-font-awesome-icons-container"><i class="fas fa-cat"></i></span></p>
<!-- /wp:themeisle-blocks/font-awesome-icons -->

<!-- wp:themeisle-blocks/font-awesome-icons {"id":"wp-block-themeisle-blocks-font-awesome-icons-624eba5c","prefix":"fas","icon":"water","fontSize":18,"padding":10,"backgroundColor":"violet","textColor":"blue","borderColor":"red","borderSize":4,"borderRadius":70} -->
<p id="wp-block-themeisle-blocks-font-awesome-icons-624eba5c" class="wp-block-themeisle-blocks-font-awesome-icons"><span class="wp-block-themeisle-blocks-font-awesome-icons-container"><i class="fas fa-water"></i></span></p>
<!-- /wp:themeisle-blocks/font-awesome-icons -->

<!-- wp:themeisle-blocks/font-awesome-icons {"id":"wp-block-themeisle-blocks-font-awesome-icons-2d65d51d","prefix":"fas","icon":"undo","fontSize":18,"padding":10,"backgroundColor":"violet","textColor":"blue","borderColor":"red","borderSize":4,"borderRadius":70} -->
<p id="wp-block-themeisle-blocks-font-awesome-icons-2d65d51d" class="wp-block-themeisle-blocks-font-awesome-icons"><span class="wp-block-themeisle-blocks-font-awesome-icons-container"><i class="fas fa-undo"></i></span></p>
<!-- /wp:themeisle-blocks/font-awesome-icons -->

<!-- wp:themeisle-blocks/font-awesome-icons {"id":"wp-block-themeisle-blocks-font-awesome-icons-f0c72af4","prefix":"fas","icon":"angle-left","fontSize":18,"padding":10,"backgroundColor":"violet","textColor":"blue","borderColor":"red","borderSize":4,"borderRadius":70} -->
<p id="wp-block-themeisle-blocks-font-awesome-icons-f0c72af4" class="wp-block-themeisle-blocks-font-awesome-icons"><span class="wp-block-themeisle-blocks-font-awesome-icons-container"><i class="fas fa-angle-left"></i></span></p>
<!-- /wp:themeisle-blocks/font-awesome-icons -->

<!-- wp:themeisle-blocks/font-awesome-icons {"id":"wp-block-themeisle-blocks-font-awesome-icons-940c4ec9","prefix":"far","icon":"address-book","fontSize":18,"padding":10,"backgroundColor":"violet","textColor":"blue","borderColor":"red","borderSize":4,"borderRadius":70} -->
<p id="wp-block-themeisle-blocks-font-awesome-icons-940c4ec9" class="wp-block-themeisle-blocks-font-awesome-icons"><span class="wp-block-themeisle-blocks-font-awesome-icons-container"><i class="far fa-address-book"></i></span></p>
<!-- /wp:themeisle-blocks/font-awesome-icons -->

<!-- wp:themeisle-blocks/font-awesome-icons {"id":"wp-block-themeisle-blocks-font-awesome-icons-b7f37ce3","prefix":"fas","icon":"ship","fontSize":18,"padding":10,"backgroundColor":"violet","textColor":"blue","borderColor":"red","borderSize":4,"borderRadius":70} -->
<p id="wp-block-themeisle-blocks-font-awesome-icons-b7f37ce3" class="wp-block-themeisle-blocks-font-awesome-icons"><span class="wp-block-themeisle-blocks-font-awesome-icons-container"><i class="fas fa-ship"></i></span></p>
<!-- /wp:themeisle-blocks/font-awesome-icons -->

<!-- wp:themeisle-blocks/font-awesome-icons {"id":"wp-block-themeisle-blocks-font-awesome-icons-45b43cc3","prefix":"fas","icon":"phone-square-alt","fontSize":18,"padding":10,"backgroundColor":"violet","textColor":"blue","borderColor":"red","borderSize":4,"borderRadius":70} -->
<p id="wp-block-themeisle-blocks-font-awesome-icons-45b43cc3" class="wp-block-themeisle-blocks-font-awesome-icons"><span class="wp-block-themeisle-blocks-font-awesome-icons-container"><i class="fas fa-phone-square-alt"></i></span></p>
<!-- /wp:themeisle-blocks/font-awesome-icons -->

<!-- wp:themeisle-blocks/font-awesome-icons {"id":"wp-block-themeisle-blocks-font-awesome-icons-dad0db49","prefix":"fas","icon":"tint-slash","fontSize":18,"padding":10,"backgroundColor":"violet","textColor":"blue","borderColor":"red","borderSize":4,"borderRadius":70} -->
<p id="wp-block-themeisle-blocks-font-awesome-icons-dad0db49" class="wp-block-themeisle-blocks-font-awesome-icons"><span class="wp-block-themeisle-blocks-font-awesome-icons-container"><i class="fas fa-tint-slash"></i></span></p>
<!-- /wp:themeisle-blocks/font-awesome-icons -->

<!-- wp:themeisle-blocks/font-awesome-icons {"id":"wp-block-themeisle-blocks-font-awesome-icons-072c69ca","prefix":"fas","icon":"kiss-wink-heart","fontSize":18,"padding":10,"backgroundColor":"violet","textColor":"blue","borderColor":"red","borderSize":4,"borderRadius":70} -->
<p id="wp-block-themeisle-blocks-font-awesome-icons-072c69ca" class="wp-block-themeisle-blocks-font-awesome-icons"><span class="wp-block-themeisle-blocks-font-awesome-icons-container"><i class="fas fa-kiss-wink-heart"></i></span></p>
<!-- /wp:themeisle-blocks/font-awesome-icons -->

<!-- wp:themeisle-blocks/font-awesome-icons {"id":"wp-block-themeisle-blocks-font-awesome-icons-c20b45d4","icon":"500px","fontSize":18,"padding":10,"backgroundColor":"violet","textColor":"blue","borderColor":"red","borderSize":4,"borderRadius":70} -->
<p id="wp-block-themeisle-blocks-font-awesome-icons-c20b45d4" class="wp-block-themeisle-blocks-font-awesome-icons"><span class="wp-block-themeisle-blocks-font-awesome-icons-container"><i class="fab fa-500px"></i></span></p>
<!-- /wp:themeisle-blocks/font-awesome-icons -->

<!-- wp:themeisle-blocks/font-awesome-icons {"id":"wp-block-themeisle-blocks-font-awesome-icons-be9a4f66","prefix":"fas","icon":"draw-polygon","fontSize":18,"padding":10,"backgroundColor":"violet","textColor":"blue","borderColor":"red","borderSize":4,"borderRadius":70} -->
<p id="wp-block-themeisle-blocks-font-awesome-icons-be9a4f66" class="wp-block-themeisle-blocks-font-awesome-icons"><span class="wp-block-themeisle-blocks-font-awesome-icons-container"><i class="fas fa-draw-polygon"></i></span></p>
<!-- /wp:themeisle-blocks/font-awesome-icons -->

<!-- wp:themeisle-blocks/font-awesome-icons {"id":"wp-block-themeisle-blocks-font-awesome-icons-4dd708ea","icon":"acquisitions-incorporated","fontSize":18,"padding":10,"backgroundColor":"violet","textColor":"blue","borderColor":"red","borderSize":4,"borderRadius":70} -->
<p id="wp-block-themeisle-blocks-font-awesome-icons-4dd708ea" class="wp-block-themeisle-blocks-font-awesome-icons"><span class="wp-block-themeisle-blocks-font-awesome-icons-container"><i class="fab fa-acquisitions-incorporated"></i></span></p>
<!-- /wp:themeisle-blocks/font-awesome-icons -->

<!-- wp:themeisle-blocks/font-awesome-icons {"id":"wp-block-themeisle-blocks-font-awesome-icons-a802c560","prefix":"fas","icon":"forward","fontSize":18,"padding":10,"backgroundColor":"violet","textColor":"blue","borderColor":"red","borderSize":4,"borderRadius":70} -->
<p id="wp-block-themeisle-blocks-font-awesome-icons-a802c560" class="wp-block-themeisle-blocks-font-awesome-icons"><span class="wp-block-themeisle-blocks-font-awesome-icons-container"><i class="fas fa-forward"></i></span></p>
<!-- /wp:themeisle-blocks/font-awesome-icons -->

<!-- wp:themeisle-blocks/font-awesome-icons {"id":"wp-block-themeisle-blocks-font-awesome-icons-6e6e2628","prefix":"fas","icon":"hands","fontSize":18,"padding":10,"backgroundColor":"violet","textColor":"blue","borderColor":"red","borderSize":4,"borderRadius":70} -->
<p id="wp-block-themeisle-blocks-font-awesome-icons-6e6e2628" class="wp-block-themeisle-blocks-font-awesome-icons"><span class="wp-block-themeisle-blocks-font-awesome-icons-container"><i class="fas fa-hands"></i></span></p>
<!-- /wp:themeisle-blocks/font-awesome-icons -->

<!-- wp:themeisle-blocks/font-awesome-icons {"id":"wp-block-themeisle-blocks-font-awesome-icons-447725cb","prefix":"fas","icon":"smile-wink","fontSize":18,"padding":10,"backgroundColor":"violet","textColor":"blue","borderColor":"red","borderSize":4,"borderRadius":70} -->
<p id="wp-block-themeisle-blocks-font-awesome-icons-447725cb" class="wp-block-themeisle-blocks-font-awesome-icons"><span class="wp-block-themeisle-blocks-font-awesome-icons-container"><i class="fas fa-smile-wink"></i></span></p>
<!-- /wp:themeisle-blocks/font-awesome-icons -->

<!-- wp:themeisle-blocks/font-awesome-icons {"id":"wp-block-themeisle-blocks-font-awesome-icons-5cb033ab","prefix":"fas","icon":"researchgate","fontSize":18,"padding":10,"backgroundColor":"violet","textColor":"blue","borderColor":"red","borderSize":4,"borderRadius":70} -->
<p id="wp-block-themeisle-blocks-font-awesome-icons-5cb033ab" class="wp-block-themeisle-blocks-font-awesome-icons"><span class="wp-block-themeisle-blocks-font-awesome-icons-container"><i class="fas fa-researchgate"></i></span></p>
<!-- /wp:themeisle-blocks/font-awesome-icons -->

<!-- wp:themeisle-blocks/font-awesome-icons {"id":"wp-block-themeisle-blocks-font-awesome-icons-ca520ef4","prefix":"fas","icon":"car","fontSize":18,"padding":10,"backgroundColor":"violet","textColor":"blue","borderColor":"red","borderSize":4,"borderRadius":70} -->
<p id="wp-block-themeisle-blocks-font-awesome-icons-ca520ef4" class="wp-block-themeisle-blocks-font-awesome-icons"><span class="wp-block-themeisle-blocks-font-awesome-icons-container"><i class="fas fa-car"></i></span></p>
<!-- /wp:themeisle-blocks/font-awesome-icons -->

<!-- wp:themeisle-blocks/font-awesome-icons {"id":"wp-block-themeisle-blocks-font-awesome-icons-12385fc0","icon":"accessible-icon","fontSize":18,"padding":10,"backgroundColor":"violet","textColor":"blue","borderColor":"red","borderSize":4,"borderRadius":70} -->
<p id="wp-block-themeisle-blocks-font-awesome-icons-12385fc0" class="wp-block-themeisle-blocks-font-awesome-icons"><span class="wp-block-themeisle-blocks-font-awesome-icons-container"><i class="fab fa-accessible-icon"></i></span></p>
<!-- /wp:themeisle-blocks/font-awesome-icons -->

<!-- wp:themeisle-blocks/font-awesome-icons {"id":"wp-block-themeisle-blocks-font-awesome-icons-c5dd8f12","prefix":"fas","icon":"wine-bottle","fontSize":18,"padding":10,"backgroundColor":"violet","textColor":"blue","borderColor":"red","borderSize":4,"borderRadius":70} -->
<p id="wp-block-themeisle-blocks-font-awesome-icons-c5dd8f12" class="wp-block-themeisle-blocks-font-awesome-icons"><span class="wp-block-themeisle-blocks-font-awesome-icons-container"><i class="fas fa-wine-bottle"></i></span></p>
<!-- /wp:themeisle-blocks/font-awesome-icons -->

<!-- wp:themeisle-blocks/font-awesome-icons {"id":"wp-block-themeisle-blocks-font-awesome-icons-6c37e7ed","prefix":"fas","icon":"satellite","fontSize":18,"padding":10,"backgroundColor":"violet","textColor":"blue","borderColor":"red","borderSize":4,"borderRadius":70} -->
<p id="wp-block-themeisle-blocks-font-awesome-icons-6c37e7ed" class="wp-block-themeisle-blocks-font-awesome-icons"><span class="wp-block-themeisle-blocks-font-awesome-icons-container"><i class="fas fa-satellite"></i></span></p>
<!-- /wp:themeisle-blocks/font-awesome-icons -->

<!-- wp:themeisle-blocks/font-awesome-icons {"id":"wp-block-themeisle-blocks-font-awesome-icons-0866aa64","prefix":"fas","icon":"th","fontSize":18,"padding":10,"backgroundColor":"violet","textColor":"blue","borderColor":"red","borderSize":4,"borderRadius":70} -->
<p id="wp-block-themeisle-blocks-font-awesome-icons-0866aa64" class="wp-block-themeisle-blocks-font-awesome-icons"><span class="wp-block-themeisle-blocks-font-awesome-icons-container"><i class="fas fa-th"></i></span></p>
<!-- /wp:themeisle-blocks/font-awesome-icons -->

<!-- wp:themeisle-blocks/font-awesome-icons {"id":"wp-block-themeisle-blocks-font-awesome-icons-bae6d735","prefix":"far","icon":"address-book","fontSize":18,"padding":10,"backgroundColor":"violet","textColor":"blue","borderColor":"red","borderSize":4,"borderRadius":70} -->
<p id="wp-block-themeisle-blocks-font-awesome-icons-bae6d735" class="wp-block-themeisle-blocks-font-awesome-icons"><span class="wp-block-themeisle-blocks-font-awesome-icons-container"><i class="far fa-address-book"></i></span></p>
<!-- /wp:themeisle-blocks/font-awesome-icons -->

<!-- wp:themeisle-blocks/font-awesome-icons {"id":"wp-block-themeisle-blocks-font-awesome-icons-abd8f39b","prefix":"fas","icon":"angle-up","fontSize":18,"padding":10,"backgroundColor":"violet","textColor":"blue","borderColor":"red","borderSize":4,"borderRadius":70} -->
<p id="wp-block-themeisle-blocks-font-awesome-icons-abd8f39b" class="wp-block-themeisle-blocks-font-awesome-icons"><span class="wp-block-themeisle-blocks-font-awesome-icons-container"><i class="fas fa-angle-up"></i></span></p>
<!-- /wp:themeisle-blocks/font-awesome-icons -->

<!-- wp:themeisle-blocks/font-awesome-icons {"id":"wp-block-themeisle-blocks-font-awesome-icons-b0687e6f","prefix":"fas","icon":"bicycle","fontSize":18,"padding":10,"backgroundColor":"violet","textColor":"blue","borderColor":"red","borderSize":4,"borderRadius":70} -->
<p id="wp-block-themeisle-blocks-font-awesome-icons-b0687e6f" class="wp-block-themeisle-blocks-font-awesome-icons"><span class="wp-block-themeisle-blocks-font-awesome-icons-container"><i class="fas fa-bicycle"></i></span></p>
<!-- /wp:themeisle-blocks/font-awesome-icons -->

<!-- wp:themeisle-blocks/font-awesome-icons {"id":"wp-block-themeisle-blocks-font-awesome-icons-70bd0230","prefix":"fas","icon":"window-close","fontSize":18,"padding":10,"backgroundColor":"violet","textColor":"blue","borderColor":"red","borderSize":4,"borderRadius":70} -->
<p id="wp-block-themeisle-blocks-font-awesome-icons-70bd0230" class="wp-block-themeisle-blocks-font-awesome-icons"><span class="wp-block-themeisle-blocks-font-awesome-icons-container"><i class="fas fa-window-close"></i></span></p>
<!-- /wp:themeisle-blocks/font-awesome-icons -->

<!-- wp:themeisle-blocks/font-awesome-icons {"id":"wp-block-themeisle-blocks-font-awesome-icons-166ba4a8","prefix":"fas","icon":"align-center","fontSize":18,"padding":10,"backgroundColor":"violet","textColor":"blue","borderColor":"red","borderSize":4,"borderRadius":70} -->
<p id="wp-block-themeisle-blocks-font-awesome-icons-166ba4a8" class="wp-block-themeisle-blocks-font-awesome-icons"><span class="wp-block-themeisle-blocks-font-awesome-icons-container"><i class="fas fa-align-center"></i></span></p>
<!-- /wp:themeisle-blocks/font-awesome-icons -->

<!-- wp:themeisle-blocks/font-awesome-icons {"id":"wp-block-themeisle-blocks-font-awesome-icons-9c5b8982","prefix":"fas","icon":"mobile","fontSize":18,"padding":10,"backgroundColor":"violet","textColor":"blue","borderColor":"red","borderSize":4,"borderRadius":70} -->
<p id="wp-block-themeisle-blocks-font-awesome-icons-9c5b8982" class="wp-block-themeisle-blocks-font-awesome-icons"><span class="wp-block-themeisle-blocks-font-awesome-icons-container"><i class="fas fa-mobile"></i></span></p>
<!-- /wp:themeisle-blocks/font-awesome-icons -->

<!-- wp:themeisle-blocks/font-awesome-icons {"id":"wp-block-themeisle-blocks-font-awesome-icons-2b7a6d4b","prefix":"fas","icon":"quote-right","fontSize":18,"padding":10,"backgroundColor":"violet","textColor":"blue","borderColor":"red","borderSize":4,"borderRadius":70} -->
<p id="wp-block-themeisle-blocks-font-awesome-icons-2b7a6d4b" class="wp-block-themeisle-blocks-font-awesome-icons"><span class="wp-block-themeisle-blocks-font-awesome-icons-container"><i class="fas fa-quote-right"></i></span></p>
<!-- /wp:themeisle-blocks/font-awesome-icons -->

<!-- wp:themeisle-blocks/font-awesome-icons {"id":"wp-block-themeisle-blocks-font-awesome-icons-b2dc15b1","prefix":"far","icon":"address-book","fontSize":18,"padding":10,"backgroundColor":"violet","textColor":"blue","borderColor":"red","borderSize":4,"borderRadius":70} -->
<p id="wp-block-themeisle-blocks-font-awesome-icons-b2dc15b1" class="wp-block-themeisle-blocks-font-awesome-icons"><span class="wp-block-themeisle-blocks-font-awesome-icons-container"><i class="far fa-address-book"></i></span></p>
<!-- /wp:themeisle-blocks/font-awesome-icons -->

<!-- wp:themeisle-blocks/font-awesome-icons {"id":"wp-block-themeisle-blocks-font-awesome-icons-98c77910","prefix":"fas","icon":"sign-language","fontSize":18,"padding":10,"backgroundColor":"violet","textColor":"blue","borderColor":"red","borderSize":4,"borderRadius":70} -->
<p id="wp-block-themeisle-blocks-font-awesome-icons-98c77910" class="wp-block-themeisle-blocks-font-awesome-icons"><span class="wp-block-themeisle-blocks-font-awesome-icons-container"><i class="fas fa-sign-language"></i></span></p>
<!-- /wp:themeisle-blocks/font-awesome-icons -->

<!-- wp:themeisle-blocks/font-awesome-icons {"id":"wp-block-themeisle-blocks-font-awesome-icons-671c27eb","prefix":"fas","icon":"store-alt","fontSize":18,"padding":10,"backgroundColor":"violet","textColor":"blue","borderColor":"red","borderSize":4,"borderRadius":70} -->
<p id="wp-block-themeisle-blocks-font-awesome-icons-671c27eb" class="wp-block-themeisle-blocks-font-awesome-icons"><span class="wp-block-themeisle-blocks-font-awesome-icons-container"><i class="fas fa-store-alt"></i></span></p>
<!-- /wp:themeisle-blocks/font-awesome-icons -->

<!-- wp:themeisle-blocks/font-awesome-icons {"id":"wp-block-themeisle-blocks-font-awesome-icons-fbe15b1b","icon":"500px","fontSize":18,"padding":10,"backgroundColor":"violet","textColor":"blue","borderColor":"red","borderSize":4,"borderRadius":70} -->
<p id="wp-block-themeisle-blocks-font-awesome-icons-fbe15b1b" class="wp-block-themeisle-blocks-font-awesome-icons"><span class="wp-block-themeisle-blocks-font-awesome-icons-container"><i class="fab fa-500px"></i></span></p>
<!-- /wp:themeisle-blocks/font-awesome-icons -->

<!-- wp:themeisle-blocks/font-awesome-icons {"id":"wp-block-themeisle-blocks-font-awesome-icons-764dc0aa","prefix":"fas","icon":"chevron-down","fontSize":18,"padding":10,"backgroundColor":"violet","textColor":"blue","borderColor":"red","borderSize":4,"borderRadius":70} -->
<p id="wp-block-themeisle-blocks-font-awesome-icons-764dc0aa" class="wp-block-themeisle-blocks-font-awesome-icons"><span class="wp-block-themeisle-blocks-font-awesome-icons-container"><i class="fas fa-chevron-down"></i></span></p>
<!-- /wp:themeisle-blocks/font-awesome-icons -->

<!-- wp:themeisle-blocks/font-awesome-icons {"id":"wp-block-themeisle-blocks-font-awesome-icons-26e83051","prefix":"fas","icon":"map-marked","fontSize":18,"padding":10,"backgroundColor":"violet","textColor":"blue","borderColor":"red","borderSize":4,"borderRadius":70} -->
<p id="wp-block-themeisle-blocks-font-awesome-icons-26e83051" class="wp-block-themeisle-blocks-font-awesome-icons"><span class="wp-block-themeisle-blocks-font-awesome-icons-container"><i class="fas fa-map-marked"></i></span></p>
<!-- /wp:themeisle-blocks/font-awesome-icons -->

<!-- wp:themeisle-blocks/font-awesome-icons {"id":"wp-block-themeisle-blocks-font-awesome-icons-7843bc71","prefix":"fas","icon":"hat-cowboy","fontSize":18,"padding":10,"backgroundColor":"violet","textColor":"blue","borderColor":"red","borderSize":4,"borderRadius":70} -->
<p id="wp-block-themeisle-blocks-font-awesome-icons-7843bc71" class="wp-block-themeisle-blocks-font-awesome-icons"><span class="wp-block-themeisle-blocks-font-awesome-icons-container"><i class="fas fa-hat-cowboy"></i></span></p>
<!-- /wp:themeisle-blocks/font-awesome-icons -->

<!-- wp:themeisle-blocks/font-awesome-icons {"id":"wp-block-themeisle-blocks-font-awesome-icons-12bf62eb","prefix":"fas","icon":"mars-double","fontSize":18,"padding":10,"backgroundColor":"violet","textColor":"blue","borderColor":"red","borderSize":4,"borderRadius":70} -->
<p id="wp-block-themeisle-blocks-font-awesome-icons-12bf62eb" class="wp-block-themeisle-blocks-font-awesome-icons"><span class="wp-block-themeisle-blocks-font-awesome-icons-container"><i class="fas fa-mars-double"></i></span></p>
<!-- /wp:themeisle-blocks/font-awesome-icons -->

<!-- wp:themeisle-blocks/font-awesome-icons {"id":"wp-block-themeisle-blocks-font-awesome-icons-f259fa82","prefix":"fas","icon":"minus-square","fontSize":18,"padding":10,"backgroundColor":"violet","textColor":"blue","borderColor":"red","borderSize":4,"borderRadius":70} -->
<p id="wp-block-themeisle-blocks-font-awesome-icons-f259fa82" class="wp-block-themeisle-blocks-font-awesome-icons"><span class="wp-block-themeisle-blocks-font-awesome-icons-container"><i class="fas fa-minus-square"></i></span></p>
<!-- /wp:themeisle-blocks/font-awesome-icons -->

<!-- wp:themeisle-blocks/font-awesome-icons {"id":"wp-block-themeisle-blocks-font-awesome-icons-e1e9f409","prefix":"fas","icon":"hand-holding-medical","fontSize":18,"padding":10,"backgroundColor":"violet","textColor":"blue","borderColor":"red","borderSize":4,"borderRadius":70} -->
<p id="wp-block-themeisle-blocks-font-awesome-icons-e1e9f409" class="wp-block-themeisle-blocks-font-awesome-icons"><span class="wp-block-themeisle-blocks-font-awesome-icons-container"><i class="fas fa-hand-holding-medical"></i></span></p>
<!-- /wp:themeisle-blocks/font-awesome-icons -->

<!-- wp:themeisle-blocks/font-awesome-icons {"id":"wp-block-themeisle-blocks-font-awesome-icons-880f405f","library":"themeisle-icons","icon":"bookmark","fontSize":18,"padding":10,"backgroundColor":"violet","textColor":"blue","borderColor":"red","borderSize":4,"borderRadius":70} -->
<p id="wp-block-themeisle-blocks-font-awesome-icons-880f405f" class="wp-block-themeisle-blocks-font-awesome-icons"><span class="wp-block-themeisle-blocks-font-awesome-icons-container"><svg xmlns="http://www.w3.org/2000/svg" viewBox="0 0 1800 1800" aria-hidden="true"><path d="M1711.665,9.238H88.343c-43.62,0-79.105,35.478-79.105,79.089v1623.338 c0,43.611,35.486,79.099,79.105,79.099h1623.322c43.611,0,79.099-35.487,79.099-79.099V88.327 C1790.764,44.715,1755.276,9.238,1711.665,9.238z M1209.058,73.28h220.448v608.01l-85.529-109.984 c-5.927-7.619-15.038-12.079-24.69-12.079s-18.765,4.456-24.69,12.079l-85.538,109.988V73.28z M71.796,1711.665V88.327 c0-9.112,7.423-16.53,16.547-16.53h245.4v1656.407h-245.4C79.219,1728.203,71.796,1720.785,71.796,1711.665z M504.532,1728.203 h-108.23V71.796h108.23V1728.203z M1728.203,1711.665c0,9.12-7.418,16.538-16.538,16.538H567.09V71.796h579.409v700.058 c0,17.277,13.999,31.28,31.279,31.28h0.479c9.662,0,18.773-4.459,24.7-12.079l116.328-149.594l116.319,149.594 c5.926,7.62,15.039,12.079,24.69,12.079h0.489c17.271,0,31.278-14.003,31.278-31.28V71.796h219.602 c9.12,0,16.538,7.418,16.538,16.53V1711.665z"></path></svg></span></p>
<!-- /wp:themeisle-blocks/font-awesome-icons -->

<!-- wp:themeisle-blocks/font-awesome-icons {"id":"wp-block-themeisle-blocks-font-awesome-icons-66b44385","library":"themeisle-icons","icon":"download","fontSize":18,"padding":10,"backgroundColor":"violet","textColor":"blue","borderColor":"red","borderSize":4,"borderRadius":70} -->
<p id="wp-block-themeisle-blocks-font-awesome-icons-66b44385" class="wp-block-themeisle-blocks-font-awesome-icons"><span class="wp-block-themeisle-blocks-font-awesome-icons-container"><svg xmlns="http://www.w3.org/2000/svg" viewBox="0 0 1800 1800" aria-hidden="true"><path d="M899.996,1.402C404.51,1.402,1.403,404.513,1.403,900.003c0,495.485,403.107,898.595,898.592,898.595 c495.489,0,898.6-403.109,898.6-898.595C1798.596,404.513,1395.484,1.402,899.996,1.402z M899.996,1735.555 c-460.721,0-835.546-374.826-835.546-835.552c0-460.726,374.825-835.556,835.546-835.556c460.724,0,835.555,374.83,835.555,835.556 C1735.551,1360.729,1360.72,1735.555,899.996,1735.555z"></path><path d="M1178.01,942.664h-151.185V603.598c0-17.411-14.112-31.522-31.522-31.522H797.969 c-17.411,0-31.522,14.111-31.522,31.522v339.066H615.253c-11.896,0-22.781,6.698-28.141,17.319 c-5.361,10.624-4.283,23.36,2.779,32.929l281.383,381.16c5.946,8.056,15.356,12.805,25.362,12.805 c10.005,0,19.417-4.749,25.361-12.805l281.375-381.16c7.062-9.568,8.14-22.305,2.779-32.929 C1200.79,949.362,1189.906,942.664,1178.01,942.664z M896.636,1302.273L677.705,1005.71h120.264 c17.41,0,31.523-14.106,31.523-31.522V635.12H963.78v339.067c0,17.416,14.112,31.522,31.522,31.522h120.256L896.636,1302.273z"></path><path d="M794.556,529.751h204.15c17.411,0,31.522-14.113,31.522-31.523s-14.111-31.522-31.522-31.522h-204.15 c-17.411,0-31.523,14.112-31.523,31.522S777.145,529.751,794.556,529.751z"></path></svg></span></p>
<!-- /wp:themeisle-blocks/font-awesome-icons -->

<!-- wp:themeisle-blocks/font-awesome-icons {"id":"wp-block-themeisle-blocks-font-awesome-icons-60e9f430","library":"themeisle-icons","icon":"music","fontSize":18,"padding":10,"backgroundColor":"violet","textColor":"blue","borderColor":"red","borderSize":4,"borderRadius":70} -->
<p id="wp-block-themeisle-blocks-font-awesome-icons-60e9f430" class="wp-block-themeisle-blocks-font-awesome-icons"><span class="wp-block-themeisle-blocks-font-awesome-icons-container"><svg xmlns="http://www.w3.org/2000/svg" viewBox="0 0 1800 1800" aria-hidden="true"><path d="M1674.102,313.758V35.517c0-0.531-0.053-1.05-0.08-1.573c0.212-3.68-0.184-7.458-1.348-11.182 c-5.178-16.602-22.839-25.852-39.428-20.683L569.624,333.772c-1.089,0.334-2.151,0.72-3.184,1.16 c-0.084,0.035-0.154,0.079-0.238,0.114c-0.856,0.378-1.691,0.782-2.507,1.226c-0.439,0.242-0.853,0.518-1.279,0.777 c-0.435,0.263-0.878,0.519-1.295,0.804c-0.527,0.356-1.023,0.751-1.529,1.138c-0.294,0.229-0.602,0.443-0.892,0.685 c-0.496,0.413-0.958,0.857-1.428,1.301c-0.272,0.254-0.553,0.496-0.816,0.76c-0.409,0.417-0.786,0.855-1.173,1.291 c-0.294,0.329-0.598,0.655-0.879,0.998c-0.302,0.377-0.583,0.773-0.869,1.164c-0.32,0.435-0.655,0.866-0.953,1.313 c-0.215,0.325-0.404,0.663-0.606,0.992c-0.329,0.544-0.663,1.085-0.962,1.647c-0.149,0.281-0.277,0.575-0.417,0.861 c-0.308,0.623-0.615,1.251-0.878,1.893c-0.124,0.299-0.22,0.602-0.329,0.901c-0.242,0.641-0.488,1.282-0.69,1.945 c-0.136,0.448-0.232,0.909-0.351,1.366c-0.132,0.519-0.281,1.028-0.386,1.555c-0.184,0.905-0.316,1.823-0.417,2.75 c-0.013,0.088-0.03,0.171-0.039,0.263c-0.114,1.125-0.171,2.258-0.163,3.4v281.451c0,0.119,0,0.242,0,0.365v748.525 c-44.338-48.791-108.277-79.475-179.244-79.475c-133.55,0-242.2,108.656-242.2,242.209c0,133.554,108.65,242.203,242.2,242.203 c133.553,0,242.208-108.649,242.208-242.203V668.854l1000.829-312.107v709.3c-44.338-48.791-108.273-79.465-179.24-79.465 c-133.553,0-242.203,108.646-242.203,242.199c0,133.557,108.65,242.213,242.203,242.213c133.555,0,242.205-108.656,242.205-242.213 V314.122C1674.102,313.999,1674.102,313.88,1674.102,313.758z M368.1,1736.388c-98.83,0-179.235-80.405-179.235-179.239 c0-98.835,80.405-179.244,179.235-179.244c98.833,0,179.244,80.409,179.244,179.244 C547.344,1655.982,466.934,1736.388,368.1,1736.388z M1431.896,1408.029c-98.832,0-179.239-80.41-179.239-179.248 c0-98.835,80.407-179.239,179.239-179.239c98.834,0,179.24,80.404,179.24,179.239 C1611.137,1327.619,1530.73,1408.029,1431.896,1408.029z M610.308,602.899v-215.86L1611.137,74.931v215.861L610.308,602.899z"></path></svg></span></p>
<!-- /wp:themeisle-blocks/font-awesome-icons -->

<!-- wp:themeisle-blocks/font-awesome-icons {"id":"wp-block-themeisle-blocks-font-awesome-icons-abefded9","prefix":"fas","icon":"dice-d20","fontSize":18,"padding":10,"backgroundColor":"violet","textColor":"blue","borderColor":"red","borderSize":4,"borderRadius":70} -->
<p id="wp-block-themeisle-blocks-font-awesome-icons-abefded9" class="wp-block-themeisle-blocks-font-awesome-icons"><span class="wp-block-themeisle-blocks-font-awesome-icons-container"><i class="fas fa-dice-d20"></i></span></p>
<!-- /wp:themeisle-blocks/font-awesome-icons -->

<!-- wp:themeisle-blocks/font-awesome-icons {"id":"wp-block-themeisle-blocks-font-awesome-icons-893809b2","library":"themeisle-icons","icon":"briefcase","fontSize":18,"padding":10,"backgroundColor":"violet","textColor":"blue","borderColor":"red","borderSize":4,"borderRadius":70} -->
<p id="wp-block-themeisle-blocks-font-awesome-icons-893809b2" class="wp-block-themeisle-blocks-font-awesome-icons"><span class="wp-block-themeisle-blocks-font-awesome-icons-container"><svg xmlns="http://www.w3.org/2000/svg" viewBox="0 0 1800 1800" aria-hidden="true"><path d="M1709.277,268.688h-515.642c1.962-7.174,3.1-14.691,3.1-22.48v-74.93c0-47.103-38.321-85.424-85.424-85.424 H688.688c-47.103,0-85.423,38.321-85.423,85.424v74.93c0,7.789,1.137,15.306,3.1,22.48H90.723 c-47.103,0-85.424,38.321-85.424,85.424v659.412c0,47.103,38.321,85.424,85.424,85.424h43.563c-1.962,7.179-3.1,14.691-3.1,22.48 v507.295c0,47.103,38.321,85.424,85.424,85.424H1583.39c47.103,0,85.424-38.321,85.424-85.424v-507.295 c0-7.789-1.137-15.302-3.1-22.48h43.563c47.103,0,85.424-38.321,85.424-85.424V354.111 C1794.701,307.009,1756.38,268.688,1709.277,268.688z M1433.147,1036.004v62.943v54.413c0,12.395-10.085,22.479-22.479,22.479 h-47.959c-12.395,0-22.48-10.085-22.48-22.479v-54.413v-62.943v-92.919c0-12.395,10.086-22.479,22.48-22.479h47.959 c12.395,0,22.479,10.085,22.479,22.479V1036.004z M666.209,246.208v-74.93c0-12.395,10.085-22.48,22.479-22.48h422.623 c12.395,0,22.479,10.085,22.479,22.48v74.93c0,12.395-10.085,22.48-22.479,22.48H688.688 C676.294,268.688,666.209,258.602,666.209,246.208z M688.688,331.631h422.623h243.902v526.408 c-43.599,3.815-77.929,40.473-77.929,85.046v92.919H522.71v-92.919c0-44.573-34.33-81.23-77.933-85.046V331.631H688.688z M459.767,1098.947v54.413c0,12.395-10.085,22.479-22.479,22.479h-47.959c-12.395,0-22.48-10.085-22.48-22.479v-54.413v-62.943 v-92.919c0-12.395,10.085-22.479,22.48-22.479h47.959c12.395,0,22.479,10.085,22.479,22.479v92.919V1098.947z M90.723,1036.004 c-12.395,0-22.479-10.086-22.479-22.48V354.111c0-12.395,10.085-22.48,22.479-22.48h291.111v526.408 c-43.599,3.815-77.929,40.473-77.929,85.046v92.919H216.61H90.723z M1605.87,1121.428v507.295c0,12.395-10.086,22.48-22.48,22.48 H216.61c-12.395,0-22.48-10.086-22.48-22.48v-507.295c0-12.396,10.085-22.48,22.48-22.48h87.294v54.413 c0,47.103,38.321,85.424,85.424,85.424h47.959c47.102,0,85.423-38.321,85.423-85.424v-54.413h754.575v54.413 c0,47.103,38.321,85.424,85.424,85.424h47.959c47.103,0,85.423-38.321,85.423-85.424v-54.413h87.299 C1595.784,1098.947,1605.87,1109.032,1605.87,1121.428z M1731.757,1013.523c0,12.395-10.085,22.48-22.479,22.48H1583.39h-87.299 v-92.919c0-44.573-34.33-81.23-77.933-85.046V331.631h291.119c12.395,0,22.479,10.085,22.479,22.48V1013.523z"></path></svg></span></p>
<!-- /wp:themeisle-blocks/font-awesome-icons -->

<!-- wp:themeisle-blocks/font-awesome-icons {"id":"wp-block-themeisle-blocks-font-awesome-icons-927664fa","library":"themeisle-icons","icon":"idea","fontSize":18,"padding":10,"backgroundColor":"violet","textColor":"blue","borderColor":"red","borderSize":4,"borderRadius":70} -->
<p id="wp-block-themeisle-blocks-font-awesome-icons-927664fa" class="wp-block-themeisle-blocks-font-awesome-icons"><span class="wp-block-themeisle-blocks-font-awesome-icons-container"><svg xmlns="http://www.w3.org/2000/svg" viewBox="0 0 1800 1800" aria-hidden="true"><path d="M900.114,54.882c-329.509,0-597.583,268.077-597.583,597.59c0,219.592,118.159,418.518,309.714,523.794 v152.835h-0.127v122.121h-0.172v185.238h172.682c3.58,60.518,53.924,108.656,115.315,108.656 c61.39,0,111.736-48.139,115.31-108.656h172.571v-122.122h0.177v-185.237h-0.019v-152.835 c191.557-105.276,309.715-304.203,309.715-523.794C1497.697,322.959,1229.623,54.882,900.114,54.882z M675.235,1392.218h449.649 v59.005H675.235V1392.218z M899.943,1682.002c-29.441,0-48.627-22.507-51.876-45.541h103.788 C948.464,1662.119,926.504,1682.002,899.943,1682.002z M1124.708,1573.344H675.063v-59.005h449.645V1573.344z M1142.116,1129.132 l-17.25,8.778v189.457H931.559V861l187.201-187.21c12.323-12.323,12.323-32.302-0.005-44.63 c-12.318-12.318-32.302-12.323-44.629,0.004L900,803.299L725.875,629.165c-12.323-12.323-32.307-12.328-44.63-0.004 c-12.328,12.328-12.328,32.307-0.005,44.63L868.441,861v466.367H675.362V1137.91l-17.249-8.778 c-180.4-91.778-292.465-274.427-292.465-476.66c0-294.71,239.761-534.471,534.466-534.471 c294.706,0,534.466,239.761,534.466,534.471C1434.58,854.705,1322.516,1037.354,1142.116,1129.132z"></path><path d="M1066.667,246.225c-17.43,0-31.558,14.128-31.558,31.559s14.128,31.558,31.558,31.558 c49.641,0,165.99,59.634,165.99,175.279c0,17.431,14.128,31.559,31.558,31.559c17.431,0,31.559-14.128,31.559-31.559 C1295.773,328.101,1146.624,246.225,1066.667,246.225z"></path><path d="M209.331,712.881c0-17.43-14.128-31.558-31.558-31.558H34.686c-17.43,0-31.558,14.128-31.558,31.558 s14.128,31.558,31.558,31.558h143.087C195.203,744.439,209.331,730.312,209.331,712.881z"></path><path d="M220.157,300.096c6.164,6.163,14.239,9.245,22.317,9.245c8.075,0,16.153-3.082,22.313-9.241 c12.328-12.328,12.328-32.307,0.004-44.629L163.623,154.297c-12.318-12.319-32.303-12.323-44.63-0.004 c-12.327,12.327-12.327,32.307-0.004,44.63L220.157,300.096z"></path><path d="M220.17,1125.662l-101.178,101.174c-12.327,12.327-12.327,32.307-0.004,44.634 c6.164,6.164,14.238,9.246,22.317,9.246c8.074,0,16.153-3.082,22.312-9.246l101.179-101.173 c12.327-12.327,12.327-32.307,0.004-44.625C252.478,1113.344,232.493,1113.344,220.17,1125.662z"></path><path d="M1765.314,681.323h-143.083c-17.43,0-31.559,14.128-31.559,31.558s14.129,31.558,31.559,31.558h143.083 c17.43,0,31.558-14.128,31.558-31.558S1782.744,681.323,1765.314,681.323z"></path><path d="M1557.521,309.341c8.074,0,16.153-3.082,22.316-9.241l101.174-101.173 c12.322-12.327,12.322-32.307,0-44.634c-12.328-12.319-32.307-12.319-44.635,0l-101.173,101.173 c-12.323,12.328-12.323,32.307,0,44.634C1541.368,306.259,1549.447,309.341,1557.521,309.341z"></path><path d="M1579.829,1125.662c-12.318-12.318-32.302-12.318-44.63,0.01c-12.323,12.318-12.323,32.298,0.005,44.625 l101.178,101.173c6.159,6.164,14.238,9.246,22.312,9.246c8.075,0,16.154-3.082,22.318-9.246 c12.322-12.327,12.322-32.307-0.005-44.634L1579.829,1125.662z"></path></svg></span></p>
<!-- /wp:themeisle-blocks/font-awesome-icons -->

<!-- wp:themeisle-blocks/font-awesome-icons {"id":"wp-block-themeisle-blocks-font-awesome-icons-a077cbbf","prefix":"fas","icon":"grimace","fontSize":18,"padding":10,"backgroundColor":"violet","textColor":"blue","borderColor":"red","borderSize":4,"borderRadius":70} -->
<p id="wp-block-themeisle-blocks-font-awesome-icons-a077cbbf" class="wp-block-themeisle-blocks-font-awesome-icons"><span class="wp-block-themeisle-blocks-font-awesome-icons-container"><i class="fas fa-grimace"></i></span></p>
<!-- /wp:themeisle-blocks/font-awesome-icons -->

<!-- wp:themeisle-blocks/font-awesome-icons {"id":"wp-block-themeisle-blocks-font-awesome-icons-137854a2","prefix":"fas","icon":"weixin","fontSize":18,"padding":10,"backgroundColor":"violet","textColor":"blue","borderColor":"red","borderSize":4,"borderRadius":70} -->
<p id="wp-block-themeisle-blocks-font-awesome-icons-137854a2" class="wp-block-themeisle-blocks-font-awesome-icons"><span class="wp-block-themeisle-blocks-font-awesome-icons-container"><i class="fas fa-weixin"></i></span></p>
<!-- /wp:themeisle-blocks/font-awesome-icons -->

<!-- wp:themeisle-blocks/font-awesome-icons {"id":"wp-block-themeisle-blocks-font-awesome-icons-f4c5058f","prefix":"fas","icon":"audio-description","fontSize":18,"padding":10,"backgroundColor":"violet","textColor":"blue","borderColor":"red","borderSize":4,"borderRadius":70} -->
<p id="wp-block-themeisle-blocks-font-awesome-icons-f4c5058f" class="wp-block-themeisle-blocks-font-awesome-icons"><span class="wp-block-themeisle-blocks-font-awesome-icons-container"><i class="fas fa-audio-description"></i></span></p>
<!-- /wp:themeisle-blocks/font-awesome-icons -->

<!-- wp:themeisle-blocks/font-awesome-icons {"id":"wp-block-themeisle-blocks-font-awesome-icons-8bc8c0e4","library":"themeisle-icons","icon":"bookmark","fontSize":18,"padding":10,"backgroundColor":"violet","textColor":"blue","borderColor":"red","borderSize":4,"borderRadius":70} -->
<p id="wp-block-themeisle-blocks-font-awesome-icons-8bc8c0e4" class="wp-block-themeisle-blocks-font-awesome-icons"><span class="wp-block-themeisle-blocks-font-awesome-icons-container"><svg xmlns="http://www.w3.org/2000/svg" viewBox="0 0 1800 1800" aria-hidden="true"><path d="M1711.665,9.238H88.343c-43.62,0-79.105,35.478-79.105,79.089v1623.338 c0,43.611,35.486,79.099,79.105,79.099h1623.322c43.611,0,79.099-35.487,79.099-79.099V88.327 C1790.764,44.715,1755.276,9.238,1711.665,9.238z M1209.058,73.28h220.448v608.01l-85.529-109.984 c-5.927-7.619-15.038-12.079-24.69-12.079s-18.765,4.456-24.69,12.079l-85.538,109.988V73.28z M71.796,1711.665V88.327 c0-9.112,7.423-16.53,16.547-16.53h245.4v1656.407h-245.4C79.219,1728.203,71.796,1720.785,71.796,1711.665z M504.532,1728.203 h-108.23V71.796h108.23V1728.203z M1728.203,1711.665c0,9.12-7.418,16.538-16.538,16.538H567.09V71.796h579.409v700.058 c0,17.277,13.999,31.28,31.279,31.28h0.479c9.662,0,18.773-4.459,24.7-12.079l116.328-149.594l116.319,149.594 c5.926,7.62,15.039,12.079,24.69,12.079h0.489c17.271,0,31.278-14.003,31.278-31.28V71.796h219.602 c9.12,0,16.538,7.418,16.538,16.53V1711.665z"></path></svg></span></p>
<!-- /wp:themeisle-blocks/font-awesome-icons -->

<!-- wp:themeisle-blocks/font-awesome-icons {"id":"wp-block-themeisle-blocks-font-awesome-icons-662eac79","icon":"500px","fontSize":18,"padding":10,"backgroundColor":"violet","textColor":"blue","borderColor":"red","borderSize":4,"borderRadius":70} -->
<p id="wp-block-themeisle-blocks-font-awesome-icons-662eac79" class="wp-block-themeisle-blocks-font-awesome-icons"><span class="wp-block-themeisle-blocks-font-awesome-icons-container"><i class="fab fa-500px"></i></span></p>
<!-- /wp:themeisle-blocks/font-awesome-icons -->

<!-- wp:themeisle-blocks/font-awesome-icons {"id":"wp-block-themeisle-blocks-font-awesome-icons-38aeb583","prefix":"fas","icon":"lungs-virus","fontSize":18,"padding":10,"backgroundColor":"violet","textColor":"blue","borderColor":"red","borderSize":4,"borderRadius":70} -->
<p id="wp-block-themeisle-blocks-font-awesome-icons-38aeb583" class="wp-block-themeisle-blocks-font-awesome-icons"><span class="wp-block-themeisle-blocks-font-awesome-icons-container"><i class="fas fa-lungs-virus"></i></span></p>
<!-- /wp:themeisle-blocks/font-awesome-icons -->

<!-- wp:themeisle-blocks/font-awesome-icons {"id":"wp-block-themeisle-blocks-font-awesome-icons-545631dc","prefix":"fas","icon":"cat","fontSize":18,"padding":10,"backgroundColor":"violet","textColor":"blue","borderColor":"red","borderSize":4,"borderRadius":70} -->
<p id="wp-block-themeisle-blocks-font-awesome-icons-545631dc" class="wp-block-themeisle-blocks-font-awesome-icons"><span class="wp-block-themeisle-blocks-font-awesome-icons-container"><i class="fas fa-cat"></i></span></p>
<!-- /wp:themeisle-blocks/font-awesome-icons -->

<!-- wp:themeisle-blocks/font-awesome-icons {"id":"wp-block-themeisle-blocks-font-awesome-icons-30eb7cd4","prefix":"fas","icon":"water","fontSize":18,"padding":10,"backgroundColor":"violet","textColor":"blue","borderColor":"red","borderSize":4,"borderRadius":70} -->
<p id="wp-block-themeisle-blocks-font-awesome-icons-30eb7cd4" class="wp-block-themeisle-blocks-font-awesome-icons"><span class="wp-block-themeisle-blocks-font-awesome-icons-container"><i class="fas fa-water"></i></span></p>
<!-- /wp:themeisle-blocks/font-awesome-icons -->

<!-- wp:themeisle-blocks/font-awesome-icons {"id":"wp-block-themeisle-blocks-font-awesome-icons-81abdeec","prefix":"fas","icon":"undo","fontSize":18,"padding":10,"backgroundColor":"violet","textColor":"blue","borderColor":"red","borderSize":4,"borderRadius":70} -->
<p id="wp-block-themeisle-blocks-font-awesome-icons-81abdeec" class="wp-block-themeisle-blocks-font-awesome-icons"><span class="wp-block-themeisle-blocks-font-awesome-icons-container"><i class="fas fa-undo"></i></span></p>
<!-- /wp:themeisle-blocks/font-awesome-icons -->

<!-- wp:themeisle-blocks/font-awesome-icons {"id":"wp-block-themeisle-blocks-font-awesome-icons-a4b3e522","prefix":"fas","icon":"angle-left","fontSize":18,"padding":10,"backgroundColor":"violet","textColor":"blue","borderColor":"red","borderSize":4,"borderRadius":70} -->
<p id="wp-block-themeisle-blocks-font-awesome-icons-a4b3e522" class="wp-block-themeisle-blocks-font-awesome-icons"><span class="wp-block-themeisle-blocks-font-awesome-icons-container"><i class="fas fa-angle-left"></i></span></p>
<!-- /wp:themeisle-blocks/font-awesome-icons -->

<!-- wp:themeisle-blocks/font-awesome-icons {"id":"wp-block-themeisle-blocks-font-awesome-icons-4481db9f","prefix":"far","icon":"address-book","fontSize":18,"padding":10,"backgroundColor":"violet","textColor":"blue","borderColor":"red","borderSize":4,"borderRadius":70} -->
<p id="wp-block-themeisle-blocks-font-awesome-icons-4481db9f" class="wp-block-themeisle-blocks-font-awesome-icons"><span class="wp-block-themeisle-blocks-font-awesome-icons-container"><i class="far fa-address-book"></i></span></p>
<!-- /wp:themeisle-blocks/font-awesome-icons -->

<!-- wp:themeisle-blocks/font-awesome-icons {"id":"wp-block-themeisle-blocks-font-awesome-icons-05c2858f","prefix":"fas","icon":"ship","fontSize":18,"padding":10,"backgroundColor":"violet","textColor":"blue","borderColor":"red","borderSize":4,"borderRadius":70} -->
<p id="wp-block-themeisle-blocks-font-awesome-icons-05c2858f" class="wp-block-themeisle-blocks-font-awesome-icons"><span class="wp-block-themeisle-blocks-font-awesome-icons-container"><i class="fas fa-ship"></i></span></p>
<!-- /wp:themeisle-blocks/font-awesome-icons -->

<!-- wp:themeisle-blocks/font-awesome-icons {"id":"wp-block-themeisle-blocks-font-awesome-icons-0738a992","prefix":"fas","icon":"phone-square-alt","fontSize":18,"padding":10,"backgroundColor":"violet","textColor":"blue","borderColor":"red","borderSize":4,"borderRadius":70} -->
<p id="wp-block-themeisle-blocks-font-awesome-icons-0738a992" class="wp-block-themeisle-blocks-font-awesome-icons"><span class="wp-block-themeisle-blocks-font-awesome-icons-container"><i class="fas fa-phone-square-alt"></i></span></p>
<!-- /wp:themeisle-blocks/font-awesome-icons -->]]></content:encoded>
		<excerpt:encoded><![CDATA[]]></excerpt:encoded>
		<wp:post_id>184</wp:post_id>
		<wp:post_date><![CDATA[2022-05-09 09:10:16]]></wp:post_date>
		<wp:post_date_gmt><![CDATA[2022-05-09 09:10:16]]></wp:post_date_gmt>
		<wp:post_modified><![CDATA[2022-05-09 09:16:47]]></wp:post_modified>
		<wp:post_modified_gmt><![CDATA[2022-05-09 09:16:47]]></wp:post_modified_gmt>
		<wp:comment_status><![CDATA[open]]></wp:comment_status>
		<wp:ping_status><![CDATA[open]]></wp:ping_status>
		<wp:post_name><![CDATA[test-60-icons]]></wp:post_name>
		<wp:status><![CDATA[publish]]></wp:status>
		<wp:post_parent>0</wp:post_parent>
		<wp:menu_order>0</wp:menu_order>
		<wp:post_type><![CDATA[post]]></wp:post_type>
		<wp:post_password><![CDATA[]]></wp:post_password>
		<wp:is_sticky>0</wp:is_sticky>
										<category domain="category" nicename="uncategorized"><![CDATA[Uncategorized]]></category>
						<wp:postmeta>
		<wp:meta_key><![CDATA[nb_of_words]]></wp:meta_key>
		<wp:meta_value><![CDATA[1]]></wp:meta_value>
		</wp:postmeta>
							<wp:postmeta>
		<wp:meta_key><![CDATA[custom-layout-options-should-expire]]></wp:meta_key>
		<wp:meta_value><![CDATA[]]></wp:meta_value>
		</wp:postmeta>
							<wp:postmeta>
		<wp:meta_key><![CDATA[neve_meta_sidebar]]></wp:meta_key>
		<wp:meta_value><![CDATA[]]></wp:meta_value>
		</wp:postmeta>
							<wp:postmeta>
		<wp:meta_key><![CDATA[neve_meta_container]]></wp:meta_key>
		<wp:meta_value><![CDATA[]]></wp:meta_value>
		</wp:postmeta>
							<wp:postmeta>
		<wp:meta_key><![CDATA[neve_meta_enable_content_width]]></wp:meta_key>
		<wp:meta_value><![CDATA[]]></wp:meta_value>
		</wp:postmeta>
							<wp:postmeta>
		<wp:meta_key><![CDATA[neve_meta_content_width]]></wp:meta_key>
		<wp:meta_value><![CDATA[0]]></wp:meta_value>
		</wp:postmeta>
							<wp:postmeta>
		<wp:meta_key><![CDATA[neve_meta_title_alignment]]></wp:meta_key>
		<wp:meta_value><![CDATA[]]></wp:meta_value>
		</wp:postmeta>
							<wp:postmeta>
		<wp:meta_key><![CDATA[neve_meta_author_avatar]]></wp:meta_key>
		<wp:meta_value><![CDATA[]]></wp:meta_value>
		</wp:postmeta>
							<wp:postmeta>
		<wp:meta_key><![CDATA[neve_post_elements_order]]></wp:meta_key>
		<wp:meta_value><![CDATA[]]></wp:meta_value>
		</wp:postmeta>
							<wp:postmeta>
		<wp:meta_key><![CDATA[neve_meta_disable_header]]></wp:meta_key>
		<wp:meta_value><![CDATA[]]></wp:meta_value>
		</wp:postmeta>
							<wp:postmeta>
		<wp:meta_key><![CDATA[neve_meta_disable_footer]]></wp:meta_key>
		<wp:meta_value><![CDATA[]]></wp:meta_value>
		</wp:postmeta>
							<wp:postmeta>
		<wp:meta_key><![CDATA[neve_meta_disable_title]]></wp:meta_key>
		<wp:meta_value><![CDATA[]]></wp:meta_value>
		</wp:postmeta>
							<wp:postmeta>
		<wp:meta_key><![CDATA[neve_meta_reading_time]]></wp:meta_key>
		<wp:meta_value><![CDATA[]]></wp:meta_value>
		</wp:postmeta>
							<wp:postmeta>
		<wp:meta_key><![CDATA[_themeisle_gutenberg_block_has_review]]></wp:meta_key>
		<wp:meta_value><![CDATA[]]></wp:meta_value>
		</wp:postmeta>
							<wp:postmeta>
		<wp:meta_key><![CDATA[_ti_tpc_template_sync]]></wp:meta_key>
		<wp:meta_value><![CDATA[]]></wp:meta_value>
		</wp:postmeta>
							<wp:postmeta>
		<wp:meta_key><![CDATA[_ti_tpc_template_id]]></wp:meta_key>
		<wp:meta_value><![CDATA[]]></wp:meta_value>
		</wp:postmeta>
							<wp:postmeta>
		<wp:meta_key><![CDATA[_edit_last]]></wp:meta_key>
		<wp:meta_value><![CDATA[1]]></wp:meta_value>
		</wp:postmeta>
							<wp:postmeta>
		<wp:meta_key><![CDATA[_themeisle_gutenberg_block_styles]]></wp:meta_key>
		<wp:meta_value><![CDATA[#wp-block-themeisle-blocks-font-awesome-icons-434e626c{--borderColor:red;--borderSize:4px;--borderRadius:70%;--padding:10px;--fontSize:18px}#wp-block-themeisle-blocks-font-awesome-icons-434e626c .wp-block-themeisle-blocks-font-awesome-icons-container{color:blue;background:violet}#wp-block-themeisle-blocks-font-awesome-icons-434e626c .wp-block-themeisle-blocks-font-awesome-icons-container a{color:blue}#wp-block-themeisle-blocks-font-awesome-icons-434e626c .wp-block-themeisle-blocks-font-awesome-icons-container i{font-size:18px}#wp-block-themeisle-blocks-font-awesome-icons-2f5d2ecb{--borderColor:red;--borderSize:4px;--borderRadius:70%;--padding:10px;--fontSize:18px}#wp-block-themeisle-blocks-font-awesome-icons-2f5d2ecb .wp-block-themeisle-blocks-font-awesome-icons-container{color:blue;background:violet}#wp-block-themeisle-blocks-font-awesome-icons-2f5d2ecb .wp-block-themeisle-blocks-font-awesome-icons-container a{color:blue}#wp-block-themeisle-blocks-font-awesome-icons-2f5d2ecb .wp-block-themeisle-blocks-font-awesome-icons-container i{font-size:18px}#wp-block-themeisle-blocks-font-awesome-icons-5de5ff66{--borderColor:red;--borderSize:4px;--borderRadius:70%;--padding:10px;--fontSize:18px}#wp-block-themeisle-blocks-font-awesome-icons-5de5ff66 .wp-block-themeisle-blocks-font-awesome-icons-container{color:blue;background:violet}#wp-block-themeisle-blocks-font-awesome-icons-5de5ff66 .wp-block-themeisle-blocks-font-awesome-icons-container a{color:blue}#wp-block-themeisle-blocks-font-awesome-icons-5de5ff66 .wp-block-themeisle-blocks-font-awesome-icons-container i{font-size:18px}#wp-block-themeisle-blocks-font-awesome-icons-c41298a1{--borderColor:red;--borderSize:4px;--borderRadius:70%;--padding:10px;--fontSize:18px}#wp-block-themeisle-blocks-font-awesome-icons-c41298a1 .wp-block-themeisle-blocks-font-awesome-icons-container{color:blue;background:violet}#wp-block-themeisle-blocks-font-awesome-icons-c41298a1 .wp-block-themeisle-blocks-font-awesome-icons-container a{color:blue}#wp-block-themeisle-blocks-font-awesome-icons-c41298a1 .wp-block-themeisle-blocks-font-awesome-icons-container i{font-size:18px}#wp-block-themeisle-blocks-font-awesome-icons-d45526d5{--borderColor:red;--borderSize:4px;--borderRadius:70%;--padding:10px;--fontSize:18px}#wp-block-themeisle-blocks-font-awesome-icons-d45526d5 .wp-block-themeisle-blocks-font-awesome-icons-container{color:blue;background:violet}#wp-block-themeisle-blocks-font-awesome-icons-d45526d5 .wp-block-themeisle-blocks-font-awesome-icons-container a{color:blue}#wp-block-themeisle-blocks-font-awesome-icons-d45526d5 .wp-block-themeisle-blocks-font-awesome-icons-container i{font-size:18px}#wp-block-themeisle-blocks-font-awesome-icons-507c2ea3{--borderColor:red;--borderSize:4px;--borderRadius:70%;--padding:10px;--fontSize:18px}#wp-block-themeisle-blocks-font-awesome-icons-507c2ea3 .wp-block-themeisle-blocks-font-awesome-icons-container{color:blue;background:violet}#wp-block-themeisle-blocks-font-awesome-icons-507c2ea3 .wp-block-themeisle-blocks-font-awesome-icons-container a{color:blue}#wp-block-themeisle-blocks-font-awesome-icons-507c2ea3 .wp-block-themeisle-blocks-font-awesome-icons-container i{font-size:18px}#wp-block-themeisle-blocks-font-awesome-icons-ec699a04{--borderColor:red;--borderSize:4px;--borderRadius:70%;--padding:10px;--fontSize:18px}#wp-block-themeisle-blocks-font-awesome-icons-ec699a04 .wp-block-themeisle-blocks-font-awesome-icons-container{color:blue;background:violet}#wp-block-themeisle-blocks-font-awesome-icons-ec699a04 .wp-block-themeisle-blocks-font-awesome-icons-container a{color:blue}#wp-block-themeisle-blocks-font-awesome-icons-ec699a04 .wp-block-themeisle-blocks-font-awesome-icons-container i{font-size:18px}#wp-block-themeisle-blocks-font-awesome-icons-44e1667f{--borderColor:red;--borderSize:4px;--borderRadius:70%;--padding:10px;--fontSize:18px}#wp-block-themeisle-blocks-font-awesome-icons-44e1667f .wp-block-themeisle-blocks-font-awesome-icons-container{color:blue;background:violet}#wp-block-themeisle-blocks-font-awesome-icons-44e1667f .wp-block-themeisle-blocks-font-awesome-icons-container a{color:blue}#wp-block-themeisle-blocks-font-awesome-icons-44e1667f .wp-block-themeisle-blocks-font-awesome-icons-container i{font-size:18px}#wp-block-themeisle-blocks-font-awesome-icons-8cd4fddb{--borderColor:red;--borderSize:4px;--borderRadius:70%;--padding:10px;--fontSize:18px}#wp-block-themeisle-blocks-font-awesome-icons-8cd4fddb .wp-block-themeisle-blocks-font-awesome-icons-container{color:blue;background:violet}#wp-block-themeisle-blocks-font-awesome-icons-8cd4fddb .wp-block-themeisle-blocks-font-awesome-icons-container a{color:blue}#wp-block-themeisle-blocks-font-awesome-icons-8cd4fddb .wp-block-themeisle-blocks-font-awesome-icons-container i{font-size:18px}#wp-block-themeisle-blocks-font-awesome-icons-4a234115{--borderColor:red;--borderSize:4px;--borderRadius:70%;--padding:10px;--fontSize:18px}#wp-block-themeisle-blocks-font-awesome-icons-4a234115 .wp-block-themeisle-blocks-font-awesome-icons-container{color:blue;background:violet}#wp-block-themeisle-blocks-font-awesome-icons-4a234115 .wp-block-themeisle-blocks-font-awesome-icons-container a{color:blue}#wp-block-themeisle-blocks-font-awesome-icons-4a234115 .wp-block-themeisle-blocks-font-awesome-icons-container i{font-size:18px}#wp-block-themeisle-blocks-font-awesome-icons-6942119d{--borderColor:red;--borderSize:4px;--borderRadius:70%;--padding:10px;--fontSize:18px}#wp-block-themeisle-blocks-font-awesome-icons-6942119d .wp-block-themeisle-blocks-font-awesome-icons-container{color:blue;background:violet}#wp-block-themeisle-blocks-font-awesome-icons-6942119d .wp-block-themeisle-blocks-font-awesome-icons-container a{color:blue}#wp-block-themeisle-blocks-font-awesome-icons-6942119d .wp-block-themeisle-blocks-font-awesome-icons-container i{font-size:18px}#wp-block-themeisle-blocks-font-awesome-icons-1fc442c1{--borderColor:red;--borderSize:4px;--borderRadius:70%;--padding:10px;--fontSize:18px}#wp-block-themeisle-blocks-font-awesome-icons-1fc442c1 .wp-block-themeisle-blocks-font-awesome-icons-container{color:blue;background:violet}#wp-block-themeisle-blocks-font-awesome-icons-1fc442c1 .wp-block-themeisle-blocks-font-awesome-icons-container a{color:blue}#wp-block-themeisle-blocks-font-awesome-icons-1fc442c1 .wp-block-themeisle-blocks-font-awesome-icons-container i{font-size:18px}#wp-block-themeisle-blocks-font-awesome-icons-eb388f71{--borderColor:red;--borderSize:4px;--borderRadius:70%;--padding:10px;--fontSize:18px}#wp-block-themeisle-blocks-font-awesome-icons-eb388f71 .wp-block-themeisle-blocks-font-awesome-icons-container{color:blue;background:violet}#wp-block-themeisle-blocks-font-awesome-icons-eb388f71 .wp-block-themeisle-blocks-font-awesome-icons-container a{color:blue}#wp-block-themeisle-blocks-font-awesome-icons-eb388f71 .wp-block-themeisle-blocks-font-awesome-icons-container i{font-size:18px}#wp-block-themeisle-blocks-font-awesome-icons-c72458dc{--borderColor:red;--borderSize:4px;--borderRadius:70%;--padding:10px;--fontSize:18px}#wp-block-themeisle-blocks-font-awesome-icons-c72458dc .wp-block-themeisle-blocks-font-awesome-icons-container{color:blue;background:violet}#wp-block-themeisle-blocks-font-awesome-icons-c72458dc .wp-block-themeisle-blocks-font-awesome-icons-container a{color:blue}#wp-block-themeisle-blocks-font-awesome-icons-c72458dc .wp-block-themeisle-blocks-font-awesome-icons-container i{font-size:18px}#wp-block-themeisle-blocks-font-awesome-icons-599672e8{--borderColor:red;--borderSize:4px;--borderRadius:70%;--padding:10px;--fontSize:18px}#wp-block-themeisle-blocks-font-awesome-icons-599672e8 .wp-block-themeisle-blocks-font-awesome-icons-container{color:blue;background:violet}#wp-block-themeisle-blocks-font-awesome-icons-599672e8 .wp-block-themeisle-blocks-font-awesome-icons-container a{color:blue}#wp-block-themeisle-blocks-font-awesome-icons-599672e8 .wp-block-themeisle-blocks-font-awesome-icons-container i{font-size:18px}#wp-block-themeisle-blocks-font-awesome-icons-9f60d719{--borderColor:red;--borderSize:4px;--borderRadius:70%;--padding:10px;--fontSize:18px}#wp-block-themeisle-blocks-font-awesome-icons-9f60d719 .wp-block-themeisle-blocks-font-awesome-icons-container{color:blue;background:violet}#wp-block-themeisle-blocks-font-awesome-icons-9f60d719 .wp-block-themeisle-blocks-font-awesome-icons-container a{color:blue}#wp-block-themeisle-blocks-font-awesome-icons-9f60d719 .wp-block-themeisle-blocks-font-awesome-icons-container i{font-size:18px}#wp-block-themeisle-blocks-font-awesome-icons-69218e18{--borderColor:red;--borderSize:4px;--borderRadius:70%;--padding:10px;--fontSize:18px}#wp-block-themeisle-blocks-font-awesome-icons-69218e18 .wp-block-themeisle-blocks-font-awesome-icons-container{color:blue;background:violet}#wp-block-themeisle-blocks-font-awesome-icons-69218e18 .wp-block-themeisle-blocks-font-awesome-icons-container a{color:blue}#wp-block-themeisle-blocks-font-awesome-icons-69218e18 .wp-block-themeisle-blocks-font-awesome-icons-container i{font-size:18px}#wp-block-themeisle-blocks-font-awesome-icons-ed03e448{--borderColor:red;--borderSize:4px;--borderRadius:70%;--padding:10px;--fontSize:18px}#wp-block-themeisle-blocks-font-awesome-icons-ed03e448 .wp-block-themeisle-blocks-font-awesome-icons-container{color:blue;background:violet}#wp-block-themeisle-blocks-font-awesome-icons-ed03e448 .wp-block-themeisle-blocks-font-awesome-icons-container a{color:blue}#wp-block-themeisle-blocks-font-awesome-icons-ed03e448 .wp-block-themeisle-blocks-font-awesome-icons-container i{font-size:18px}#wp-block-themeisle-blocks-font-awesome-icons-f4a96c1f{--borderColor:red;--borderSize:4px;--borderRadius:70%;--padding:10px;--fontSize:18px}#wp-block-themeisle-blocks-font-awesome-icons-f4a96c1f .wp-block-themeisle-blocks-font-awesome-icons-container{color:blue;background:violet}#wp-block-themeisle-blocks-font-awesome-icons-f4a96c1f .wp-block-themeisle-blocks-font-awesome-icons-container a{color:blue}#wp-block-themeisle-blocks-font-awesome-icons-f4a96c1f .wp-block-themeisle-blocks-font-awesome-icons-container i{font-size:18px}#wp-block-themeisle-blocks-font-awesome-icons-b8c8273c{--borderColor:red;--borderSize:4px;--borderRadius:70%;--padding:10px;--fontSize:18px}#wp-block-themeisle-blocks-font-awesome-icons-b8c8273c .wp-block-themeisle-blocks-font-awesome-icons-container{color:blue;background:violet}#wp-block-themeisle-blocks-font-awesome-icons-b8c8273c .wp-block-themeisle-blocks-font-awesome-icons-container a{color:blue}#wp-block-themeisle-blocks-font-awesome-icons-b8c8273c .wp-block-themeisle-blocks-font-awesome-icons-container i{font-size:18px}#wp-block-themeisle-blocks-font-awesome-icons-5de7eb5f{--borderColor:red;--borderSize:4px;--borderRadius:70%;--padding:10px;--fontSize:18px}#wp-block-themeisle-blocks-font-awesome-icons-5de7eb5f .wp-block-themeisle-blocks-font-awesome-icons-container{color:blue;background:violet}#wp-block-themeisle-blocks-font-awesome-icons-5de7eb5f .wp-block-themeisle-blocks-font-awesome-icons-container a{color:blue}#wp-block-themeisle-blocks-font-awesome-icons-5de7eb5f .wp-block-themeisle-blocks-font-awesome-icons-container i{font-size:18px}#wp-block-themeisle-blocks-font-awesome-icons-1d1c71ee{--borderColor:red;--borderSize:4px;--borderRadius:70%;--padding:10px;--fontSize:18px}#wp-block-themeisle-blocks-font-awesome-icons-1d1c71ee .wp-block-themeisle-blocks-font-awesome-icons-container{color:blue;background:violet}#wp-block-themeisle-blocks-font-awesome-icons-1d1c71ee .wp-block-themeisle-blocks-font-awesome-icons-container a{color:blue}#wp-block-themeisle-blocks-font-awesome-icons-1d1c71ee .wp-block-themeisle-blocks-font-awesome-icons-container i{font-size:18px}#wp-block-themeisle-blocks-font-awesome-icons-1d985bb8{--borderColor:red;--borderSize:4px;--borderRadius:70%;--padding:10px;--fontSize:18px}#wp-block-themeisle-blocks-font-awesome-icons-1d985bb8 .wp-block-themeisle-blocks-font-awesome-icons-container{color:blue;background:violet}#wp-block-themeisle-blocks-font-awesome-icons-1d985bb8 .wp-block-themeisle-blocks-font-awesome-icons-container a{color:blue}#wp-block-themeisle-blocks-font-awesome-icons-1d985bb8 .wp-block-themeisle-blocks-font-awesome-icons-container i{font-size:18px}#wp-block-themeisle-blocks-font-awesome-icons-2b2e7bad{--borderColor:red;--borderSize:4px;--borderRadius:70%;--padding:10px;--fontSize:18px}#wp-block-themeisle-blocks-font-awesome-icons-2b2e7bad .wp-block-themeisle-blocks-font-awesome-icons-container{color:blue;background:violet}#wp-block-themeisle-blocks-font-awesome-icons-2b2e7bad .wp-block-themeisle-blocks-font-awesome-icons-container a{color:blue}#wp-block-themeisle-blocks-font-awesome-icons-2b2e7bad .wp-block-themeisle-blocks-font-awesome-icons-container i{font-size:18px}#wp-block-themeisle-blocks-font-awesome-icons-b60e5f92{--borderColor:red;--borderSize:4px;--borderRadius:70%;--padding:10px;--fontSize:18px}#wp-block-themeisle-blocks-font-awesome-icons-b60e5f92 .wp-block-themeisle-blocks-font-awesome-icons-container{color:blue;background:violet}#wp-block-themeisle-blocks-font-awesome-icons-b60e5f92 .wp-block-themeisle-blocks-font-awesome-icons-container a{color:blue}#wp-block-themeisle-blocks-font-awesome-icons-b60e5f92 .wp-block-themeisle-blocks-font-awesome-icons-container i{font-size:18px}#wp-block-themeisle-blocks-font-awesome-icons-63d3c5e1{--borderColor:red;--borderSize:4px;--borderRadius:70%;--padding:10px;--fontSize:18px}#wp-block-themeisle-blocks-font-awesome-icons-63d3c5e1 .wp-block-themeisle-blocks-font-awesome-icons-container{color:blue;background:violet}#wp-block-themeisle-blocks-font-awesome-icons-63d3c5e1 .wp-block-themeisle-blocks-font-awesome-icons-container a{color:blue}#wp-block-themeisle-blocks-font-awesome-icons-63d3c5e1 .wp-block-themeisle-blocks-font-awesome-icons-container i{font-size:18px}#wp-block-themeisle-blocks-font-awesome-icons-d371fa4e{--borderColor:red;--borderSize:4px;--borderRadius:70%;--padding:10px;--fontSize:18px}#wp-block-themeisle-blocks-font-awesome-icons-d371fa4e .wp-block-themeisle-blocks-font-awesome-icons-container{color:blue;background:violet}#wp-block-themeisle-blocks-font-awesome-icons-d371fa4e .wp-block-themeisle-blocks-font-awesome-icons-container a{color:blue}#wp-block-themeisle-blocks-font-awesome-icons-d371fa4e .wp-block-themeisle-blocks-font-awesome-icons-container i{font-size:18px}#wp-block-themeisle-blocks-font-awesome-icons-364643b3{--borderColor:red;--borderSize:4px;--borderRadius:70%;--padding:10px;--fontSize:18px}#wp-block-themeisle-blocks-font-awesome-icons-364643b3 .wp-block-themeisle-blocks-font-awesome-icons-container{color:blue;background:violet}#wp-block-themeisle-blocks-font-awesome-icons-364643b3 .wp-block-themeisle-blocks-font-awesome-icons-container a{color:blue}#wp-block-themeisle-blocks-font-awesome-icons-364643b3 .wp-block-themeisle-blocks-font-awesome-icons-container i{font-size:18px}#wp-block-themeisle-blocks-font-awesome-icons-937ec1ee{--borderColor:red;--borderSize:4px;--borderRadius:70%;--padding:10px;--fontSize:18px}#wp-block-themeisle-blocks-font-awesome-icons-937ec1ee .wp-block-themeisle-blocks-font-awesome-icons-container{color:blue;background:violet}#wp-block-themeisle-blocks-font-awesome-icons-937ec1ee .wp-block-themeisle-blocks-font-awesome-icons-container a{color:blue}#wp-block-themeisle-blocks-font-awesome-icons-937ec1ee .wp-block-themeisle-blocks-font-awesome-icons-container i{font-size:18px}#wp-block-themeisle-blocks-font-awesome-icons-3a6d859a{--borderColor:red;--borderSize:4px;--borderRadius:70%;--padding:10px;--fontSize:18px}#wp-block-themeisle-blocks-font-awesome-icons-3a6d859a .wp-block-themeisle-blocks-font-awesome-icons-container{color:blue;background:violet}#wp-block-themeisle-blocks-font-awesome-icons-3a6d859a .wp-block-themeisle-blocks-font-awesome-icons-container a{color:blue}#wp-block-themeisle-blocks-font-awesome-icons-3a6d859a .wp-block-themeisle-blocks-font-awesome-icons-container i{font-size:18px}#wp-block-themeisle-blocks-font-awesome-icons-96ba4b3b{--borderColor:red;--borderSize:4px;--borderRadius:70%;--padding:10px;--fontSize:18px}#wp-block-themeisle-blocks-font-awesome-icons-96ba4b3b .wp-block-themeisle-blocks-font-awesome-icons-container{color:blue;background:violet}#wp-block-themeisle-blocks-font-awesome-icons-96ba4b3b .wp-block-themeisle-blocks-font-awesome-icons-container a{color:blue}#wp-block-themeisle-blocks-font-awesome-icons-96ba4b3b .wp-block-themeisle-blocks-font-awesome-icons-container i{font-size:18px}#wp-block-themeisle-blocks-font-awesome-icons-cab9645b{--borderColor:red;--borderSize:4px;--borderRadius:70%;--padding:10px;--fontSize:18px}#wp-block-themeisle-blocks-font-awesome-icons-cab9645b .wp-block-themeisle-blocks-font-awesome-icons-container{color:blue;background:violet;padding:10px}#wp-block-themeisle-blocks-font-awesome-icons-cab9645b .wp-block-themeisle-blocks-font-awesome-icons-container i{font-size:18px}#wp-block-themeisle-blocks-font-awesome-icons-cab9645b .wp-block-themeisle-blocks-font-awesome-icons-container svg{fill:blue}#wp-block-themeisle-blocks-font-awesome-icons-8462a8d4{--borderColor:red;--borderSize:4px;--borderRadius:70%;--padding:10px;--fontSize:18px}#wp-block-themeisle-blocks-font-awesome-icons-8462a8d4 .wp-block-themeisle-blocks-font-awesome-icons-container{color:blue;background:violet;padding:10px}#wp-block-themeisle-blocks-font-awesome-icons-8462a8d4 .wp-block-themeisle-blocks-font-awesome-icons-container i{font-size:18px}#wp-block-themeisle-blocks-font-awesome-icons-8462a8d4 .wp-block-themeisle-blocks-font-awesome-icons-container svg{fill:blue}#wp-block-themeisle-blocks-font-awesome-icons-7abcba96{--borderColor:red;--borderSize:4px;--borderRadius:70%;--padding:10px;--fontSize:18px}#wp-block-themeisle-blocks-font-awesome-icons-7abcba96 .wp-block-themeisle-blocks-font-awesome-icons-container{color:blue;background:violet;padding:10px}#wp-block-themeisle-blocks-font-awesome-icons-7abcba96 .wp-block-themeisle-blocks-font-awesome-icons-container i{font-size:18px}#wp-block-themeisle-blocks-font-awesome-icons-7abcba96 .wp-block-themeisle-blocks-font-awesome-icons-container svg{fill:blue}#wp-block-themeisle-blocks-font-awesome-icons-585136f8{--borderColor:red;--borderSize:4px;--borderRadius:70%;--padding:10px;--fontSize:18px}#wp-block-themeisle-blocks-font-awesome-icons-585136f8 .wp-block-themeisle-blocks-font-awesome-icons-container{color:blue;background:violet}#wp-block-themeisle-blocks-font-awesome-icons-585136f8 .wp-block-themeisle-blocks-font-awesome-icons-container a{color:blue}#wp-block-themeisle-blocks-font-awesome-icons-585136f8 .wp-block-themeisle-blocks-font-awesome-icons-container i{font-size:18px}#wp-block-themeisle-blocks-font-awesome-icons-1fe6d37e{--borderColor:red;--borderSize:4px;--borderRadius:70%;--padding:10px;--fontSize:18px}#wp-block-themeisle-blocks-font-awesome-icons-1fe6d37e .wp-block-themeisle-blocks-font-awesome-icons-container{color:blue;background:violet;padding:10px}#wp-block-themeisle-blocks-font-awesome-icons-1fe6d37e .wp-block-themeisle-blocks-font-awesome-icons-container i{font-size:18px}#wp-block-themeisle-blocks-font-awesome-icons-1fe6d37e .wp-block-themeisle-blocks-font-awesome-icons-container svg{fill:blue}#wp-block-themeisle-blocks-font-awesome-icons-e6ffa90b{--borderColor:red;--borderSize:4px;--borderRadius:70%;--padding:10px;--fontSize:18px}#wp-block-themeisle-blocks-font-awesome-icons-e6ffa90b .wp-block-themeisle-blocks-font-awesome-icons-container{color:blue;background:violet;padding:10px}#wp-block-themeisle-blocks-font-awesome-icons-e6ffa90b .wp-block-themeisle-blocks-font-awesome-icons-container i{font-size:18px}#wp-block-themeisle-blocks-font-awesome-icons-e6ffa90b .wp-block-themeisle-blocks-font-awesome-icons-container svg{fill:blue}#wp-block-themeisle-blocks-font-awesome-icons-3f55bfbc{--borderColor:red;--borderSize:4px;--borderRadius:70%;--padding:10px;--fontSize:18px}#wp-block-themeisle-blocks-font-awesome-icons-3f55bfbc .wp-block-themeisle-blocks-font-awesome-icons-container{color:blue;background:violet}#wp-block-themeisle-blocks-font-awesome-icons-3f55bfbc .wp-block-themeisle-blocks-font-awesome-icons-container a{color:blue}#wp-block-themeisle-blocks-font-awesome-icons-3f55bfbc .wp-block-themeisle-blocks-font-awesome-icons-container i{font-size:18px}#wp-block-themeisle-blocks-font-awesome-icons-cab2db27{--borderColor:red;--borderSize:4px;--borderRadius:70%;--padding:10px;--fontSize:18px}#wp-block-themeisle-blocks-font-awesome-icons-cab2db27 .wp-block-themeisle-blocks-font-awesome-icons-container{color:blue;background:violet}#wp-block-themeisle-blocks-font-awesome-icons-cab2db27 .wp-block-themeisle-blocks-font-awesome-icons-container a{color:blue}#wp-block-themeisle-blocks-font-awesome-icons-cab2db27 .wp-block-themeisle-blocks-font-awesome-icons-container i{font-size:18px}#wp-block-themeisle-blocks-font-awesome-icons-bdd21113{--borderColor:red;--borderSize:4px;--borderRadius:70%;--padding:10px;--fontSize:18px}#wp-block-themeisle-blocks-font-awesome-icons-bdd21113 .wp-block-themeisle-blocks-font-awesome-icons-container{color:blue;background:violet}#wp-block-themeisle-blocks-font-awesome-icons-bdd21113 .wp-block-themeisle-blocks-font-awesome-icons-container a{color:blue}#wp-block-themeisle-blocks-font-awesome-icons-bdd21113 .wp-block-themeisle-blocks-font-awesome-icons-container i{font-size:18px}#wp-block-themeisle-blocks-font-awesome-icons-022d985e{--borderColor:red;--borderSize:4px;--borderRadius:70%;--padding:10px;--fontSize:18px}#wp-block-themeisle-blocks-font-awesome-icons-022d985e .wp-block-themeisle-blocks-font-awesome-icons-container{color:blue;background:violet;padding:10px}#wp-block-themeisle-blocks-font-awesome-icons-022d985e .wp-block-themeisle-blocks-font-awesome-icons-container i{font-size:18px}#wp-block-themeisle-blocks-font-awesome-icons-022d985e .wp-block-themeisle-blocks-font-awesome-icons-container svg{fill:blue}#wp-block-themeisle-blocks-font-awesome-icons-84601c99{--borderColor:red;--borderSize:4px;--borderRadius:70%;--padding:10px;--fontSize:18px}#wp-block-themeisle-blocks-font-awesome-icons-84601c99 .wp-block-themeisle-blocks-font-awesome-icons-container{color:blue;background:violet}#wp-block-themeisle-blocks-font-awesome-icons-84601c99 .wp-block-themeisle-blocks-font-awesome-icons-container a{color:blue}#wp-block-themeisle-blocks-font-awesome-icons-84601c99 .wp-block-themeisle-blocks-font-awesome-icons-container i{font-size:18px}#wp-block-themeisle-blocks-font-awesome-icons-3b0b6267{--borderColor:red;--borderSize:4px;--borderRadius:70%;--padding:10px;--fontSize:18px}#wp-block-themeisle-blocks-font-awesome-icons-3b0b6267 .wp-block-themeisle-blocks-font-awesome-icons-container{color:blue;background:violet}#wp-block-themeisle-blocks-font-awesome-icons-3b0b6267 .wp-block-themeisle-blocks-font-awesome-icons-container a{color:blue}#wp-block-themeisle-blocks-font-awesome-icons-3b0b6267 .wp-block-themeisle-blocks-font-awesome-icons-container i{font-size:18px}#wp-block-themeisle-blocks-font-awesome-icons-1297cf54{--borderColor:red;--borderSize:4px;--borderRadius:70%;--padding:10px;--fontSize:18px}#wp-block-themeisle-blocks-font-awesome-icons-1297cf54 .wp-block-themeisle-blocks-font-awesome-icons-container{color:blue;background:violet}#wp-block-themeisle-blocks-font-awesome-icons-1297cf54 .wp-block-themeisle-blocks-font-awesome-icons-container a{color:blue}#wp-block-themeisle-blocks-font-awesome-icons-1297cf54 .wp-block-themeisle-blocks-font-awesome-icons-container i{font-size:18px}#wp-block-themeisle-blocks-font-awesome-icons-624eba5c{--borderColor:red;--borderSize:4px;--borderRadius:70%;--padding:10px;--fontSize:18px}#wp-block-themeisle-blocks-font-awesome-icons-624eba5c .wp-block-themeisle-blocks-font-awesome-icons-container{color:blue;background:violet}#wp-block-themeisle-blocks-font-awesome-icons-624eba5c .wp-block-themeisle-blocks-font-awesome-icons-container a{color:blue}#wp-block-themeisle-blocks-font-awesome-icons-624eba5c .wp-block-themeisle-blocks-font-awesome-icons-container i{font-size:18px}#wp-block-themeisle-blocks-font-awesome-icons-2d65d51d{--borderColor:red;--borderSize:4px;--borderRadius:70%;--padding:10px;--fontSize:18px}#wp-block-themeisle-blocks-font-awesome-icons-2d65d51d .wp-block-themeisle-blocks-font-awesome-icons-container{color:blue;background:violet}#wp-block-themeisle-blocks-font-awesome-icons-2d65d51d .wp-block-themeisle-blocks-font-awesome-icons-container a{color:blue}#wp-block-themeisle-blocks-font-awesome-icons-2d65d51d .wp-block-themeisle-blocks-font-awesome-icons-container i{font-size:18px}#wp-block-themeisle-blocks-font-awesome-icons-f0c72af4{--borderColor:red;--borderSize:4px;--borderRadius:70%;--padding:10px;--fontSize:18px}#wp-block-themeisle-blocks-font-awesome-icons-f0c72af4 .wp-block-themeisle-blocks-font-awesome-icons-container{color:blue;background:violet}#wp-block-themeisle-blocks-font-awesome-icons-f0c72af4 .wp-block-themeisle-blocks-font-awesome-icons-container a{color:blue}#wp-block-themeisle-blocks-font-awesome-icons-f0c72af4 .wp-block-themeisle-blocks-font-awesome-icons-container i{font-size:18px}#wp-block-themeisle-blocks-font-awesome-icons-940c4ec9{--borderColor:red;--borderSize:4px;--borderRadius:70%;--padding:10px;--fontSize:18px}#wp-block-themeisle-blocks-font-awesome-icons-940c4ec9 .wp-block-themeisle-blocks-font-awesome-icons-container{color:blue;background:violet}#wp-block-themeisle-blocks-font-awesome-icons-940c4ec9 .wp-block-themeisle-blocks-font-awesome-icons-container a{color:blue}#wp-block-themeisle-blocks-font-awesome-icons-940c4ec9 .wp-block-themeisle-blocks-font-awesome-icons-container i{font-size:18px}#wp-block-themeisle-blocks-font-awesome-icons-b7f37ce3{--borderColor:red;--borderSize:4px;--borderRadius:70%;--padding:10px;--fontSize:18px}#wp-block-themeisle-blocks-font-awesome-icons-b7f37ce3 .wp-block-themeisle-blocks-font-awesome-icons-container{color:blue;background:violet}#wp-block-themeisle-blocks-font-awesome-icons-b7f37ce3 .wp-block-themeisle-blocks-font-awesome-icons-container a{color:blue}#wp-block-themeisle-blocks-font-awesome-icons-b7f37ce3 .wp-block-themeisle-blocks-font-awesome-icons-container i{font-size:18px}#wp-block-themeisle-blocks-font-awesome-icons-45b43cc3{--borderColor:red;--borderSize:4px;--borderRadius:70%;--padding:10px;--fontSize:18px}#wp-block-themeisle-blocks-font-awesome-icons-45b43cc3 .wp-block-themeisle-blocks-font-awesome-icons-container{color:blue;background:violet}#wp-block-themeisle-blocks-font-awesome-icons-45b43cc3 .wp-block-themeisle-blocks-font-awesome-icons-container a{color:blue}#wp-block-themeisle-blocks-font-awesome-icons-45b43cc3 .wp-block-themeisle-blocks-font-awesome-icons-container i{font-size:18px}#wp-block-themeisle-blocks-font-awesome-icons-dad0db49{--borderColor:red;--borderSize:4px;--borderRadius:70%;--padding:10px;--fontSize:18px}#wp-block-themeisle-blocks-font-awesome-icons-dad0db49 .wp-block-themeisle-blocks-font-awesome-icons-container{color:blue;background:violet}#wp-block-themeisle-blocks-font-awesome-icons-dad0db49 .wp-block-themeisle-blocks-font-awesome-icons-container a{color:blue}#wp-block-themeisle-blocks-font-awesome-icons-dad0db49 .wp-block-themeisle-blocks-font-awesome-icons-container i{font-size:18px}#wp-block-themeisle-blocks-font-awesome-icons-072c69ca{--borderColor:red;--borderSize:4px;--borderRadius:70%;--padding:10px;--fontSize:18px}#wp-block-themeisle-blocks-font-awesome-icons-072c69ca .wp-block-themeisle-blocks-font-awesome-icons-container{color:blue;background:violet}#wp-block-themeisle-blocks-font-awesome-icons-072c69ca .wp-block-themeisle-blocks-font-awesome-icons-container a{color:blue}#wp-block-themeisle-blocks-font-awesome-icons-072c69ca .wp-block-themeisle-blocks-font-awesome-icons-container i{font-size:18px}#wp-block-themeisle-blocks-font-awesome-icons-c20b45d4{--borderColor:red;--borderSize:4px;--borderRadius:70%;--padding:10px;--fontSize:18px}#wp-block-themeisle-blocks-font-awesome-icons-c20b45d4 .wp-block-themeisle-blocks-font-awesome-icons-container{color:blue;background:violet}#wp-block-themeisle-blocks-font-awesome-icons-c20b45d4 .wp-block-themeisle-blocks-font-awesome-icons-container a{color:blue}#wp-block-themeisle-blocks-font-awesome-icons-c20b45d4 .wp-block-themeisle-blocks-font-awesome-icons-container i{font-size:18px}#wp-block-themeisle-blocks-font-awesome-icons-be9a4f66{--borderColor:red;--borderSize:4px;--borderRadius:70%;--padding:10px;--fontSize:18px}#wp-block-themeisle-blocks-font-awesome-icons-be9a4f66 .wp-block-themeisle-blocks-font-awesome-icons-container{color:blue;background:violet}#wp-block-themeisle-blocks-font-awesome-icons-be9a4f66 .wp-block-themeisle-blocks-font-awesome-icons-container a{color:blue}#wp-block-themeisle-blocks-font-awesome-icons-be9a4f66 .wp-block-themeisle-blocks-font-awesome-icons-container i{font-size:18px}#wp-block-themeisle-blocks-font-awesome-icons-4dd708ea{--borderColor:red;--borderSize:4px;--borderRadius:70%;--padding:10px;--fontSize:18px}#wp-block-themeisle-blocks-font-awesome-icons-4dd708ea .wp-block-themeisle-blocks-font-awesome-icons-container{color:blue;background:violet}#wp-block-themeisle-blocks-font-awesome-icons-4dd708ea .wp-block-themeisle-blocks-font-awesome-icons-container a{color:blue}#wp-block-themeisle-blocks-font-awesome-icons-4dd708ea .wp-block-themeisle-blocks-font-awesome-icons-container i{font-size:18px}#wp-block-themeisle-blocks-font-awesome-icons-a802c560{--borderColor:red;--borderSize:4px;--borderRadius:70%;--padding:10px;--fontSize:18px}#wp-block-themeisle-blocks-font-awesome-icons-a802c560 .wp-block-themeisle-blocks-font-awesome-icons-container{color:blue;background:violet}#wp-block-themeisle-blocks-font-awesome-icons-a802c560 .wp-block-themeisle-blocks-font-awesome-icons-container a{color:blue}#wp-block-themeisle-blocks-font-awesome-icons-a802c560 .wp-block-themeisle-blocks-font-awesome-icons-container i{font-size:18px}#wp-block-themeisle-blocks-font-awesome-icons-6e6e2628{--borderColor:red;--borderSize:4px;--borderRadius:70%;--padding:10px;--fontSize:18px}#wp-block-themeisle-blocks-font-awesome-icons-6e6e2628 .wp-block-themeisle-blocks-font-awesome-icons-container{color:blue;background:violet}#wp-block-themeisle-blocks-font-awesome-icons-6e6e2628 .wp-block-themeisle-blocks-font-awesome-icons-container a{color:blue}#wp-block-themeisle-blocks-font-awesome-icons-6e6e2628 .wp-block-themeisle-blocks-font-awesome-icons-container i{font-size:18px}#wp-block-themeisle-blocks-font-awesome-icons-447725cb{--borderColor:red;--borderSize:4px;--borderRadius:70%;--padding:10px;--fontSize:18px}#wp-block-themeisle-blocks-font-awesome-icons-447725cb .wp-block-themeisle-blocks-font-awesome-icons-container{color:blue;background:violet}#wp-block-themeisle-blocks-font-awesome-icons-447725cb .wp-block-themeisle-blocks-font-awesome-icons-container a{color:blue}#wp-block-themeisle-blocks-font-awesome-icons-447725cb .wp-block-themeisle-blocks-font-awesome-icons-container i{font-size:18px}#wp-block-themeisle-blocks-font-awesome-icons-5cb033ab{--borderColor:red;--borderSize:4px;--borderRadius:70%;--padding:10px;--fontSize:18px}#wp-block-themeisle-blocks-font-awesome-icons-5cb033ab .wp-block-themeisle-blocks-font-awesome-icons-container{color:blue;background:violet}#wp-block-themeisle-blocks-font-awesome-icons-5cb033ab .wp-block-themeisle-blocks-font-awesome-icons-container a{color:blue}#wp-block-themeisle-blocks-font-awesome-icons-5cb033ab .wp-block-themeisle-blocks-font-awesome-icons-container i{font-size:18px}#wp-block-themeisle-blocks-font-awesome-icons-ca520ef4{--borderColor:red;--borderSize:4px;--borderRadius:70%;--padding:10px;--fontSize:18px}#wp-block-themeisle-blocks-font-awesome-icons-ca520ef4 .wp-block-themeisle-blocks-font-awesome-icons-container{color:blue;background:violet}#wp-block-themeisle-blocks-font-awesome-icons-ca520ef4 .wp-block-themeisle-blocks-font-awesome-icons-container a{color:blue}#wp-block-themeisle-blocks-font-awesome-icons-ca520ef4 .wp-block-themeisle-blocks-font-awesome-icons-container i{font-size:18px}#wp-block-themeisle-blocks-font-awesome-icons-12385fc0{--borderColor:red;--borderSize:4px;--borderRadius:70%;--padding:10px;--fontSize:18px}#wp-block-themeisle-blocks-font-awesome-icons-12385fc0 .wp-block-themeisle-blocks-font-awesome-icons-container{color:blue;background:violet}#wp-block-themeisle-blocks-font-awesome-icons-12385fc0 .wp-block-themeisle-blocks-font-awesome-icons-container a{color:blue}#wp-block-themeisle-blocks-font-awesome-icons-12385fc0 .wp-block-themeisle-blocks-font-awesome-icons-container i{font-size:18px}#wp-block-themeisle-blocks-font-awesome-icons-c5dd8f12{--borderColor:red;--borderSize:4px;--borderRadius:70%;--padding:10px;--fontSize:18px}#wp-block-themeisle-blocks-font-awesome-icons-c5dd8f12 .wp-block-themeisle-blocks-font-awesome-icons-container{color:blue;background:violet}#wp-block-themeisle-blocks-font-awesome-icons-c5dd8f12 .wp-block-themeisle-blocks-font-awesome-icons-container a{color:blue}#wp-block-themeisle-blocks-font-awesome-icons-c5dd8f12 .wp-block-themeisle-blocks-font-awesome-icons-container i{font-size:18px}#wp-block-themeisle-blocks-font-awesome-icons-6c37e7ed{--borderColor:red;--borderSize:4px;--borderRadius:70%;--padding:10px;--fontSize:18px}#wp-block-themeisle-blocks-font-awesome-icons-6c37e7ed .wp-block-themeisle-blocks-font-awesome-icons-container{color:blue;background:violet}#wp-block-themeisle-blocks-font-awesome-icons-6c37e7ed .wp-block-themeisle-blocks-font-awesome-icons-container a{color:blue}#wp-block-themeisle-blocks-font-awesome-icons-6c37e7ed .wp-block-themeisle-blocks-font-awesome-icons-container i{font-size:18px}#wp-block-themeisle-blocks-font-awesome-icons-0866aa64{--borderColor:red;--borderSize:4px;--borderRadius:70%;--padding:10px;--fontSize:18px}#wp-block-themeisle-blocks-font-awesome-icons-0866aa64 .wp-block-themeisle-blocks-font-awesome-icons-container{color:blue;background:violet}#wp-block-themeisle-blocks-font-awesome-icons-0866aa64 .wp-block-themeisle-blocks-font-awesome-icons-container a{color:blue}#wp-block-themeisle-blocks-font-awesome-icons-0866aa64 .wp-block-themeisle-blocks-font-awesome-icons-container i{font-size:18px}#wp-block-themeisle-blocks-font-awesome-icons-bae6d735{--borderColor:red;--borderSize:4px;--borderRadius:70%;--padding:10px;--fontSize:18px}#wp-block-themeisle-blocks-font-awesome-icons-bae6d735 .wp-block-themeisle-blocks-font-awesome-icons-container{color:blue;background:violet}#wp-block-themeisle-blocks-font-awesome-icons-bae6d735 .wp-block-themeisle-blocks-font-awesome-icons-container a{color:blue}#wp-block-themeisle-blocks-font-awesome-icons-bae6d735 .wp-block-themeisle-blocks-font-awesome-icons-container i{font-size:18px}#wp-block-themeisle-blocks-font-awesome-icons-abd8f39b{--borderColor:red;--borderSize:4px;--borderRadius:70%;--padding:10px;--fontSize:18px}#wp-block-themeisle-blocks-font-awesome-icons-abd8f39b .wp-block-themeisle-blocks-font-awesome-icons-container{color:blue;background:violet}#wp-block-themeisle-blocks-font-awesome-icons-abd8f39b .wp-block-themeisle-blocks-font-awesome-icons-container a{color:blue}#wp-block-themeisle-blocks-font-awesome-icons-abd8f39b .wp-block-themeisle-blocks-font-awesome-icons-container i{font-size:18px}#wp-block-themeisle-blocks-font-awesome-icons-b0687e6f{--borderColor:red;--borderSize:4px;--borderRadius:70%;--padding:10px;--fontSize:18px}#wp-block-themeisle-blocks-font-awesome-icons-b0687e6f .wp-block-themeisle-blocks-font-awesome-icons-container{color:blue;background:violet}#wp-block-themeisle-blocks-font-awesome-icons-b0687e6f .wp-block-themeisle-blocks-font-awesome-icons-container a{color:blue}#wp-block-themeisle-blocks-font-awesome-icons-b0687e6f .wp-block-themeisle-blocks-font-awesome-icons-container i{font-size:18px}#wp-block-themeisle-blocks-font-awesome-icons-70bd0230{--borderColor:red;--borderSize:4px;--borderRadius:70%;--padding:10px;--fontSize:18px}#wp-block-themeisle-blocks-font-awesome-icons-70bd0230 .wp-block-themeisle-blocks-font-awesome-icons-container{color:blue;background:violet}#wp-block-themeisle-blocks-font-awesome-icons-70bd0230 .wp-block-themeisle-blocks-font-awesome-icons-container a{color:blue}#wp-block-themeisle-blocks-font-awesome-icons-70bd0230 .wp-block-themeisle-blocks-font-awesome-icons-container i{font-size:18px}#wp-block-themeisle-blocks-font-awesome-icons-166ba4a8{--borderColor:red;--borderSize:4px;--borderRadius:70%;--padding:10px;--fontSize:18px}#wp-block-themeisle-blocks-font-awesome-icons-166ba4a8 .wp-block-themeisle-blocks-font-awesome-icons-container{color:blue;background:violet}#wp-block-themeisle-blocks-font-awesome-icons-166ba4a8 .wp-block-themeisle-blocks-font-awesome-icons-container a{color:blue}#wp-block-themeisle-blocks-font-awesome-icons-166ba4a8 .wp-block-themeisle-blocks-font-awesome-icons-container i{font-size:18px}#wp-block-themeisle-blocks-font-awesome-icons-9c5b8982{--borderColor:red;--borderSize:4px;--borderRadius:70%;--padding:10px;--fontSize:18px}#wp-block-themeisle-blocks-font-awesome-icons-9c5b8982 .wp-block-themeisle-blocks-font-awesome-icons-container{color:blue;background:violet}#wp-block-themeisle-blocks-font-awesome-icons-9c5b8982 .wp-block-themeisle-blocks-font-awesome-icons-container a{color:blue}#wp-block-themeisle-blocks-font-awesome-icons-9c5b8982 .wp-block-themeisle-blocks-font-awesome-icons-container i{font-size:18px}#wp-block-themeisle-blocks-font-awesome-icons-2b7a6d4b{--borderColor:red;--borderSize:4px;--borderRadius:70%;--padding:10px;--fontSize:18px}#wp-block-themeisle-blocks-font-awesome-icons-2b7a6d4b .wp-block-themeisle-blocks-font-awesome-icons-container{color:blue;background:violet}#wp-block-themeisle-blocks-font-awesome-icons-2b7a6d4b .wp-block-themeisle-blocks-font-awesome-icons-container a{color:blue}#wp-block-themeisle-blocks-font-awesome-icons-2b7a6d4b .wp-block-themeisle-blocks-font-awesome-icons-container i{font-size:18px}#wp-block-themeisle-blocks-font-awesome-icons-b2dc15b1{--borderColor:red;--borderSize:4px;--borderRadius:70%;--padding:10px;--fontSize:18px}#wp-block-themeisle-blocks-font-awesome-icons-b2dc15b1 .wp-block-themeisle-blocks-font-awesome-icons-container{color:blue;background:violet}#wp-block-themeisle-blocks-font-awesome-icons-b2dc15b1 .wp-block-themeisle-blocks-font-awesome-icons-container a{color:blue}#wp-block-themeisle-blocks-font-awesome-icons-b2dc15b1 .wp-block-themeisle-blocks-font-awesome-icons-container i{font-size:18px}#wp-block-themeisle-blocks-font-awesome-icons-98c77910{--borderColor:red;--borderSize:4px;--borderRadius:70%;--padding:10px;--fontSize:18px}#wp-block-themeisle-blocks-font-awesome-icons-98c77910 .wp-block-themeisle-blocks-font-awesome-icons-container{color:blue;background:violet}#wp-block-themeisle-blocks-font-awesome-icons-98c77910 .wp-block-themeisle-blocks-font-awesome-icons-container a{color:blue}#wp-block-themeisle-blocks-font-awesome-icons-98c77910 .wp-block-themeisle-blocks-font-awesome-icons-container i{font-size:18px}#wp-block-themeisle-blocks-font-awesome-icons-671c27eb{--borderColor:red;--borderSize:4px;--borderRadius:70%;--padding:10px;--fontSize:18px}#wp-block-themeisle-blocks-font-awesome-icons-671c27eb .wp-block-themeisle-blocks-font-awesome-icons-container{color:blue;background:violet}#wp-block-themeisle-blocks-font-awesome-icons-671c27eb .wp-block-themeisle-blocks-font-awesome-icons-container a{color:blue}#wp-block-themeisle-blocks-font-awesome-icons-671c27eb .wp-block-themeisle-blocks-font-awesome-icons-container i{font-size:18px}#wp-block-themeisle-blocks-font-awesome-icons-fbe15b1b{--borderColor:red;--borderSize:4px;--borderRadius:70%;--padding:10px;--fontSize:18px}#wp-block-themeisle-blocks-font-awesome-icons-fbe15b1b .wp-block-themeisle-blocks-font-awesome-icons-container{color:blue;background:violet}#wp-block-themeisle-blocks-font-awesome-icons-fbe15b1b .wp-block-themeisle-blocks-font-awesome-icons-container a{color:blue}#wp-block-themeisle-blocks-font-awesome-icons-fbe15b1b .wp-block-themeisle-blocks-font-awesome-icons-container i{font-size:18px}#wp-block-themeisle-blocks-font-awesome-icons-764dc0aa{--borderColor:red;--borderSize:4px;--borderRadius:70%;--padding:10px;--fontSize:18px}#wp-block-themeisle-blocks-font-awesome-icons-764dc0aa .wp-block-themeisle-blocks-font-awesome-icons-container{color:blue;background:violet}#wp-block-themeisle-blocks-font-awesome-icons-764dc0aa .wp-block-themeisle-blocks-font-awesome-icons-container a{color:blue}#wp-block-themeisle-blocks-font-awesome-icons-764dc0aa .wp-block-themeisle-blocks-font-awesome-icons-container i{font-size:18px}#wp-block-themeisle-blocks-font-awesome-icons-26e83051{--borderColor:red;--borderSize:4px;--borderRadius:70%;--padding:10px;--fontSize:18px}#wp-block-themeisle-blocks-font-awesome-icons-26e83051 .wp-block-themeisle-blocks-font-awesome-icons-container{color:blue;background:violet}#wp-block-themeisle-blocks-font-awesome-icons-26e83051 .wp-block-themeisle-blocks-font-awesome-icons-container a{color:blue}#wp-block-themeisle-blocks-font-awesome-icons-26e83051 .wp-block-themeisle-blocks-font-awesome-icons-container i{font-size:18px}#wp-block-themeisle-blocks-font-awesome-icons-7843bc71{--borderColor:red;--borderSize:4px;--borderRadius:70%;--padding:10px;--fontSize:18px}#wp-block-themeisle-blocks-font-awesome-icons-7843bc71 .wp-block-themeisle-blocks-font-awesome-icons-container{color:blue;background:violet}#wp-block-themeisle-blocks-font-awesome-icons-7843bc71 .wp-block-themeisle-blocks-font-awesome-icons-container a{color:blue}#wp-block-themeisle-blocks-font-awesome-icons-7843bc71 .wp-block-themeisle-blocks-font-awesome-icons-container i{font-size:18px}#wp-block-themeisle-blocks-font-awesome-icons-12bf62eb{--borderColor:red;--borderSize:4px;--borderRadius:70%;--padding:10px;--fontSize:18px}#wp-block-themeisle-blocks-font-awesome-icons-12bf62eb .wp-block-themeisle-blocks-font-awesome-icons-container{color:blue;background:violet}#wp-block-themeisle-blocks-font-awesome-icons-12bf62eb .wp-block-themeisle-blocks-font-awesome-icons-container a{color:blue}#wp-block-themeisle-blocks-font-awesome-icons-12bf62eb .wp-block-themeisle-blocks-font-awesome-icons-container i{font-size:18px}#wp-block-themeisle-blocks-font-awesome-icons-f259fa82{--borderColor:red;--borderSize:4px;--borderRadius:70%;--padding:10px;--fontSize:18px}#wp-block-themeisle-blocks-font-awesome-icons-f259fa82 .wp-block-themeisle-blocks-font-awesome-icons-container{color:blue;background:violet}#wp-block-themeisle-blocks-font-awesome-icons-f259fa82 .wp-block-themeisle-blocks-font-awesome-icons-container a{color:blue}#wp-block-themeisle-blocks-font-awesome-icons-f259fa82 .wp-block-themeisle-blocks-font-awesome-icons-container i{font-size:18px}#wp-block-themeisle-blocks-font-awesome-icons-e1e9f409{--borderColor:red;--borderSize:4px;--borderRadius:70%;--padding:10px;--fontSize:18px}#wp-block-themeisle-blocks-font-awesome-icons-e1e9f409 .wp-block-themeisle-blocks-font-awesome-icons-container{color:blue;background:violet}#wp-block-themeisle-blocks-font-awesome-icons-e1e9f409 .wp-block-themeisle-blocks-font-awesome-icons-container a{color:blue}#wp-block-themeisle-blocks-font-awesome-icons-e1e9f409 .wp-block-themeisle-blocks-font-awesome-icons-container i{font-size:18px}#wp-block-themeisle-blocks-font-awesome-icons-880f405f{--borderColor:red;--borderSize:4px;--borderRadius:70%;--padding:10px;--fontSize:18px}#wp-block-themeisle-blocks-font-awesome-icons-880f405f .wp-block-themeisle-blocks-font-awesome-icons-container{color:blue;background:violet;padding:10px}#wp-block-themeisle-blocks-font-awesome-icons-880f405f .wp-block-themeisle-blocks-font-awesome-icons-container i{font-size:18px}#wp-block-themeisle-blocks-font-awesome-icons-880f405f .wp-block-themeisle-blocks-font-awesome-icons-container svg{fill:blue}#wp-block-themeisle-blocks-font-awesome-icons-66b44385{--borderColor:red;--borderSize:4px;--borderRadius:70%;--padding:10px;--fontSize:18px}#wp-block-themeisle-blocks-font-awesome-icons-66b44385 .wp-block-themeisle-blocks-font-awesome-icons-container{color:blue;background:violet;padding:10px}#wp-block-themeisle-blocks-font-awesome-icons-66b44385 .wp-block-themeisle-blocks-font-awesome-icons-container i{font-size:18px}#wp-block-themeisle-blocks-font-awesome-icons-66b44385 .wp-block-themeisle-blocks-font-awesome-icons-container svg{fill:blue}#wp-block-themeisle-blocks-font-awesome-icons-60e9f430{--borderColor:red;--borderSize:4px;--borderRadius:70%;--padding:10px;--fontSize:18px}#wp-block-themeisle-blocks-font-awesome-icons-60e9f430 .wp-block-themeisle-blocks-font-awesome-icons-container{color:blue;background:violet;padding:10px}#wp-block-themeisle-blocks-font-awesome-icons-60e9f430 .wp-block-themeisle-blocks-font-awesome-icons-container i{font-size:18px}#wp-block-themeisle-blocks-font-awesome-icons-60e9f430 .wp-block-themeisle-blocks-font-awesome-icons-container svg{fill:blue}#wp-block-themeisle-blocks-font-awesome-icons-abefded9{--borderColor:red;--borderSize:4px;--borderRadius:70%;--padding:10px;--fontSize:18px}#wp-block-themeisle-blocks-font-awesome-icons-abefded9 .wp-block-themeisle-blocks-font-awesome-icons-container{color:blue;background:violet}#wp-block-themeisle-blocks-font-awesome-icons-abefded9 .wp-block-themeisle-blocks-font-awesome-icons-container a{color:blue}#wp-block-themeisle-blocks-font-awesome-icons-abefded9 .wp-block-themeisle-blocks-font-awesome-icons-container i{font-size:18px}#wp-block-themeisle-blocks-font-awesome-icons-893809b2{--borderColor:red;--borderSize:4px;--borderRadius:70%;--padding:10px;--fontSize:18px}#wp-block-themeisle-blocks-font-awesome-icons-893809b2 .wp-block-themeisle-blocks-font-awesome-icons-container{color:blue;background:violet;padding:10px}#wp-block-themeisle-blocks-font-awesome-icons-893809b2 .wp-block-themeisle-blocks-font-awesome-icons-container i{font-size:18px}#wp-block-themeisle-blocks-font-awesome-icons-893809b2 .wp-block-themeisle-blocks-font-awesome-icons-container svg{fill:blue}#wp-block-themeisle-blocks-font-awesome-icons-927664fa{--borderColor:red;--borderSize:4px;--borderRadius:70%;--padding:10px;--fontSize:18px}#wp-block-themeisle-blocks-font-awesome-icons-927664fa .wp-block-themeisle-blocks-font-awesome-icons-container{color:blue;background:violet;padding:10px}#wp-block-themeisle-blocks-font-awesome-icons-927664fa .wp-block-themeisle-blocks-font-awesome-icons-container i{font-size:18px}#wp-block-themeisle-blocks-font-awesome-icons-927664fa .wp-block-themeisle-blocks-font-awesome-icons-container svg{fill:blue}#wp-block-themeisle-blocks-font-awesome-icons-a077cbbf{--borderColor:red;--borderSize:4px;--borderRadius:70%;--padding:10px;--fontSize:18px}#wp-block-themeisle-blocks-font-awesome-icons-a077cbbf .wp-block-themeisle-blocks-font-awesome-icons-container{color:blue;background:violet}#wp-block-themeisle-blocks-font-awesome-icons-a077cbbf .wp-block-themeisle-blocks-font-awesome-icons-container a{color:blue}#wp-block-themeisle-blocks-font-awesome-icons-a077cbbf .wp-block-themeisle-blocks-font-awesome-icons-container i{font-size:18px}#wp-block-themeisle-blocks-font-awesome-icons-137854a2{--borderColor:red;--borderSize:4px;--borderRadius:70%;--padding:10px;--fontSize:18px}#wp-block-themeisle-blocks-font-awesome-icons-137854a2 .wp-block-themeisle-blocks-font-awesome-icons-container{color:blue;background:violet}#wp-block-themeisle-blocks-font-awesome-icons-137854a2 .wp-block-themeisle-blocks-font-awesome-icons-container a{color:blue}#wp-block-themeisle-blocks-font-awesome-icons-137854a2 .wp-block-themeisle-blocks-font-awesome-icons-container i{font-size:18px}#wp-block-themeisle-blocks-font-awesome-icons-f4c5058f{--borderColor:red;--borderSize:4px;--borderRadius:70%;--padding:10px;--fontSize:18px}#wp-block-themeisle-blocks-font-awesome-icons-f4c5058f .wp-block-themeisle-blocks-font-awesome-icons-container{color:blue;background:violet}#wp-block-themeisle-blocks-font-awesome-icons-f4c5058f .wp-block-themeisle-blocks-font-awesome-icons-container a{color:blue}#wp-block-themeisle-blocks-font-awesome-icons-f4c5058f .wp-block-themeisle-blocks-font-awesome-icons-container i{font-size:18px}#wp-block-themeisle-blocks-font-awesome-icons-8bc8c0e4{--borderColor:red;--borderSize:4px;--borderRadius:70%;--padding:10px;--fontSize:18px}#wp-block-themeisle-blocks-font-awesome-icons-8bc8c0e4 .wp-block-themeisle-blocks-font-awesome-icons-container{color:blue;background:violet;padding:10px}#wp-block-themeisle-blocks-font-awesome-icons-8bc8c0e4 .wp-block-themeisle-blocks-font-awesome-icons-container i{font-size:18px}#wp-block-themeisle-blocks-font-awesome-icons-8bc8c0e4 .wp-block-themeisle-blocks-font-awesome-icons-container svg{fill:blue}#wp-block-themeisle-blocks-font-awesome-icons-662eac79{--borderColor:red;--borderSize:4px;--borderRadius:70%;--padding:10px;--fontSize:18px}#wp-block-themeisle-blocks-font-awesome-icons-662eac79 .wp-block-themeisle-blocks-font-awesome-icons-container{color:blue;background:violet}#wp-block-themeisle-blocks-font-awesome-icons-662eac79 .wp-block-themeisle-blocks-font-awesome-icons-container a{color:blue}#wp-block-themeisle-blocks-font-awesome-icons-662eac79 .wp-block-themeisle-blocks-font-awesome-icons-container i{font-size:18px}#wp-block-themeisle-blocks-font-awesome-icons-38aeb583{--borderColor:red;--borderSize:4px;--borderRadius:70%;--padding:10px;--fontSize:18px}#wp-block-themeisle-blocks-font-awesome-icons-38aeb583 .wp-block-themeisle-blocks-font-awesome-icons-container{color:blue;background:violet}#wp-block-themeisle-blocks-font-awesome-icons-38aeb583 .wp-block-themeisle-blocks-font-awesome-icons-container a{color:blue}#wp-block-themeisle-blocks-font-awesome-icons-38aeb583 .wp-block-themeisle-blocks-font-awesome-icons-container i{font-size:18px}#wp-block-themeisle-blocks-font-awesome-icons-545631dc{--borderColor:red;--borderSize:4px;--borderRadius:70%;--padding:10px;--fontSize:18px}#wp-block-themeisle-blocks-font-awesome-icons-545631dc .wp-block-themeisle-blocks-font-awesome-icons-container{color:blue;background:violet}#wp-block-themeisle-blocks-font-awesome-icons-545631dc .wp-block-themeisle-blocks-font-awesome-icons-container a{color:blue}#wp-block-themeisle-blocks-font-awesome-icons-545631dc .wp-block-themeisle-blocks-font-awesome-icons-container i{font-size:18px}#wp-block-themeisle-blocks-font-awesome-icons-30eb7cd4{--borderColor:red;--borderSize:4px;--borderRadius:70%;--padding:10px;--fontSize:18px}#wp-block-themeisle-blocks-font-awesome-icons-30eb7cd4 .wp-block-themeisle-blocks-font-awesome-icons-container{color:blue;background:violet}#wp-block-themeisle-blocks-font-awesome-icons-30eb7cd4 .wp-block-themeisle-blocks-font-awesome-icons-container a{color:blue}#wp-block-themeisle-blocks-font-awesome-icons-30eb7cd4 .wp-block-themeisle-blocks-font-awesome-icons-container i{font-size:18px}#wp-block-themeisle-blocks-font-awesome-icons-81abdeec{--borderColor:red;--borderSize:4px;--borderRadius:70%;--padding:10px;--fontSize:18px}#wp-block-themeisle-blocks-font-awesome-icons-81abdeec .wp-block-themeisle-blocks-font-awesome-icons-container{color:blue;background:violet}#wp-block-themeisle-blocks-font-awesome-icons-81abdeec .wp-block-themeisle-blocks-font-awesome-icons-container a{color:blue}#wp-block-themeisle-blocks-font-awesome-icons-81abdeec .wp-block-themeisle-blocks-font-awesome-icons-container i{font-size:18px}#wp-block-themeisle-blocks-font-awesome-icons-a4b3e522{--borderColor:red;--borderSize:4px;--borderRadius:70%;--padding:10px;--fontSize:18px}#wp-block-themeisle-blocks-font-awesome-icons-a4b3e522 .wp-block-themeisle-blocks-font-awesome-icons-container{color:blue;background:violet}#wp-block-themeisle-blocks-font-awesome-icons-a4b3e522 .wp-block-themeisle-blocks-font-awesome-icons-container a{color:blue}#wp-block-themeisle-blocks-font-awesome-icons-a4b3e522 .wp-block-themeisle-blocks-font-awesome-icons-container i{font-size:18px}#wp-block-themeisle-blocks-font-awesome-icons-4481db9f{--borderColor:red;--borderSize:4px;--borderRadius:70%;--padding:10px;--fontSize:18px}#wp-block-themeisle-blocks-font-awesome-icons-4481db9f .wp-block-themeisle-blocks-font-awesome-icons-container{color:blue;background:violet}#wp-block-themeisle-blocks-font-awesome-icons-4481db9f .wp-block-themeisle-blocks-font-awesome-icons-container a{color:blue}#wp-block-themeisle-blocks-font-awesome-icons-4481db9f .wp-block-themeisle-blocks-font-awesome-icons-container i{font-size:18px}#wp-block-themeisle-blocks-font-awesome-icons-05c2858f{--borderColor:red;--borderSize:4px;--borderRadius:70%;--padding:10px;--fontSize:18px}#wp-block-themeisle-blocks-font-awesome-icons-05c2858f .wp-block-themeisle-blocks-font-awesome-icons-container{color:blue;background:violet}#wp-block-themeisle-blocks-font-awesome-icons-05c2858f .wp-block-themeisle-blocks-font-awesome-icons-container a{color:blue}#wp-block-themeisle-blocks-font-awesome-icons-05c2858f .wp-block-themeisle-blocks-font-awesome-icons-container i{font-size:18px}#wp-block-themeisle-blocks-font-awesome-icons-0738a992{--borderColor:red;--borderSize:4px;--borderRadius:70%;--padding:10px;--fontSize:18px}#wp-block-themeisle-blocks-font-awesome-icons-0738a992 .wp-block-themeisle-blocks-font-awesome-icons-container{color:blue;background:violet}#wp-block-themeisle-blocks-font-awesome-icons-0738a992 .wp-block-themeisle-blocks-font-awesome-icons-container a{color:blue}#wp-block-themeisle-blocks-font-awesome-icons-0738a992 .wp-block-themeisle-blocks-font-awesome-icons-container i{font-size:18px}]]></wp:meta_value>
		</wp:postmeta>
							<wp:postmeta>
		<wp:meta_key><![CDATA[_themeisle_gutenberg_block_stylesheet]]></wp:meta_key>
		<wp:meta_value><![CDATA[post-v2-184-1652087807]]></wp:meta_value>
		</wp:postmeta>
							</item>
					<item>
		<title><![CDATA[Random 1]]></title>
		<link>https://wrathfulwood.s1-tastewp.com/2022/05/09/random-1/</link>
		<pubDate>Mon, 09 May 2022 09:18:54 +0000</pubDate>
		<dc:creator><![CDATA[robertino]]></dc:creator>
		<guid isPermaLink="false">https://wrathfulwood.s1-tastewp.com/?p=191</guid>
		<description></description>
		<content:encoded><![CDATA[<!-- wp:paragraph -->
<p></p>
<!-- /wp:paragraph -->

<!-- wp:themeisle-blocks/countdown {"id":"wp-block-themeisle-blocks-countdown-70fc7b7d","date":"2025-03-03T11:49:08","backgroundColor":"#e3d1e9","valueColor":"#505ce2","labelColor":"#1ea3e8","gap":59,"width":121,"height":76,"borderRadius":27,"borderWidth":8,"borderColor":"#6acf79","valueFontSize":32,"labelFontSize":13,"hasSeparators":true} -->
<div id="wp-block-themeisle-blocks-countdown-70fc7b7d" data-date="2025-03-03T11:49:08" class="wp-block-themeisle-blocks-countdown"><div class="otter-countdown__container"><div class="otter-countdown__display"><div name="day" class="otter-countdown__display-area is-main-component"><div class="otter-countdown__value">0</div><div class="otter-countdown__label">Day</div></div><div name="separator" class="otter-countdown__display-area"><div class="otter-countdown__value">:</div><div class="otter-countdown__label">sep</div></div><div name="hour" class="otter-countdown__display-area is-main-component"><div class="otter-countdown__value">0</div><div class="otter-countdown__label">Hour</div></div><div name="separator" class="otter-countdown__display-area"><div class="otter-countdown__value">:</div><div class="otter-countdown__label">sep</div></div><div name="minute" class="otter-countdown__display-area is-main-component"><div class="otter-countdown__value">0</div><div class="otter-countdown__label">Minute</div></div><div name="separator" class="otter-countdown__display-area"><div class="otter-countdown__value">:</div><div class="otter-countdown__label">sep</div></div><div name="second" class="otter-countdown__display-area is-main-component"><div class="otter-countdown__value">0</div><div class="otter-countdown__label">Second</div></div></div></div></div>
<!-- /wp:themeisle-blocks/countdown -->

<!-- wp:themeisle-blocks/advanced-columns {"id":"wp-block-themeisle-blocks-advanced-columns-de72ff39","columns":1,"layout":"equal","padding":{"top":"80px","bottom":"80px","left":"20px","right":"20px"},"paddingTablet":{"top":"40px","bottom":"40px","left":"20px","right":"20px"},"paddingMobile":{"top":"20px","bottom":"20px","left":"20px","right":"20px"},"margin":{"top":"0px","bottom":"0px"},"columnsWidth":678,"horizontalAlign":"center","backgroundColor":"var(\u002d\u002dnv-site-bg)","backgroundPosition":{"x":"0.00","y":"0.00"},"backgroundOverlayPosition":{"x":"0.00","y":"0.00"},"columnsHTMLTag":"section","className":"has-vertical-undefined","hasCustomCSS":true,"otterConditions":[]} -->
<section id="wp-block-themeisle-blocks-advanced-columns-de72ff39" class="wp-block-themeisle-blocks-advanced-columns has-1-columns has-desktop-equal-layout has-tablet-equal-layout has-mobile-equal-layout has-vertical-unset has-vertical-undefined"><div class="wp-block-themeisle-blocks-advanced-columns-overlay"></div><div class="innerblocks-wrap"><!-- wp:themeisle-blocks/advanced-column {"id":"wp-block-themeisle-blocks-advanced-column-41f6cecb","padding":{"top":"20px","bottom":"20px","left":"20px","right":"20px"},"paddingTablet":{"top":"20px","bottom":"20px","left":"20px","right":"20px"},"paddingMobile":{"top":"20px","bottom":"20px","left":"20px","right":"20px"},"margin":{"top":"0px","bottom":"0px","left":"0px","right":"0px"},"backgroundPosition":{"x":"0.00","y":"0.00"},"columnWidth":"100","otterConditions":[]} -->
<div id="wp-block-themeisle-blocks-advanced-column-41f6cecb" class="wp-block-themeisle-blocks-advanced-column"><!-- wp:media-text {"align":"","mediaId":137,"mediaLink":"https://demosites.io/architecture-studio-gb/expertise/architecture-studio-26/","mediaType":"image","mediaWidth":65,"imageFill":true,"backgroundColor":"nv-light-bg","hasCustomCSS":true} -->
<div class="wp-block-media-text is-stacked-on-mobile is-image-fill has-nv-light-bg-background-color has-background" style="grid-template-columns:65% auto"><figure class="wp-block-media-text__media" style="background-image:url(https://demosites.io/architecture-studio-gb/wp-content/uploads/sites/661/2022/03/architecture-studio-26-1024x384.png);background-position:50% 50%"><img src="https://demosites.io/architecture-studio-gb/wp-content/uploads/sites/661/2022/03/architecture-studio-26-1024x384.png" alt="" class="wp-image-137 size-full"/></figure><div class="wp-block-media-text__content"><!-- wp:spacer {"height":"80px","otterConditions":[]} -->
<div style="height:80px" aria-hidden="true" class="wp-block-spacer"></div>
<!-- /wp:spacer -->

<!-- wp:themeisle-blocks/advanced-heading {"id":"wp-block-themeisle-blocks-advanced-heading-904741ab","headingColor":"var(\u002d\u002dnv-text-color)","marginBottom":8} -->
<h2 id="wp-block-themeisle-blocks-advanced-heading-904741ab" class="wp-block-themeisle-blocks-advanced-heading wp-block-themeisle-blocks-advanced-heading-904741ab">Urban &amp; Civil</h2>
<!-- /wp:themeisle-blocks/advanced-heading -->

<!-- wp:paragraph {"textColor":"neve-text-color"} -->
<p class="has-neve-text-color-color has-text-color">Our Urban design studio offering a full range of urban design solutions for solutions for urban development projects.</p>
<!-- /wp:paragraph -->

<!-- wp:buttons -->
<div class="wp-block-buttons"><!-- wp:button {"className":"is-style-primary"} -->
<div class="wp-block-button is-style-primary"><a class="wp-block-button__link" href="https://demosites.io/architecture-studio-gb/expertise-single/">Details</a></div>
<!-- /wp:button --></div>
<!-- /wp:buttons -->

<!-- wp:spacer {"height":"80px","otterConditions":[]} -->
<div style="height:80px" aria-hidden="true" class="wp-block-spacer"></div>
<!-- /wp:spacer --></div></div>
<!-- /wp:media-text -->

<!-- wp:spacer {"height":"56px","otterConditions":[]} -->
<div style="height:56px" aria-hidden="true" class="wp-block-spacer"></div>
<!-- /wp:spacer -->

<!-- wp:media-text {"align":"","mediaId":136,"mediaLink":"https://demosites.io/architecture-studio-gb/expertise/architecture-studio-25/","mediaType":"image","mediaWidth":65,"imageFill":true,"backgroundColor":"nv-light-bg"} -->
<div class="wp-block-media-text is-stacked-on-mobile is-image-fill has-nv-light-bg-background-color has-background" style="grid-template-columns:65% auto"><figure class="wp-block-media-text__media" style="background-image:url(https://demosites.io/architecture-studio-gb/wp-content/uploads/sites/661/2022/03/architecture-studio-25-1024x384.png);background-position:50% 50%"><img src="https://demosites.io/architecture-studio-gb/wp-content/uploads/sites/661/2022/03/architecture-studio-25-1024x384.png" alt="" class="wp-image-136 size-full"/></figure><div class="wp-block-media-text__content"><!-- wp:spacer {"height":"80px","otterConditions":[]} -->
<div style="height:80px" aria-hidden="true" class="wp-block-spacer"></div>
<!-- /wp:spacer -->

<!-- wp:themeisle-blocks/advanced-heading {"id":"wp-block-themeisle-blocks-advanced-heading-4e754109","headingColor":"var(\u002d\u002dnv-text-color)","marginBottom":8} -->
<h2 id="wp-block-themeisle-blocks-advanced-heading-4e754109" class="wp-block-themeisle-blocks-advanced-heading wp-block-themeisle-blocks-advanced-heading-4e754109">Workplace</h2>
<!-- /wp:themeisle-blocks/advanced-heading -->

<!-- wp:paragraph {"textColor":"neve-text-color"} -->
<p class="has-neve-text-color-color has-text-color">We focus on strategically masterplanning cities. Around the world, our multidisciplinary teams help to re-imagine urban environments for future generations and work with governments to implement forward thinking strategic planning strategies.</p>
<!-- /wp:paragraph -->

<!-- wp:buttons -->
<div class="wp-block-buttons"><!-- wp:button {"className":"is-style-primary"} -->
<div class="wp-block-button is-style-primary"><a class="wp-block-button__link" href="https://demosites.io/architecture-studio-gb/expertise-single/">Details</a></div>
<!-- /wp:button --></div>
<!-- /wp:buttons -->

<!-- wp:spacer {"height":"80px","otterConditions":[]} -->
<div style="height:80px" aria-hidden="true" class="wp-block-spacer"></div>
<!-- /wp:spacer --></div></div>
<!-- /wp:media-text -->

<!-- wp:spacer {"height":"56px","otterConditions":[]} -->
<div style="height:56px" aria-hidden="true" class="wp-block-spacer"></div>
<!-- /wp:spacer -->

<!-- wp:media-text {"align":"","mediaId":135,"mediaLink":"https://demosites.io/architecture-studio-gb/expertise/architecture-studio-24/","mediaType":"image","mediaWidth":65,"mediaSizeSlug":"full","imageFill":true,"backgroundColor":"nv-light-bg"} -->
<div class="wp-block-media-text is-stacked-on-mobile is-image-fill has-nv-light-bg-background-color has-background" style="grid-template-columns:65% auto"><figure class="wp-block-media-text__media" style="background-image:url(https://demosites.io/architecture-studio-gb/wp-content/uploads/sites/661/2022/03/architecture-studio-24-1024x384.png);background-position:50% 50%"><img src="https://demosites.io/architecture-studio-gb/wp-content/uploads/sites/661/2022/03/architecture-studio-24-1024x384.png" alt="" class="wp-image-135 size-full"/></figure><div class="wp-block-media-text__content"><!-- wp:spacer {"height":"80px","otterConditions":[]} -->
<div style="height:80px" aria-hidden="true" class="wp-block-spacer"></div>
<!-- /wp:spacer -->

<!-- wp:themeisle-blocks/advanced-heading {"id":"wp-block-themeisle-blocks-advanced-heading-628b680d","headingColor":"var(\u002d\u002dnv-text-color)","marginBottom":8} -->
<h2 id="wp-block-themeisle-blocks-advanced-heading-628b680d" class="wp-block-themeisle-blocks-advanced-heading wp-block-themeisle-blocks-advanced-heading-628b680d">Hospitality</h2>
<!-- /wp:themeisle-blocks/advanced-heading -->

<!-- wp:paragraph {"textColor":"neve-text-color"} -->
<p class="has-neve-text-color-color has-text-color">With offices in North America, Africa, South-East Asia and Australia, we are passionate about creating environments that address local issues and contribute to a better world.</p>
<!-- /wp:paragraph -->

<!-- wp:buttons -->
<div class="wp-block-buttons"><!-- wp:button {"className":"is-style-primary"} -->
<div class="wp-block-button is-style-primary"><a class="wp-block-button__link" href="https://demosites.io/architecture-studio-gb/expertise-single/">Details</a></div>
<!-- /wp:button --></div>
<!-- /wp:buttons -->

<!-- wp:spacer {"height":"80px","otterConditions":[]} -->
<div style="height:80px" aria-hidden="true" class="wp-block-spacer"></div>
<!-- /wp:spacer --></div></div>
<!-- /wp:media-text -->

<!-- wp:spacer {"height":"56px","otterConditions":[]} -->
<div style="height:56px" aria-hidden="true" class="wp-block-spacer"></div>
<!-- /wp:spacer -->

<!-- wp:media-text {"align":"","mediaId":68,"mediaLink":"https://demosites.io/architecture-studio-gb/expertise-single/architecture-studio-05/","mediaType":"image","mediaWidth":65,"mediaSizeSlug":"full","imageFill":true,"backgroundColor":"nv-light-bg"} -->
<div class="wp-block-media-text is-stacked-on-mobile is-image-fill has-nv-light-bg-background-color has-background" style="grid-template-columns:65% auto"><figure class="wp-block-media-text__media" style="background-image:url(https://demosites.io/architecture-studio-gb/wp-content/uploads/sites/661/2022/03/architecture-studio-05-1024x385.png);background-position:50% 50%"><img src="https://demosites.io/architecture-studio-gb/wp-content/uploads/sites/661/2022/03/architecture-studio-05-1024x385.png" alt="" class="wp-image-68 size-full"/></figure><div class="wp-block-media-text__content"><!-- wp:spacer {"height":"80px","otterConditions":[]} -->
<div style="height:80px" aria-hidden="true" class="wp-block-spacer"></div>
<!-- /wp:spacer -->

<!-- wp:themeisle-blocks/advanced-heading {"id":"wp-block-themeisle-blocks-advanced-heading-cd5bf017","headingColor":"var(\u002d\u002dnv-text-color)","marginBottom":8} -->
<h2 id="wp-block-themeisle-blocks-advanced-heading-cd5bf017" class="wp-block-themeisle-blocks-advanced-heading wp-block-themeisle-blocks-advanced-heading-cd5bf017">Residential</h2>
<!-- /wp:themeisle-blocks/advanced-heading -->

<!-- wp:paragraph {"textColor":"neve-text-color"} -->
<p class="has-neve-text-color-color has-text-color">From masterplans to remodels, we deliver an exceptional customer experience with every step of the design process.</p>
<!-- /wp:paragraph -->

<!-- wp:buttons -->
<div class="wp-block-buttons"><!-- wp:button {"className":"is-style-primary"} -->
<div class="wp-block-button is-style-primary"><a class="wp-block-button__link" href="https://demosites.io/architecture-studio-gb/expertise-single/">Details</a></div>
<!-- /wp:button --></div>
<!-- /wp:buttons -->

<!-- wp:spacer {"height":"80px","otterConditions":[]} -->
<div style="height:80px" aria-hidden="true" class="wp-block-spacer"></div>
<!-- /wp:spacer --></div></div>
<!-- /wp:media-text -->

<!-- wp:spacer {"height":"56px","otterConditions":[]} -->
<div style="height:56px" aria-hidden="true" class="wp-block-spacer"></div>
<!-- /wp:spacer -->

<!-- wp:media-text {"align":"","mediaId":134,"mediaLink":"https://demosites.io/architecture-studio-gb/expertise/architecture-studio-23/","mediaType":"image","mediaWidth":65,"mediaSizeSlug":"full","imageFill":true,"backgroundColor":"nv-light-bg"} -->
<div class="wp-block-media-text is-stacked-on-mobile is-image-fill has-nv-light-bg-background-color has-background" style="grid-template-columns:65% auto"><figure class="wp-block-media-text__media" style="background-image:url(https://demosites.io/architecture-studio-gb/wp-content/uploads/sites/661/2022/03/architecture-studio-23-1024x384.png);background-position:50% 50%"><img src="https://demosites.io/architecture-studio-gb/wp-content/uploads/sites/661/2022/03/architecture-studio-23-1024x384.png" alt="" class="wp-image-134 size-full"/></figure><div class="wp-block-media-text__content"><!-- wp:spacer {"height":"80px","otterConditions":[]} -->
<div style="height:80px" aria-hidden="true" class="wp-block-spacer"></div>
<!-- /wp:spacer -->

<!-- wp:themeisle-blocks/advanced-heading {"id":"wp-block-themeisle-blocks-advanced-heading-5de12ff9","headingColor":"var(\u002d\u002dnv-text-color)","marginBottom":8} -->
<h2 id="wp-block-themeisle-blocks-advanced-heading-5de12ff9" class="wp-block-themeisle-blocks-advanced-heading wp-block-themeisle-blocks-advanced-heading-5de12ff9">Interiors</h2>
<!-- /wp:themeisle-blocks/advanced-heading -->

<!-- wp:paragraph {"textColor":"neve-text-color"} -->
<p class="has-neve-text-color-color has-text-color">A building is more than just a structure. It's an experience, it's recreation, it's a reflection of the community around it and its inhabitants. We have developed a design process that combines deep research with a commitment to urban planning and social responsibility. </p>
<!-- /wp:paragraph -->

<!-- wp:buttons -->
<div class="wp-block-buttons"><!-- wp:button {"className":"is-style-primary"} -->
<div class="wp-block-button is-style-primary"><a class="wp-block-button__link" href="https://demosites.io/architecture-studio-gb/expertise-single/">Details</a></div>
<!-- /wp:button --></div>
<!-- /wp:buttons -->

<!-- wp:spacer {"height":"80px","otterConditions":[]} -->
<div style="height:80px" aria-hidden="true" class="wp-block-spacer"></div>
<!-- /wp:spacer --></div></div>
<!-- /wp:media-text -->

<!-- wp:spacer {"height":"56px","otterConditions":[]} -->
<div style="height:56px" aria-hidden="true" class="wp-block-spacer"></div>
<!-- /wp:spacer -->

<!-- wp:media-text {"mediaId":64,"mediaLink":"https://demosites.io/architecture-studio-gb/expertise-single/architecture-studio-02/","mediaType":"image","mediaWidth":65,"mediaSizeSlug":"full","imageFill":true,"backgroundColor":"nv-light-bg"} -->
<div class="wp-block-media-text alignwide is-stacked-on-mobile is-image-fill has-nv-light-bg-background-color has-background" style="grid-template-columns:65% auto"><figure class="wp-block-media-text__media" style="background-image:url(https://demosites.io/architecture-studio-gb/wp-content/uploads/sites/661/2022/03/architecture-studio-02-1024x402.png);background-position:50% 50%"><img src="https://demosites.io/architecture-studio-gb/wp-content/uploads/sites/661/2022/03/architecture-studio-02-1024x402.png" alt="" class="wp-image-64 size-full"/></figure><div class="wp-block-media-text__content"><!-- wp:spacer {"height":"80px","otterConditions":[]} -->
<div style="height:80px" aria-hidden="true" class="wp-block-spacer"></div>
<!-- /wp:spacer -->

<!-- wp:themeisle-blocks/advanced-heading {"id":"wp-block-themeisle-blocks-advanced-heading-a878b5f0","headingColor":"var(\u002d\u002dnv-text-color)","marginBottom":8} -->
<h2 id="wp-block-themeisle-blocks-advanced-heading-a878b5f0" class="wp-block-themeisle-blocks-advanced-heading wp-block-themeisle-blocks-advanced-heading-a878b5f0">Commercial</h2>
<!-- /wp:themeisle-blocks/advanced-heading -->

<!-- wp:paragraph {"textColor":"neve-text-color"} -->
<p class="has-neve-text-color-color has-text-color">All our products and services are aimed at providing customers with an extra relaxation and comfort. We are working hard to create an environment which would be appreciated by everyone looking for the best quality services.</p>
<!-- /wp:paragraph -->

<!-- wp:buttons -->
<div class="wp-block-buttons"><!-- wp:button {"className":"is-style-primary"} -->
<div class="wp-block-button is-style-primary"><a class="wp-block-button__link" href="https://demosites.io/architecture-studio-gb/expertise-single/">Details</a></div>
<!-- /wp:button --></div>
<!-- /wp:buttons -->

<!-- wp:spacer {"height":"80px","otterConditions":[]} -->
<div style="height:80px" aria-hidden="true" class="wp-block-spacer"></div>
<!-- /wp:spacer --></div></div>
<!-- /wp:media-text --></div>
<!-- /wp:themeisle-blocks/advanced-column --></div></section>
<!-- /wp:themeisle-blocks/advanced-columns -->

<!-- wp:themeisle-blocks/button-group {"id":"wp-block-themeisle-blocks-button-group-b61d982c","spacing":26,"paddingTopBottom":10,"paddingLeftRight":40,"collapse":"collapse-desktop","fontSize":30,"fontFamily":"Economica","fontVariant":"700","textTransform":"uppercase","fontStyle":"italic","lineHeight":67} -->
<div id="wp-block-themeisle-blocks-button-group-b61d982c" class="wp-block-themeisle-blocks-button-group collapse-desktop wp-block-buttons"><!-- wp:themeisle-blocks/button {"id":"wp-block-themeisle-blocks-button-be4544a6"} -->
<div id="wp-block-themeisle-blocks-button-be4544a6" class="wp-block-themeisle-blocks-button wp-block-button"><a target="_self" rel="noopener noreferrer" class="wp-block-button__link"><span>B1</span></a></div>
<!-- /wp:themeisle-blocks/button -->

<!-- wp:themeisle-blocks/button {"id":"wp-block-themeisle-blocks-button-a5cb61ff","color":"#d35454","backgroundGradient":"linear-gradient(135deg,rgb(255,245,203) 0%,rgb(182,227,212) 50%,rgb(51,167,181) 100%)","border":"#cd2727","hoverColor":"#872ae5","hoverBackgroundGradient":"linear-gradient(135deg,rgb(254,205,165) 0%,rgb(254,45,45) 50%,rgb(107,0,62) 100%)","hoverBorder":"#53df2a","borderSize":6,"borderRadius":25,"boxShadow":true,"boxShadowColor":"#3355cf","boxShadowColorOpacity":18,"boxShadowBlur":6,"boxShadowSpread":19,"boxShadowHorizontal":81,"boxShadowVertical":-17} -->
<div id="wp-block-themeisle-blocks-button-a5cb61ff" class="wp-block-themeisle-blocks-button wp-block-button"><a target="_self" rel="noopener noreferrer" class="wp-block-button__link"><span>B2</span></a></div>
<!-- /wp:themeisle-blocks/button -->

<!-- wp:themeisle-blocks/button {"id":"wp-block-themeisle-blocks-button-1a51f4bb","className":"is-style-outline"} -->
<div id="wp-block-themeisle-blocks-button-1a51f4bb" class="wp-block-themeisle-blocks-button wp-block-button is-style-outline"><a target="_self" rel="noopener noreferrer" class="wp-block-button__link"><span>B3</span></a></div>
<!-- /wp:themeisle-blocks/button --></div>
<!-- /wp:themeisle-blocks/button-group -->

<!-- wp:themeisle-blocks/font-awesome-icons {"id":"wp-block-themeisle-blocks-font-awesome-icons-8392daf2","prefix":"fas","icon":"seedling","fontSize":39,"padding":10,"backgroundColor":"violet","textColor":"blue","borderColor":"red","borderSize":4,"borderRadius":70} -->
<p id="wp-block-themeisle-blocks-font-awesome-icons-8392daf2" class="wp-block-themeisle-blocks-font-awesome-icons"><span class="wp-block-themeisle-blocks-font-awesome-icons-container"><i class="fas fa-seedling"></i></span></p>
<!-- /wp:themeisle-blocks/font-awesome-icons -->

<!-- wp:themeisle-blocks/accordion {"id":"wp-block-themeisle-blocks-accordion-815c3abe","gap":"wide","titleColor":"#1a1616","titleBackground":"#de358b","contentBackground":"#dfc258"} -->
<div id="wp-block-themeisle-blocks-accordion-815c3abe" class="wp-block-themeisle-blocks-accordion is-wide-gap"><!-- wp:themeisle-blocks/accordion-item {"title":"Title1"} -->
<details class="wp-block-themeisle-blocks-accordion-item"><summary class="wp-block-themeisle-blocks-accordion-item__title"><div>Title1</div></summary><div class="wp-block-themeisle-blocks-accordion-item__content"><!-- wp:paragraph -->
<p>Lorem ipsum odor amet, consectetuer adipiscing elit. Duis ridiculus at orci sagittis laoreet cubilia sociosqu. Litora consectetur consequat conubia felis risus. Massa vivamus potenti vivamus non lectus hendrerit dapibus sed. Diam fusce urna fusce ultrices cras. Venenatis elementum vivamus aliquet morbi nam faucibus cubilia.</p>
<!-- /wp:paragraph --></div></details>
<!-- /wp:themeisle-blocks/accordion-item -->

<!-- wp:themeisle-blocks/accordion-item {"title":"Title 2"} -->
<details class="wp-block-themeisle-blocks-accordion-item"><summary class="wp-block-themeisle-blocks-accordion-item__title"><div>Title 2</div></summary><div class="wp-block-themeisle-blocks-accordion-item__content"><!-- wp:paragraph {"fontSize":"x-large"} -->
<p class="has-x-large-font-size">Lorem ipsum odor amet, consectetuer adipiscing elit. Duis ridiculus at orci sagittis laoreet cubilia sociosqu. Litora consectetur consequat conubia felis risus. Massa vivamus potenti vivamus non lectus hendrerit dapibus sed. Diam fusce urna fusce ultrices cras. Venenatis elementum vivamus aliquet morbi nam faucibus cubilia.</p>
<!-- /wp:paragraph --></div></details>
<!-- /wp:themeisle-blocks/accordion-item -->

<!-- wp:themeisle-blocks/accordion-item {"title":"Title 3"} -->
<details class="wp-block-themeisle-blocks-accordion-item"><summary class="wp-block-themeisle-blocks-accordion-item__title"><div>Title 3</div></summary><div class="wp-block-themeisle-blocks-accordion-item__content"><!-- wp:themeisle-blocks/accordion {"id":"wp-block-themeisle-blocks-accordion-d4b90876"} -->
<div id="wp-block-themeisle-blocks-accordion-d4b90876" class="wp-block-themeisle-blocks-accordion"><!-- wp:themeisle-blocks/accordion-item {"title":"Sub Title 1"} -->
<details class="wp-block-themeisle-blocks-accordion-item"><summary class="wp-block-themeisle-blocks-accordion-item__title"><div>Sub Title 1</div></summary><div class="wp-block-themeisle-blocks-accordion-item__content"><!-- wp:paragraph -->
<p>Lorem ipsum odor amet, consectetuer adipiscing elit. Duis ridiculus at orci sagittis laoreet cubilia sociosqu. Litora consectetur consequat conubia felis risus. Massa vivamus potenti vivamus non lectus hendrerit dapibus sed. Diam fusce urna fusce ultrices cras. Venenatis elementum vivamus aliquet morbi nam faucibus cubilia.</p>
<!-- /wp:paragraph --></div></details>
<!-- /wp:themeisle-blocks/accordion-item -->

<!-- wp:themeisle-blocks/accordion-item {"title":"Sub Title 2"} -->
<details class="wp-block-themeisle-blocks-accordion-item"><summary class="wp-block-themeisle-blocks-accordion-item__title"><div>Sub Title 2</div></summary><div class="wp-block-themeisle-blocks-accordion-item__content"><!-- wp:paragraph -->
<p>No more dogs to pet.</p>
<!-- /wp:paragraph --></div></details>
<!-- /wp:themeisle-blocks/accordion-item --></div>
<!-- /wp:themeisle-blocks/accordion --></div></details>
<!-- /wp:themeisle-blocks/accordion-item -->

<!-- wp:themeisle-blocks/accordion-item {"title":"Title 4"} -->
<details class="wp-block-themeisle-blocks-accordion-item"><summary class="wp-block-themeisle-blocks-accordion-item__title"><div>Title 4</div></summary><div class="wp-block-themeisle-blocks-accordion-item__content"><!-- wp:themeisle-blocks/accordion {"id":"wp-block-themeisle-blocks-accordion-a76ecb70","gap":"narrow","titleBackground":"#30a351"} -->
<div id="wp-block-themeisle-blocks-accordion-a76ecb70" class="wp-block-themeisle-blocks-accordion is-narrow-gap"><!-- wp:themeisle-blocks/accordion-item {"title":"Sub Title 1"} -->
<details class="wp-block-themeisle-blocks-accordion-item"><summary class="wp-block-themeisle-blocks-accordion-item__title"><div>Sub Title 1</div></summary><div class="wp-block-themeisle-blocks-accordion-item__content"><!-- wp:paragraph -->
<p>Lorem ipsum odor amet, consectetuer adipiscing elit. Duis ridiculus at orci sagittis laoreet cubilia sociosqu. Litora consectetur consequat conubia felis risus. Massa vivamus potenti vivamus non lectus hendrerit dapibus sed. Diam fusce urna fusce ultrices cras. Venenatis elementum vivamus aliquet morbi nam faucibus cubilia.</p>
<!-- /wp:paragraph --></div></details>
<!-- /wp:themeisle-blocks/accordion-item -->

<!-- wp:themeisle-blocks/accordion-item {"title":"Sub Title 2"} -->
<details class="wp-block-themeisle-blocks-accordion-item"><summary class="wp-block-themeisle-blocks-accordion-item__title"><div>Sub Title 2</div></summary><div class="wp-block-themeisle-blocks-accordion-item__content"><!-- wp:paragraph -->
<p>Lorem ipsum odor amet, consectetuer adipiscing elit. Duis ridiculus at orci sagittis laoreet cubilia sociosqu. Litora consectetur consequat conubia felis risus. Massa vivamus potenti vivamus non lectus hendrerit dapibus sed. Diam fusce urna fusce ultrices cras. Venenatis elementum vivamus aliquet morbi nam faucibus cubilia.</p>
<!-- /wp:paragraph --></div></details>
<!-- /wp:themeisle-blocks/accordion-item --></div>
<!-- /wp:themeisle-blocks/accordion --></div></details>
<!-- /wp:themeisle-blocks/accordion-item --></div>
<!-- /wp:themeisle-blocks/accordion -->

<!-- wp:paragraph -->
<p></p>
<!-- /wp:paragraph -->

<!-- wp:themeisle-blocks/accordion {"id":"wp-block-themeisle-blocks-accordion-8f5483a4","gap":"wide","titleColor":"#1a1616","titleBackground":"#de358b","contentBackground":"#dfc258"} -->
<div id="wp-block-themeisle-blocks-accordion-8f5483a4" class="wp-block-themeisle-blocks-accordion is-wide-gap"><!-- wp:themeisle-blocks/accordion-item {"title":"Title1"} -->
<details class="wp-block-themeisle-blocks-accordion-item"><summary class="wp-block-themeisle-blocks-accordion-item__title"><div>Title1</div></summary><div class="wp-block-themeisle-blocks-accordion-item__content"><!-- wp:paragraph -->
<p>Lorem ipsum odor amet, consectetuer adipiscing elit. Duis ridiculus at orci sagittis laoreet cubilia sociosqu. Litora consectetur consequat conubia felis risus. Massa vivamus potenti vivamus non lectus hendrerit dapibus sed. Diam fusce urna fusce ultrices cras. Venenatis elementum vivamus aliquet morbi nam faucibus cubilia.</p>
<!-- /wp:paragraph --></div></details>
<!-- /wp:themeisle-blocks/accordion-item -->

<!-- wp:themeisle-blocks/accordion-item {"title":"Title 2"} -->
<details class="wp-block-themeisle-blocks-accordion-item"><summary class="wp-block-themeisle-blocks-accordion-item__title"><div>Title 2</div></summary><div class="wp-block-themeisle-blocks-accordion-item__content"><!-- wp:paragraph {"fontSize":"x-large"} -->
<p class="has-x-large-font-size">Lorem ipsum odor amet, consectetuer adipiscing elit. Duis ridiculus at orci sagittis laoreet cubilia sociosqu. Litora consectetur consequat conubia felis risus. Massa vivamus potenti vivamus non lectus hendrerit dapibus sed. Diam fusce urna fusce ultrices cras. Venenatis elementum vivamus aliquet morbi nam faucibus cubilia.</p>
<!-- /wp:paragraph --></div></details>
<!-- /wp:themeisle-blocks/accordion-item -->

<!-- wp:themeisle-blocks/accordion-item {"title":"Title 3"} -->
<details class="wp-block-themeisle-blocks-accordion-item"><summary class="wp-block-themeisle-blocks-accordion-item__title"><div>Title 3</div></summary><div class="wp-block-themeisle-blocks-accordion-item__content"><!-- wp:themeisle-blocks/accordion {"id":"wp-block-themeisle-blocks-accordion-ed6bbe17"} -->
<div id="wp-block-themeisle-blocks-accordion-ed6bbe17" class="wp-block-themeisle-blocks-accordion"><!-- wp:themeisle-blocks/accordion-item {"title":"Sub Title 1"} -->
<details class="wp-block-themeisle-blocks-accordion-item"><summary class="wp-block-themeisle-blocks-accordion-item__title"><div>Sub Title 1</div></summary><div class="wp-block-themeisle-blocks-accordion-item__content"><!-- wp:paragraph -->
<p>Lorem ipsum odor amet, consectetuer adipiscing elit. Duis ridiculus at orci sagittis laoreet cubilia sociosqu. Litora consectetur consequat conubia felis risus. Massa vivamus potenti vivamus non lectus hendrerit dapibus sed. Diam fusce urna fusce ultrices cras. Venenatis elementum vivamus aliquet morbi nam faucibus cubilia.</p>
<!-- /wp:paragraph --></div></details>
<!-- /wp:themeisle-blocks/accordion-item -->

<!-- wp:themeisle-blocks/accordion-item {"title":"Sub Title 2"} -->
<details class="wp-block-themeisle-blocks-accordion-item"><summary class="wp-block-themeisle-blocks-accordion-item__title"><div>Sub Title 2</div></summary><div class="wp-block-themeisle-blocks-accordion-item__content"><!-- wp:paragraph -->
<p>No more dogs to pet.</p>
<!-- /wp:paragraph --></div></details>
<!-- /wp:themeisle-blocks/accordion-item --></div>
<!-- /wp:themeisle-blocks/accordion --></div></details>
<!-- /wp:themeisle-blocks/accordion-item -->

<!-- wp:themeisle-blocks/accordion-item {"title":"Title 4"} -->
<details class="wp-block-themeisle-blocks-accordion-item"><summary class="wp-block-themeisle-blocks-accordion-item__title"><div>Title 4</div></summary><div class="wp-block-themeisle-blocks-accordion-item__content"><!-- wp:themeisle-blocks/accordion {"id":"wp-block-themeisle-blocks-accordion-cf55473b","gap":"narrow","titleBackground":"#30a351"} -->
<div id="wp-block-themeisle-blocks-accordion-cf55473b" class="wp-block-themeisle-blocks-accordion is-narrow-gap"><!-- wp:themeisle-blocks/accordion-item {"title":"Sub Title 1"} -->
<details class="wp-block-themeisle-blocks-accordion-item"><summary class="wp-block-themeisle-blocks-accordion-item__title"><div>Sub Title 1</div></summary><div class="wp-block-themeisle-blocks-accordion-item__content"><!-- wp:paragraph -->
<p>Lorem ipsum odor amet, consectetuer adipiscing elit. Duis ridiculus at orci sagittis laoreet cubilia sociosqu. Litora consectetur consequat conubia felis risus. Massa vivamus potenti vivamus non lectus hendrerit dapibus sed. Diam fusce urna fusce ultrices cras. Venenatis elementum vivamus aliquet morbi nam faucibus cubilia.</p>
<!-- /wp:paragraph --></div></details>
<!-- /wp:themeisle-blocks/accordion-item -->

<!-- wp:themeisle-blocks/accordion-item {"title":"Sub Title 2"} -->
<details class="wp-block-themeisle-blocks-accordion-item"><summary class="wp-block-themeisle-blocks-accordion-item__title"><div>Sub Title 2</div></summary><div class="wp-block-themeisle-blocks-accordion-item__content"><!-- wp:paragraph -->
<p>Lorem ipsum odor amet, consectetuer adipiscing elit. Duis ridiculus at orci sagittis laoreet cubilia sociosqu. Litora consectetur consequat conubia felis risus. Massa vivamus potenti vivamus non lectus hendrerit dapibus sed. Diam fusce urna fusce ultrices cras. Venenatis elementum vivamus aliquet morbi nam faucibus cubilia.</p>
<!-- /wp:paragraph --></div></details>
<!-- /wp:themeisle-blocks/accordion-item --></div>
<!-- /wp:themeisle-blocks/accordion --></div></details>
<!-- /wp:themeisle-blocks/accordion-item --></div>
<!-- /wp:themeisle-blocks/accordion -->

<!-- wp:group -->
<div class="wp-block-group"><!-- wp:themeisle-blocks/advanced-columns {"id":"wp-block-themeisle-blocks-advanced-columns-a241f2a5","columns":1,"layout":"equal","padding":{"top":"80px","bottom":"80px","left":"20px","right":"20px"},"paddingTablet":{"top":"40px","bottom":"40px","left":"20px","right":"20px"},"paddingMobile":{"top":"20px","bottom":"20px","left":"20px","right":"20px"},"margin":{"top":"20px","bottom":"20px"},"columnsWidth":800,"horizontalAlign":"center","columnsHeight":"custom","columnsHeightCustom":800,"columnsHeightCustomTablet":600,"columnsHeightCustomMobile":400,"verticalAlign":"center","backgroundColor":"#edeae8","backgroundPosition":{"x":"0.00","y":"0.00"},"backgroundOverlayPosition":{"x":"0.00","y":"0.00"},"columnsHTMLTag":"section","align":"full","otterConditions":[]} -->
<section id="wp-block-themeisle-blocks-advanced-columns-a241f2a5" class="wp-block-themeisle-blocks-advanced-columns alignfull has-1-columns has-desktop-equal-layout has-tablet-equal-layout has-mobile-equal-layout has-vertical-center"><div class="wp-block-themeisle-blocks-advanced-columns-overlay"></div><div class="innerblocks-wrap"><!-- wp:themeisle-blocks/advanced-column {"id":"wp-block-themeisle-blocks-advanced-column-397f5e2e","padding":{"top":"20px","bottom":"20px","left":"20px","right":"20px"},"paddingTablet":{"top":null,"bottom":null,"left":null,"right":null},"paddingMobile":{"top":null,"bottom":null,"left":null,"right":null},"margin":{"top":"20px","bottom":"20px","left":"0px","right":"0px"},"marginTablet":{"top":null,"bottom":null,"left":null,"right":null},"marginMobile":{"top":null,"bottom":null,"left":null,"right":null},"backgroundPosition":{"x":"0.00","y":"0.00"},"border":{"top":"0px","bottom":"0px","left":"0px","right":"0px"},"borderRadius":{"top":"0px","bottom":"0px","left":"0px","right":"0px"},"columnWidth":"100","otterConditions":[]} -->
<div id="wp-block-themeisle-blocks-advanced-column-397f5e2e" class="wp-block-themeisle-blocks-advanced-column"><!-- wp:themeisle-blocks/advanced-heading {"id":"wp-block-themeisle-blocks-advanced-heading-8c8358d7","tag":"p","align":"center","fontSize":14,"textTransform":"uppercase","marginType":"linked"} -->
<p id="wp-block-themeisle-blocks-advanced-heading-8c8358d7" class="wp-block-themeisle-blocks-advanced-heading wp-block-themeisle-blocks-advanced-heading-8c8358d7"><strong>This is an overline</strong></p>
<!-- /wp:themeisle-blocks/advanced-heading -->

<!-- wp:themeisle-blocks/advanced-heading {"id":"wp-block-themeisle-blocks-advanced-heading-469a7a23","tag":"h1","align":"center","marginType":"linked"} -->
<h1 id="wp-block-themeisle-blocks-advanced-heading-469a7a23" class="wp-block-themeisle-blocks-advanced-heading wp-block-themeisle-blocks-advanced-heading-469a7a23">An amazing Hero Title</h1>
<!-- /wp:themeisle-blocks/advanced-heading -->

<!-- wp:spacer {"height":"20px","otterConditions":[]} -->
<div style="height:20px" aria-hidden="true" class="wp-block-spacer"></div>
<!-- /wp:spacer -->

<!-- wp:paragraph {"align":"center"} -->
<p class="has-text-align-center">This is a description for the hero section. Synergestic actionables. Organic growth deep dive but circle back or but what's the real problem we're trying to solve here?</p>
<!-- /wp:paragraph -->

<!-- wp:buttons {"layout":{"type":"flex","justifyContent":"center"},"otterConditions":[]} -->
<div class="wp-block-buttons"><!-- wp:button {"className":"is-style-primary"} -->
<div class="wp-block-button is-style-primary"><a class="wp-block-button__link">Learn More</a></div>
<!-- /wp:button -->

<!-- wp:button {"className":"is-style-primary"} -->
<div class="wp-block-button is-style-primary"><a class="wp-block-button__link">Get In Touch</a></div>
<!-- /wp:button --></div>
<!-- /wp:buttons --></div>
<!-- /wp:themeisle-blocks/advanced-column --></div></section>
<!-- /wp:themeisle-blocks/advanced-columns -->

<!-- wp:themeisle-blocks/advanced-columns {"id":"wp-block-themeisle-blocks-advanced-columns-debe9c02","columns":2,"layout":"equal","layoutMobile":"collapsedRows","padding":{"top":"80px","bottom":"80px","left":"20px","right":"20px"},"paddingTablet":{"top":"40px","bottom":"40px","left":"20px","right":"20px"},"paddingMobile":{"top":"20px","bottom":"20px","left":"20px","right":"20px"},"margin":{"top":"20px","bottom":"20px"},"columnsWidth":1170,"horizontalAlign":"center","verticalAlign":"center","backgroundPosition":{"x":"0.00","y":"0.00"},"backgroundOverlayPosition":{"x":"0.00","y":"0.00"},"columnsHTMLTag":"section","align":"full","otterConditions":[]} -->
<section id="wp-block-themeisle-blocks-advanced-columns-debe9c02" class="wp-block-themeisle-blocks-advanced-columns alignfull has-2-columns has-desktop-equal-layout has-tablet-equal-layout has-mobile-collapsedRows-layout has-vertical-center"><div class="wp-block-themeisle-blocks-advanced-columns-overlay"></div><div class="innerblocks-wrap"><!-- wp:themeisle-blocks/advanced-column {"id":"wp-block-themeisle-blocks-advanced-column-1cf06e66","padding":{"top":"20px","bottom":"20px","left":"20px","right":"20px"},"paddingTablet":{"top":null,"bottom":null,"left":null,"right":null},"paddingMobile":{"top":null,"bottom":null,"left":null,"right":null},"margin":{"top":"20px","bottom":"20px","left":"0px","right":"0px"},"marginTablet":{"top":null,"bottom":null,"left":null,"right":null},"marginMobile":{"top":null,"bottom":null,"left":null,"right":null},"backgroundPosition":{"x":"0.00","y":"0.00"},"border":{"top":"0px","bottom":"0px","left":"0px","right":"0px"},"borderRadius":{"top":"0px","bottom":"0px","left":"0px","right":"0px"},"columnWidth":"50","otterConditions":[]} -->
<div id="wp-block-themeisle-blocks-advanced-column-1cf06e66" class="wp-block-themeisle-blocks-advanced-column"><!-- wp:themeisle-blocks/advanced-heading {"id":"wp-block-themeisle-blocks-advanced-heading-02bd25d9","tag":"div","align":"left","fontSize":14,"textTransform":"uppercase","marginType":"linked"} -->
<div id="wp-block-themeisle-blocks-advanced-heading-02bd25d9" class="wp-block-themeisle-blocks-advanced-heading wp-block-themeisle-blocks-advanced-heading-02bd25d9"><strong>This is an overline</strong></div>
<!-- /wp:themeisle-blocks/advanced-heading -->

<!-- wp:themeisle-blocks/advanced-heading {"id":"wp-block-themeisle-blocks-advanced-heading-b7196eeb","tag":"h1","marginType":"linked"} -->
<h1 id="wp-block-themeisle-blocks-advanced-heading-b7196eeb" class="wp-block-themeisle-blocks-advanced-heading wp-block-themeisle-blocks-advanced-heading-b7196eeb">Amazing hero titleadsfasdf</h1>
<!-- /wp:themeisle-blocks/advanced-heading -->

<!-- wp:spacer {"height":"20px","otterConditions":[]} -->
<div style="height:20px" aria-hidden="true" class="wp-block-spacer"></div>
<!-- /wp:spacer -->

<!-- wp:themeisle-blocks/flip {"id":"wp-block-themeisle-blocks-flip-49b3c40f","title":"adfasdf","description":"sadfasdf"} -->
<div id="wp-block-themeisle-blocks-flip-49b3c40f" class="wp-block-themeisle-blocks-flip anim flipY"><div class="o-flip-inner"><div class="o-flip-front"><div class="o-flip-content"><h3>adfasdf</h3><p>sadfasdf</p></div></div><div class="o-flip-back"><!-- wp:paragraph -->
<p>dasfdsafadsfasdf</p>
<!-- /wp:paragraph --></div></div></div>
<!-- /wp:themeisle-blocks/flip -->

<!-- wp:paragraph {"align":"left"} -->
<p class="has-text-align-left">This is a description for the hero section. Synergestic actionables. Organic growth deep dive but circle back or but what's the real problem we're trying to solve here?</p>
<!-- /wp:paragraph -->

<!-- wp:buttons -->
<div class="wp-block-buttons"><!-- wp:button {"className":"is-style-primary"} -->
<div class="wp-block-button is-style-primary"><a class="wp-block-button__link">Learn More</a></div>
<!-- /wp:button --></div>
<!-- /wp:buttons --></div>
<!-- /wp:themeisle-blocks/advanced-column -->

<!-- wp:themeisle-blocks/advanced-column {"id":"wp-block-themeisle-blocks-advanced-column-11e58f7d","columnWidth":"50"} -->
<div id="wp-block-themeisle-blocks-advanced-column-11e58f7d" class="wp-block-themeisle-blocks-advanced-column"><!-- wp:themeisle-blocks/tabs {"id":"wp-block-themeisle-blocks-tabs-03370d37"} -->
<div id="wp-block-themeisle-blocks-tabs-03370d37" class="wp-block-themeisle-blocks-tabs"><div class="wp-block-themeisle-blocks-tabs__content"><!-- wp:themeisle-blocks/tabs-item {"title":"T1"} -->
<div data-title="T1" class="wp-block-themeisle-blocks-tabs-item"><div class="wp-block-themeisle-blocks-tabs-item__header" tabindex="0">T1</div><div class="wp-block-themeisle-blocks-tabs-item__content"><!-- wp:paragraph -->
<p>asdfasdf</p>
<!-- /wp:paragraph --></div></div>
<!-- /wp:themeisle-blocks/tabs-item -->

<!-- wp:themeisle-blocks/tabs-item {"title":"T2"} -->
<div data-title="T2" class="wp-block-themeisle-blocks-tabs-item"><div class="wp-block-themeisle-blocks-tabs-item__header" tabindex="0">T2</div><div class="wp-block-themeisle-blocks-tabs-item__content"><!-- wp:paragraph -->
<p>dafasdfasdfasdf</p>
<!-- /wp:paragraph --></div></div>
<!-- /wp:themeisle-blocks/tabs-item --></div></div>
<!-- /wp:themeisle-blocks/tabs --></div>
<!-- /wp:themeisle-blocks/advanced-column --></div></section>
<!-- /wp:themeisle-blocks/advanced-columns --></div>
<!-- /wp:group -->

<!-- wp:themeisle-blocks/circle-counter {"id":"wp-block-themeisle-blocks-circle-counter-a02eabd7","percentage":63,"duration":3,"height":128,"fontSizeTitle":69,"fontSizePercent":20,"strokeWidth":14,"backgroundColor":"#eabef0","progressColor":"#82d52f","titleColor":"#bc2f2f"} -->
<div id="wp-block-themeisle-blocks-circle-counter-a02eabd7" data-percentage="63" data-duration="3" data-height="128" data-stroke-width="14" data-font-size-percent="20" data-background-stroke="#eabef0" data-progress-stroke="#82d52f" class="wp-block-themeisle-blocks-circle-counter"><div class="wp-block-themeisle-blocks-circle-counter-title__area"><span class="wp-block-themeisle-blocks-circle-counter-title__value">Skill</span></div><div class="wp-block-themeisle-blocks-circle-counter__bar"></div></div>
<!-- /wp:themeisle-blocks/circle-counter -->

<!-- wp:group -->
<div class="wp-block-group"><!-- wp:themeisle-blocks/circle-counter {"id":"wp-block-themeisle-blocks-circle-counter-df192add"} -->
<div id="wp-block-themeisle-blocks-circle-counter-df192add" data-percentage="50" data-duration="2" data-height="100" data-stroke-width="10" class="wp-block-themeisle-blocks-circle-counter"><div class="wp-block-themeisle-blocks-circle-counter-title__area"><span class="wp-block-themeisle-blocks-circle-counter-title__value">Skill</span></div><div class="wp-block-themeisle-blocks-circle-counter__bar"></div></div>
<!-- /wp:themeisle-blocks/circle-counter -->

<!-- wp:themeisle-blocks/countdown {"id":"wp-block-themeisle-blocks-countdown-4f1bba24"} -->
<div id="wp-block-themeisle-blocks-countdown-4f1bba24" class="wp-block-themeisle-blocks-countdown"><div class="otter-countdown__container"><div class="otter-countdown__display"><div name="day" class="otter-countdown__display-area is-main-component"><div class="otter-countdown__value">0</div><div class="otter-countdown__label">Day</div></div><div name="hour" class="otter-countdown__display-area is-main-component"><div class="otter-countdown__value">0</div><div class="otter-countdown__label">Hour</div></div><div name="minute" class="otter-countdown__display-area is-main-component"><div class="otter-countdown__value">0</div><div class="otter-countdown__label">Minute</div></div><div name="second" class="otter-countdown__display-area is-main-component"><div class="otter-countdown__value">0</div><div class="otter-countdown__label">Second</div></div></div></div></div>
<!-- /wp:themeisle-blocks/countdown -->

<!-- wp:themeisle-blocks/leaflet-map {"id":"wp-block-themeisle-blocks-leaflet-map-81cfd288","bbox":"2.1568393707275395,41.39702875465492,2.191987037658692,41.40990457761007","zoom":15} /-->

<!-- wp:themeisle-blocks/lottie {"id":"wp-block-themeisle-blocks-lottie-e64c499d","file":{"url":"https://assets4.lottiefiles.com/packages/lf20_zjsotiqr.json"}} -->
<lottie-player autoplay loop count="0" speed="1" direction="1" trigger="none" data-loop="false" mode="normal" id="wp-block-themeisle-blocks-lottie-e64c499d" src="https://assets4.lottiefiles.com/packages/lf20_zjsotiqr.json" class="wp-block-themeisle-blocks-lottie"></lottie-player>
<!-- /wp:themeisle-blocks/lottie -->

<!-- wp:themeisle-blocks/popup {"id":"wp-block-themeisle-blocks-popup-89084fec"} -->
<div id="wp-block-themeisle-blocks-popup-89084fec" class="wp-block-themeisle-blocks-popup is-front" data-dismiss="" data-time="0" data-anchor="" data-offset="" data-outside="true" data-anchorclose=""><div class="otter-popup__modal_wrap"><div role="presentation" class="otter-popup__modal_wrap_overlay"></div><div class="otter-popup__modal_content"><div class="otter-popup__modal_header"><button type="button" class="components-button has-icon"><svg width="24" height="24" xmlns="http://www.w3.org/2000/svg" viewBox="0 0 24 24" role="img" aria-hidden="true"><path d="M12 13.06l3.712 3.713 1.061-1.06L13.061 12l3.712-3.712-1.06-1.06L12 10.938 8.288 7.227l-1.061 1.06L10.939 12l-3.712 3.712 1.06 1.061L12 13.061z"></path></svg></button></div><div class="otter-popup__modal_body"></div></div></div></div>
<!-- /wp:themeisle-blocks/popup -->

<!-- wp:themeisle-blocks/progress-bar {"id":"wp-block-themeisle-blocks-progress-bar-1de6bd2a"} -->
<div id="wp-block-themeisle-blocks-progress-bar-1de6bd2a" class="wp-block-themeisle-blocks-progress-bar" data-percent="50" data-duration="2"><div class="wp-block-themeisle-blocks-progress-bar__area"><div class="wp-block-themeisle-blocks-progress-bar__area__title"><span>Skill</span></div><div class="wp-block-themeisle-blocks-progress-bar__area__bar"></div><div class="wp-block-themeisle-blocks-progress-bar__progress wp-block-themeisle-blocks-progress-bar__number">50%</div></div></div>
<!-- /wp:themeisle-blocks/progress-bar -->

<!-- wp:themeisle-blocks/tabs {"id":"wp-block-themeisle-blocks-tabs-2b22a794"} -->
<div id="wp-block-themeisle-blocks-tabs-2b22a794" class="wp-block-themeisle-blocks-tabs"><div class="wp-block-themeisle-blocks-tabs__content"><!-- wp:themeisle-blocks/tabs-item -->
<div class="wp-block-themeisle-blocks-tabs-item"><div class="wp-block-themeisle-blocks-tabs-item__header" tabindex="0">Untitled Tab</div><div class="wp-block-themeisle-blocks-tabs-item__content"><!-- wp:paragraph -->
<p></p>
<!-- /wp:paragraph --></div></div>
<!-- /wp:themeisle-blocks/tabs-item --></div></div>
<!-- /wp:themeisle-blocks/tabs -->

<!-- wp:gallery {"linkTo":"none","isMasonry":true} -->
<figure class="wp-block-gallery has-nested-images columns-default is-cropped"><!-- wp:image {"id":55,"sizeSlug":"large","linkDestination":"none"} -->
<figure class="wp-block-image size-large"><img src="https://wrathfulwood.s1-tastewp.com/wp-content/uploads/2020/04/neve-pet-shop-05.jpg" alt="" class="wp-image-55"/></figure>
<!-- /wp:image -->

<!-- wp:image {"id":59,"sizeSlug":"large","linkDestination":"none"} -->
<figure class="wp-block-image size-large"><img src="https://wrathfulwood.s1-tastewp.com/wp-content/uploads/2020/04/neve-pet-shop-19.jpg" alt="" class="wp-image-59"/></figure>
<!-- /wp:image -->

<!-- wp:image {"id":171,"sizeSlug":"large","linkDestination":"none"} -->
<figure class="wp-block-image size-large"><img src="https://wrathfulwood.s1-tastewp.com/wp-content/uploads/2020/07/a.png" alt="" class="wp-image-171"/></figure>
<!-- /wp:image -->

<!-- wp:image {"id":58,"sizeSlug":"large","linkDestination":"none"} -->
<figure class="wp-block-image size-large"><img src="https://wrathfulwood.s1-tastewp.com/wp-content/uploads/2020/04/neve-pet-shop-18.jpg" alt="" class="wp-image-58"/></figure>
<!-- /wp:image -->

<!-- wp:image {"id":36,"sizeSlug":"large","linkDestination":"none"} -->
<figure class="wp-block-image size-large"><img src="https://wrathfulwood.s1-tastewp.com/wp-content/uploads/2020/04/neve-pet-shop-09.jpg" alt="" class="wp-image-36"/></figure>
<!-- /wp:image -->

<!-- wp:image {"id":37,"sizeSlug":"large","linkDestination":"none"} -->
<figure class="wp-block-image size-large"><img src="https://wrathfulwood.s1-tastewp.com/wp-content/uploads/2020/04/neve-pet-shop-10.jpg" alt="" class="wp-image-37"/></figure>
<!-- /wp:image --></figure>
<!-- /wp:gallery -->

<!-- wp:image {"sizeSlug":"large","className":"o-sticky o-sticky-pos-top o-sticky-bhvr-keep o-sticky-scope-parent","hasCustomCSS":true} -->
<figure class="wp-block-image size-large o-sticky o-sticky-pos-top o-sticky-bhvr-keep o-sticky-scope-parent"><img src="https://upload.wikimedia.org/wikipedia/commons/thumb/e/ee/Grumpy_Cat_by_Gage_Skidmore.jpg/480px-Grumpy_Cat_by_Gage_Skidmore.jpg" alt=""/></figure>
<!-- /wp:image --></div>
<!-- /wp:group -->

<!-- wp:themeisle-blocks/advanced-columns {"id":"wp-block-themeisle-blocks-advanced-columns-e73a0bbc","columns":2,"layout":"equal"} -->
<div id="wp-block-themeisle-blocks-advanced-columns-e73a0bbc" class="wp-block-themeisle-blocks-advanced-columns has-2-columns has-desktop-equal-layout has-tablet-equal-layout has-mobile-equal-layout has-vertical-unset"><div class="wp-block-themeisle-blocks-advanced-columns-overlay"></div><div class="innerblocks-wrap"><!-- wp:themeisle-blocks/advanced-column {"id":"wp-block-themeisle-blocks-advanced-column-8df12058","columnWidth":"50"} -->
<div id="wp-block-themeisle-blocks-advanced-column-8df12058" class="wp-block-themeisle-blocks-advanced-column"><!-- wp:paragraph -->
<p>Lorem ipsum odor amet, consectetuer adipiscing elit. Fusce habitasse suscipit egestas nunc aenean sollicitudin ultrices proin. Porttitor nibh sociosqu pharetra, vehicula maximus scelerisque? Suscipit iaculis habitant cras habitant porttitor torquent fusce semper. Aliquam leo litora iaculis ultrices amet dolor. Ac placerat leo velit malesuada aptent, class netus nulla. Nullam fusce hac lacinia arcu et; tristique gravida quam accumsan. Metus sagittis tristique aliquet curabitur nam porttitor cubilia dui. Ullamcorper venenatis vestibulum mi est amet. Faucibus ac habitant diam sit elementum sollicitudin netus egestas. Lacinia molestie pulvinar mollis feugiat, luctus eget mollis nulla euismod. Eleifend pharetra gravida tempor vestibulum convallis curae, phasellus venenatis. Sit per vehicula eu ligula etiam malesuada penatibus. Nisi erat justo vestibulum netus consectetur semper ut conubia.</p>
<!-- /wp:paragraph -->

<!-- wp:paragraph -->
<p>Lorem ipsum odor amet, consectetuer adipiscing elit. Fusce habitasse suscipit egestas nunc aenean sollicitudin ultrices proin. Porttitor nibh sociosqu pharetra, vehicula maximus scelerisque? Suscipit iaculis habitant cras habitant porttitor torquent fusce semper. Aliquam leo litora iaculis ultrices amet dolor. Ac placerat leo velit malesuada aptent, class netus nulla. Nullam fusce hac lacinia arcu et; tristique gravida quam accumsan. Metus sagittis tristique aliquet curabitur nam porttitor cubilia dui. Ullamcorper venenatis vestibulum mi est amet. Faucibus ac habitant diam sit elementum sollicitudin netus egestas. Lacinia molestie pulvinar mollis feugiat, luctus eget mollis nulla euismod. Eleifend pharetra gravida tempor vestibulum convallis curae, phasellus venenatis. Sit per vehicula eu ligula etiam malesuada penatibus. Nisi erat justo vestibulum netus consectetur semper ut conubia.</p>
<!-- /wp:paragraph --></div>
<!-- /wp:themeisle-blocks/advanced-column -->

<!-- wp:themeisle-blocks/advanced-column {"id":"wp-block-themeisle-blocks-advanced-column-8deb9d5c","columnWidth":"50"} -->
<div id="wp-block-themeisle-blocks-advanced-column-8deb9d5c" class="wp-block-themeisle-blocks-advanced-column"><!-- wp:embed {"url":"https://www.youtube.com/watch?v=67tT2PbiWcI","type":"video","providerNameSlug":"youtube","responsive":true,"className":"o-sticky o-sticky-scope-main-area o-sticky-pos-top o-sticky-bhvr-keep wp-embed-aspect-4-3 wp-has-aspect-ratio"} -->
<figure class="wp-block-embed is-type-video is-provider-youtube wp-block-embed-youtube o-sticky o-sticky-scope-main-area o-sticky-pos-top o-sticky-bhvr-keep wp-embed-aspect-4-3 wp-has-aspect-ratio"><div class="wp-block-embed__wrapper">
https://www.youtube.com/watch?v=67tT2PbiWcI
</div></figure>
<!-- /wp:embed --></div>
<!-- /wp:themeisle-blocks/advanced-column --></div></div>
<!-- /wp:themeisle-blocks/advanced-columns -->

<!-- wp:themeisle-blocks/accordion {"id":"wp-block-themeisle-blocks-accordion-57f30333","gap":"wide","titleColor":"#1a1616","titleBackground":"#de358b","contentBackground":"#dfc258"} -->
<div id="wp-block-themeisle-blocks-accordion-57f30333" class="wp-block-themeisle-blocks-accordion is-wide-gap"><!-- wp:themeisle-blocks/accordion-item {"title":"Title1"} -->
<details class="wp-block-themeisle-blocks-accordion-item"><summary class="wp-block-themeisle-blocks-accordion-item__title"><div>Title1</div></summary><div class="wp-block-themeisle-blocks-accordion-item__content"><!-- wp:paragraph -->
<p>Lorem ipsum odor amet, consectetuer adipiscing elit. Duis ridiculus at orci sagittis laoreet cubilia sociosqu. Litora consectetur consequat conubia felis risus. Massa vivamus potenti vivamus non lectus hendrerit dapibus sed. Diam fusce urna fusce ultrices cras. Venenatis elementum vivamus aliquet morbi nam faucibus cubilia.</p>
<!-- /wp:paragraph --></div></details>
<!-- /wp:themeisle-blocks/accordion-item -->

<!-- wp:themeisle-blocks/accordion-item {"title":"Title 2"} -->
<details class="wp-block-themeisle-blocks-accordion-item"><summary class="wp-block-themeisle-blocks-accordion-item__title"><div>Title 2</div></summary><div class="wp-block-themeisle-blocks-accordion-item__content"><!-- wp:paragraph {"fontSize":"x-large"} -->
<p class="has-x-large-font-size">Lorem ipsum odor amet, consectetuer adipiscing elit. Duis ridiculus at orci sagittis laoreet cubilia sociosqu. Litora consectetur consequat conubia felis risus. Massa vivamus potenti vivamus non lectus hendrerit dapibus sed. Diam fusce urna fusce ultrices cras. Venenatis elementum vivamus aliquet morbi nam faucibus cubilia.</p>
<!-- /wp:paragraph --></div></details>
<!-- /wp:themeisle-blocks/accordion-item -->

<!-- wp:themeisle-blocks/accordion-item {"title":"Title 3"} -->
<details class="wp-block-themeisle-blocks-accordion-item"><summary class="wp-block-themeisle-blocks-accordion-item__title"><div>Title 3</div></summary><div class="wp-block-themeisle-blocks-accordion-item__content"><!-- wp:themeisle-blocks/accordion {"id":"wp-block-themeisle-blocks-accordion-7f375250"} -->
<div id="wp-block-themeisle-blocks-accordion-7f375250" class="wp-block-themeisle-blocks-accordion"><!-- wp:themeisle-blocks/accordion-item {"title":"Sub Title 1"} -->
<details class="wp-block-themeisle-blocks-accordion-item"><summary class="wp-block-themeisle-blocks-accordion-item__title"><div>Sub Title 1</div></summary><div class="wp-block-themeisle-blocks-accordion-item__content"><!-- wp:paragraph -->
<p>Lorem ipsum odor amet, consectetuer adipiscing elit. Duis ridiculus at orci sagittis laoreet cubilia sociosqu. Litora consectetur consequat conubia felis risus. Massa vivamus potenti vivamus non lectus hendrerit dapibus sed. Diam fusce urna fusce ultrices cras. Venenatis elementum vivamus aliquet morbi nam faucibus cubilia.</p>
<!-- /wp:paragraph --></div></details>
<!-- /wp:themeisle-blocks/accordion-item -->

<!-- wp:themeisle-blocks/accordion-item {"title":"Sub Title 2"} -->
<details class="wp-block-themeisle-blocks-accordion-item"><summary class="wp-block-themeisle-blocks-accordion-item__title"><div>Sub Title 2</div></summary><div class="wp-block-themeisle-blocks-accordion-item__content"><!-- wp:paragraph -->
<p>No more dogs to pet.</p>
<!-- /wp:paragraph --></div></details>
<!-- /wp:themeisle-blocks/accordion-item --></div>
<!-- /wp:themeisle-blocks/accordion --></div></details>
<!-- /wp:themeisle-blocks/accordion-item -->

<!-- wp:themeisle-blocks/accordion-item {"title":"Title 4"} -->
<details class="wp-block-themeisle-blocks-accordion-item"><summary class="wp-block-themeisle-blocks-accordion-item__title"><div>Title 4</div></summary><div class="wp-block-themeisle-blocks-accordion-item__content"><!-- wp:themeisle-blocks/accordion {"id":"wp-block-themeisle-blocks-accordion-1761d17a","gap":"narrow","titleBackground":"#30a351"} -->
<div id="wp-block-themeisle-blocks-accordion-1761d17a" class="wp-block-themeisle-blocks-accordion is-narrow-gap"><!-- wp:themeisle-blocks/accordion-item {"title":"Sub Title 1"} -->
<details class="wp-block-themeisle-blocks-accordion-item"><summary class="wp-block-themeisle-blocks-accordion-item__title"><div>Sub Title 1</div></summary><div class="wp-block-themeisle-blocks-accordion-item__content"><!-- wp:paragraph -->
<p>Lorem ipsum odor amet, consectetuer adipiscing elit. Duis ridiculus at orci sagittis laoreet cubilia sociosqu. Litora consectetur consequat conubia felis risus. Massa vivamus potenti vivamus non lectus hendrerit dapibus sed. Diam fusce urna fusce ultrices cras. Venenatis elementum vivamus aliquet morbi nam faucibus cubilia.</p>
<!-- /wp:paragraph --></div></details>
<!-- /wp:themeisle-blocks/accordion-item -->

<!-- wp:themeisle-blocks/accordion-item {"title":"Sub Title 2"} -->
<details class="wp-block-themeisle-blocks-accordion-item"><summary class="wp-block-themeisle-blocks-accordion-item__title"><div>Sub Title 2</div></summary><div class="wp-block-themeisle-blocks-accordion-item__content"><!-- wp:paragraph -->
<p>Lorem ipsum odor amet, consectetuer adipiscing elit. Duis ridiculus at orci sagittis laoreet cubilia sociosqu. Litora consectetur consequat conubia felis risus. Massa vivamus potenti vivamus non lectus hendrerit dapibus sed. Diam fusce urna fusce ultrices cras. Venenatis elementum vivamus aliquet morbi nam faucibus cubilia.</p>
<!-- /wp:paragraph --></div></details>
<!-- /wp:themeisle-blocks/accordion-item --></div>
<!-- /wp:themeisle-blocks/accordion --></div></details>
<!-- /wp:themeisle-blocks/accordion-item --></div>
<!-- /wp:themeisle-blocks/accordion -->

<!-- wp:themeisle-blocks/advanced-columns {"id":"wp-block-themeisle-blocks-advanced-columns-ecc05d26","columns":1,"layout":"equal","padding":{"top":"80px","bottom":"80px","left":"20px","right":"20px"},"paddingTablet":{"top":"40px","bottom":"40px","left":"20px","right":"20px"},"paddingMobile":{"top":"20px","bottom":"20px","left":"20px","right":"20px"},"margin":{"top":"0px","bottom":"0px"},"columnsWidth":678,"horizontalAlign":"center","backgroundColor":"var(\u002d\u002dnv-site-bg)","backgroundPosition":{"x":"0.00","y":"0.00"},"backgroundOverlayPosition":{"x":"0.00","y":"0.00"},"columnsHTMLTag":"section","className":"has-vertical-undefined","hasCustomCSS":true,"otterConditions":[]} -->
<section id="wp-block-themeisle-blocks-advanced-columns-ecc05d26" class="wp-block-themeisle-blocks-advanced-columns has-1-columns has-desktop-equal-layout has-tablet-equal-layout has-mobile-equal-layout has-vertical-unset has-vertical-undefined"><div class="wp-block-themeisle-blocks-advanced-columns-overlay"></div><div class="innerblocks-wrap"><!-- wp:themeisle-blocks/advanced-column {"id":"wp-block-themeisle-blocks-advanced-column-acfb62f8","padding":{"top":"20px","bottom":"20px","left":"20px","right":"20px"},"paddingTablet":{"top":"20px","bottom":"20px","left":"20px","right":"20px"},"paddingMobile":{"top":"20px","bottom":"20px","left":"20px","right":"20px"},"margin":{"top":"0px","bottom":"0px","left":"0px","right":"0px"},"backgroundPosition":{"x":"0.00","y":"0.00"},"columnWidth":"100","otterConditions":[]} -->
<div id="wp-block-themeisle-blocks-advanced-column-acfb62f8" class="wp-block-themeisle-blocks-advanced-column"><!-- wp:media-text {"align":"","mediaId":137,"mediaLink":"https://demosites.io/architecture-studio-gb/expertise/architecture-studio-26/","mediaType":"image","mediaWidth":65,"imageFill":true,"backgroundColor":"nv-light-bg","hasCustomCSS":true} -->
<div class="wp-block-media-text is-stacked-on-mobile is-image-fill has-nv-light-bg-background-color has-background" style="grid-template-columns:65% auto"><figure class="wp-block-media-text__media" style="background-image:url(https://demosites.io/architecture-studio-gb/wp-content/uploads/sites/661/2022/03/architecture-studio-26-1024x384.png);background-position:50% 50%"><img src="https://demosites.io/architecture-studio-gb/wp-content/uploads/sites/661/2022/03/architecture-studio-26-1024x384.png" alt="" class="wp-image-137 size-full"/></figure><div class="wp-block-media-text__content"><!-- wp:spacer {"height":"80px","otterConditions":[]} -->
<div style="height:80px" aria-hidden="true" class="wp-block-spacer"></div>
<!-- /wp:spacer -->

<!-- wp:themeisle-blocks/advanced-heading {"id":"wp-block-themeisle-blocks-advanced-heading-e9be718d","headingColor":"var(\u002d\u002dnv-text-color)","marginBottom":8} -->
<h2 id="wp-block-themeisle-blocks-advanced-heading-e9be718d" class="wp-block-themeisle-blocks-advanced-heading wp-block-themeisle-blocks-advanced-heading-e9be718d">Urban &amp; Civil</h2>
<!-- /wp:themeisle-blocks/advanced-heading -->

<!-- wp:paragraph {"textColor":"neve-text-color"} -->
<p class="has-neve-text-color-color has-text-color">Our Urban design studio offering a full range of urban design solutions for solutions for urban development projects.</p>
<!-- /wp:paragraph -->

<!-- wp:buttons -->
<div class="wp-block-buttons"><!-- wp:button {"className":"is-style-primary"} -->
<div class="wp-block-button is-style-primary"><a class="wp-block-button__link" href="https://demosites.io/architecture-studio-gb/expertise-single/">Details</a></div>
<!-- /wp:button --></div>
<!-- /wp:buttons -->

<!-- wp:spacer {"height":"80px","otterConditions":[]} -->
<div style="height:80px" aria-hidden="true" class="wp-block-spacer"></div>
<!-- /wp:spacer --></div></div>
<!-- /wp:media-text -->

<!-- wp:spacer {"height":"56px","otterConditions":[]} -->
<div style="height:56px" aria-hidden="true" class="wp-block-spacer"></div>
<!-- /wp:spacer -->

<!-- wp:media-text {"align":"","mediaId":136,"mediaLink":"https://demosites.io/architecture-studio-gb/expertise/architecture-studio-25/","mediaType":"image","mediaWidth":65,"imageFill":true,"backgroundColor":"nv-light-bg"} -->
<div class="wp-block-media-text is-stacked-on-mobile is-image-fill has-nv-light-bg-background-color has-background" style="grid-template-columns:65% auto"><figure class="wp-block-media-text__media" style="background-image:url(https://demosites.io/architecture-studio-gb/wp-content/uploads/sites/661/2022/03/architecture-studio-25-1024x384.png);background-position:50% 50%"><img src="https://demosites.io/architecture-studio-gb/wp-content/uploads/sites/661/2022/03/architecture-studio-25-1024x384.png" alt="" class="wp-image-136 size-full"/></figure><div class="wp-block-media-text__content"><!-- wp:spacer {"height":"80px","otterConditions":[]} -->
<div style="height:80px" aria-hidden="true" class="wp-block-spacer"></div>
<!-- /wp:spacer -->

<!-- wp:themeisle-blocks/advanced-heading {"id":"wp-block-themeisle-blocks-advanced-heading-3e6e1ab3","headingColor":"var(\u002d\u002dnv-text-color)","marginBottom":8} -->
<h2 id="wp-block-themeisle-blocks-advanced-heading-3e6e1ab3" class="wp-block-themeisle-blocks-advanced-heading wp-block-themeisle-blocks-advanced-heading-3e6e1ab3">Workplace</h2>
<!-- /wp:themeisle-blocks/advanced-heading -->

<!-- wp:paragraph {"textColor":"neve-text-color"} -->
<p class="has-neve-text-color-color has-text-color">We focus on strategically masterplanning cities. Around the world, our multidisciplinary teams help to re-imagine urban environments for future generations and work with governments to implement forward thinking strategic planning strategies.</p>
<!-- /wp:paragraph -->

<!-- wp:buttons -->
<div class="wp-block-buttons"><!-- wp:button {"className":"is-style-primary"} -->
<div class="wp-block-button is-style-primary"><a class="wp-block-button__link" href="https://demosites.io/architecture-studio-gb/expertise-single/">Details</a></div>
<!-- /wp:button --></div>
<!-- /wp:buttons -->

<!-- wp:spacer {"height":"80px","otterConditions":[]} -->
<div style="height:80px" aria-hidden="true" class="wp-block-spacer"></div>
<!-- /wp:spacer --></div></div>
<!-- /wp:media-text -->

<!-- wp:spacer {"height":"56px","otterConditions":[]} -->
<div style="height:56px" aria-hidden="true" class="wp-block-spacer"></div>
<!-- /wp:spacer -->

<!-- wp:media-text {"align":"","mediaId":135,"mediaLink":"https://demosites.io/architecture-studio-gb/expertise/architecture-studio-24/","mediaType":"image","mediaWidth":65,"mediaSizeSlug":"full","imageFill":true,"backgroundColor":"nv-light-bg"} -->
<div class="wp-block-media-text is-stacked-on-mobile is-image-fill has-nv-light-bg-background-color has-background" style="grid-template-columns:65% auto"><figure class="wp-block-media-text__media" style="background-image:url(https://demosites.io/architecture-studio-gb/wp-content/uploads/sites/661/2022/03/architecture-studio-24-1024x384.png);background-position:50% 50%"><img src="https://demosites.io/architecture-studio-gb/wp-content/uploads/sites/661/2022/03/architecture-studio-24-1024x384.png" alt="" class="wp-image-135 size-full"/></figure><div class="wp-block-media-text__content"><!-- wp:spacer {"height":"80px","otterConditions":[]} -->
<div style="height:80px" aria-hidden="true" class="wp-block-spacer"></div>
<!-- /wp:spacer -->

<!-- wp:themeisle-blocks/advanced-heading {"id":"wp-block-themeisle-blocks-advanced-heading-78edd48b","headingColor":"var(\u002d\u002dnv-text-color)","marginBottom":8} -->
<h2 id="wp-block-themeisle-blocks-advanced-heading-78edd48b" class="wp-block-themeisle-blocks-advanced-heading wp-block-themeisle-blocks-advanced-heading-78edd48b">Hospitality</h2>
<!-- /wp:themeisle-blocks/advanced-heading -->

<!-- wp:paragraph {"textColor":"neve-text-color"} -->
<p class="has-neve-text-color-color has-text-color">With offices in North America, Africa, South-East Asia and Australia, we are passionate about creating environments that address local issues and contribute to a better world.</p>
<!-- /wp:paragraph -->

<!-- wp:buttons -->
<div class="wp-block-buttons"><!-- wp:button {"className":"is-style-primary"} -->
<div class="wp-block-button is-style-primary"><a class="wp-block-button__link" href="https://demosites.io/architecture-studio-gb/expertise-single/">Details</a></div>
<!-- /wp:button --></div>
<!-- /wp:buttons -->

<!-- wp:spacer {"height":"80px","otterConditions":[]} -->
<div style="height:80px" aria-hidden="true" class="wp-block-spacer"></div>
<!-- /wp:spacer --></div></div>
<!-- /wp:media-text -->

<!-- wp:spacer {"height":"56px","otterConditions":[]} -->
<div style="height:56px" aria-hidden="true" class="wp-block-spacer"></div>
<!-- /wp:spacer -->

<!-- wp:media-text {"align":"","mediaId":68,"mediaLink":"https://demosites.io/architecture-studio-gb/expertise-single/architecture-studio-05/","mediaType":"image","mediaWidth":65,"mediaSizeSlug":"full","imageFill":true,"backgroundColor":"nv-light-bg"} -->
<div class="wp-block-media-text is-stacked-on-mobile is-image-fill has-nv-light-bg-background-color has-background" style="grid-template-columns:65% auto"><figure class="wp-block-media-text__media" style="background-image:url(https://demosites.io/architecture-studio-gb/wp-content/uploads/sites/661/2022/03/architecture-studio-05-1024x385.png);background-position:50% 50%"><img src="https://demosites.io/architecture-studio-gb/wp-content/uploads/sites/661/2022/03/architecture-studio-05-1024x385.png" alt="" class="wp-image-68 size-full"/></figure><div class="wp-block-media-text__content"><!-- wp:spacer {"height":"80px","otterConditions":[]} -->
<div style="height:80px" aria-hidden="true" class="wp-block-spacer"></div>
<!-- /wp:spacer -->

<!-- wp:themeisle-blocks/advanced-heading {"id":"wp-block-themeisle-blocks-advanced-heading-9936c695","headingColor":"var(\u002d\u002dnv-text-color)","marginBottom":8} -->
<h2 id="wp-block-themeisle-blocks-advanced-heading-9936c695" class="wp-block-themeisle-blocks-advanced-heading wp-block-themeisle-blocks-advanced-heading-9936c695">Residential</h2>
<!-- /wp:themeisle-blocks/advanced-heading -->

<!-- wp:paragraph {"textColor":"neve-text-color"} -->
<p class="has-neve-text-color-color has-text-color">From masterplans to remodels, we deliver an exceptional customer experience with every step of the design process.</p>
<!-- /wp:paragraph -->

<!-- wp:buttons -->
<div class="wp-block-buttons"><!-- wp:button {"className":"is-style-primary"} -->
<div class="wp-block-button is-style-primary"><a class="wp-block-button__link" href="https://demosites.io/architecture-studio-gb/expertise-single/">Details</a></div>
<!-- /wp:button --></div>
<!-- /wp:buttons -->

<!-- wp:spacer {"height":"80px","otterConditions":[]} -->
<div style="height:80px" aria-hidden="true" class="wp-block-spacer"></div>
<!-- /wp:spacer --></div></div>
<!-- /wp:media-text -->

<!-- wp:spacer {"height":"56px","otterConditions":[]} -->
<div style="height:56px" aria-hidden="true" class="wp-block-spacer"></div>
<!-- /wp:spacer -->

<!-- wp:media-text {"align":"","mediaId":134,"mediaLink":"https://demosites.io/architecture-studio-gb/expertise/architecture-studio-23/","mediaType":"image","mediaWidth":65,"mediaSizeSlug":"full","imageFill":true,"backgroundColor":"nv-light-bg"} -->
<div class="wp-block-media-text is-stacked-on-mobile is-image-fill has-nv-light-bg-background-color has-background" style="grid-template-columns:65% auto"><figure class="wp-block-media-text__media" style="background-image:url(https://demosites.io/architecture-studio-gb/wp-content/uploads/sites/661/2022/03/architecture-studio-23-1024x384.png);background-position:50% 50%"><img src="https://demosites.io/architecture-studio-gb/wp-content/uploads/sites/661/2022/03/architecture-studio-23-1024x384.png" alt="" class="wp-image-134 size-full"/></figure><div class="wp-block-media-text__content"><!-- wp:spacer {"height":"80px","otterConditions":[]} -->
<div style="height:80px" aria-hidden="true" class="wp-block-spacer"></div>
<!-- /wp:spacer -->

<!-- wp:themeisle-blocks/advanced-heading {"id":"wp-block-themeisle-blocks-advanced-heading-a82c3b32","headingColor":"var(\u002d\u002dnv-text-color)","marginBottom":8} -->
<h2 id="wp-block-themeisle-blocks-advanced-heading-a82c3b32" class="wp-block-themeisle-blocks-advanced-heading wp-block-themeisle-blocks-advanced-heading-a82c3b32">Interiors</h2>
<!-- /wp:themeisle-blocks/advanced-heading -->

<!-- wp:paragraph {"textColor":"neve-text-color"} -->
<p class="has-neve-text-color-color has-text-color">A building is more than just a structure. It's an experience, it's recreation, it's a reflection of the community around it and its inhabitants. We have developed a design process that combines deep research with a commitment to urban planning and social responsibility. </p>
<!-- /wp:paragraph -->

<!-- wp:buttons -->
<div class="wp-block-buttons"><!-- wp:button {"className":"is-style-primary"} -->
<div class="wp-block-button is-style-primary"><a class="wp-block-button__link" href="https://demosites.io/architecture-studio-gb/expertise-single/">Details</a></div>
<!-- /wp:button --></div>
<!-- /wp:buttons -->

<!-- wp:spacer {"height":"80px","otterConditions":[]} -->
<div style="height:80px" aria-hidden="true" class="wp-block-spacer"></div>
<!-- /wp:spacer --></div></div>
<!-- /wp:media-text -->

<!-- wp:spacer {"height":"56px","otterConditions":[]} -->
<div style="height:56px" aria-hidden="true" class="wp-block-spacer"></div>
<!-- /wp:spacer -->

<!-- wp:media-text {"mediaId":64,"mediaLink":"https://demosites.io/architecture-studio-gb/expertise-single/architecture-studio-02/","mediaType":"image","mediaWidth":65,"mediaSizeSlug":"full","imageFill":true,"backgroundColor":"nv-light-bg"} -->
<div class="wp-block-media-text alignwide is-stacked-on-mobile is-image-fill has-nv-light-bg-background-color has-background" style="grid-template-columns:65% auto"><figure class="wp-block-media-text__media" style="background-image:url(https://demosites.io/architecture-studio-gb/wp-content/uploads/sites/661/2022/03/architecture-studio-02-1024x402.png);background-position:50% 50%"><img src="https://demosites.io/architecture-studio-gb/wp-content/uploads/sites/661/2022/03/architecture-studio-02-1024x402.png" alt="" class="wp-image-64 size-full"/></figure><div class="wp-block-media-text__content"><!-- wp:spacer {"height":"80px","otterConditions":[]} -->
<div style="height:80px" aria-hidden="true" class="wp-block-spacer"></div>
<!-- /wp:spacer -->

<!-- wp:themeisle-blocks/advanced-heading {"id":"wp-block-themeisle-blocks-advanced-heading-d7f166e9","headingColor":"var(\u002d\u002dnv-text-color)","marginBottom":8} -->
<h2 id="wp-block-themeisle-blocks-advanced-heading-d7f166e9" class="wp-block-themeisle-blocks-advanced-heading wp-block-themeisle-blocks-advanced-heading-d7f166e9">Commercial</h2>
<!-- /wp:themeisle-blocks/advanced-heading -->

<!-- wp:paragraph {"textColor":"neve-text-color"} -->
<p class="has-neve-text-color-color has-text-color">All our products and services are aimed at providing customers with an extra relaxation and comfort. We are working hard to create an environment which would be appreciated by everyone looking for the best quality services.</p>
<!-- /wp:paragraph -->

<!-- wp:buttons -->
<div class="wp-block-buttons"><!-- wp:button {"className":"is-style-primary"} -->
<div class="wp-block-button is-style-primary"><a class="wp-block-button__link" href="https://demosites.io/architecture-studio-gb/expertise-single/">Details</a></div>
<!-- /wp:button --></div>
<!-- /wp:buttons -->

<!-- wp:spacer {"height":"80px","otterConditions":[]} -->
<div style="height:80px" aria-hidden="true" class="wp-block-spacer"></div>
<!-- /wp:spacer --></div></div>
<!-- /wp:media-text --></div>
<!-- /wp:themeisle-blocks/advanced-column --></div></section>
<!-- /wp:themeisle-blocks/advanced-columns -->

<!-- wp:group -->
<div class="wp-block-group"><!-- wp:themeisle-blocks/circle-counter {"id":"wp-block-themeisle-blocks-circle-counter-4b83a208"} -->
<div id="wp-block-themeisle-blocks-circle-counter-4b83a208" data-percentage="50" data-duration="2" data-height="100" data-stroke-width="10" class="wp-block-themeisle-blocks-circle-counter"><div class="wp-block-themeisle-blocks-circle-counter-title__area"><span class="wp-block-themeisle-blocks-circle-counter-title__value">Skill</span></div><div class="wp-block-themeisle-blocks-circle-counter__bar"></div></div>
<!-- /wp:themeisle-blocks/circle-counter -->

<!-- wp:themeisle-blocks/countdown {"id":"wp-block-themeisle-blocks-countdown-c67110e7"} -->
<div id="wp-block-themeisle-blocks-countdown-c67110e7" class="wp-block-themeisle-blocks-countdown"><div class="otter-countdown__container"><div class="otter-countdown__display"><div name="day" class="otter-countdown__display-area is-main-component"><div class="otter-countdown__value">0</div><div class="otter-countdown__label">Day</div></div><div name="hour" class="otter-countdown__display-area is-main-component"><div class="otter-countdown__value">0</div><div class="otter-countdown__label">Hour</div></div><div name="minute" class="otter-countdown__display-area is-main-component"><div class="otter-countdown__value">0</div><div class="otter-countdown__label">Minute</div></div><div name="second" class="otter-countdown__display-area is-main-component"><div class="otter-countdown__value">0</div><div class="otter-countdown__label">Second</div></div></div></div></div>
<!-- /wp:themeisle-blocks/countdown -->

<!-- wp:themeisle-blocks/leaflet-map {"id":"wp-block-themeisle-blocks-leaflet-map-0738b311","bbox":"2.1568393707275395,41.39702875465492,2.191987037658692,41.40990457761007","zoom":15} /-->

<!-- wp:themeisle-blocks/lottie {"id":"wp-block-themeisle-blocks-lottie-69957612","file":{"url":"https://assets4.lottiefiles.com/packages/lf20_zjsotiqr.json"}} -->
<lottie-player autoplay loop count="0" speed="1" direction="1" trigger="none" data-loop="false" mode="normal" id="wp-block-themeisle-blocks-lottie-69957612" src="https://assets4.lottiefiles.com/packages/lf20_zjsotiqr.json" class="wp-block-themeisle-blocks-lottie"></lottie-player>
<!-- /wp:themeisle-blocks/lottie -->

<!-- wp:themeisle-blocks/popup {"id":"wp-block-themeisle-blocks-popup-420834e8"} -->
<div id="wp-block-themeisle-blocks-popup-420834e8" class="wp-block-themeisle-blocks-popup is-front" data-dismiss="" data-time="0" data-anchor="" data-offset="" data-outside="true" data-anchorclose=""><div class="otter-popup__modal_wrap"><div role="presentation" class="otter-popup__modal_wrap_overlay"></div><div class="otter-popup__modal_content"><div class="otter-popup__modal_header"><button type="button" class="components-button has-icon"><svg width="24" height="24" xmlns="http://www.w3.org/2000/svg" viewBox="0 0 24 24" role="img" aria-hidden="true"><path d="M12 13.06l3.712 3.713 1.061-1.06L13.061 12l3.712-3.712-1.06-1.06L12 10.938 8.288 7.227l-1.061 1.06L10.939 12l-3.712 3.712 1.06 1.061L12 13.061z"></path></svg></button></div><div class="otter-popup__modal_body"></div></div></div></div>
<!-- /wp:themeisle-blocks/popup -->

<!-- wp:themeisle-blocks/progress-bar {"id":"wp-block-themeisle-blocks-progress-bar-bf36bdbf"} -->
<div id="wp-block-themeisle-blocks-progress-bar-bf36bdbf" class="wp-block-themeisle-blocks-progress-bar" data-percent="50" data-duration="2"><div class="wp-block-themeisle-blocks-progress-bar__area"><div class="wp-block-themeisle-blocks-progress-bar__area__title"><span>Skill</span></div><div class="wp-block-themeisle-blocks-progress-bar__area__bar"></div><div class="wp-block-themeisle-blocks-progress-bar__progress wp-block-themeisle-blocks-progress-bar__number">50%</div></div></div>
<!-- /wp:themeisle-blocks/progress-bar -->

<!-- wp:themeisle-blocks/tabs {"id":"wp-block-themeisle-blocks-tabs-adbd38bb"} -->
<div id="wp-block-themeisle-blocks-tabs-adbd38bb" class="wp-block-themeisle-blocks-tabs"><div class="wp-block-themeisle-blocks-tabs__content"><!-- wp:themeisle-blocks/tabs-item -->
<div class="wp-block-themeisle-blocks-tabs-item"><div class="wp-block-themeisle-blocks-tabs-item__header" tabindex="0">Untitled Tab</div><div class="wp-block-themeisle-blocks-tabs-item__content"><!-- wp:paragraph -->
<p></p>
<!-- /wp:paragraph --></div></div>
<!-- /wp:themeisle-blocks/tabs-item --></div></div>
<!-- /wp:themeisle-blocks/tabs -->

<!-- wp:gallery {"linkTo":"none","isMasonry":true} -->
<figure class="wp-block-gallery has-nested-images columns-default is-cropped"><!-- wp:image {"id":58,"sizeSlug":"large","linkDestination":"none"} -->
<figure class="wp-block-image size-large"><img src="https://wrathfulwood.s1-tastewp.com/wp-content/uploads/2020/04/neve-pet-shop-18.jpg" alt="" class="wp-image-58"/></figure>
<!-- /wp:image -->

<!-- wp:image {"id":54,"sizeSlug":"large","linkDestination":"none"} -->
<figure class="wp-block-image size-large"><img src="https://wrathfulwood.s1-tastewp.com/wp-content/uploads/2020/04/neve-pet-shop-04.jpg" alt="" class="wp-image-54"/></figure>
<!-- /wp:image -->

<!-- wp:image {"id":52,"sizeSlug":"large","linkDestination":"none"} -->
<figure class="wp-block-image size-large"><img src="https://wrathfulwood.s1-tastewp.com/wp-content/uploads/2020/04/neve-pet-shop-03.jpg" alt="" class="wp-image-52"/></figure>
<!-- /wp:image -->

<!-- wp:image {"id":57,"sizeSlug":"large","linkDestination":"none"} -->
<figure class="wp-block-image size-large"><img src="https://wrathfulwood.s1-tastewp.com/wp-content/uploads/2020/04/neve-pet-shop-17.jpg" alt="" class="wp-image-57"/></figure>
<!-- /wp:image --></figure>
<!-- /wp:gallery -->

<!-- wp:image {"sizeSlug":"large","className":"o-sticky o-sticky-pos-top o-sticky-bhvr-keep o-sticky-scope-parent","hasCustomCSS":true} -->
<figure class="wp-block-image size-large o-sticky o-sticky-pos-top o-sticky-bhvr-keep o-sticky-scope-parent"><img src="https://upload.wikimedia.org/wikipedia/commons/thumb/e/ee/Grumpy_Cat_by_Gage_Skidmore.jpg/480px-Grumpy_Cat_by_Gage_Skidmore.jpg" alt=""/></figure>
<!-- /wp:image --></div>
<!-- /wp:group -->

<!-- wp:themeisle-blocks/flip {"id":"wp-block-themeisle-blocks-flip-53741b18","title":"Flip Front","description":"Lorem ipsum odor amet, consectetuer adipiscing elit. Odio sagittis sagittis iaculis. Faucibus gravida proin dis? Urna est sem. Dictumst semper cursus integer. Diam praesent cursus mattis scelerisque.","width":654,"height":431,"frontVerticalAlign":"center","frontHorizontalAlign":"center","backVerticalAlign":"flex-end","frontBackgroundType":"gradient","frontBackgroundGradient":"linear-gradient(90deg,rgb(255,206,236) 0%,rgb(152,150,240) 100%)","backBackgroundType":"gradient","backBackgroundGradient":"linear-gradient(135deg,rgb(122,220,180) 0%,rgb(0,208,130) 100%)","boxShadow":true,"boxShadowColor":"#bd3838","boxShadowColorOpacity":22,"boxShadowHorizontal":67,"boxShadowVertical":61,"titleFontSize":38,"descriptionFontSize":14} -->
<div id="wp-block-themeisle-blocks-flip-53741b18" class="wp-block-themeisle-blocks-flip anim flipY"><div class="o-flip-inner"><div class="o-flip-front"><div class="o-flip-content"><h3>Flip Front</h3><p>Lorem ipsum odor amet, consectetuer adipiscing elit. Odio sagittis sagittis iaculis. Faucibus gravida proin dis? Urna est sem. Dictumst semper cursus integer. Diam praesent cursus mattis scelerisque.</p></div></div><div class="o-flip-back"><!-- wp:paragraph -->
<p>Lorem ipsum odor amet, consectetuer adipiscing elit. Facilisis phasellus dignissim netus sociosqu porttitor facilisi nam. Commodo faucibus elementum lacus venenatis eleifend vehicula massa duis justo pharetra proin. Cras venenatis per ultrices ridiculus fusce maecenas erat. Sed dolor facilisis non quisque congue feugiat habitasse. Ornare vestibulum montes sollicitudin sociosqu sociosqu interdum.</p>
<!-- /wp:paragraph --></div></div></div>
<!-- /wp:themeisle-blocks/flip -->

<!-- wp:group -->
<div class="wp-block-group"><!-- wp:paragraph -->
<p><o-anim-typing>This is a speed test. See how it goes.</o-anim-typing></p>
<!-- /wp:paragraph -->

<!-- wp:paragraph {"style":{"color":{"text":"#e81c1c"}},"className":"o-typing-slower"} -->
<p class="o-typing-slower has-text-color" style="color:#e81c1c"><o-anim-typing>This is a speed test. See how it goes.</o-anim-typing></p>
<!-- /wp:paragraph -->

<!-- wp:paragraph {"style":{"color":{"text":"#b25d1a"}},"className":"o-typing-slow"} -->
<p class="o-typing-slow has-text-color" style="color:#b25d1a"><o-anim-typing>This is a speed test. See how it goes.</o-anim-typing></p>
<!-- /wp:paragraph -->

<!-- wp:paragraph {"style":{"color":{"text":"#20dbb5"}},"className":"o-typing-fast"} -->
<p class="o-typing-fast has-text-color" style="color:#20dbb5"><o-anim-typing>This is a speed test. See how it goes.</o-anim-typing></p>
<!-- /wp:paragraph -->

<!-- wp:paragraph {"style":{"color":{"text":"#46e029"}},"className":"o-typing-faster"} -->
<p class="o-typing-faster has-text-color" style="color:#46e029"><o-anim-typing>This is a speed test. See how it goes.</o-anim-typing></p>
<!-- /wp:paragraph -->

<!-- wp:paragraph {"fontSize":"large"} -->
<p class="has-large-font-size">Block Text - Different languages</p>
<!-- /wp:paragraph -->

<!-- wp:paragraph {"className":"o-typing-fast"} -->
<p class="o-typing-fast"><o-anim-typing>Lorem ipsum odor amet, consectetuer adipiscing elit.</o-anim-typing> Cursus dignissim ultricies fusce fermentum feugiat, morbi ex nunc. Molestie mattis finibus morbi magnis semper. <o-anim-typing>In orci varius est inceptos congue.</o-anim-typing> Facilisi metus est vulputate parturient pellentesque. Egestas quis habitant vel nostra per. <o-anim-typing>Potenti penatibus augue magnis cubilia etiam maximus lacinia.</o-anim-typing></p>
<!-- /wp:paragraph -->

<!-- wp:paragraph -->
<p><o-anim-typing>Lorem ipsum odor amet, consectetuer adipiscing elit. Mauris sagittis posuere fringilla integer tristique dolor. Nascetur dapibus ipsum fusce euismod himenaeos. Sociosqu tellus lacinia dolor. Donec hac velit donec vitae justo congue. Rutrum fames aptent convallis, nibh habitant vulputate. Integer nec accumsan lacus ut nostra habitasse risus. Mauris integer curae feugiat malesuada tellus congue dis. Maecenas mattis sociosqu nibh. Varius phasellus phasellus fringilla torquent! Tempus iaculis aenean ante sodales. Porta potenti curabitur ex pulvinar eu rhoncus.</o-anim-typing></p>
<!-- /wp:paragraph -->

<!-- wp:paragraph {"className":"o-typing-delay-200ms"} -->
<p class="o-typing-delay-200ms">前ホタ初室モコ払対10女へ投能作ゃ産療質ドぎるお曜計カム嫉他わひごき徹下ヘセ浮直くほめだ式直にろそト提紙おぽは報対ミ崩際タ棋花政エシ向掲ラ図費高壌ろんだ。<o-anim-typing>情ざつご目整ネワエス言出ヘヨレフ者授ま車56西区ゅぜで融通ざるイひ被見山さラとス争味ぐこづ場合ネカ惑堂ロ転熱か男見ねで全返トぱそ直断伐だほぴず。</o-anim-typing></p>
<!-- /wp:paragraph -->

<!-- wp:paragraph -->
<p>Лорем ипсум долор сит амет, цу вим поссе фиерент сцаевола, ат дуо видерер адмодум дигниссим. Яуо татион инвидунт глориатур цу. <o-anim-typing>Проприае рецусабо алияуандо ет хис. Луцилиус хендрерит диссентиет сит еу, денияуе алияуандо еу ест. Ат менандри праесент еос.</o-anim-typing></p>
<!-- /wp:paragraph -->

<!-- wp:paragraph {"className":"o-typing-delay-2s"} -->
<p class="o-typing-delay-2s">전인 광야에서 보내는 봄바람이다, 과실이 대중을 오직 황금시대다. <o-anim-typing>수 끓는 때까지 거친 이성은 같지 우리는 것이다. 피부가 넣는 얼음에 것은 하였으며, 아름다우냐? 이는 인류의 열락의 내려온 약동하다. 이상의 되려니와. 우리는 우리 바이며. 가는 이것은 인간의 이상 것이다.</o-anim-typing></p>
<!-- /wp:paragraph -->

<!-- wp:paragraph {"className":"o-typing-delay-4s"} -->
<p class="o-typing-delay-4s">Λορεμ ιπσθμ δολορ σιτ αμετ, περcιπιτθρ vολθπτατιβθσ ναμ θτ, νε μει ηαβεο νοvθμ σεμπερ. Ιδ σεμπερ μανδαμθσ σεα. Ποστεα cονστιτθαμ πρι ει. <o-anim-typing>Αν εστ ερατ πριμα. Περτιναξ cονσθλατθ γλοριατθρ ηασ εθ, cετερο νοστρθδ ιραcθνδια ατ εστ, εξ ναμ μαλισ περcιπιτθρ. Qθοτ σινγθλισ νε πρι, τε vελ qθανδο πονδερθμ εφφιcιαντθρ, παρτεμ γραεcο εθ σεα.</o-anim-typing></p>
<!-- /wp:paragraph -->

<!-- wp:paragraph -->
<p>--- ·--· ····· -- ··· ··-· ·--· -· -- ···-- ····- ·-· -·- - ····- ----· --- ·--· ·<o-anim-typing>··- ····- ·· -·-· --·- -· --· ·---- ·-·-·- -·- · --- - ·-·· ··--·· -· ··· -·· ·-·· ·-·-·- ·--- -··- ----- -· -·- -· ·---- ··--- ··--·· ·-- ··· - --·- -··-</o-anim-typing></p>
<!-- /wp:paragraph -->

<!-- wp:paragraph {"className":"o-typing-delay-1s"} -->
<p class="o-typing-delay-1s">करती खरिदने मानसिक यन्त्रालय शीघ्र हुआआदी कार्यसिधान्तो मजबुत जाने पासपाई अर्थपुर्ण जानते काम ढांचा उनका उसीएक् मुश्किले आंतरकार्यक्षमता चुनने संभव एकत्रित पहोचाना आंतरकार्यक्षमता <o-anim-typing>देते विशेष भोगोलिक वार्तालाप कार्यसिधान्तो समजते है।अभी पहोचाना सुना</o-anim-typing></p>
<!-- /wp:paragraph -->

<!-- wp:paragraph {"style":{"color":{"text":"#dd1919"}}} -->
<p class="has-text-color" style="color:#dd1919">For Arabic the text must go fom right to left</p>
<!-- /wp:paragraph -->

<!-- wp:paragraph -->
<p>بقسوة السيء وباستثناء في لكل, من وقد الأجل الشمال حاملات. أمدها تحرّك أفريقيا ثم لك<o-anim-typing>ل, إبّان طوكيو وحلفاؤها لان في. ٣٠ هامش الطرفين جهة, ومن مئات مرمى في, ٣٠ ضرب دارت لهذه. تعد تم إستعمل لليابان, لدحر سليمان، تم حتى, على أهّل تكبّد المشتّتون هو. لكل الجو الإطلاق أن. حتى القادة الشرق، إذ, به، </o-anim-typing>وبدأت التاريخ، عل.</p>
<!-- /wp:paragraph --></div>
<!-- /wp:group -->]]></content:encoded>
		<excerpt:encoded><![CDATA[]]></excerpt:encoded>
		<wp:post_id>191</wp:post_id>
		<wp:post_date><![CDATA[2022-05-09 09:18:54]]></wp:post_date>
		<wp:post_date_gmt><![CDATA[2022-05-09 09:18:54]]></wp:post_date_gmt>
		<wp:post_modified><![CDATA[2022-05-09 09:19:26]]></wp:post_modified>
		<wp:post_modified_gmt><![CDATA[2022-05-09 09:19:26]]></wp:post_modified_gmt>
		<wp:comment_status><![CDATA[open]]></wp:comment_status>
		<wp:ping_status><![CDATA[open]]></wp:ping_status>
		<wp:post_name><![CDATA[random-1]]></wp:post_name>
		<wp:status><![CDATA[publish]]></wp:status>
		<wp:post_parent>0</wp:post_parent>
		<wp:menu_order>0</wp:menu_order>
		<wp:post_type><![CDATA[post]]></wp:post_type>
		<wp:post_password><![CDATA[]]></wp:post_password>
		<wp:is_sticky>0</wp:is_sticky>
										<category domain="category" nicename="uncategorized"><![CDATA[Uncategorized]]></category>
						<wp:postmeta>
		<wp:meta_key><![CDATA[nb_of_words]]></wp:meta_key>
		<wp:meta_value><![CDATA[2359]]></wp:meta_value>
		</wp:postmeta>
							<wp:postmeta>
		<wp:meta_key><![CDATA[custom-layout-options-should-expire]]></wp:meta_key>
		<wp:meta_value><![CDATA[]]></wp:meta_value>
		</wp:postmeta>
							<wp:postmeta>
		<wp:meta_key><![CDATA[neve_meta_sidebar]]></wp:meta_key>
		<wp:meta_value><![CDATA[]]></wp:meta_value>
		</wp:postmeta>
							<wp:postmeta>
		<wp:meta_key><![CDATA[neve_meta_container]]></wp:meta_key>
		<wp:meta_value><![CDATA[]]></wp:meta_value>
		</wp:postmeta>
							<wp:postmeta>
		<wp:meta_key><![CDATA[neve_meta_enable_content_width]]></wp:meta_key>
		<wp:meta_value><![CDATA[]]></wp:meta_value>
		</wp:postmeta>
							<wp:postmeta>
		<wp:meta_key><![CDATA[neve_meta_content_width]]></wp:meta_key>
		<wp:meta_value><![CDATA[0]]></wp:meta_value>
		</wp:postmeta>
							<wp:postmeta>
		<wp:meta_key><![CDATA[neve_meta_title_alignment]]></wp:meta_key>
		<wp:meta_value><![CDATA[]]></wp:meta_value>
		</wp:postmeta>
							<wp:postmeta>
		<wp:meta_key><![CDATA[neve_meta_author_avatar]]></wp:meta_key>
		<wp:meta_value><![CDATA[]]></wp:meta_value>
		</wp:postmeta>
							<wp:postmeta>
		<wp:meta_key><![CDATA[neve_post_elements_order]]></wp:meta_key>
		<wp:meta_value><![CDATA[]]></wp:meta_value>
		</wp:postmeta>
							<wp:postmeta>
		<wp:meta_key><![CDATA[neve_meta_disable_header]]></wp:meta_key>
		<wp:meta_value><![CDATA[]]></wp:meta_value>
		</wp:postmeta>
							<wp:postmeta>
		<wp:meta_key><![CDATA[neve_meta_disable_footer]]></wp:meta_key>
		<wp:meta_value><![CDATA[]]></wp:meta_value>
		</wp:postmeta>
							<wp:postmeta>
		<wp:meta_key><![CDATA[neve_meta_disable_title]]></wp:meta_key>
		<wp:meta_value><![CDATA[]]></wp:meta_value>
		</wp:postmeta>
							<wp:postmeta>
		<wp:meta_key><![CDATA[neve_meta_reading_time]]></wp:meta_key>
		<wp:meta_value><![CDATA[]]></wp:meta_value>
		</wp:postmeta>
							<wp:postmeta>
		<wp:meta_key><![CDATA[_themeisle_gutenberg_block_has_review]]></wp:meta_key>
		<wp:meta_value><![CDATA[]]></wp:meta_value>
		</wp:postmeta>
							<wp:postmeta>
		<wp:meta_key><![CDATA[_ti_tpc_template_sync]]></wp:meta_key>
		<wp:meta_value><![CDATA[]]></wp:meta_value>
		</wp:postmeta>
							<wp:postmeta>
		<wp:meta_key><![CDATA[_ti_tpc_template_id]]></wp:meta_key>
		<wp:meta_value><![CDATA[]]></wp:meta_value>
		</wp:postmeta>
							<wp:postmeta>
		<wp:meta_key><![CDATA[_oembed_464242e40aefd116bcec8cdafc9b22fc]]></wp:meta_key>
		<wp:meta_value><![CDATA[<iframe title="Modern Talking - No Face, No Name, No Number (Official Music Video)" width="1200" height="900" src="https://www.youtube.com/embed/67tT2PbiWcI?feature=oembed" frameborder="0" allow="accelerometer; autoplay; clipboard-write; encrypted-media; gyroscope; picture-in-picture" allowfullscreen></iframe>]]></wp:meta_value>
		</wp:postmeta>
							<wp:postmeta>
		<wp:meta_key><![CDATA[_oembed_time_464242e40aefd116bcec8cdafc9b22fc]]></wp:meta_key>
		<wp:meta_value><![CDATA[1652087966]]></wp:meta_value>
		</wp:postmeta>
							<wp:postmeta>
		<wp:meta_key><![CDATA[_edit_last]]></wp:meta_key>
		<wp:meta_value><![CDATA[1]]></wp:meta_value>
		</wp:postmeta>
							<wp:postmeta>
		<wp:meta_key><![CDATA[_themeisle_gutenberg_block_styles]]></wp:meta_key>
		<wp:meta_value><![CDATA[#wp-block-themeisle-blocks-countdown-70fc7b7d{--backgroundColor:#e3d1e9;--borderColor:#6acf79;--borderRadius:27px;--width:121px;--height:76px;--borderWidth:8px;--gap:59px;--valueFontSize:32px;--labelFontSize:13px}#wp-block-themeisle-blocks-countdown-70fc7b7d .otter-countdown__container .otter-countdown__display .otter-countdown__display-area .otter-countdown__value{color:#505ce2}#wp-block-themeisle-blocks-countdown-70fc7b7d .otter-countdown__container .otter-countdown__display .otter-countdown__display-area .otter-countdown__label{color:#1ea3e8}#wp-block-themeisle-blocks-advanced-columns-de72ff39{padding-top:80px;padding-bottom:80px;padding-left:20px;padding-right:20px;margin-top:0;margin-bottom:0;--columnsWidth:678px;justify-content:center;min-height:auto;background:var(--nv-site-bg)}#wp-block-themeisle-blocks-advanced-columns-de72ff39>.wp-block-themeisle-blocks-advanced-columns-overlay{opacity:.5;mix-blend-mode:normal}@media (min-width:600px) and (max-width:960px){#wp-block-themeisle-blocks-advanced-columns-de72ff39{padding-top:40px;padding-bottom:40px;padding-left:20px;padding-right:20px}}@media (max-width:600px){#wp-block-themeisle-blocks-advanced-columns-de72ff39{padding-top:20px;padding-bottom:20px;padding-left:20px;padding-right:20px}}#wp-block-themeisle-blocks-advanced-column-41f6cecb{padding-top:20px;padding-bottom:20px;padding-left:20px;padding-right:20px;margin-top:0;margin-bottom:0;margin-left:0;margin-right:0}@media (min-width:960px){#wp-block-themeisle-blocks-advanced-column-41f6cecb{flex-basis:100%}}@media (min-width:600px) and (max-width:960px){#wp-block-themeisle-blocks-advanced-column-41f6cecb{padding-top:20px;padding-bottom:20px;padding-left:20px;padding-right:20px}}@media (max-width:600px){#wp-block-themeisle-blocks-advanced-column-41f6cecb{padding-top:20px;padding-bottom:20px;padding-left:20px;padding-right:20px}}#wp-block-themeisle-blocks-advanced-heading-904741ab{text-align:unset;color:var(--nv-text-color);padding:0;margin-top:0;margin-bottom:8px}#wp-block-themeisle-blocks-advanced-heading-4e754109{text-align:unset;color:var(--nv-text-color);padding:0;margin-top:0;margin-bottom:8px}#wp-block-themeisle-blocks-advanced-heading-628b680d{text-align:unset;color:var(--nv-text-color);padding:0;margin-top:0;margin-bottom:8px}#wp-block-themeisle-blocks-advanced-heading-cd5bf017{text-align:unset;color:var(--nv-text-color);padding:0;margin-top:0;margin-bottom:8px}#wp-block-themeisle-blocks-advanced-heading-5de12ff9{text-align:unset;color:var(--nv-text-color);padding:0;margin-top:0;margin-bottom:8px}#wp-block-themeisle-blocks-advanced-heading-a878b5f0{text-align:unset;color:var(--nv-text-color);padding:0;margin-top:0;margin-bottom:8px}#wp-block-themeisle-blocks-button-group-b61d982c{gap:26px}#wp-block-themeisle-blocks-button-group-b61d982c .wp-block-themeisle-blocks-button .wp-block-button__link{padding-top:10px;padding-bottom:10px;padding-left:40px;padding-right:40px;font-size:30px;font-family:Economica;font-weight:700;text-transform:uppercase;font-style:italic;line-height:67px}#wp-block-themeisle-blocks-button-group-b61d982c .wp-block-themeisle-blocks-button .wp-block-button__link svg{width:30px}#wp-block-themeisle-blocks-button-a5cb61ff .wp-block-button__link{color:#d35454;background:linear-gradient(135deg,#fff5cb 0%,#b6e3d4 50%,#33a7b5 100%);border-width:6px;border-color:#cd2727;border-style:solid;border-radius:25px;box-shadow:81px -17px 6px 19px rgba(51,85,207,.18)}#wp-block-themeisle-blocks-button-a5cb61ff .wp-block-button__link:hover{color:#872ae5;background:linear-gradient(135deg,#fecda5 0%,#fe2d2d 50%,#6b003e 100%);border-color:#53df2a;box-shadow:0px 0px 5px 1px rgba(0,0,0,.5)}#wp-block-themeisle-blocks-font-awesome-icons-8392daf2{--borderColor:red;--borderSize:4px;--borderRadius:70%;--padding:10px;--fontSize:39px}#wp-block-themeisle-blocks-font-awesome-icons-8392daf2 .wp-block-themeisle-blocks-font-awesome-icons-container{color:blue;background:violet}#wp-block-themeisle-blocks-font-awesome-icons-8392daf2 .wp-block-themeisle-blocks-font-awesome-icons-container a{color:blue}#wp-block-themeisle-blocks-font-awesome-icons-8392daf2 .wp-block-themeisle-blocks-font-awesome-icons-container i{font-size:39px}#wp-block-themeisle-blocks-accordion-815c3abe{--titleColor:#1a1616;--titleBackground:#de358b;--contentBackground:#dfc258}#wp-block-themeisle-blocks-accordion-a76ecb70{--titleBackground:#30a351}#wp-block-themeisle-blocks-accordion-8f5483a4{--titleColor:#1a1616;--titleBackground:#de358b;--contentBackground:#dfc258}#wp-block-themeisle-blocks-accordion-cf55473b{--titleBackground:#30a351}#wp-block-themeisle-blocks-advanced-columns-a241f2a5{padding-top:80px;padding-bottom:80px;padding-left:20px;padding-right:20px;margin-top:20px;margin-bottom:20px;--columnsWidth:800px;justify-content:center;min-height:800px;background:#edeae8}#wp-block-themeisle-blocks-advanced-columns-a241f2a5>.wp-block-themeisle-blocks-advanced-columns-overlay{opacity:.5;mix-blend-mode:normal}@media (min-width:600px) and (max-width:960px){#wp-block-themeisle-blocks-advanced-columns-a241f2a5{padding-top:40px;padding-bottom:40px;padding-left:20px;padding-right:20px;min-height:600px}}@media (max-width:600px){#wp-block-themeisle-blocks-advanced-columns-a241f2a5{padding-top:20px;padding-bottom:20px;padding-left:20px;padding-right:20px;min-height:400px}}#wp-block-themeisle-blocks-advanced-column-397f5e2e{padding-top:20px;padding-bottom:20px;padding-left:20px;padding-right:20px;margin-top:20px;margin-bottom:20px;margin-left:0;margin-right:0;border-width:0;border-style:solid;border-color:#000;border-radius:0}@media (min-width:960px){#wp-block-themeisle-blocks-advanced-column-397f5e2e{flex-basis:100%}}#wp-block-themeisle-blocks-advanced-heading-8c8358d7{text-align:center;font-size:14px;text-transform:uppercase;padding:0;margin-top:0;margin-bottom:0}#wp-block-themeisle-blocks-advanced-heading-469a7a23{text-align:center;padding:0;margin-top:0;margin-bottom:0}#wp-block-themeisle-blocks-advanced-columns-debe9c02{padding-top:80px;padding-bottom:80px;padding-left:20px;padding-right:20px;margin-top:20px;margin-bottom:20px;--columnsWidth:1170px;justify-content:center;min-height:auto}#wp-block-themeisle-blocks-advanced-columns-debe9c02>.wp-block-themeisle-blocks-advanced-columns-overlay{opacity:.5;mix-blend-mode:normal}@media (min-width:600px) and (max-width:960px){#wp-block-themeisle-blocks-advanced-columns-debe9c02{padding-top:40px;padding-bottom:40px;padding-left:20px;padding-right:20px}}@media (max-width:600px){#wp-block-themeisle-blocks-advanced-columns-debe9c02{padding-top:20px;padding-bottom:20px;padding-left:20px;padding-right:20px}}#wp-block-themeisle-blocks-advanced-column-1cf06e66{padding-top:20px;padding-bottom:20px;padding-left:20px;padding-right:20px;margin-top:20px;margin-bottom:20px;margin-left:0;margin-right:0;border-width:0;border-style:solid;border-color:#000;border-radius:0}@media (min-width:960px){#wp-block-themeisle-blocks-advanced-column-1cf06e66{flex-basis:50%}}#wp-block-themeisle-blocks-advanced-heading-02bd25d9{text-align:left;font-size:14px;text-transform:uppercase;padding:0;margin-top:0;margin-bottom:0}#wp-block-themeisle-blocks-advanced-heading-b7196eeb{text-align:unset;padding:0;margin-top:0;margin-bottom:0}@media (min-width:960px){#wp-block-themeisle-blocks-advanced-column-11e58f7d{flex-basis:50%}}#wp-block-themeisle-blocks-circle-counter-a02eabd7{--fontSizeTitle:69px;--height:128px;--backgroundColor:#eabef0;--progressColor:#82d52f;border-radius:128px 0 0 128px;--percentageStart:rotate(180deg);--percentageEnd:rotate(226.8deg)}#wp-block-themeisle-blocks-circle-counter-a02eabd7 .wp-block-themeisle-blocks-circle-counter-title__area .wp-block-themeisle-blocks-circle-counter-title__value{color:#bc2f2f}html[amp] #wp-block-themeisle-blocks-circle-counter-a02eabd7 .wp-block-themeisle-blocks-circle-counter__bar .wp-block-themeisle-blocks-circle-counter-text{color:#82d52f}#wp-block-themeisle-blocks-circle-counter-df192add{border-radius:50px 0 0 50px;--percentageStart:rotate(180deg);--percentageEnd:rotate(180deg)}#wp-block-themeisle-blocks-countdown-4f1bba24{--borderRadius:0px}#wp-block-themeisle-blocks-advanced-columns-e73a0bbc{min-height:auto}#wp-block-themeisle-blocks-advanced-columns-e73a0bbc>.wp-block-themeisle-blocks-advanced-columns-overlay{opacity:.5;mix-blend-mode:normal}@media (min-width:960px){#wp-block-themeisle-blocks-advanced-column-8df12058{flex-basis:50%}}@media (min-width:960px){#wp-block-themeisle-blocks-advanced-column-8deb9d5c{flex-basis:50%}}#wp-block-themeisle-blocks-accordion-57f30333{--titleColor:#1a1616;--titleBackground:#de358b;--contentBackground:#dfc258}#wp-block-themeisle-blocks-accordion-1761d17a{--titleBackground:#30a351}#wp-block-themeisle-blocks-advanced-columns-ecc05d26{padding-top:80px;padding-bottom:80px;padding-left:20px;padding-right:20px;margin-top:0;margin-bottom:0;--columnsWidth:678px;justify-content:center;min-height:auto;background:var(--nv-site-bg)}#wp-block-themeisle-blocks-advanced-columns-ecc05d26>.wp-block-themeisle-blocks-advanced-columns-overlay{opacity:.5;mix-blend-mode:normal}@media (min-width:600px) and (max-width:960px){#wp-block-themeisle-blocks-advanced-columns-ecc05d26{padding-top:40px;padding-bottom:40px;padding-left:20px;padding-right:20px}}@media (max-width:600px){#wp-block-themeisle-blocks-advanced-columns-ecc05d26{padding-top:20px;padding-bottom:20px;padding-left:20px;padding-right:20px}}#wp-block-themeisle-blocks-advanced-column-acfb62f8{padding-top:20px;padding-bottom:20px;padding-left:20px;padding-right:20px;margin-top:0;margin-bottom:0;margin-left:0;margin-right:0}@media (min-width:960px){#wp-block-themeisle-blocks-advanced-column-acfb62f8{flex-basis:100%}}@media (min-width:600px) and (max-width:960px){#wp-block-themeisle-blocks-advanced-column-acfb62f8{padding-top:20px;padding-bottom:20px;padding-left:20px;padding-right:20px}}@media (max-width:600px){#wp-block-themeisle-blocks-advanced-column-acfb62f8{padding-top:20px;padding-bottom:20px;padding-left:20px;padding-right:20px}}#wp-block-themeisle-blocks-advanced-heading-e9be718d{text-align:unset;color:var(--nv-text-color);padding:0;margin-top:0;margin-bottom:8px}#wp-block-themeisle-blocks-advanced-heading-3e6e1ab3{text-align:unset;color:var(--nv-text-color);padding:0;margin-top:0;margin-bottom:8px}#wp-block-themeisle-blocks-advanced-heading-78edd48b{text-align:unset;color:var(--nv-text-color);padding:0;margin-top:0;margin-bottom:8px}#wp-block-themeisle-blocks-advanced-heading-9936c695{text-align:unset;color:var(--nv-text-color);padding:0;margin-top:0;margin-bottom:8px}#wp-block-themeisle-blocks-advanced-heading-a82c3b32{text-align:unset;color:var(--nv-text-color);padding:0;margin-top:0;margin-bottom:8px}#wp-block-themeisle-blocks-advanced-heading-d7f166e9{text-align:unset;color:var(--nv-text-color);padding:0;margin-top:0;margin-bottom:8px}#wp-block-themeisle-blocks-circle-counter-4b83a208{border-radius:50px 0 0 50px;--percentageStart:rotate(180deg);--percentageEnd:rotate(180deg)}#wp-block-themeisle-blocks-countdown-c67110e7{--borderRadius:0px}#wp-block-themeisle-blocks-flip-53741b18{--width:654px;--height:431px;--frontBackground:linear-gradient(90deg,#ffceec 0%,#9896f0 100%);--frontVerticalAlign:center;--frontHorizontalAlign:center;--backBackground:linear-gradient(135deg,#7adcb4 0%,#00d082 100%);--backVerticalAlign:flex-end;--boxShadow:67px 61px 5px rgba(189,56,56,.22)}#wp-block-themeisle-blocks-flip-53741b18 .o-flip-front .o-flip-content h3{font-size:38px}#wp-block-themeisle-blocks-flip-53741b18 .o-flip-front .o-flip-content p{font-size:14px}]]></wp:meta_value>
		</wp:postmeta>
							<wp:postmeta>
		<wp:meta_key><![CDATA[_themeisle_gutenberg_block_fonts]]></wp:meta_key>
		<wp:meta_value><![CDATA[a:1:{s:9:"Economica";a:2:{s:10:"fontfamily";s:9:"Economica";s:11:"fontvariant";a:1:{i:0;s:3:"700";}}}]]></wp:meta_value>
		</wp:postmeta>
							<wp:postmeta>
		<wp:meta_key><![CDATA[_themeisle_gutenberg_block_stylesheet]]></wp:meta_key>
		<wp:meta_value><![CDATA[post-v2-191-1652087966]]></wp:meta_value>
		</wp:postmeta>
							</item>
					<item>
		<title><![CDATA[Dog Yellow Beanny]]></title>
		<link>https://wrathfulwood.s1-tastewp.com/product/dog-yellow-beanny/</link>
		<pubDate>Thu, 02 Apr 2020 11:40:55 +0000</pubDate>
		<dc:creator><![CDATA[robertino]]></dc:creator>
		<guid isPermaLink="false">https://demosites.io/pet-shop-gb/?post_type=product&#038;p=62</guid>
		<description></description>
		<content:encoded><![CDATA[<span class="tooltiplink" title="By: ">Innovation is hot right now</span>. <span class="tooltiplink" title="By: ">Dunder mifflin</span> out of scope, or <span class="tooltiplink" title="By: ">ladder up / ladder back to the strategy</span>, guerrilla marketing. <span class="tooltiplink" title="By: ">Workflow ecosystem</span> nail jelly to the hothouse wall, or <span class="tooltiplink" title="By: ">personal development</span> <span class="tooltiplink" title="By: ">corporate synergy</span>. <span class="tooltiplink" title="By: ">It is all exactly as i said, but i don't like it</span> <span class="tooltiplink" title="By: ">quarterly sales are at an all-time low</span> are we in agreeance, <span class="tooltiplink" title="By: ">highlights </span><span class="tooltiplink" title="By: ">lean into that problem.</span>]]></content:encoded>
		<excerpt:encoded><![CDATA[This is a short description of the pet shop product. <span class="tooltiplink" title="By: ">Lean into that problem </span>. <span class="tooltiplink" title="By: ">Draft policy ppml proposal</span> <span class="tooltiplink" title="By: ">lean into that problem </span>. <span class="tooltiplink" title="By: ">A better understanding of usage can aid in prioritizing future efforts.</span>]]></excerpt:encoded>
		<wp:post_id>62</wp:post_id>
		<wp:post_date><![CDATA[2020-04-02 11:40:55]]></wp:post_date>
		<wp:post_date_gmt><![CDATA[2020-04-02 11:40:55]]></wp:post_date_gmt>
		<wp:post_modified><![CDATA[2020-04-02 11:40:55]]></wp:post_modified>
		<wp:post_modified_gmt><![CDATA[2020-04-02 11:40:55]]></wp:post_modified_gmt>
		<wp:comment_status><![CDATA[open]]></wp:comment_status>
		<wp:ping_status><![CDATA[closed]]></wp:ping_status>
		<wp:post_name><![CDATA[dog-yellow-beanny]]></wp:post_name>
		<wp:status><![CDATA[publish]]></wp:status>
		<wp:post_parent>0</wp:post_parent>
		<wp:menu_order>0</wp:menu_order>
		<wp:post_type><![CDATA[product]]></wp:post_type>
		<wp:post_password><![CDATA[]]></wp:post_password>
		<wp:is_sticky>0</wp:is_sticky>
										<category domain="product_cat" nicename="misc"><![CDATA[Misc]]></category>
		<category domain="product_visibility" nicename="rated-4"><![CDATA[rated-4]]></category>
		<category domain="product_type" nicename="simple"><![CDATA[simple]]></category>
						<wp:postmeta>
		<wp:meta_key><![CDATA[_thumbnail_id]]></wp:meta_key>
		<wp:meta_value><![CDATA[41]]></wp:meta_value>
		</wp:postmeta>
							<wp:postmeta>
		<wp:meta_key><![CDATA[_elementor_controls_usage]]></wp:meta_key>
		<wp:meta_value><![CDATA[a:0:{}]]></wp:meta_value>
		</wp:postmeta>
							<wp:postmeta>
		<wp:meta_key><![CDATA[_regular_price]]></wp:meta_key>
		<wp:meta_value><![CDATA[45]]></wp:meta_value>
		</wp:postmeta>
							<wp:postmeta>
		<wp:meta_key><![CDATA[total_sales]]></wp:meta_key>
		<wp:meta_value><![CDATA[2]]></wp:meta_value>
		</wp:postmeta>
							<wp:postmeta>
		<wp:meta_key><![CDATA[_tax_status]]></wp:meta_key>
		<wp:meta_value><![CDATA[taxable]]></wp:meta_value>
		</wp:postmeta>
							<wp:postmeta>
		<wp:meta_key><![CDATA[_tax_class]]></wp:meta_key>
		<wp:meta_value><![CDATA[]]></wp:meta_value>
		</wp:postmeta>
							<wp:postmeta>
		<wp:meta_key><![CDATA[_manage_stock]]></wp:meta_key>
		<wp:meta_value><![CDATA[no]]></wp:meta_value>
		</wp:postmeta>
							<wp:postmeta>
		<wp:meta_key><![CDATA[_backorders]]></wp:meta_key>
		<wp:meta_value><![CDATA[no]]></wp:meta_value>
		</wp:postmeta>
							<wp:postmeta>
		<wp:meta_key><![CDATA[_sold_individually]]></wp:meta_key>
		<wp:meta_value><![CDATA[no]]></wp:meta_value>
		</wp:postmeta>
							<wp:postmeta>
		<wp:meta_key><![CDATA[_virtual]]></wp:meta_key>
		<wp:meta_value><![CDATA[no]]></wp:meta_value>
		</wp:postmeta>
							<wp:postmeta>
		<wp:meta_key><![CDATA[_downloadable]]></wp:meta_key>
		<wp:meta_value><![CDATA[no]]></wp:meta_value>
		</wp:postmeta>
							<wp:postmeta>
		<wp:meta_key><![CDATA[_download_limit]]></wp:meta_key>
		<wp:meta_value><![CDATA[-1]]></wp:meta_value>
		</wp:postmeta>
							<wp:postmeta>
		<wp:meta_key><![CDATA[_download_expiry]]></wp:meta_key>
		<wp:meta_value><![CDATA[-1]]></wp:meta_value>
		</wp:postmeta>
							<wp:postmeta>
		<wp:meta_key><![CDATA[_stock_status]]></wp:meta_key>
		<wp:meta_value><![CDATA[instock]]></wp:meta_value>
		</wp:postmeta>
							<wp:postmeta>
		<wp:meta_key><![CDATA[_wc_average_rating]]></wp:meta_key>
		<wp:meta_value><![CDATA[4.00]]></wp:meta_value>
		</wp:postmeta>
							<wp:postmeta>
		<wp:meta_key><![CDATA[_wc_review_count]]></wp:meta_key>
		<wp:meta_value><![CDATA[1]]></wp:meta_value>
		</wp:postmeta>
							<wp:postmeta>
		<wp:meta_key><![CDATA[_product_version]]></wp:meta_key>
		<wp:meta_value><![CDATA[3.6.5]]></wp:meta_value>
		</wp:postmeta>
							<wp:postmeta>
		<wp:meta_key><![CDATA[_price]]></wp:meta_key>
		<wp:meta_value><![CDATA[45]]></wp:meta_value>
		</wp:postmeta>
							<wp:postmeta>
		<wp:meta_key><![CDATA[_yoast_wpseo_primary_product_cat]]></wp:meta_key>
		<wp:meta_value><![CDATA[19]]></wp:meta_value>
		</wp:postmeta>
							<wp:postmeta>
		<wp:meta_key><![CDATA[neve_meta_enable_content_width]]></wp:meta_key>
		<wp:meta_value><![CDATA[off]]></wp:meta_value>
		</wp:postmeta>
							<wp:postmeta>
		<wp:meta_key><![CDATA[_yoast_wpseo_content_score]]></wp:meta_key>
		<wp:meta_value><![CDATA[30]]></wp:meta_value>
		</wp:postmeta>
							<wp:postmeta>
		<wp:meta_key><![CDATA[_wc_rating_count]]></wp:meta_key>
		<wp:meta_value><![CDATA[a:1:{i:4;i:1;}]]></wp:meta_value>
		</wp:postmeta>
							</item>
					<item>
		<title><![CDATA[Organic pet matress]]></title>
		<link>https://wrathfulwood.s1-tastewp.com/product/organic-pet-matress/</link>
		<pubDate>Thu, 02 Apr 2020 11:43:21 +0000</pubDate>
		<dc:creator><![CDATA[robertino]]></dc:creator>
		<guid isPermaLink="false">https://demosites.io/pet-shop-gb/?post_type=product&#038;p=63</guid>
		<description></description>
		<content:encoded><![CDATA[<span class="tooltiplink" title="By: ">Innovation is hot right now</span>. <span class="tooltiplink" title="By: ">Dunder mifflin</span> out of scope, or <span class="tooltiplink" title="By: ">ladder up / ladder back to the strategy</span>, guerrilla marketing. <span class="tooltiplink" title="By: ">Workflow ecosystem</span> nail jelly to the hothouse wall, or <span class="tooltiplink" title="By: ">personal development</span> <span class="tooltiplink" title="By: ">corporate synergy</span>. <span class="tooltiplink" title="By: ">It is all exactly as i said, but i don't like it</span> <span class="tooltiplink" title="By: ">quarterly sales are at an all-time low</span> are we in agreeance, <span class="tooltiplink" title="By: ">highlights </span><span class="tooltiplink" title="By: ">lean into that problem.</span>]]></content:encoded>
		<excerpt:encoded><![CDATA[This is a short description of the pet shop product. <span class="tooltiplink" title="By: ">Lean into that problem </span>. <span class="tooltiplink" title="By: ">Draft policy ppml proposal</span> <span class="tooltiplink" title="By: ">lean into that problem </span>. <span class="tooltiplink" title="By: ">A better understanding of usage can aid in prioritizing future efforts.</span>]]></excerpt:encoded>
		<wp:post_id>63</wp:post_id>
		<wp:post_date><![CDATA[2020-04-02 11:43:21]]></wp:post_date>
		<wp:post_date_gmt><![CDATA[2020-04-02 11:43:21]]></wp:post_date_gmt>
		<wp:post_modified><![CDATA[2020-04-02 11:43:21]]></wp:post_modified>
		<wp:post_modified_gmt><![CDATA[2020-04-02 11:43:21]]></wp:post_modified_gmt>
		<wp:comment_status><![CDATA[open]]></wp:comment_status>
		<wp:ping_status><![CDATA[closed]]></wp:ping_status>
		<wp:post_name><![CDATA[organic-pet-matress]]></wp:post_name>
		<wp:status><![CDATA[publish]]></wp:status>
		<wp:post_parent>0</wp:post_parent>
		<wp:menu_order>0</wp:menu_order>
		<wp:post_type><![CDATA[product]]></wp:post_type>
		<wp:post_password><![CDATA[]]></wp:post_password>
		<wp:is_sticky>0</wp:is_sticky>
										<category domain="product_cat" nicename="misc"><![CDATA[Misc]]></category>
		<category domain="product_visibility" nicename="rated-5"><![CDATA[rated-5]]></category>
		<category domain="product_type" nicename="simple"><![CDATA[simple]]></category>
						<wp:postmeta>
		<wp:meta_key><![CDATA[_thumbnail_id]]></wp:meta_key>
		<wp:meta_value><![CDATA[40]]></wp:meta_value>
		</wp:postmeta>
							<wp:postmeta>
		<wp:meta_key><![CDATA[_elementor_controls_usage]]></wp:meta_key>
		<wp:meta_value><![CDATA[a:0:{}]]></wp:meta_value>
		</wp:postmeta>
							<wp:postmeta>
		<wp:meta_key><![CDATA[_regular_price]]></wp:meta_key>
		<wp:meta_value><![CDATA[135]]></wp:meta_value>
		</wp:postmeta>
							<wp:postmeta>
		<wp:meta_key><![CDATA[total_sales]]></wp:meta_key>
		<wp:meta_value><![CDATA[0]]></wp:meta_value>
		</wp:postmeta>
							<wp:postmeta>
		<wp:meta_key><![CDATA[_tax_status]]></wp:meta_key>
		<wp:meta_value><![CDATA[taxable]]></wp:meta_value>
		</wp:postmeta>
							<wp:postmeta>
		<wp:meta_key><![CDATA[_tax_class]]></wp:meta_key>
		<wp:meta_value><![CDATA[]]></wp:meta_value>
		</wp:postmeta>
							<wp:postmeta>
		<wp:meta_key><![CDATA[_manage_stock]]></wp:meta_key>
		<wp:meta_value><![CDATA[no]]></wp:meta_value>
		</wp:postmeta>
							<wp:postmeta>
		<wp:meta_key><![CDATA[_backorders]]></wp:meta_key>
		<wp:meta_value><![CDATA[no]]></wp:meta_value>
		</wp:postmeta>
							<wp:postmeta>
		<wp:meta_key><![CDATA[_sold_individually]]></wp:meta_key>
		<wp:meta_value><![CDATA[no]]></wp:meta_value>
		</wp:postmeta>
							<wp:postmeta>
		<wp:meta_key><![CDATA[_virtual]]></wp:meta_key>
		<wp:meta_value><![CDATA[no]]></wp:meta_value>
		</wp:postmeta>
							<wp:postmeta>
		<wp:meta_key><![CDATA[_downloadable]]></wp:meta_key>
		<wp:meta_value><![CDATA[no]]></wp:meta_value>
		</wp:postmeta>
							<wp:postmeta>
		<wp:meta_key><![CDATA[_download_limit]]></wp:meta_key>
		<wp:meta_value><![CDATA[-1]]></wp:meta_value>
		</wp:postmeta>
							<wp:postmeta>
		<wp:meta_key><![CDATA[_download_expiry]]></wp:meta_key>
		<wp:meta_value><![CDATA[-1]]></wp:meta_value>
		</wp:postmeta>
							<wp:postmeta>
		<wp:meta_key><![CDATA[_stock_status]]></wp:meta_key>
		<wp:meta_value><![CDATA[instock]]></wp:meta_value>
		</wp:postmeta>
							<wp:postmeta>
		<wp:meta_key><![CDATA[_wc_average_rating]]></wp:meta_key>
		<wp:meta_value><![CDATA[5.00]]></wp:meta_value>
		</wp:postmeta>
							<wp:postmeta>
		<wp:meta_key><![CDATA[_wc_review_count]]></wp:meta_key>
		<wp:meta_value><![CDATA[2]]></wp:meta_value>
		</wp:postmeta>
							<wp:postmeta>
		<wp:meta_key><![CDATA[_product_version]]></wp:meta_key>
		<wp:meta_value><![CDATA[3.6.5]]></wp:meta_value>
		</wp:postmeta>
							<wp:postmeta>
		<wp:meta_key><![CDATA[_price]]></wp:meta_key>
		<wp:meta_value><![CDATA[135]]></wp:meta_value>
		</wp:postmeta>
							<wp:postmeta>
		<wp:meta_key><![CDATA[_yoast_wpseo_primary_product_cat]]></wp:meta_key>
		<wp:meta_value><![CDATA[19]]></wp:meta_value>
		</wp:postmeta>
							<wp:postmeta>
		<wp:meta_key><![CDATA[neve_meta_enable_content_width]]></wp:meta_key>
		<wp:meta_value><![CDATA[off]]></wp:meta_value>
		</wp:postmeta>
							<wp:postmeta>
		<wp:meta_key><![CDATA[_yoast_wpseo_content_score]]></wp:meta_key>
		<wp:meta_value><![CDATA[30]]></wp:meta_value>
		</wp:postmeta>
							<wp:postmeta>
		<wp:meta_key><![CDATA[_wc_rating_count]]></wp:meta_key>
		<wp:meta_value><![CDATA[a:1:{i:5;i:2;}]]></wp:meta_value>
		</wp:postmeta>
							</item>
					<item>
		<title><![CDATA[Exotic Parrot]]></title>
		<link>https://wrathfulwood.s1-tastewp.com/product/exotic-parrot/</link>
		<pubDate>Thu, 02 Apr 2020 11:50:50 +0000</pubDate>
		<dc:creator><![CDATA[robertino]]></dc:creator>
		<guid isPermaLink="false">https://demosites.io/pet-shop-gb/?post_type=product&#038;p=67</guid>
		<description></description>
		<content:encoded><![CDATA[<span class="tooltiplink" title="By: ">Innovation is hot right now</span>. <span class="tooltiplink" title="By: ">Dunder mifflin</span> out of scope, or <span class="tooltiplink" title="By: ">ladder up / ladder back to the strategy</span>, guerrilla marketing. <span class="tooltiplink" title="By: ">Workflow ecosystem</span> nail jelly to the hothouse wall, or <span class="tooltiplink" title="By: ">personal development</span> <span class="tooltiplink" title="By: ">corporate synergy</span>. <span class="tooltiplink" title="By: ">It is all exactly as i said, but i don’t like it</span> <span class="tooltiplink" title="By: ">quarterly sales are at an all-time low</span> are we in agreeance, <span class="tooltiplink" title="By: ">highlights </span><span class="tooltiplink" title="By: ">lean into that problem.</span>
<h3>Characteristics</h3>
<span class="tooltiplink" title="By: ">Workflow ecosystem</span> nail jelly to the hothouse wall, or <span class="tooltiplink" title="By: ">personal development</span> <span class="tooltiplink" title="By: ">corporate synergy</span>. <span class="tooltiplink" title="By: ">It is all exactly as i said, but i don’t like it</span> <span class="tooltiplink" title="By: ">quarterly sales are at an all-time low</span> are we in agreeance, <span class="tooltiplink" title="By: ">highlights </span><span class="tooltiplink" title="By: ">lean into that problem.</span>]]></content:encoded>
		<excerpt:encoded><![CDATA[This is a short description of the pet shop product. <span class="tooltiplink" title="By: ">Lean into that problem </span>. <span class="tooltiplink" title="By: ">Draft policy ppml proposal</span> <span class="tooltiplink" title="By: ">lean into that problem </span>. <span class="tooltiplink" title="By: ">A better understanding of usage can aid in prioritizing future efforts.</span>]]></excerpt:encoded>
		<wp:post_id>67</wp:post_id>
		<wp:post_date><![CDATA[2020-04-02 11:50:50]]></wp:post_date>
		<wp:post_date_gmt><![CDATA[2020-04-02 11:50:50]]></wp:post_date_gmt>
		<wp:post_modified><![CDATA[2020-04-02 11:50:50]]></wp:post_modified>
		<wp:post_modified_gmt><![CDATA[2020-04-02 11:50:50]]></wp:post_modified_gmt>
		<wp:comment_status><![CDATA[open]]></wp:comment_status>
		<wp:ping_status><![CDATA[closed]]></wp:ping_status>
		<wp:post_name><![CDATA[exotic-parrot]]></wp:post_name>
		<wp:status><![CDATA[publish]]></wp:status>
		<wp:post_parent>0</wp:post_parent>
		<wp:menu_order>0</wp:menu_order>
		<wp:post_type><![CDATA[product]]></wp:post_type>
		<wp:post_password><![CDATA[]]></wp:post_password>
		<wp:is_sticky>0</wp:is_sticky>
										<category domain="product_cat" nicename="pets"><![CDATA[Pets]]></category>
		<category domain="product_visibility" nicename="rated-5"><![CDATA[rated-5]]></category>
		<category domain="product_type" nicename="simple"><![CDATA[simple]]></category>
						<wp:postmeta>
		<wp:meta_key><![CDATA[_thumbnail_id]]></wp:meta_key>
		<wp:meta_value><![CDATA[56]]></wp:meta_value>
		</wp:postmeta>
							<wp:postmeta>
		<wp:meta_key><![CDATA[_elementor_controls_usage]]></wp:meta_key>
		<wp:meta_value><![CDATA[a:0:{}]]></wp:meta_value>
		</wp:postmeta>
							<wp:postmeta>
		<wp:meta_key><![CDATA[_regular_price]]></wp:meta_key>
		<wp:meta_value><![CDATA[1500]]></wp:meta_value>
		</wp:postmeta>
							<wp:postmeta>
		<wp:meta_key><![CDATA[_sale_price]]></wp:meta_key>
		<wp:meta_value><![CDATA[1200]]></wp:meta_value>
		</wp:postmeta>
							<wp:postmeta>
		<wp:meta_key><![CDATA[total_sales]]></wp:meta_key>
		<wp:meta_value><![CDATA[0]]></wp:meta_value>
		</wp:postmeta>
							<wp:postmeta>
		<wp:meta_key><![CDATA[_tax_status]]></wp:meta_key>
		<wp:meta_value><![CDATA[taxable]]></wp:meta_value>
		</wp:postmeta>
							<wp:postmeta>
		<wp:meta_key><![CDATA[_tax_class]]></wp:meta_key>
		<wp:meta_value><![CDATA[]]></wp:meta_value>
		</wp:postmeta>
							<wp:postmeta>
		<wp:meta_key><![CDATA[_manage_stock]]></wp:meta_key>
		<wp:meta_value><![CDATA[no]]></wp:meta_value>
		</wp:postmeta>
							<wp:postmeta>
		<wp:meta_key><![CDATA[_backorders]]></wp:meta_key>
		<wp:meta_value><![CDATA[no]]></wp:meta_value>
		</wp:postmeta>
							<wp:postmeta>
		<wp:meta_key><![CDATA[_sold_individually]]></wp:meta_key>
		<wp:meta_value><![CDATA[no]]></wp:meta_value>
		</wp:postmeta>
							<wp:postmeta>
		<wp:meta_key><![CDATA[_virtual]]></wp:meta_key>
		<wp:meta_value><![CDATA[no]]></wp:meta_value>
		</wp:postmeta>
							<wp:postmeta>
		<wp:meta_key><![CDATA[_downloadable]]></wp:meta_key>
		<wp:meta_value><![CDATA[no]]></wp:meta_value>
		</wp:postmeta>
							<wp:postmeta>
		<wp:meta_key><![CDATA[_download_limit]]></wp:meta_key>
		<wp:meta_value><![CDATA[-1]]></wp:meta_value>
		</wp:postmeta>
							<wp:postmeta>
		<wp:meta_key><![CDATA[_download_expiry]]></wp:meta_key>
		<wp:meta_value><![CDATA[-1]]></wp:meta_value>
		</wp:postmeta>
							<wp:postmeta>
		<wp:meta_key><![CDATA[_stock_status]]></wp:meta_key>
		<wp:meta_value><![CDATA[instock]]></wp:meta_value>
		</wp:postmeta>
							<wp:postmeta>
		<wp:meta_key><![CDATA[_wc_average_rating]]></wp:meta_key>
		<wp:meta_value><![CDATA[5.00]]></wp:meta_value>
		</wp:postmeta>
							<wp:postmeta>
		<wp:meta_key><![CDATA[_wc_review_count]]></wp:meta_key>
		<wp:meta_value><![CDATA[1]]></wp:meta_value>
		</wp:postmeta>
							<wp:postmeta>
		<wp:meta_key><![CDATA[_product_version]]></wp:meta_key>
		<wp:meta_value><![CDATA[3.6.5]]></wp:meta_value>
		</wp:postmeta>
							<wp:postmeta>
		<wp:meta_key><![CDATA[_price]]></wp:meta_key>
		<wp:meta_value><![CDATA[1200]]></wp:meta_value>
		</wp:postmeta>
							<wp:postmeta>
		<wp:meta_key><![CDATA[_yoast_wpseo_primary_product_cat]]></wp:meta_key>
		<wp:meta_value><![CDATA[17]]></wp:meta_value>
		</wp:postmeta>
							<wp:postmeta>
		<wp:meta_key><![CDATA[neve_meta_enable_content_width]]></wp:meta_key>
		<wp:meta_value><![CDATA[off]]></wp:meta_value>
		</wp:postmeta>
							<wp:postmeta>
		<wp:meta_key><![CDATA[_yoast_wpseo_content_score]]></wp:meta_key>
		<wp:meta_value><![CDATA[30]]></wp:meta_value>
		</wp:postmeta>
							<wp:postmeta>
		<wp:meta_key><![CDATA[_wc_rating_count]]></wp:meta_key>
		<wp:meta_value><![CDATA[a:1:{i:5;i:1;}]]></wp:meta_value>
		</wp:postmeta>
							</item>
					<item>
		<title><![CDATA[Amazon Parrot]]></title>
		<link>https://wrathfulwood.s1-tastewp.com/product/amazon-parrot/</link>
		<pubDate>Thu, 02 Apr 2020 11:53:56 +0000</pubDate>
		<dc:creator><![CDATA[robertino]]></dc:creator>
		<guid isPermaLink="false">https://demosites.io/pet-shop-gb/?post_type=product&#038;p=68</guid>
		<description></description>
		<content:encoded><![CDATA[<span class="tooltiplink" title="By: ">Innovation is hot right now</span>. <span class="tooltiplink" title="By: ">Dunder mifflin</span> out of scope, or <span class="tooltiplink" title="By: ">ladder up / ladder back to the strategy</span>, guerrilla marketing. <span class="tooltiplink" title="By: ">Workflow ecosystem</span> nail jelly to the hothouse wall, or <span class="tooltiplink" title="By: ">personal development</span> <span class="tooltiplink" title="By: ">corporate synergy</span>. <span class="tooltiplink" title="By: ">It is all exactly as i said, but i don’t like it</span> <span class="tooltiplink" title="By: ">quarterly sales are at an all-time low</span> are we in agreeance, <span class="tooltiplink" title="By: ">highlights </span><span class="tooltiplink" title="By: ">lean into that problem.</span>
<h3>Characteristics</h3>
<span class="tooltiplink" title="By: ">Workflow ecosystem</span> nail jelly to the hothouse wall, or <span class="tooltiplink" title="By: ">personal development</span> <span class="tooltiplink" title="By: ">corporate synergy</span>. <span class="tooltiplink" title="By: ">It is all exactly as i said, but i don’t like it</span> <span class="tooltiplink" title="By: ">quarterly sales are at an all-time low</span> are we in agreeance, <span class="tooltiplink" title="By: ">highlights </span><span class="tooltiplink" title="By: ">lean into that problem.</span>]]></content:encoded>
		<excerpt:encoded><![CDATA[This is a short description of the pet shop product. <span class="tooltiplink" title="By: ">Lean into that problem </span>. <span class="tooltiplink" title="By: ">Draft policy ppml proposal</span> <span class="tooltiplink" title="By: ">lean into that problem </span>. <span class="tooltiplink" title="By: ">A better understanding of usage can aid in prioritizing future efforts.</span>]]></excerpt:encoded>
		<wp:post_id>68</wp:post_id>
		<wp:post_date><![CDATA[2020-04-02 11:53:56]]></wp:post_date>
		<wp:post_date_gmt><![CDATA[2020-04-02 11:53:56]]></wp:post_date_gmt>
		<wp:post_modified><![CDATA[2020-04-02 11:53:56]]></wp:post_modified>
		<wp:post_modified_gmt><![CDATA[2020-04-02 11:53:56]]></wp:post_modified_gmt>
		<wp:comment_status><![CDATA[open]]></wp:comment_status>
		<wp:ping_status><![CDATA[closed]]></wp:ping_status>
		<wp:post_name><![CDATA[amazon-parrot]]></wp:post_name>
		<wp:status><![CDATA[publish]]></wp:status>
		<wp:post_parent>0</wp:post_parent>
		<wp:menu_order>0</wp:menu_order>
		<wp:post_type><![CDATA[product]]></wp:post_type>
		<wp:post_password><![CDATA[]]></wp:post_password>
		<wp:is_sticky>0</wp:is_sticky>
										<category domain="product_cat" nicename="pets"><![CDATA[Pets]]></category>
		<category domain="product_visibility" nicename="rated-5"><![CDATA[rated-5]]></category>
		<category domain="product_type" nicename="simple"><![CDATA[simple]]></category>
						<wp:postmeta>
		<wp:meta_key><![CDATA[_thumbnail_id]]></wp:meta_key>
		<wp:meta_value><![CDATA[47]]></wp:meta_value>
		</wp:postmeta>
							<wp:postmeta>
		<wp:meta_key><![CDATA[_elementor_controls_usage]]></wp:meta_key>
		<wp:meta_value><![CDATA[a:0:{}]]></wp:meta_value>
		</wp:postmeta>
							<wp:postmeta>
		<wp:meta_key><![CDATA[_regular_price]]></wp:meta_key>
		<wp:meta_value><![CDATA[2500]]></wp:meta_value>
		</wp:postmeta>
							<wp:postmeta>
		<wp:meta_key><![CDATA[_sale_price]]></wp:meta_key>
		<wp:meta_value><![CDATA[2000]]></wp:meta_value>
		</wp:postmeta>
							<wp:postmeta>
		<wp:meta_key><![CDATA[total_sales]]></wp:meta_key>
		<wp:meta_value><![CDATA[0]]></wp:meta_value>
		</wp:postmeta>
							<wp:postmeta>
		<wp:meta_key><![CDATA[_tax_status]]></wp:meta_key>
		<wp:meta_value><![CDATA[taxable]]></wp:meta_value>
		</wp:postmeta>
							<wp:postmeta>
		<wp:meta_key><![CDATA[_tax_class]]></wp:meta_key>
		<wp:meta_value><![CDATA[]]></wp:meta_value>
		</wp:postmeta>
							<wp:postmeta>
		<wp:meta_key><![CDATA[_manage_stock]]></wp:meta_key>
		<wp:meta_value><![CDATA[no]]></wp:meta_value>
		</wp:postmeta>
							<wp:postmeta>
		<wp:meta_key><![CDATA[_backorders]]></wp:meta_key>
		<wp:meta_value><![CDATA[no]]></wp:meta_value>
		</wp:postmeta>
							<wp:postmeta>
		<wp:meta_key><![CDATA[_sold_individually]]></wp:meta_key>
		<wp:meta_value><![CDATA[no]]></wp:meta_value>
		</wp:postmeta>
							<wp:postmeta>
		<wp:meta_key><![CDATA[_virtual]]></wp:meta_key>
		<wp:meta_value><![CDATA[no]]></wp:meta_value>
		</wp:postmeta>
							<wp:postmeta>
		<wp:meta_key><![CDATA[_downloadable]]></wp:meta_key>
		<wp:meta_value><![CDATA[no]]></wp:meta_value>
		</wp:postmeta>
							<wp:postmeta>
		<wp:meta_key><![CDATA[_download_limit]]></wp:meta_key>
		<wp:meta_value><![CDATA[-1]]></wp:meta_value>
		</wp:postmeta>
							<wp:postmeta>
		<wp:meta_key><![CDATA[_download_expiry]]></wp:meta_key>
		<wp:meta_value><![CDATA[-1]]></wp:meta_value>
		</wp:postmeta>
							<wp:postmeta>
		<wp:meta_key><![CDATA[_stock_status]]></wp:meta_key>
		<wp:meta_value><![CDATA[instock]]></wp:meta_value>
		</wp:postmeta>
							<wp:postmeta>
		<wp:meta_key><![CDATA[_wc_average_rating]]></wp:meta_key>
		<wp:meta_value><![CDATA[5.00]]></wp:meta_value>
		</wp:postmeta>
							<wp:postmeta>
		<wp:meta_key><![CDATA[_wc_review_count]]></wp:meta_key>
		<wp:meta_value><![CDATA[1]]></wp:meta_value>
		</wp:postmeta>
							<wp:postmeta>
		<wp:meta_key><![CDATA[_product_version]]></wp:meta_key>
		<wp:meta_value><![CDATA[3.6.5]]></wp:meta_value>
		</wp:postmeta>
							<wp:postmeta>
		<wp:meta_key><![CDATA[_price]]></wp:meta_key>
		<wp:meta_value><![CDATA[2000]]></wp:meta_value>
		</wp:postmeta>
							<wp:postmeta>
		<wp:meta_key><![CDATA[_yoast_wpseo_primary_product_cat]]></wp:meta_key>
		<wp:meta_value><![CDATA[17]]></wp:meta_value>
		</wp:postmeta>
							<wp:postmeta>
		<wp:meta_key><![CDATA[neve_meta_enable_content_width]]></wp:meta_key>
		<wp:meta_value><![CDATA[off]]></wp:meta_value>
		</wp:postmeta>
							<wp:postmeta>
		<wp:meta_key><![CDATA[_yoast_wpseo_content_score]]></wp:meta_key>
		<wp:meta_value><![CDATA[30]]></wp:meta_value>
		</wp:postmeta>
							<wp:postmeta>
		<wp:meta_key><![CDATA[_wc_rating_count]]></wp:meta_key>
		<wp:meta_value><![CDATA[a:1:{i:5;i:1;}]]></wp:meta_value>
		</wp:postmeta>
							</item>
					<item>
		<title><![CDATA[White Puppy]]></title>
		<link>https://wrathfulwood.s1-tastewp.com/product/white-puppy/</link>
		<pubDate>Thu, 02 Apr 2020 12:02:53 +0000</pubDate>
		<dc:creator><![CDATA[robertino]]></dc:creator>
		<guid isPermaLink="false">https://demosites.io/pet-shop-gb/?post_type=product&#038;p=70</guid>
		<description></description>
		<content:encoded><![CDATA[<span class="tooltiplink" title="By: ">Innovation is hot right now</span>. <span class="tooltiplink" title="By: ">Dunder mifflin</span> out of scope, or <span class="tooltiplink" title="By: ">ladder up / ladder back to the strategy</span>, guerrilla marketing. <span class="tooltiplink" title="By: ">Workflow ecosystem</span> nail jelly to the hothouse wall, or <span class="tooltiplink" title="By: ">personal development</span> <span class="tooltiplink" title="By: ">corporate synergy</span>. <span class="tooltiplink" title="By: ">It is all exactly as i said, but i don’t like it</span> <span class="tooltiplink" title="By: ">quarterly sales are at an all-time low</span> are we in agreeance, <span class="tooltiplink" title="By: ">highlights </span><span class="tooltiplink" title="By: ">lean into that problem.</span>
<h3>Characteristics</h3>
<span class="tooltiplink" title="By: ">Workflow ecosystem</span> nail jelly to the hothouse wall, or <span class="tooltiplink" title="By: ">personal development</span> <span class="tooltiplink" title="By: ">corporate synergy</span>. <span class="tooltiplink" title="By: ">It is all exactly as i said, but i don’t like it</span> <span class="tooltiplink" title="By: ">quarterly sales are at an all-time low</span> are we in agreeance, <span class="tooltiplink" title="By: ">highlights </span><span class="tooltiplink" title="By: ">lean into that problem.</span>]]></content:encoded>
		<excerpt:encoded><![CDATA[This is a short description of the pet shop product. <span class="tooltiplink" title="By: ">Lean into that problem </span>. <span class="tooltiplink" title="By: ">Draft policy ppml proposal</span> <span class="tooltiplink" title="By: ">lean into that problem </span>. <span class="tooltiplink" title="By: ">A better understanding of usage can aid in prioritizing future efforts.</span>]]></excerpt:encoded>
		<wp:post_id>70</wp:post_id>
		<wp:post_date><![CDATA[2020-04-02 12:02:53]]></wp:post_date>
		<wp:post_date_gmt><![CDATA[2020-04-02 12:02:53]]></wp:post_date_gmt>
		<wp:post_modified><![CDATA[2020-04-02 12:02:53]]></wp:post_modified>
		<wp:post_modified_gmt><![CDATA[2020-04-02 12:02:53]]></wp:post_modified_gmt>
		<wp:comment_status><![CDATA[open]]></wp:comment_status>
		<wp:ping_status><![CDATA[closed]]></wp:ping_status>
		<wp:post_name><![CDATA[white-puppy]]></wp:post_name>
		<wp:status><![CDATA[publish]]></wp:status>
		<wp:post_parent>0</wp:post_parent>
		<wp:menu_order>0</wp:menu_order>
		<wp:post_type><![CDATA[product]]></wp:post_type>
		<wp:post_password><![CDATA[]]></wp:post_password>
		<wp:is_sticky>0</wp:is_sticky>
										<category domain="product_cat" nicename="pets"><![CDATA[Pets]]></category>
		<category domain="product_visibility" nicename="rated-5"><![CDATA[rated-5]]></category>
		<category domain="product_type" nicename="simple"><![CDATA[simple]]></category>
						<wp:postmeta>
		<wp:meta_key><![CDATA[_thumbnail_id]]></wp:meta_key>
		<wp:meta_value><![CDATA[57]]></wp:meta_value>
		</wp:postmeta>
							<wp:postmeta>
		<wp:meta_key><![CDATA[_elementor_controls_usage]]></wp:meta_key>
		<wp:meta_value><![CDATA[a:0:{}]]></wp:meta_value>
		</wp:postmeta>
							<wp:postmeta>
		<wp:meta_key><![CDATA[_regular_price]]></wp:meta_key>
		<wp:meta_value><![CDATA[200]]></wp:meta_value>
		</wp:postmeta>
							<wp:postmeta>
		<wp:meta_key><![CDATA[total_sales]]></wp:meta_key>
		<wp:meta_value><![CDATA[1]]></wp:meta_value>
		</wp:postmeta>
							<wp:postmeta>
		<wp:meta_key><![CDATA[_tax_status]]></wp:meta_key>
		<wp:meta_value><![CDATA[taxable]]></wp:meta_value>
		</wp:postmeta>
							<wp:postmeta>
		<wp:meta_key><![CDATA[_tax_class]]></wp:meta_key>
		<wp:meta_value><![CDATA[]]></wp:meta_value>
		</wp:postmeta>
							<wp:postmeta>
		<wp:meta_key><![CDATA[_manage_stock]]></wp:meta_key>
		<wp:meta_value><![CDATA[no]]></wp:meta_value>
		</wp:postmeta>
							<wp:postmeta>
		<wp:meta_key><![CDATA[_backorders]]></wp:meta_key>
		<wp:meta_value><![CDATA[no]]></wp:meta_value>
		</wp:postmeta>
							<wp:postmeta>
		<wp:meta_key><![CDATA[_sold_individually]]></wp:meta_key>
		<wp:meta_value><![CDATA[no]]></wp:meta_value>
		</wp:postmeta>
							<wp:postmeta>
		<wp:meta_key><![CDATA[_virtual]]></wp:meta_key>
		<wp:meta_value><![CDATA[no]]></wp:meta_value>
		</wp:postmeta>
							<wp:postmeta>
		<wp:meta_key><![CDATA[_downloadable]]></wp:meta_key>
		<wp:meta_value><![CDATA[no]]></wp:meta_value>
		</wp:postmeta>
							<wp:postmeta>
		<wp:meta_key><![CDATA[_download_limit]]></wp:meta_key>
		<wp:meta_value><![CDATA[-1]]></wp:meta_value>
		</wp:postmeta>
							<wp:postmeta>
		<wp:meta_key><![CDATA[_download_expiry]]></wp:meta_key>
		<wp:meta_value><![CDATA[-1]]></wp:meta_value>
		</wp:postmeta>
							<wp:postmeta>
		<wp:meta_key><![CDATA[_stock_status]]></wp:meta_key>
		<wp:meta_value><![CDATA[instock]]></wp:meta_value>
		</wp:postmeta>
							<wp:postmeta>
		<wp:meta_key><![CDATA[_wc_average_rating]]></wp:meta_key>
		<wp:meta_value><![CDATA[5.00]]></wp:meta_value>
		</wp:postmeta>
							<wp:postmeta>
		<wp:meta_key><![CDATA[_wc_review_count]]></wp:meta_key>
		<wp:meta_value><![CDATA[1]]></wp:meta_value>
		</wp:postmeta>
							<wp:postmeta>
		<wp:meta_key><![CDATA[_product_version]]></wp:meta_key>
		<wp:meta_value><![CDATA[3.6.5]]></wp:meta_value>
		</wp:postmeta>
							<wp:postmeta>
		<wp:meta_key><![CDATA[_price]]></wp:meta_key>
		<wp:meta_value><![CDATA[200]]></wp:meta_value>
		</wp:postmeta>
							<wp:postmeta>
		<wp:meta_key><![CDATA[_yoast_wpseo_primary_product_cat]]></wp:meta_key>
		<wp:meta_value><![CDATA[17]]></wp:meta_value>
		</wp:postmeta>
							<wp:postmeta>
		<wp:meta_key><![CDATA[neve_meta_enable_content_width]]></wp:meta_key>
		<wp:meta_value><![CDATA[off]]></wp:meta_value>
		</wp:postmeta>
							<wp:postmeta>
		<wp:meta_key><![CDATA[_yoast_wpseo_content_score]]></wp:meta_key>
		<wp:meta_value><![CDATA[30]]></wp:meta_value>
		</wp:postmeta>
							<wp:postmeta>
		<wp:meta_key><![CDATA[_wc_rating_count]]></wp:meta_key>
		<wp:meta_value><![CDATA[a:1:{i:5;i:1;}]]></wp:meta_value>
		</wp:postmeta>
							</item>
					<item>
		<title><![CDATA[Cute little puppy sweater]]></title>
		<link>https://wrathfulwood.s1-tastewp.com/product/cute-little-puppy-sweater/</link>
		<pubDate>Thu, 02 Apr 2020 12:05:25 +0000</pubDate>
		<dc:creator><![CDATA[robertino]]></dc:creator>
		<guid isPermaLink="false">https://demosites.io/pet-shop-gb/?post_type=product&#038;p=71</guid>
		<description></description>
		<content:encoded><![CDATA[<span class="tooltiplink" title="By: ">Innovation is hot right now</span>. <span class="tooltiplink" title="By: ">Dunder mifflin</span> out of scope, or <span class="tooltiplink" title="By: ">ladder up / ladder back to the strategy</span>, guerrilla marketing. <span class="tooltiplink" title="By: ">Workflow ecosystem</span> nail jelly to the hothouse wall, or <span class="tooltiplink" title="By: ">personal development</span> <span class="tooltiplink" title="By: ">corporate synergy</span>. <span class="tooltiplink" title="By: ">It is all exactly as i said, but i don’t like it</span> <span class="tooltiplink" title="By: ">quarterly sales are at an all-time low</span> are we in agreeance, <span class="tooltiplink" title="By: ">highlights </span><span class="tooltiplink" title="By: ">lean into that problem.</span>
<h3>Characteristics</h3>
<span class="tooltiplink" title="By: ">Workflow ecosystem</span> nail jelly to the hothouse wall, or <span class="tooltiplink" title="By: ">personal development</span> <span class="tooltiplink" title="By: ">corporate synergy</span>. <span class="tooltiplink" title="By: ">It is all exactly as i said, but i don’t like it</span> <span class="tooltiplink" title="By: ">quarterly sales are at an all-time low</span> are we in agreeance, <span class="tooltiplink" title="By: ">highlights </span><span class="tooltiplink" title="By: ">lean into that problem.</span>]]></content:encoded>
		<excerpt:encoded><![CDATA[This is a short description of the pet shop product. <span class="tooltiplink" title="By: ">Lean into that problem </span>. <span class="tooltiplink" title="By: ">Draft policy ppml proposal</span> <span class="tooltiplink" title="By: ">lean into that problem </span>. <span class="tooltiplink" title="By: ">A better understanding of usage can aid in prioritizing future efforts.</span>]]></excerpt:encoded>
		<wp:post_id>71</wp:post_id>
		<wp:post_date><![CDATA[2020-04-02 12:05:25]]></wp:post_date>
		<wp:post_date_gmt><![CDATA[2020-04-02 12:05:25]]></wp:post_date_gmt>
		<wp:post_modified><![CDATA[2020-04-02 12:05:25]]></wp:post_modified>
		<wp:post_modified_gmt><![CDATA[2020-04-02 12:05:25]]></wp:post_modified_gmt>
		<wp:comment_status><![CDATA[open]]></wp:comment_status>
		<wp:ping_status><![CDATA[closed]]></wp:ping_status>
		<wp:post_name><![CDATA[cute-little-puppy-sweater]]></wp:post_name>
		<wp:status><![CDATA[publish]]></wp:status>
		<wp:post_parent>0</wp:post_parent>
		<wp:menu_order>0</wp:menu_order>
		<wp:post_type><![CDATA[product]]></wp:post_type>
		<wp:post_password><![CDATA[]]></wp:post_password>
		<wp:is_sticky>0</wp:is_sticky>
										<category domain="product_cat" nicename="misc"><![CDATA[Misc]]></category>
		<category domain="product_visibility" nicename="rated-5"><![CDATA[rated-5]]></category>
		<category domain="product_type" nicename="simple"><![CDATA[simple]]></category>
						<wp:postmeta>
		<wp:meta_key><![CDATA[_thumbnail_id]]></wp:meta_key>
		<wp:meta_value><![CDATA[48]]></wp:meta_value>
		</wp:postmeta>
							<wp:postmeta>
		<wp:meta_key><![CDATA[_elementor_controls_usage]]></wp:meta_key>
		<wp:meta_value><![CDATA[a:0:{}]]></wp:meta_value>
		</wp:postmeta>
							<wp:postmeta>
		<wp:meta_key><![CDATA[_regular_price]]></wp:meta_key>
		<wp:meta_value><![CDATA[65]]></wp:meta_value>
		</wp:postmeta>
							<wp:postmeta>
		<wp:meta_key><![CDATA[total_sales]]></wp:meta_key>
		<wp:meta_value><![CDATA[0]]></wp:meta_value>
		</wp:postmeta>
							<wp:postmeta>
		<wp:meta_key><![CDATA[_tax_status]]></wp:meta_key>
		<wp:meta_value><![CDATA[taxable]]></wp:meta_value>
		</wp:postmeta>
							<wp:postmeta>
		<wp:meta_key><![CDATA[_tax_class]]></wp:meta_key>
		<wp:meta_value><![CDATA[]]></wp:meta_value>
		</wp:postmeta>
							<wp:postmeta>
		<wp:meta_key><![CDATA[_manage_stock]]></wp:meta_key>
		<wp:meta_value><![CDATA[no]]></wp:meta_value>
		</wp:postmeta>
							<wp:postmeta>
		<wp:meta_key><![CDATA[_backorders]]></wp:meta_key>
		<wp:meta_value><![CDATA[no]]></wp:meta_value>
		</wp:postmeta>
							<wp:postmeta>
		<wp:meta_key><![CDATA[_sold_individually]]></wp:meta_key>
		<wp:meta_value><![CDATA[no]]></wp:meta_value>
		</wp:postmeta>
							<wp:postmeta>
		<wp:meta_key><![CDATA[_virtual]]></wp:meta_key>
		<wp:meta_value><![CDATA[no]]></wp:meta_value>
		</wp:postmeta>
							<wp:postmeta>
		<wp:meta_key><![CDATA[_downloadable]]></wp:meta_key>
		<wp:meta_value><![CDATA[no]]></wp:meta_value>
		</wp:postmeta>
							<wp:postmeta>
		<wp:meta_key><![CDATA[_download_limit]]></wp:meta_key>
		<wp:meta_value><![CDATA[-1]]></wp:meta_value>
		</wp:postmeta>
							<wp:postmeta>
		<wp:meta_key><![CDATA[_download_expiry]]></wp:meta_key>
		<wp:meta_value><![CDATA[-1]]></wp:meta_value>
		</wp:postmeta>
							<wp:postmeta>
		<wp:meta_key><![CDATA[_stock_status]]></wp:meta_key>
		<wp:meta_value><![CDATA[instock]]></wp:meta_value>
		</wp:postmeta>
							<wp:postmeta>
		<wp:meta_key><![CDATA[_wc_average_rating]]></wp:meta_key>
		<wp:meta_value><![CDATA[5.00]]></wp:meta_value>
		</wp:postmeta>
							<wp:postmeta>
		<wp:meta_key><![CDATA[_wc_review_count]]></wp:meta_key>
		<wp:meta_value><![CDATA[1]]></wp:meta_value>
		</wp:postmeta>
							<wp:postmeta>
		<wp:meta_key><![CDATA[_product_version]]></wp:meta_key>
		<wp:meta_value><![CDATA[3.6.5]]></wp:meta_value>
		</wp:postmeta>
							<wp:postmeta>
		<wp:meta_key><![CDATA[_price]]></wp:meta_key>
		<wp:meta_value><![CDATA[65]]></wp:meta_value>
		</wp:postmeta>
							<wp:postmeta>
		<wp:meta_key><![CDATA[_yoast_wpseo_primary_product_cat]]></wp:meta_key>
		<wp:meta_value><![CDATA[19]]></wp:meta_value>
		</wp:postmeta>
							<wp:postmeta>
		<wp:meta_key><![CDATA[neve_meta_enable_content_width]]></wp:meta_key>
		<wp:meta_value><![CDATA[off]]></wp:meta_value>
		</wp:postmeta>
							<wp:postmeta>
		<wp:meta_key><![CDATA[_yoast_wpseo_content_score]]></wp:meta_key>
		<wp:meta_value><![CDATA[30]]></wp:meta_value>
		</wp:postmeta>
							<wp:postmeta>
		<wp:meta_key><![CDATA[_wc_rating_count]]></wp:meta_key>
		<wp:meta_value><![CDATA[a:1:{i:5;i:1;}]]></wp:meta_value>
		</wp:postmeta>
							</item>
					<item>
		<title><![CDATA[Dog Yellow sweater]]></title>
		<link>https://wrathfulwood.s1-tastewp.com/product/dog-yellow-sweater/</link>
		<pubDate>Thu, 02 Apr 2020 12:06:57 +0000</pubDate>
		<dc:creator><![CDATA[robertino]]></dc:creator>
		<guid isPermaLink="false">https://demosites.io/pet-shop-gb/?post_type=product&#038;p=72</guid>
		<description></description>
		<content:encoded><![CDATA[<span class="tooltiplink" title="By: ">Innovation is hot right now</span>. <span class="tooltiplink" title="By: ">Dunder mifflin</span> out of scope, or <span class="tooltiplink" title="By: ">ladder up / ladder back to the strategy</span>, guerrilla marketing. <span class="tooltiplink" title="By: ">Workflow ecosystem</span> nail jelly to the hothouse wall, or <span class="tooltiplink" title="By: ">personal development</span> <span class="tooltiplink" title="By: ">corporate synergy</span>. <span class="tooltiplink" title="By: ">It is all exactly as i said, but i don’t like it</span> <span class="tooltiplink" title="By: ">quarterly sales are at an all-time low</span> are we in agreeance, <span class="tooltiplink" title="By: ">highlights </span><span class="tooltiplink" title="By: ">lean into that problem.</span>
<h3>Characteristics</h3>
<span class="tooltiplink" title="By: ">Workflow ecosystem</span> nail jelly to the hothouse wall, or <span class="tooltiplink" title="By: ">personal development</span> <span class="tooltiplink" title="By: ">corporate synergy</span>. <span class="tooltiplink" title="By: ">It is all exactly as i said, but i don’t like it</span> <span class="tooltiplink" title="By: ">quarterly sales are at an all-time low</span> are we in agreeance, <span class="tooltiplink" title="By: ">highlights </span><span class="tooltiplink" title="By: ">lean into that problem.</span>]]></content:encoded>
		<excerpt:encoded><![CDATA[This is a short description of the pet shop product. <span class="tooltiplink" title="By: ">Lean into that problem </span>. <span class="tooltiplink" title="By: ">Draft policy ppml proposal</span> <span class="tooltiplink" title="By: ">lean into that problem </span>. <span class="tooltiplink" title="By: ">A better understanding of usage can aid in prioritizing future efforts.</span>]]></excerpt:encoded>
		<wp:post_id>72</wp:post_id>
		<wp:post_date><![CDATA[2020-04-02 12:06:57]]></wp:post_date>
		<wp:post_date_gmt><![CDATA[2020-04-02 12:06:57]]></wp:post_date_gmt>
		<wp:post_modified><![CDATA[2020-04-02 12:06:57]]></wp:post_modified>
		<wp:post_modified_gmt><![CDATA[2020-04-02 12:06:57]]></wp:post_modified_gmt>
		<wp:comment_status><![CDATA[open]]></wp:comment_status>
		<wp:ping_status><![CDATA[closed]]></wp:ping_status>
		<wp:post_name><![CDATA[dog-yellow-sweater]]></wp:post_name>
		<wp:status><![CDATA[publish]]></wp:status>
		<wp:post_parent>0</wp:post_parent>
		<wp:menu_order>0</wp:menu_order>
		<wp:post_type><![CDATA[product]]></wp:post_type>
		<wp:post_password><![CDATA[]]></wp:post_password>
		<wp:is_sticky>0</wp:is_sticky>
										<category domain="product_cat" nicename="misc"><![CDATA[Misc]]></category>
		<category domain="product_visibility" nicename="rated-5"><![CDATA[rated-5]]></category>
		<category domain="product_type" nicename="simple"><![CDATA[simple]]></category>
						<wp:postmeta>
		<wp:meta_key><![CDATA[_elementor_controls_usage]]></wp:meta_key>
		<wp:meta_value><![CDATA[a:0:{}]]></wp:meta_value>
		</wp:postmeta>
							<wp:postmeta>
		<wp:meta_key><![CDATA[_regular_price]]></wp:meta_key>
		<wp:meta_value><![CDATA[44]]></wp:meta_value>
		</wp:postmeta>
							<wp:postmeta>
		<wp:meta_key><![CDATA[total_sales]]></wp:meta_key>
		<wp:meta_value><![CDATA[0]]></wp:meta_value>
		</wp:postmeta>
							<wp:postmeta>
		<wp:meta_key><![CDATA[_tax_status]]></wp:meta_key>
		<wp:meta_value><![CDATA[taxable]]></wp:meta_value>
		</wp:postmeta>
							<wp:postmeta>
		<wp:meta_key><![CDATA[_tax_class]]></wp:meta_key>
		<wp:meta_value><![CDATA[]]></wp:meta_value>
		</wp:postmeta>
							<wp:postmeta>
		<wp:meta_key><![CDATA[_manage_stock]]></wp:meta_key>
		<wp:meta_value><![CDATA[no]]></wp:meta_value>
		</wp:postmeta>
							<wp:postmeta>
		<wp:meta_key><![CDATA[_backorders]]></wp:meta_key>
		<wp:meta_value><![CDATA[no]]></wp:meta_value>
		</wp:postmeta>
							<wp:postmeta>
		<wp:meta_key><![CDATA[_sold_individually]]></wp:meta_key>
		<wp:meta_value><![CDATA[no]]></wp:meta_value>
		</wp:postmeta>
							<wp:postmeta>
		<wp:meta_key><![CDATA[_virtual]]></wp:meta_key>
		<wp:meta_value><![CDATA[no]]></wp:meta_value>
		</wp:postmeta>
							<wp:postmeta>
		<wp:meta_key><![CDATA[_downloadable]]></wp:meta_key>
		<wp:meta_value><![CDATA[no]]></wp:meta_value>
		</wp:postmeta>
							<wp:postmeta>
		<wp:meta_key><![CDATA[_download_limit]]></wp:meta_key>
		<wp:meta_value><![CDATA[-1]]></wp:meta_value>
		</wp:postmeta>
							<wp:postmeta>
		<wp:meta_key><![CDATA[_download_expiry]]></wp:meta_key>
		<wp:meta_value><![CDATA[-1]]></wp:meta_value>
		</wp:postmeta>
							<wp:postmeta>
		<wp:meta_key><![CDATA[_stock_status]]></wp:meta_key>
		<wp:meta_value><![CDATA[instock]]></wp:meta_value>
		</wp:postmeta>
							<wp:postmeta>
		<wp:meta_key><![CDATA[_wc_average_rating]]></wp:meta_key>
		<wp:meta_value><![CDATA[5.00]]></wp:meta_value>
		</wp:postmeta>
							<wp:postmeta>
		<wp:meta_key><![CDATA[_wc_review_count]]></wp:meta_key>
		<wp:meta_value><![CDATA[1]]></wp:meta_value>
		</wp:postmeta>
							<wp:postmeta>
		<wp:meta_key><![CDATA[_product_version]]></wp:meta_key>
		<wp:meta_value><![CDATA[3.6.5]]></wp:meta_value>
		</wp:postmeta>
							<wp:postmeta>
		<wp:meta_key><![CDATA[_price]]></wp:meta_key>
		<wp:meta_value><![CDATA[44]]></wp:meta_value>
		</wp:postmeta>
							<wp:postmeta>
		<wp:meta_key><![CDATA[_yoast_wpseo_primary_product_cat]]></wp:meta_key>
		<wp:meta_value><![CDATA[19]]></wp:meta_value>
		</wp:postmeta>
							<wp:postmeta>
		<wp:meta_key><![CDATA[neve_meta_enable_content_width]]></wp:meta_key>
		<wp:meta_value><![CDATA[off]]></wp:meta_value>
		</wp:postmeta>
							<wp:postmeta>
		<wp:meta_key><![CDATA[_yoast_wpseo_content_score]]></wp:meta_key>
		<wp:meta_value><![CDATA[30]]></wp:meta_value>
		</wp:postmeta>
							<wp:postmeta>
		<wp:meta_key><![CDATA[_thumbnail_id]]></wp:meta_key>
		<wp:meta_value><![CDATA[58]]></wp:meta_value>
		</wp:postmeta>
							<wp:postmeta>
		<wp:meta_key><![CDATA[_wc_rating_count]]></wp:meta_key>
		<wp:meta_value><![CDATA[a:1:{i:5;i:1;}]]></wp:meta_value>
		</wp:postmeta>
							</item>
					<item>
		<title><![CDATA[Banana Sweater]]></title>
		<link>https://wrathfulwood.s1-tastewp.com/product/banana-sweater/</link>
		<pubDate>Thu, 02 Apr 2020 12:09:45 +0000</pubDate>
		<dc:creator><![CDATA[robertino]]></dc:creator>
		<guid isPermaLink="false">https://demosites.io/pet-shop-gb/?post_type=product&#038;p=73</guid>
		<description></description>
		<content:encoded><![CDATA[<span class="tooltiplink" title="By: ">Innovation is hot right now</span>. <span class="tooltiplink" title="By: ">Dunder mifflin</span> out of scope, or <span class="tooltiplink" title="By: ">ladder up / ladder back to the strategy</span>, guerrilla marketing. <span class="tooltiplink" title="By: ">Workflow ecosystem</span> nail jelly to the hothouse wall, or <span class="tooltiplink" title="By: ">personal development</span> <span class="tooltiplink" title="By: ">corporate synergy</span>. <span class="tooltiplink" title="By: ">It is all exactly as i said, but i don’t like it</span> <span class="tooltiplink" title="By: ">quarterly sales are at an all-time low</span> are we in agreeance, <span class="tooltiplink" title="By: ">highlights </span><span class="tooltiplink" title="By: ">lean into that problem.</span>
<h3>Characteristics</h3>
<span class="tooltiplink" title="By: ">Workflow ecosystem</span> nail jelly to the hothouse wall, or <span class="tooltiplink" title="By: ">personal development</span> <span class="tooltiplink" title="By: ">corporate synergy</span>. <span class="tooltiplink" title="By: ">It is all exactly as i said, but i don’t like it</span> <span class="tooltiplink" title="By: ">quarterly sales are at an all-time low</span> are we in agreeance, <span class="tooltiplink" title="By: ">highlights </span><span class="tooltiplink" title="By: ">lean into that problem.</span>]]></content:encoded>
		<excerpt:encoded><![CDATA[This is a short description of the pet shop product. <span class="tooltiplink" title="By: ">Lean into that problem </span>. <span class="tooltiplink" title="By: ">Draft policy ppml proposal</span> <span class="tooltiplink" title="By: ">lean into that problem </span>. <span class="tooltiplink" title="By: ">A better understanding of usage can aid in prioritizing future efforts.</span>]]></excerpt:encoded>
		<wp:post_id>73</wp:post_id>
		<wp:post_date><![CDATA[2020-04-02 12:09:45]]></wp:post_date>
		<wp:post_date_gmt><![CDATA[2020-04-02 12:09:45]]></wp:post_date_gmt>
		<wp:post_modified><![CDATA[2020-04-02 12:09:45]]></wp:post_modified>
		<wp:post_modified_gmt><![CDATA[2020-04-02 12:09:45]]></wp:post_modified_gmt>
		<wp:comment_status><![CDATA[open]]></wp:comment_status>
		<wp:ping_status><![CDATA[closed]]></wp:ping_status>
		<wp:post_name><![CDATA[banana-sweater]]></wp:post_name>
		<wp:status><![CDATA[publish]]></wp:status>
		<wp:post_parent>0</wp:post_parent>
		<wp:menu_order>0</wp:menu_order>
		<wp:post_type><![CDATA[product]]></wp:post_type>
		<wp:post_password><![CDATA[]]></wp:post_password>
		<wp:is_sticky>0</wp:is_sticky>
										<category domain="product_cat" nicename="misc"><![CDATA[Misc]]></category>
		<category domain="product_visibility" nicename="rated-5"><![CDATA[rated-5]]></category>
		<category domain="product_type" nicename="simple"><![CDATA[simple]]></category>
						<wp:postmeta>
		<wp:meta_key><![CDATA[_thumbnail_id]]></wp:meta_key>
		<wp:meta_value><![CDATA[59]]></wp:meta_value>
		</wp:postmeta>
							<wp:postmeta>
		<wp:meta_key><![CDATA[_elementor_controls_usage]]></wp:meta_key>
		<wp:meta_value><![CDATA[a:0:{}]]></wp:meta_value>
		</wp:postmeta>
							<wp:postmeta>
		<wp:meta_key><![CDATA[_regular_price]]></wp:meta_key>
		<wp:meta_value><![CDATA[32]]></wp:meta_value>
		</wp:postmeta>
							<wp:postmeta>
		<wp:meta_key><![CDATA[total_sales]]></wp:meta_key>
		<wp:meta_value><![CDATA[1]]></wp:meta_value>
		</wp:postmeta>
							<wp:postmeta>
		<wp:meta_key><![CDATA[_tax_status]]></wp:meta_key>
		<wp:meta_value><![CDATA[taxable]]></wp:meta_value>
		</wp:postmeta>
							<wp:postmeta>
		<wp:meta_key><![CDATA[_tax_class]]></wp:meta_key>
		<wp:meta_value><![CDATA[]]></wp:meta_value>
		</wp:postmeta>
							<wp:postmeta>
		<wp:meta_key><![CDATA[_manage_stock]]></wp:meta_key>
		<wp:meta_value><![CDATA[no]]></wp:meta_value>
		</wp:postmeta>
							<wp:postmeta>
		<wp:meta_key><![CDATA[_backorders]]></wp:meta_key>
		<wp:meta_value><![CDATA[no]]></wp:meta_value>
		</wp:postmeta>
							<wp:postmeta>
		<wp:meta_key><![CDATA[_sold_individually]]></wp:meta_key>
		<wp:meta_value><![CDATA[no]]></wp:meta_value>
		</wp:postmeta>
							<wp:postmeta>
		<wp:meta_key><![CDATA[_virtual]]></wp:meta_key>
		<wp:meta_value><![CDATA[no]]></wp:meta_value>
		</wp:postmeta>
							<wp:postmeta>
		<wp:meta_key><![CDATA[_downloadable]]></wp:meta_key>
		<wp:meta_value><![CDATA[no]]></wp:meta_value>
		</wp:postmeta>
							<wp:postmeta>
		<wp:meta_key><![CDATA[_download_limit]]></wp:meta_key>
		<wp:meta_value><![CDATA[-1]]></wp:meta_value>
		</wp:postmeta>
							<wp:postmeta>
		<wp:meta_key><![CDATA[_download_expiry]]></wp:meta_key>
		<wp:meta_value><![CDATA[-1]]></wp:meta_value>
		</wp:postmeta>
							<wp:postmeta>
		<wp:meta_key><![CDATA[_stock_status]]></wp:meta_key>
		<wp:meta_value><![CDATA[instock]]></wp:meta_value>
		</wp:postmeta>
							<wp:postmeta>
		<wp:meta_key><![CDATA[_wc_average_rating]]></wp:meta_key>
		<wp:meta_value><![CDATA[5.00]]></wp:meta_value>
		</wp:postmeta>
							<wp:postmeta>
		<wp:meta_key><![CDATA[_wc_review_count]]></wp:meta_key>
		<wp:meta_value><![CDATA[1]]></wp:meta_value>
		</wp:postmeta>
							<wp:postmeta>
		<wp:meta_key><![CDATA[_product_version]]></wp:meta_key>
		<wp:meta_value><![CDATA[3.6.5]]></wp:meta_value>
		</wp:postmeta>
							<wp:postmeta>
		<wp:meta_key><![CDATA[_price]]></wp:meta_key>
		<wp:meta_value><![CDATA[32]]></wp:meta_value>
		</wp:postmeta>
							<wp:postmeta>
		<wp:meta_key><![CDATA[_yoast_wpseo_primary_product_cat]]></wp:meta_key>
		<wp:meta_value><![CDATA[19]]></wp:meta_value>
		</wp:postmeta>
							<wp:postmeta>
		<wp:meta_key><![CDATA[neve_meta_enable_content_width]]></wp:meta_key>
		<wp:meta_value><![CDATA[off]]></wp:meta_value>
		</wp:postmeta>
							<wp:postmeta>
		<wp:meta_key><![CDATA[_yoast_wpseo_content_score]]></wp:meta_key>
		<wp:meta_value><![CDATA[30]]></wp:meta_value>
		</wp:postmeta>
							<wp:postmeta>
		<wp:meta_key><![CDATA[_wc_rating_count]]></wp:meta_key>
		<wp:meta_value><![CDATA[a:1:{i:5;i:1;}]]></wp:meta_value>
		</wp:postmeta>
							</item>
					<item>
		<title><![CDATA[lock]]></title>
		<link>https://wrathfulwood.s1-tastewp.com/2020/07/01/untitled-reusable-block/</link>
		<pubDate>Wed, 01 Jul 2020 21:28:37 +0000</pubDate>
		<dc:creator><![CDATA[robertino]]></dc:creator>
		<guid isPermaLink="false">https://demosites.io/pet-shop-gb/untitled-reusable-block/</guid>
		<description></description>
		<content:encoded><![CDATA[<!-- wp:themeisle-blocks/advanced-columns {"id":"wp-block-themeisle-blocks-advanced-columns-26b2ef6d","columns":2,"layout":"oneTwo","layoutMobile":"collapsedRows","paddingType":"unlinked","paddingBottom":0,"marginTop":0,"marginBottom":0,"columnsWidth":1200,"horizontalAlign":"center","backgroundColor":"#ffffff","borderType":"unlinked","borderBottom":5,"borderColor":"#fdc674","borderRadius":4} -->
<div class="wp-block-themeisle-blocks-advanced-columns has-2-columns has-desktop-oneTwo-layout has-tablet-equal-layout has-mobile-collapsedRows-layout has-default-gap has-vertical-unset" id="wp-block-themeisle-blocks-advanced-columns-26b2ef6d"><div class="wp-block-themeisle-blocks-advanced-columns-overlay"></div><div class="innerblocks-wrap"><!-- wp:themeisle-blocks/advanced-column {"id":"wp-block-themeisle-blocks-advanced-column-9281b975","padding":0,"marginTop":0,"marginBottom":0,"columnWidth":"14.00"} -->
<div class="wp-block-themeisle-blocks-advanced-column" id="wp-block-themeisle-blocks-advanced-column-9281b975"><!-- wp:themeisle-blocks/font-awesome-icons {"id":"wp-block-themeisle-blocks-font-awesome-icons-03f4bd2e","prefix":"fas","icon":"paw","fontSize":19,"padding":20,"backgroundColor":"#366859","textColor":"#ffffff","borderRadius":97} -->
<p class="wp-block-themeisle-blocks-font-awesome-icons" id="wp-block-themeisle-blocks-font-awesome-icons-03f4bd2e"><span class="wp-block-themeisle-blocks-font-awesome-icons-container"><i class="fas fa-paw"></i></span></p>
<!-- /wp:themeisle-blocks/font-awesome-icons --></div>
<!-- /wp:themeisle-blocks/advanced-column -->

<!-- wp:themeisle-blocks/advanced-column {"id":"wp-block-themeisle-blocks-advanced-column-be1a09cd","padding":0,"marginTop":0,"marginBottom":0,"columnWidth":"86.00"} -->
<div class="wp-block-themeisle-blocks-advanced-column" id="wp-block-themeisle-blocks-advanced-column-be1a09cd"><!-- wp:heading {"level":3} -->
<h3>Pet-friendly materials</h3>
<!-- /wp:heading -->

<!-- wp:paragraph -->
<p>This is a feature description</p>
<!-- /wp:paragraph --></div>
<!-- /wp:themeisle-blocks/advanced-column --></div></div>
<!-- /wp:themeisle-blocks/advanced-columns -->]]></content:encoded>
		<excerpt:encoded><![CDATA[]]></excerpt:encoded>
		<wp:post_id>122</wp:post_id>
		<wp:post_date><![CDATA[2020-07-01 21:28:37]]></wp:post_date>
		<wp:post_date_gmt><![CDATA[2020-07-01 21:28:37]]></wp:post_date_gmt>
		<wp:post_modified><![CDATA[2020-07-01 21:28:37]]></wp:post_modified>
		<wp:post_modified_gmt><![CDATA[2020-07-01 21:28:37]]></wp:post_modified_gmt>
		<wp:comment_status><![CDATA[closed]]></wp:comment_status>
		<wp:ping_status><![CDATA[closed]]></wp:ping_status>
		<wp:post_name><![CDATA[untitled-reusable-block]]></wp:post_name>
		<wp:status><![CDATA[publish]]></wp:status>
		<wp:post_parent>0</wp:post_parent>
		<wp:menu_order>0</wp:menu_order>
		<wp:post_type><![CDATA[wp_block]]></wp:post_type>
		<wp:post_password><![CDATA[]]></wp:post_password>
		<wp:is_sticky>0</wp:is_sticky>
														</item>
					<item>
		<title><![CDATA[small hero section]]></title>
		<link>https://wrathfulwood.s1-tastewp.com/2020/07/01/untitled-reusable-block-2/</link>
		<pubDate>Wed, 01 Jul 2020 23:29:44 +0000</pubDate>
		<dc:creator><![CDATA[robertino]]></dc:creator>
		<guid isPermaLink="false">https://demosites.io/pet-shop-gb/untitled-reusable-block-2/</guid>
		<description></description>
		<content:encoded><![CDATA[<!-- wp:themeisle-blocks/advanced-columns {"id":"wp-block-themeisle-blocks-advanced-columns-6905983a","columns":1,"layout":"equal","paddingType":"unlinked","paddingTop":40,"paddingBottom":40,"marginTop":0,"marginBottom":0,"columnsWidth":1100,"horizontalAlign":"center","backgroundType":"image","backgroundImageID":128,"backgroundImageURL":"https://wrathfulwood.s1-tastewp.com/wp-content/uploads/2020/07/about-img.png","backgroundPosition":"center center","backgroundRepeat":"no-repeat","backgroundSize":"cover","align":"full"} -->
<div class="wp-block-themeisle-blocks-advanced-columns alignfull has-1-columns has-desktop-equal-layout has-tablet-equal-layout has-mobile-equal-layout has-default-gap has-vertical-unset" id="wp-block-themeisle-blocks-advanced-columns-6905983a"><div class="wp-block-themeisle-blocks-advanced-columns-overlay"></div><div class="innerblocks-wrap"><!-- wp:themeisle-blocks/advanced-column {"id":"wp-block-themeisle-blocks-advanced-column-0c287275","columnWidth":"100"} -->
<div class="wp-block-themeisle-blocks-advanced-column" id="wp-block-themeisle-blocks-advanced-column-0c287275"><!-- wp:heading {"align":"center","level":1,"textColor":"white"} -->
<h1 class="has-white-color has-text-color has-text-align-center">About Us</h1>
<!-- /wp:heading -->

<!-- wp:separator {"color":"neve-button-color"} -->
<hr class="wp-block-separator has-text-color has-background has-neve-button-color-background-color has-neve-button-color-color" />
<!-- /wp:separator --></div>
<!-- /wp:themeisle-blocks/advanced-column --></div></div>
<!-- /wp:themeisle-blocks/advanced-columns -->]]></content:encoded>
		<excerpt:encoded><![CDATA[]]></excerpt:encoded>
		<wp:post_id>129</wp:post_id>
		<wp:post_date><![CDATA[2020-07-01 23:29:44]]></wp:post_date>
		<wp:post_date_gmt><![CDATA[2020-07-01 23:29:44]]></wp:post_date_gmt>
		<wp:post_modified><![CDATA[2020-07-01 23:29:44]]></wp:post_modified>
		<wp:post_modified_gmt><![CDATA[2020-07-01 23:29:44]]></wp:post_modified_gmt>
		<wp:comment_status><![CDATA[closed]]></wp:comment_status>
		<wp:ping_status><![CDATA[closed]]></wp:ping_status>
		<wp:post_name><![CDATA[untitled-reusable-block-2]]></wp:post_name>
		<wp:status><![CDATA[publish]]></wp:status>
		<wp:post_parent>0</wp:post_parent>
		<wp:menu_order>0</wp:menu_order>
		<wp:post_type><![CDATA[wp_block]]></wp:post_type>
		<wp:post_password><![CDATA[]]></wp:post_password>
		<wp:is_sticky>0</wp:is_sticky>
														</item>
					<item>
		<title><![CDATA[Organic dried dog food]]></title>
		<link>https://wrathfulwood.s1-tastewp.com/product/organic-dried-dog-food/</link>
		<pubDate>Thu, 02 Apr 2020 11:25:40 +0000</pubDate>
		<dc:creator><![CDATA[robertino]]></dc:creator>
		<guid isPermaLink="false">https://demosites.io/pet-shop-gb/?post_type=product&#038;p=59</guid>
		<description></description>
		<content:encoded><![CDATA[<span class="tooltiplink" title="By: ">Innovation is hot right now</span>. <span class="tooltiplink" title="By: ">Dunder mifflin</span> out of scope, or <span class="tooltiplink" title="By: ">ladder up / ladder back to the strategy</span>, guerrilla marketing. <span class="tooltiplink" title="By: ">Workflow ecosystem</span> nail jelly to the hothouse wall, or <span class="tooltiplink" title="By: ">personal development</span> <span class="tooltiplink" title="By: ">corporate synergy</span>. <span class="tooltiplink" title="By: ">It is all exactly as i said, but i don't like it</span> <span class="tooltiplink" title="By: ">quarterly sales are at an all-time low</span> are we in agreeance, <span class="tooltiplink" title="By: ">highlights </span><span class="tooltiplink" title="By: ">lean into that problem.</span>]]></content:encoded>
		<excerpt:encoded><![CDATA[This is a short description of the pet shop product. <span class="tooltiplink" title="By: ">Lean into that problem </span>. <span class="tooltiplink" title="By: ">Draft policy ppml proposal</span> <span class="tooltiplink" title="By: ">lean into that problem </span>. <span class="tooltiplink" title="By: ">A better understanding of usage can aid in prioritizing future efforts.</span>]]></excerpt:encoded>
		<wp:post_id>172</wp:post_id>
		<wp:post_date><![CDATA[2020-04-02 11:25:40]]></wp:post_date>
		<wp:post_date_gmt><![CDATA[2020-04-02 11:25:40]]></wp:post_date_gmt>
		<wp:post_modified><![CDATA[2020-04-02 11:25:40]]></wp:post_modified>
		<wp:post_modified_gmt><![CDATA[2020-04-02 11:25:40]]></wp:post_modified_gmt>
		<wp:comment_status><![CDATA[open]]></wp:comment_status>
		<wp:ping_status><![CDATA[closed]]></wp:ping_status>
		<wp:post_name><![CDATA[organic-dried-dog-food]]></wp:post_name>
		<wp:status><![CDATA[publish]]></wp:status>
		<wp:post_parent>0</wp:post_parent>
		<wp:menu_order>0</wp:menu_order>
		<wp:post_type><![CDATA[product]]></wp:post_type>
		<wp:post_password><![CDATA[]]></wp:post_password>
		<wp:is_sticky>0</wp:is_sticky>
										<category domain="product_cat" nicename="misc"><![CDATA[Misc]]></category>
		<category domain="product_visibility" nicename="rated-5"><![CDATA[rated-5]]></category>
		<category domain="product_type" nicename="simple"><![CDATA[simple]]></category>
						<wp:postmeta>
		<wp:meta_key><![CDATA[_thumbnail_id]]></wp:meta_key>
		<wp:meta_value><![CDATA[46]]></wp:meta_value>
		</wp:postmeta>
							<wp:postmeta>
		<wp:meta_key><![CDATA[_elementor_controls_usage]]></wp:meta_key>
		<wp:meta_value><![CDATA[a:0:{}]]></wp:meta_value>
		</wp:postmeta>
							<wp:postmeta>
		<wp:meta_key><![CDATA[_regular_price]]></wp:meta_key>
		<wp:meta_value><![CDATA[20]]></wp:meta_value>
		</wp:postmeta>
							<wp:postmeta>
		<wp:meta_key><![CDATA[total_sales]]></wp:meta_key>
		<wp:meta_value><![CDATA[0]]></wp:meta_value>
		</wp:postmeta>
							<wp:postmeta>
		<wp:meta_key><![CDATA[_tax_status]]></wp:meta_key>
		<wp:meta_value><![CDATA[taxable]]></wp:meta_value>
		</wp:postmeta>
							<wp:postmeta>
		<wp:meta_key><![CDATA[_tax_class]]></wp:meta_key>
		<wp:meta_value><![CDATA[]]></wp:meta_value>
		</wp:postmeta>
							<wp:postmeta>
		<wp:meta_key><![CDATA[_manage_stock]]></wp:meta_key>
		<wp:meta_value><![CDATA[no]]></wp:meta_value>
		</wp:postmeta>
							<wp:postmeta>
		<wp:meta_key><![CDATA[_backorders]]></wp:meta_key>
		<wp:meta_value><![CDATA[no]]></wp:meta_value>
		</wp:postmeta>
							<wp:postmeta>
		<wp:meta_key><![CDATA[_sold_individually]]></wp:meta_key>
		<wp:meta_value><![CDATA[no]]></wp:meta_value>
		</wp:postmeta>
							<wp:postmeta>
		<wp:meta_key><![CDATA[_virtual]]></wp:meta_key>
		<wp:meta_value><![CDATA[no]]></wp:meta_value>
		</wp:postmeta>
							<wp:postmeta>
		<wp:meta_key><![CDATA[_downloadable]]></wp:meta_key>
		<wp:meta_value><![CDATA[no]]></wp:meta_value>
		</wp:postmeta>
							<wp:postmeta>
		<wp:meta_key><![CDATA[_download_limit]]></wp:meta_key>
		<wp:meta_value><![CDATA[-1]]></wp:meta_value>
		</wp:postmeta>
							<wp:postmeta>
		<wp:meta_key><![CDATA[_download_expiry]]></wp:meta_key>
		<wp:meta_value><![CDATA[-1]]></wp:meta_value>
		</wp:postmeta>
							<wp:postmeta>
		<wp:meta_key><![CDATA[_stock_status]]></wp:meta_key>
		<wp:meta_value><![CDATA[instock]]></wp:meta_value>
		</wp:postmeta>
							<wp:postmeta>
		<wp:meta_key><![CDATA[_wc_average_rating]]></wp:meta_key>
		<wp:meta_value><![CDATA[5.00]]></wp:meta_value>
		</wp:postmeta>
							<wp:postmeta>
		<wp:meta_key><![CDATA[_wc_review_count]]></wp:meta_key>
		<wp:meta_value><![CDATA[1]]></wp:meta_value>
		</wp:postmeta>
							<wp:postmeta>
		<wp:meta_key><![CDATA[_product_version]]></wp:meta_key>
		<wp:meta_value><![CDATA[3.6.5]]></wp:meta_value>
		</wp:postmeta>
							<wp:postmeta>
		<wp:meta_key><![CDATA[_price]]></wp:meta_key>
		<wp:meta_value><![CDATA[20]]></wp:meta_value>
		</wp:postmeta>
							<wp:postmeta>
		<wp:meta_key><![CDATA[_product_image_gallery]]></wp:meta_key>
		<wp:meta_value><![CDATA[44,46,45]]></wp:meta_value>
		</wp:postmeta>
							<wp:postmeta>
		<wp:meta_key><![CDATA[_yoast_wpseo_primary_product_cat]]></wp:meta_key>
		<wp:meta_value><![CDATA[19]]></wp:meta_value>
		</wp:postmeta>
							<wp:postmeta>
		<wp:meta_key><![CDATA[neve_meta_enable_content_width]]></wp:meta_key>
		<wp:meta_value><![CDATA[off]]></wp:meta_value>
		</wp:postmeta>
							<wp:postmeta>
		<wp:meta_key><![CDATA[_yoast_wpseo_content_score]]></wp:meta_key>
		<wp:meta_value><![CDATA[30]]></wp:meta_value>
		</wp:postmeta>
							<wp:postmeta>
		<wp:meta_key><![CDATA[_wc_rating_count]]></wp:meta_key>
		<wp:meta_value><![CDATA[a:1:{i:5;i:1;}]]></wp:meta_value>
		</wp:postmeta>
							</item>
					<item>
		<title><![CDATA[Custom Styles]]></title>
		<link>https://wrathfulwood.s1-tastewp.com/2022/05/09/wp-global-styles-neve/</link>
		<pubDate>Mon, 09 May 2022 09:00:40 +0000</pubDate>
		<dc:creator><![CDATA[robertino]]></dc:creator>
		<guid isPermaLink="false">https://wrathfulwood.s1-tastewp.com/2022/05/09/wp-global-styles-neve/</guid>
		<description></description>
		<content:encoded><![CDATA[{"version": 2, "isGlobalStylesUserThemeJSON": true }]]></content:encoded>
		<excerpt:encoded><![CDATA[]]></excerpt:encoded>
		<wp:post_id>178</wp:post_id>
		<wp:post_date><![CDATA[2022-05-09 09:00:40]]></wp:post_date>
		<wp:post_date_gmt><![CDATA[2022-05-09 09:00:40]]></wp:post_date_gmt>
		<wp:post_modified><![CDATA[2022-05-09 09:00:40]]></wp:post_modified>
		<wp:post_modified_gmt><![CDATA[2022-05-09 09:00:40]]></wp:post_modified_gmt>
		<wp:comment_status><![CDATA[closed]]></wp:comment_status>
		<wp:ping_status><![CDATA[closed]]></wp:ping_status>
		<wp:post_name><![CDATA[wp-global-styles-neve]]></wp:post_name>
		<wp:status><![CDATA[publish]]></wp:status>
		<wp:post_parent>0</wp:post_parent>
		<wp:menu_order>0</wp:menu_order>
		<wp:post_type><![CDATA[wp_global_styles]]></wp:post_type>
		<wp:post_password><![CDATA[]]></wp:post_password>
		<wp:is_sticky>0</wp:is_sticky>
										<category domain="wp_theme" nicename="neve"><![CDATA[neve]]></category>
						</item>
					<item>
		<title><![CDATA[All]]></title>
		<link>https://wrathfulwood.s1-tastewp.com/2022/05/09/all/</link>
		<pubDate>Mon, 09 May 2022 09:20:11 +0000</pubDate>
		<dc:creator><![CDATA[robertino]]></dc:creator>
		<guid isPermaLink="false">https://wrathfulwood.s1-tastewp.com/?p=195</guid>
		<description></description>
		<content:encoded><![CDATA[<!-- wp:group -->
<div class="wp-block-group"><!-- wp:themeisle-blocks/advanced-columns {"id":"wp-block-themeisle-blocks-advanced-columns-a241f2a5","columns":1,"layout":"equal","padding":{"top":"80px","bottom":"80px","left":"20px","right":"20px"},"paddingTablet":{"top":"40px","bottom":"40px","left":"20px","right":"20px"},"paddingMobile":{"top":"20px","bottom":"20px","left":"20px","right":"20px"},"margin":{"top":"20px","bottom":"20px"},"columnsWidth":800,"horizontalAlign":"center","columnsHeight":"custom","columnsHeightCustom":800,"columnsHeightCustomTablet":600,"columnsHeightCustomMobile":400,"verticalAlign":"center","backgroundColor":"#edeae8","backgroundPosition":{"x":"0.00","y":"0.00"},"backgroundOverlayPosition":{"x":"0.00","y":"0.00"},"columnsHTMLTag":"section","align":"full","otterConditions":[]} -->
<section id="wp-block-themeisle-blocks-advanced-columns-a241f2a5" class="wp-block-themeisle-blocks-advanced-columns alignfull has-1-columns has-desktop-equal-layout has-tablet-equal-layout has-mobile-equal-layout has-vertical-center"><div class="wp-block-themeisle-blocks-advanced-columns-overlay"></div><div class="innerblocks-wrap"><!-- wp:themeisle-blocks/advanced-column {"id":"wp-block-themeisle-blocks-advanced-column-397f5e2e","padding":{"top":"20px","bottom":"20px","left":"20px","right":"20px"},"paddingTablet":{"top":null,"bottom":null,"left":null,"right":null},"paddingMobile":{"top":null,"bottom":null,"left":null,"right":null},"margin":{"top":"20px","bottom":"20px","left":"0px","right":"0px"},"marginTablet":{"top":null,"bottom":null,"left":null,"right":null},"marginMobile":{"top":null,"bottom":null,"left":null,"right":null},"backgroundPosition":{"x":"0.00","y":"0.00"},"border":{"top":"0px","bottom":"0px","left":"0px","right":"0px"},"borderRadius":{"top":"0px","bottom":"0px","left":"0px","right":"0px"},"columnWidth":"100","otterConditions":[]} -->
<div id="wp-block-themeisle-blocks-advanced-column-397f5e2e" class="wp-block-themeisle-blocks-advanced-column"><!-- wp:themeisle-blocks/advanced-heading {"id":"wp-block-themeisle-blocks-advanced-heading-8c8358d7","tag":"p","align":"center","fontSize":14,"textTransform":"uppercase","marginType":"linked"} -->
<p id="wp-block-themeisle-blocks-advanced-heading-8c8358d7" class="wp-block-themeisle-blocks-advanced-heading wp-block-themeisle-blocks-advanced-heading-8c8358d7"><strong>This is an overline</strong></p>
<!-- /wp:themeisle-blocks/advanced-heading -->

<!-- wp:themeisle-blocks/advanced-heading {"id":"wp-block-themeisle-blocks-advanced-heading-469a7a23","tag":"h1","align":"center","marginType":"linked"} -->
<h1 id="wp-block-themeisle-blocks-advanced-heading-469a7a23" class="wp-block-themeisle-blocks-advanced-heading wp-block-themeisle-blocks-advanced-heading-469a7a23">An amazing Hero Title</h1>
<!-- /wp:themeisle-blocks/advanced-heading -->

<!-- wp:spacer {"height":"20px","otterConditions":[]} -->
<div style="height:20px" aria-hidden="true" class="wp-block-spacer"></div>
<!-- /wp:spacer -->

<!-- wp:paragraph {"align":"center"} -->
<p class="has-text-align-center">This is a description for the hero section. Synergestic actionables. Organic growth deep dive but circle back or but what's the real problem we're trying to solve here?</p>
<!-- /wp:paragraph -->

<!-- wp:buttons {"layout":{"type":"flex","justifyContent":"center"},"otterConditions":[]} -->
<div class="wp-block-buttons"><!-- wp:button {"className":"is-style-primary"} -->
<div class="wp-block-button is-style-primary"><a class="wp-block-button__link">Learn More</a></div>
<!-- /wp:button -->

<!-- wp:button {"className":"is-style-primary"} -->
<div class="wp-block-button is-style-primary"><a class="wp-block-button__link">Get In Touch</a></div>
<!-- /wp:button --></div>
<!-- /wp:buttons --></div>
<!-- /wp:themeisle-blocks/advanced-column --></div></section>
<!-- /wp:themeisle-blocks/advanced-columns -->

<!-- wp:themeisle-blocks/advanced-columns {"id":"wp-block-themeisle-blocks-advanced-columns-debe9c02","columns":2,"layout":"equal","layoutMobile":"collapsedRows","padding":{"top":"80px","bottom":"80px","left":"20px","right":"20px"},"paddingTablet":{"top":"40px","bottom":"40px","left":"20px","right":"20px"},"paddingMobile":{"top":"20px","bottom":"20px","left":"20px","right":"20px"},"margin":{"top":"20px","bottom":"20px"},"columnsWidth":1170,"horizontalAlign":"center","verticalAlign":"center","backgroundPosition":{"x":"0.00","y":"0.00"},"backgroundOverlayPosition":{"x":"0.00","y":"0.00"},"columnsHTMLTag":"section","align":"full","otterConditions":[]} -->
<section id="wp-block-themeisle-blocks-advanced-columns-debe9c02" class="wp-block-themeisle-blocks-advanced-columns alignfull has-2-columns has-desktop-equal-layout has-tablet-equal-layout has-mobile-collapsedRows-layout has-vertical-center"><div class="wp-block-themeisle-blocks-advanced-columns-overlay"></div><div class="innerblocks-wrap"><!-- wp:themeisle-blocks/advanced-column {"id":"wp-block-themeisle-blocks-advanced-column-1cf06e66","padding":{"top":"20px","bottom":"20px","left":"20px","right":"20px"},"paddingTablet":{"top":null,"bottom":null,"left":null,"right":null},"paddingMobile":{"top":null,"bottom":null,"left":null,"right":null},"margin":{"top":"20px","bottom":"20px","left":"0px","right":"0px"},"marginTablet":{"top":null,"bottom":null,"left":null,"right":null},"marginMobile":{"top":null,"bottom":null,"left":null,"right":null},"backgroundPosition":{"x":"0.00","y":"0.00"},"border":{"top":"0px","bottom":"0px","left":"0px","right":"0px"},"borderRadius":{"top":"0px","bottom":"0px","left":"0px","right":"0px"},"columnWidth":"50","otterConditions":[]} -->
<div id="wp-block-themeisle-blocks-advanced-column-1cf06e66" class="wp-block-themeisle-blocks-advanced-column"><!-- wp:themeisle-blocks/advanced-heading {"id":"wp-block-themeisle-blocks-advanced-heading-02bd25d9","tag":"div","align":"left","fontSize":14,"textTransform":"uppercase","marginType":"linked"} -->
<div id="wp-block-themeisle-blocks-advanced-heading-02bd25d9" class="wp-block-themeisle-blocks-advanced-heading wp-block-themeisle-blocks-advanced-heading-02bd25d9"><strong>This is an overline</strong></div>
<!-- /wp:themeisle-blocks/advanced-heading -->

<!-- wp:themeisle-blocks/advanced-heading {"id":"wp-block-themeisle-blocks-advanced-heading-b7196eeb","tag":"h1","marginType":"linked"} -->
<h1 id="wp-block-themeisle-blocks-advanced-heading-b7196eeb" class="wp-block-themeisle-blocks-advanced-heading wp-block-themeisle-blocks-advanced-heading-b7196eeb">Amazing hero titleadsfasdf</h1>
<!-- /wp:themeisle-blocks/advanced-heading -->

<!-- wp:spacer {"height":"20px","otterConditions":[]} -->
<div style="height:20px" aria-hidden="true" class="wp-block-spacer"></div>
<!-- /wp:spacer -->

<!-- wp:themeisle-blocks/flip {"id":"wp-block-themeisle-blocks-flip-49b3c40f","title":"adfasdf","description":"sadfasdf"} -->
<div id="wp-block-themeisle-blocks-flip-49b3c40f" class="wp-block-themeisle-blocks-flip anim flipY"><div class="o-flip-inner"><div class="o-flip-front"><div class="o-flip-content"><h3>adfasdf</h3><p>sadfasdf</p></div></div><div class="o-flip-back"><!-- wp:paragraph -->
<p>dasfdsafadsfasdf</p>
<!-- /wp:paragraph --></div></div></div>
<!-- /wp:themeisle-blocks/flip -->

<!-- wp:paragraph {"align":"left"} -->
<p class="has-text-align-left">This is a description for the hero section. Synergestic actionables. Organic growth deep dive but circle back or but what's the real problem we're trying to solve here?</p>
<!-- /wp:paragraph -->

<!-- wp:buttons -->
<div class="wp-block-buttons"><!-- wp:button {"className":"is-style-primary"} -->
<div class="wp-block-button is-style-primary"><a class="wp-block-button__link">Learn More</a></div>
<!-- /wp:button --></div>
<!-- /wp:buttons --></div>
<!-- /wp:themeisle-blocks/advanced-column -->

<!-- wp:themeisle-blocks/advanced-column {"id":"wp-block-themeisle-blocks-advanced-column-11e58f7d","columnWidth":"50"} -->
<div id="wp-block-themeisle-blocks-advanced-column-11e58f7d" class="wp-block-themeisle-blocks-advanced-column"><!-- wp:themeisle-blocks/tabs {"id":"wp-block-themeisle-blocks-tabs-03370d37"} -->
<div id="wp-block-themeisle-blocks-tabs-03370d37" class="wp-block-themeisle-blocks-tabs"><div class="wp-block-themeisle-blocks-tabs__content"><!-- wp:themeisle-blocks/tabs-item {"title":"T1"} -->
<div data-title="T1" class="wp-block-themeisle-blocks-tabs-item"><div class="wp-block-themeisle-blocks-tabs-item__header" tabindex="0">T1</div><div class="wp-block-themeisle-blocks-tabs-item__content"><!-- wp:paragraph -->
<p>asdfasdf</p>
<!-- /wp:paragraph --></div></div>
<!-- /wp:themeisle-blocks/tabs-item -->

<!-- wp:themeisle-blocks/tabs-item {"title":"T2"} -->
<div data-title="T2" class="wp-block-themeisle-blocks-tabs-item"><div class="wp-block-themeisle-blocks-tabs-item__header" tabindex="0">T2</div><div class="wp-block-themeisle-blocks-tabs-item__content"><!-- wp:paragraph -->
<p>dafasdfasdfasdf</p>
<!-- /wp:paragraph --></div></div>
<!-- /wp:themeisle-blocks/tabs-item --></div></div>
<!-- /wp:themeisle-blocks/tabs --></div>
<!-- /wp:themeisle-blocks/advanced-column --></div></section>
<!-- /wp:themeisle-blocks/advanced-columns --></div>
<!-- /wp:group -->

<!-- wp:group -->
<div class="wp-block-group"><!-- wp:themeisle-blocks/circle-counter {"id":"wp-block-themeisle-blocks-circle-counter-df192add"} -->
<div id="wp-block-themeisle-blocks-circle-counter-df192add" data-percentage="50" data-duration="2" data-height="100" data-stroke-width="10" class="wp-block-themeisle-blocks-circle-counter"><div class="wp-block-themeisle-blocks-circle-counter-title__area"><span class="wp-block-themeisle-blocks-circle-counter-title__value">Skill</span></div><div class="wp-block-themeisle-blocks-circle-counter__bar"></div></div>
<!-- /wp:themeisle-blocks/circle-counter -->

<!-- wp:themeisle-blocks/countdown {"id":"wp-block-themeisle-blocks-countdown-4f1bba24"} -->
<div id="wp-block-themeisle-blocks-countdown-4f1bba24" class="wp-block-themeisle-blocks-countdown"><div class="otter-countdown__container"><div class="otter-countdown__display"><div name="day" class="otter-countdown__display-area is-main-component"><div class="otter-countdown__value">0</div><div class="otter-countdown__label">Day</div></div><div name="hour" class="otter-countdown__display-area is-main-component"><div class="otter-countdown__value">0</div><div class="otter-countdown__label">Hour</div></div><div name="minute" class="otter-countdown__display-area is-main-component"><div class="otter-countdown__value">0</div><div class="otter-countdown__label">Minute</div></div><div name="second" class="otter-countdown__display-area is-main-component"><div class="otter-countdown__value">0</div><div class="otter-countdown__label">Second</div></div></div></div></div>
<!-- /wp:themeisle-blocks/countdown -->

<!-- wp:themeisle-blocks/leaflet-map {"id":"wp-block-themeisle-blocks-leaflet-map-81cfd288","bbox":"2.1568393707275395,41.39702875465492,2.191987037658692,41.40990457761007","zoom":15} /-->

<!-- wp:themeisle-blocks/lottie {"id":"wp-block-themeisle-blocks-lottie-e64c499d","file":{"url":"https://assets4.lottiefiles.com/packages/lf20_zjsotiqr.json"}} -->
<lottie-player autoplay loop count="0" speed="1" direction="1" trigger="none" data-loop="false" mode="normal" id="wp-block-themeisle-blocks-lottie-e64c499d" src="https://assets4.lottiefiles.com/packages/lf20_zjsotiqr.json" class="wp-block-themeisle-blocks-lottie"></lottie-player>
<!-- /wp:themeisle-blocks/lottie -->

<!-- wp:themeisle-blocks/popup {"id":"wp-block-themeisle-blocks-popup-89084fec"} -->
<div id="wp-block-themeisle-blocks-popup-89084fec" class="wp-block-themeisle-blocks-popup is-front" data-dismiss="" data-time="0" data-anchor="" data-offset="" data-outside="true" data-anchorclose=""><div class="otter-popup__modal_wrap"><div role="presentation" class="otter-popup__modal_wrap_overlay"></div><div class="otter-popup__modal_content"><div class="otter-popup__modal_header"><button type="button" class="components-button has-icon"><svg width="24" height="24" xmlns="http://www.w3.org/2000/svg" viewBox="0 0 24 24" role="img" aria-hidden="true"><path d="M12 13.06l3.712 3.713 1.061-1.06L13.061 12l3.712-3.712-1.06-1.06L12 10.938 8.288 7.227l-1.061 1.06L10.939 12l-3.712 3.712 1.06 1.061L12 13.061z"></path></svg></button></div><div class="otter-popup__modal_body"></div></div></div></div>
<!-- /wp:themeisle-blocks/popup -->

<!-- wp:themeisle-blocks/progress-bar {"id":"wp-block-themeisle-blocks-progress-bar-1de6bd2a"} -->
<div id="wp-block-themeisle-blocks-progress-bar-1de6bd2a" class="wp-block-themeisle-blocks-progress-bar" data-percent="50" data-duration="2"><div class="wp-block-themeisle-blocks-progress-bar__area"><div class="wp-block-themeisle-blocks-progress-bar__area__title"><span>Skill</span></div><div class="wp-block-themeisle-blocks-progress-bar__area__bar"></div><div class="wp-block-themeisle-blocks-progress-bar__progress wp-block-themeisle-blocks-progress-bar__number">50%</div></div></div>
<!-- /wp:themeisle-blocks/progress-bar -->

<!-- wp:themeisle-blocks/tabs {"id":"wp-block-themeisle-blocks-tabs-2b22a794"} -->
<div id="wp-block-themeisle-blocks-tabs-2b22a794" class="wp-block-themeisle-blocks-tabs"><div class="wp-block-themeisle-blocks-tabs__content"><!-- wp:themeisle-blocks/tabs-item -->
<div class="wp-block-themeisle-blocks-tabs-item"><div class="wp-block-themeisle-blocks-tabs-item__header" tabindex="0">Untitled Tab</div><div class="wp-block-themeisle-blocks-tabs-item__content"><!-- wp:paragraph -->
<p></p>
<!-- /wp:paragraph --></div></div>
<!-- /wp:themeisle-blocks/tabs-item --></div></div>
<!-- /wp:themeisle-blocks/tabs -->

<!-- wp:gallery {"linkTo":"none","isMasonry":true} -->
<figure class="wp-block-gallery has-nested-images columns-default is-cropped"></figure>
<!-- /wp:gallery -->

<!-- wp:image {"sizeSlug":"large","className":"o-sticky o-sticky-pos-top o-sticky-bhvr-keep o-sticky-scope-parent","hasCustomCSS":true} -->
<figure class="wp-block-image size-large o-sticky o-sticky-pos-top o-sticky-bhvr-keep o-sticky-scope-parent"><img src="https://upload.wikimedia.org/wikipedia/commons/thumb/e/ee/Grumpy_Cat_by_Gage_Skidmore.jpg/480px-Grumpy_Cat_by_Gage_Skidmore.jpg" alt=""/></figure>
<!-- /wp:image --></div>
<!-- /wp:group -->

<!-- wp:themeisle-blocks/button-group {"id":"wp-block-themeisle-blocks-button-group-b61d982c","spacing":26,"paddingTopBottom":10,"paddingLeftRight":40,"collapse":"collapse-desktop","fontSize":30,"fontFamily":"Economica","fontVariant":"700","textTransform":"uppercase","fontStyle":"italic","lineHeight":67} -->
<div id="wp-block-themeisle-blocks-button-group-b61d982c" class="wp-block-themeisle-blocks-button-group collapse-desktop wp-block-buttons"><!-- wp:themeisle-blocks/button {"id":"wp-block-themeisle-blocks-button-be4544a6"} -->
<div id="wp-block-themeisle-blocks-button-be4544a6" class="wp-block-themeisle-blocks-button wp-block-button"><a target="_self" rel="noopener noreferrer" class="wp-block-button__link"><span>B1</span></a></div>
<!-- /wp:themeisle-blocks/button -->

<!-- wp:themeisle-blocks/button {"id":"wp-block-themeisle-blocks-button-a5cb61ff","color":"#d35454","backgroundGradient":"linear-gradient(135deg,rgb(255,245,203) 0%,rgb(182,227,212) 50%,rgb(51,167,181) 100%)","border":"#cd2727","hoverColor":"#872ae5","hoverBackgroundGradient":"linear-gradient(135deg,rgb(254,205,165) 0%,rgb(254,45,45) 50%,rgb(107,0,62) 100%)","hoverBorder":"#53df2a","borderSize":6,"borderRadius":25,"boxShadow":true,"boxShadowColor":"#3355cf","boxShadowColorOpacity":18,"boxShadowBlur":6,"boxShadowSpread":19,"boxShadowHorizontal":81,"boxShadowVertical":-17} -->
<div id="wp-block-themeisle-blocks-button-a5cb61ff" class="wp-block-themeisle-blocks-button wp-block-button"><a target="_self" rel="noopener noreferrer" class="wp-block-button__link"><span>B2</span></a></div>
<!-- /wp:themeisle-blocks/button -->

<!-- wp:themeisle-blocks/button {"id":"wp-block-themeisle-blocks-button-1a51f4bb","className":"is-style-outline"} -->
<div id="wp-block-themeisle-blocks-button-1a51f4bb" class="wp-block-themeisle-blocks-button wp-block-button is-style-outline"><a target="_self" rel="noopener noreferrer" class="wp-block-button__link"><span>B3</span></a></div>
<!-- /wp:themeisle-blocks/button --></div>
<!-- /wp:themeisle-blocks/button-group -->

<!-- wp:themeisle-blocks/advanced-columns {"id":"wp-block-themeisle-blocks-advanced-columns-de72ff39","columns":1,"layout":"equal","padding":{"top":"80px","bottom":"80px","left":"20px","right":"20px"},"paddingTablet":{"top":"40px","bottom":"40px","left":"20px","right":"20px"},"paddingMobile":{"top":"20px","bottom":"20px","left":"20px","right":"20px"},"margin":{"top":"0px","bottom":"0px"},"columnsWidth":678,"horizontalAlign":"center","backgroundColor":"var(\u002d\u002dnv-site-bg)","backgroundPosition":{"x":"0.00","y":"0.00"},"backgroundOverlayPosition":{"x":"0.00","y":"0.00"},"columnsHTMLTag":"section","className":"has-vertical-undefined","hasCustomCSS":true,"otterConditions":[]} -->
<section id="wp-block-themeisle-blocks-advanced-columns-de72ff39" class="wp-block-themeisle-blocks-advanced-columns has-1-columns has-desktop-equal-layout has-tablet-equal-layout has-mobile-equal-layout has-vertical-unset has-vertical-undefined"><div class="wp-block-themeisle-blocks-advanced-columns-overlay"></div><div class="innerblocks-wrap"><!-- wp:themeisle-blocks/advanced-column {"id":"wp-block-themeisle-blocks-advanced-column-41f6cecb","padding":{"top":"20px","bottom":"20px","left":"20px","right":"20px"},"paddingTablet":{"top":"20px","bottom":"20px","left":"20px","right":"20px"},"paddingMobile":{"top":"20px","bottom":"20px","left":"20px","right":"20px"},"margin":{"top":"0px","bottom":"0px","left":"0px","right":"0px"},"backgroundPosition":{"x":"0.00","y":"0.00"},"columnWidth":"100","otterConditions":[]} -->
<div id="wp-block-themeisle-blocks-advanced-column-41f6cecb" class="wp-block-themeisle-blocks-advanced-column"><!-- wp:media-text {"align":"","mediaId":137,"mediaLink":"https://demosites.io/architecture-studio-gb/expertise/architecture-studio-26/","mediaType":"image","mediaWidth":65,"imageFill":true,"backgroundColor":"nv-light-bg","hasCustomCSS":true} -->
<div class="wp-block-media-text is-stacked-on-mobile is-image-fill has-nv-light-bg-background-color has-background" style="grid-template-columns:65% auto"><figure class="wp-block-media-text__media" style="background-image:url(https://demosites.io/architecture-studio-gb/wp-content/uploads/sites/661/2022/03/architecture-studio-26-1024x384.png);background-position:50% 50%"><img src="https://demosites.io/architecture-studio-gb/wp-content/uploads/sites/661/2022/03/architecture-studio-26-1024x384.png" alt="" class="wp-image-137 size-full"/></figure><div class="wp-block-media-text__content"><!-- wp:spacer {"height":"80px","otterConditions":[]} -->
<div style="height:80px" aria-hidden="true" class="wp-block-spacer"></div>
<!-- /wp:spacer -->

<!-- wp:themeisle-blocks/advanced-heading {"id":"wp-block-themeisle-blocks-advanced-heading-904741ab","headingColor":"var(\u002d\u002dnv-text-color)","marginBottom":8} -->
<h2 id="wp-block-themeisle-blocks-advanced-heading-904741ab" class="wp-block-themeisle-blocks-advanced-heading wp-block-themeisle-blocks-advanced-heading-904741ab">Urban &amp; Civil</h2>
<!-- /wp:themeisle-blocks/advanced-heading -->

<!-- wp:paragraph {"textColor":"neve-text-color"} -->
<p class="has-neve-text-color-color has-text-color">Our Urban design studio offering a full range of urban design solutions for solutions for urban development projects.</p>
<!-- /wp:paragraph -->

<!-- wp:buttons -->
<div class="wp-block-buttons"><!-- wp:button {"className":"is-style-primary"} -->
<div class="wp-block-button is-style-primary"><a class="wp-block-button__link" href="https://demosites.io/architecture-studio-gb/expertise-single/">Details</a></div>
<!-- /wp:button --></div>
<!-- /wp:buttons -->

<!-- wp:spacer {"height":"80px","otterConditions":[]} -->
<div style="height:80px" aria-hidden="true" class="wp-block-spacer"></div>
<!-- /wp:spacer --></div></div>
<!-- /wp:media-text -->

<!-- wp:spacer {"height":"56px","otterConditions":[]} -->
<div style="height:56px" aria-hidden="true" class="wp-block-spacer"></div>
<!-- /wp:spacer -->

<!-- wp:media-text {"align":"","mediaId":136,"mediaLink":"https://demosites.io/architecture-studio-gb/expertise/architecture-studio-25/","mediaType":"image","mediaWidth":65,"imageFill":true,"backgroundColor":"nv-light-bg"} -->
<div class="wp-block-media-text is-stacked-on-mobile is-image-fill has-nv-light-bg-background-color has-background" style="grid-template-columns:65% auto"><figure class="wp-block-media-text__media" style="background-image:url(https://demosites.io/architecture-studio-gb/wp-content/uploads/sites/661/2022/03/architecture-studio-25-1024x384.png);background-position:50% 50%"><img src="https://demosites.io/architecture-studio-gb/wp-content/uploads/sites/661/2022/03/architecture-studio-25-1024x384.png" alt="" class="wp-image-136 size-full"/></figure><div class="wp-block-media-text__content"><!-- wp:spacer {"height":"80px","otterConditions":[]} -->
<div style="height:80px" aria-hidden="true" class="wp-block-spacer"></div>
<!-- /wp:spacer -->

<!-- wp:themeisle-blocks/advanced-heading {"id":"wp-block-themeisle-blocks-advanced-heading-4e754109","headingColor":"var(\u002d\u002dnv-text-color)","marginBottom":8} -->
<h2 id="wp-block-themeisle-blocks-advanced-heading-4e754109" class="wp-block-themeisle-blocks-advanced-heading wp-block-themeisle-blocks-advanced-heading-4e754109">Workplace</h2>
<!-- /wp:themeisle-blocks/advanced-heading -->

<!-- wp:paragraph {"textColor":"neve-text-color"} -->
<p class="has-neve-text-color-color has-text-color">We focus on strategically masterplanning cities. Around the world, our multidisciplinary teams help to re-imagine urban environments for future generations and work with governments to implement forward thinking strategic planning strategies.</p>
<!-- /wp:paragraph -->

<!-- wp:buttons -->
<div class="wp-block-buttons"><!-- wp:button {"className":"is-style-primary"} -->
<div class="wp-block-button is-style-primary"><a class="wp-block-button__link" href="https://demosites.io/architecture-studio-gb/expertise-single/">Details</a></div>
<!-- /wp:button --></div>
<!-- /wp:buttons -->

<!-- wp:spacer {"height":"80px","otterConditions":[]} -->
<div style="height:80px" aria-hidden="true" class="wp-block-spacer"></div>
<!-- /wp:spacer --></div></div>
<!-- /wp:media-text -->

<!-- wp:spacer {"height":"56px","otterConditions":[]} -->
<div style="height:56px" aria-hidden="true" class="wp-block-spacer"></div>
<!-- /wp:spacer -->

<!-- wp:media-text {"align":"","mediaId":135,"mediaLink":"https://demosites.io/architecture-studio-gb/expertise/architecture-studio-24/","mediaType":"image","mediaWidth":65,"mediaSizeSlug":"full","imageFill":true,"backgroundColor":"nv-light-bg"} -->
<div class="wp-block-media-text is-stacked-on-mobile is-image-fill has-nv-light-bg-background-color has-background" style="grid-template-columns:65% auto"><figure class="wp-block-media-text__media" style="background-image:url(https://demosites.io/architecture-studio-gb/wp-content/uploads/sites/661/2022/03/architecture-studio-24-1024x384.png);background-position:50% 50%"><img src="https://demosites.io/architecture-studio-gb/wp-content/uploads/sites/661/2022/03/architecture-studio-24-1024x384.png" alt="" class="wp-image-135 size-full"/></figure><div class="wp-block-media-text__content"><!-- wp:spacer {"height":"80px","otterConditions":[]} -->
<div style="height:80px" aria-hidden="true" class="wp-block-spacer"></div>
<!-- /wp:spacer -->

<!-- wp:themeisle-blocks/advanced-heading {"id":"wp-block-themeisle-blocks-advanced-heading-628b680d","headingColor":"var(\u002d\u002dnv-text-color)","marginBottom":8} -->
<h2 id="wp-block-themeisle-blocks-advanced-heading-628b680d" class="wp-block-themeisle-blocks-advanced-heading wp-block-themeisle-blocks-advanced-heading-628b680d">Hospitality</h2>
<!-- /wp:themeisle-blocks/advanced-heading -->

<!-- wp:paragraph {"textColor":"neve-text-color"} -->
<p class="has-neve-text-color-color has-text-color">With offices in North America, Africa, South-East Asia and Australia, we are passionate about creating environments that address local issues and contribute to a better world.</p>
<!-- /wp:paragraph -->

<!-- wp:buttons -->
<div class="wp-block-buttons"><!-- wp:button {"className":"is-style-primary"} -->
<div class="wp-block-button is-style-primary"><a class="wp-block-button__link" href="https://demosites.io/architecture-studio-gb/expertise-single/">Details</a></div>
<!-- /wp:button --></div>
<!-- /wp:buttons -->

<!-- wp:spacer {"height":"80px","otterConditions":[]} -->
<div style="height:80px" aria-hidden="true" class="wp-block-spacer"></div>
<!-- /wp:spacer --></div></div>
<!-- /wp:media-text -->

<!-- wp:spacer {"height":"56px","otterConditions":[]} -->
<div style="height:56px" aria-hidden="true" class="wp-block-spacer"></div>
<!-- /wp:spacer -->

<!-- wp:media-text {"align":"","mediaId":68,"mediaLink":"https://demosites.io/architecture-studio-gb/expertise-single/architecture-studio-05/","mediaType":"image","mediaWidth":65,"mediaSizeSlug":"full","imageFill":true,"backgroundColor":"nv-light-bg"} -->
<div class="wp-block-media-text is-stacked-on-mobile is-image-fill has-nv-light-bg-background-color has-background" style="grid-template-columns:65% auto"><figure class="wp-block-media-text__media" style="background-image:url(https://demosites.io/architecture-studio-gb/wp-content/uploads/sites/661/2022/03/architecture-studio-05-1024x385.png);background-position:50% 50%"><img src="https://demosites.io/architecture-studio-gb/wp-content/uploads/sites/661/2022/03/architecture-studio-05-1024x385.png" alt="" class="wp-image-68 size-full"/></figure><div class="wp-block-media-text__content"><!-- wp:spacer {"height":"80px","otterConditions":[]} -->
<div style="height:80px" aria-hidden="true" class="wp-block-spacer"></div>
<!-- /wp:spacer -->

<!-- wp:themeisle-blocks/advanced-heading {"id":"wp-block-themeisle-blocks-advanced-heading-cd5bf017","headingColor":"var(\u002d\u002dnv-text-color)","marginBottom":8} -->
<h2 id="wp-block-themeisle-blocks-advanced-heading-cd5bf017" class="wp-block-themeisle-blocks-advanced-heading wp-block-themeisle-blocks-advanced-heading-cd5bf017">Residential</h2>
<!-- /wp:themeisle-blocks/advanced-heading -->

<!-- wp:paragraph {"textColor":"neve-text-color"} -->
<p class="has-neve-text-color-color has-text-color">From masterplans to remodels, we deliver an exceptional customer experience with every step of the design process.</p>
<!-- /wp:paragraph -->

<!-- wp:buttons -->
<div class="wp-block-buttons"><!-- wp:button {"className":"is-style-primary"} -->
<div class="wp-block-button is-style-primary"><a class="wp-block-button__link" href="https://demosites.io/architecture-studio-gb/expertise-single/">Details</a></div>
<!-- /wp:button --></div>
<!-- /wp:buttons -->

<!-- wp:spacer {"height":"80px","otterConditions":[]} -->
<div style="height:80px" aria-hidden="true" class="wp-block-spacer"></div>
<!-- /wp:spacer --></div></div>
<!-- /wp:media-text -->

<!-- wp:spacer {"height":"56px","otterConditions":[]} -->
<div style="height:56px" aria-hidden="true" class="wp-block-spacer"></div>
<!-- /wp:spacer -->

<!-- wp:media-text {"align":"","mediaId":134,"mediaLink":"https://demosites.io/architecture-studio-gb/expertise/architecture-studio-23/","mediaType":"image","mediaWidth":65,"mediaSizeSlug":"full","imageFill":true,"backgroundColor":"nv-light-bg"} -->
<div class="wp-block-media-text is-stacked-on-mobile is-image-fill has-nv-light-bg-background-color has-background" style="grid-template-columns:65% auto"><figure class="wp-block-media-text__media" style="background-image:url(https://demosites.io/architecture-studio-gb/wp-content/uploads/sites/661/2022/03/architecture-studio-23-1024x384.png);background-position:50% 50%"><img src="https://demosites.io/architecture-studio-gb/wp-content/uploads/sites/661/2022/03/architecture-studio-23-1024x384.png" alt="" class="wp-image-134 size-full"/></figure><div class="wp-block-media-text__content"><!-- wp:spacer {"height":"80px","otterConditions":[]} -->
<div style="height:80px" aria-hidden="true" class="wp-block-spacer"></div>
<!-- /wp:spacer -->

<!-- wp:themeisle-blocks/advanced-heading {"id":"wp-block-themeisle-blocks-advanced-heading-5de12ff9","headingColor":"var(\u002d\u002dnv-text-color)","marginBottom":8} -->
<h2 id="wp-block-themeisle-blocks-advanced-heading-5de12ff9" class="wp-block-themeisle-blocks-advanced-heading wp-block-themeisle-blocks-advanced-heading-5de12ff9">Interiors</h2>
<!-- /wp:themeisle-blocks/advanced-heading -->

<!-- wp:paragraph {"textColor":"neve-text-color"} -->
<p class="has-neve-text-color-color has-text-color">A building is more than just a structure. It's an experience, it's recreation, it's a reflection of the community around it and its inhabitants. We have developed a design process that combines deep research with a commitment to urban planning and social responsibility. </p>
<!-- /wp:paragraph -->

<!-- wp:buttons -->
<div class="wp-block-buttons"><!-- wp:button {"className":"is-style-primary"} -->
<div class="wp-block-button is-style-primary"><a class="wp-block-button__link" href="https://demosites.io/architecture-studio-gb/expertise-single/">Details</a></div>
<!-- /wp:button --></div>
<!-- /wp:buttons -->

<!-- wp:spacer {"height":"80px","otterConditions":[]} -->
<div style="height:80px" aria-hidden="true" class="wp-block-spacer"></div>
<!-- /wp:spacer --></div></div>
<!-- /wp:media-text -->

<!-- wp:spacer {"height":"56px","otterConditions":[]} -->
<div style="height:56px" aria-hidden="true" class="wp-block-spacer"></div>
<!-- /wp:spacer -->

<!-- wp:media-text {"mediaId":64,"mediaLink":"https://demosites.io/architecture-studio-gb/expertise-single/architecture-studio-02/","mediaType":"image","mediaWidth":65,"mediaSizeSlug":"full","imageFill":true,"backgroundColor":"nv-light-bg"} -->
<div class="wp-block-media-text alignwide is-stacked-on-mobile is-image-fill has-nv-light-bg-background-color has-background" style="grid-template-columns:65% auto"><figure class="wp-block-media-text__media" style="background-image:url(https://demosites.io/architecture-studio-gb/wp-content/uploads/sites/661/2022/03/architecture-studio-02-1024x402.png);background-position:50% 50%"><img src="https://demosites.io/architecture-studio-gb/wp-content/uploads/sites/661/2022/03/architecture-studio-02-1024x402.png" alt="" class="wp-image-64 size-full"/></figure><div class="wp-block-media-text__content"><!-- wp:spacer {"height":"80px","otterConditions":[]} -->
<div style="height:80px" aria-hidden="true" class="wp-block-spacer"></div>
<!-- /wp:spacer -->

<!-- wp:themeisle-blocks/advanced-heading {"id":"wp-block-themeisle-blocks-advanced-heading-a878b5f0","headingColor":"var(\u002d\u002dnv-text-color)","marginBottom":8} -->
<h2 id="wp-block-themeisle-blocks-advanced-heading-a878b5f0" class="wp-block-themeisle-blocks-advanced-heading wp-block-themeisle-blocks-advanced-heading-a878b5f0">Commercial</h2>
<!-- /wp:themeisle-blocks/advanced-heading -->

<!-- wp:paragraph {"textColor":"neve-text-color"} -->
<p class="has-neve-text-color-color has-text-color">All our products and services are aimed at providing customers with an extra relaxation and comfort. We are working hard to create an environment which would be appreciated by everyone looking for the best quality services.</p>
<!-- /wp:paragraph -->

<!-- wp:buttons -->
<div class="wp-block-buttons"><!-- wp:button {"className":"is-style-primary"} -->
<div class="wp-block-button is-style-primary"><a class="wp-block-button__link" href="https://demosites.io/architecture-studio-gb/expertise-single/">Details</a></div>
<!-- /wp:button --></div>
<!-- /wp:buttons -->

<!-- wp:spacer {"height":"80px","otterConditions":[]} -->
<div style="height:80px" aria-hidden="true" class="wp-block-spacer"></div>
<!-- /wp:spacer --></div></div>
<!-- /wp:media-text --></div>
<!-- /wp:themeisle-blocks/advanced-column --></div></section>
<!-- /wp:themeisle-blocks/advanced-columns -->

<!-- wp:themeisle-blocks/font-awesome-icons {"id":"wp-block-themeisle-blocks-font-awesome-icons-8392daf2","prefix":"fas","icon":"seedling","fontSize":39,"padding":10,"backgroundColor":"violet","textColor":"blue","borderColor":"red","borderSize":4,"borderRadius":70} -->
<p id="wp-block-themeisle-blocks-font-awesome-icons-8392daf2" class="wp-block-themeisle-blocks-font-awesome-icons"><span class="wp-block-themeisle-blocks-font-awesome-icons-container"><i class="fas fa-seedling"></i></span></p>
<!-- /wp:themeisle-blocks/font-awesome-icons -->

<!-- wp:themeisle-blocks/countdown {"id":"wp-block-themeisle-blocks-countdown-70fc7b7d","date":"2025-03-03T11:49:08","backgroundColor":"#e3d1e9","valueColor":"#505ce2","labelColor":"#1ea3e8","gap":59,"width":121,"height":76,"borderRadius":27,"borderWidth":8,"borderColor":"#6acf79","valueFontSize":32,"labelFontSize":13,"hasSeparators":true} -->
<div id="wp-block-themeisle-blocks-countdown-70fc7b7d" data-date="2025-03-03T11:49:08" class="wp-block-themeisle-blocks-countdown"><div class="otter-countdown__container"><div class="otter-countdown__display"><div name="day" class="otter-countdown__display-area is-main-component"><div class="otter-countdown__value">0</div><div class="otter-countdown__label">Day</div></div><div name="separator" class="otter-countdown__display-area"><div class="otter-countdown__value">:</div><div class="otter-countdown__label">sep</div></div><div name="hour" class="otter-countdown__display-area is-main-component"><div class="otter-countdown__value">0</div><div class="otter-countdown__label">Hour</div></div><div name="separator" class="otter-countdown__display-area"><div class="otter-countdown__value">:</div><div class="otter-countdown__label">sep</div></div><div name="minute" class="otter-countdown__display-area is-main-component"><div class="otter-countdown__value">0</div><div class="otter-countdown__label">Minute</div></div><div name="separator" class="otter-countdown__display-area"><div class="otter-countdown__value">:</div><div class="otter-countdown__label">sep</div></div><div name="second" class="otter-countdown__display-area is-main-component"><div class="otter-countdown__value">0</div><div class="otter-countdown__label">Second</div></div></div></div></div>
<!-- /wp:themeisle-blocks/countdown -->

<!-- wp:themeisle-blocks/flip {"id":"wp-block-themeisle-blocks-flip-53741b18","title":"Flip Front","description":"Lorem ipsum odor amet, consectetuer adipiscing elit. Odio sagittis sagittis iaculis. Faucibus gravida proin dis? Urna est sem. Dictumst semper cursus integer. Diam praesent cursus mattis scelerisque.","width":654,"height":431,"frontVerticalAlign":"center","frontHorizontalAlign":"center","backVerticalAlign":"flex-end","frontBackgroundType":"gradient","frontBackgroundGradient":"linear-gradient(90deg,rgb(255,206,236) 0%,rgb(152,150,240) 100%)","backBackgroundType":"gradient","backBackgroundGradient":"linear-gradient(135deg,rgb(122,220,180) 0%,rgb(0,208,130) 100%)","boxShadow":true,"boxShadowColor":"#bd3838","boxShadowColorOpacity":22,"boxShadowHorizontal":67,"boxShadowVertical":61,"titleFontSize":38,"descriptionFontSize":14} -->
<div id="wp-block-themeisle-blocks-flip-53741b18" class="wp-block-themeisle-blocks-flip anim flipY"><div class="o-flip-inner"><div class="o-flip-front"><div class="o-flip-content"><h3>Flip Front</h3><p>Lorem ipsum odor amet, consectetuer adipiscing elit. Odio sagittis sagittis iaculis. Faucibus gravida proin dis? Urna est sem. Dictumst semper cursus integer. Diam praesent cursus mattis scelerisque.</p></div></div><div class="o-flip-back"><!-- wp:paragraph -->
<p>Lorem ipsum odor amet, consectetuer adipiscing elit. Facilisis phasellus dignissim netus sociosqu porttitor facilisi nam. Commodo faucibus elementum lacus venenatis eleifend vehicula massa duis justo pharetra proin. Cras venenatis per ultrices ridiculus fusce maecenas erat. Sed dolor facilisis non quisque congue feugiat habitasse. Ornare vestibulum montes sollicitudin sociosqu sociosqu interdum.</p>
<!-- /wp:paragraph --></div></div></div>
<!-- /wp:themeisle-blocks/flip -->

<!-- wp:themeisle-blocks/accordion {"id":"wp-block-themeisle-blocks-accordion-815c3abe","gap":"wide","titleColor":"#1a1616","titleBackground":"#de358b","contentBackground":"#dfc258"} -->
<div id="wp-block-themeisle-blocks-accordion-815c3abe" class="wp-block-themeisle-blocks-accordion is-wide-gap"><!-- wp:themeisle-blocks/accordion-item {"title":"Title1"} -->
<details class="wp-block-themeisle-blocks-accordion-item"><summary class="wp-block-themeisle-blocks-accordion-item__title"><div>Title1</div></summary><div class="wp-block-themeisle-blocks-accordion-item__content"><!-- wp:paragraph -->
<p>Lorem ipsum odor amet, consectetuer adipiscing elit. Duis ridiculus at orci sagittis laoreet cubilia sociosqu. Litora consectetur consequat conubia felis risus. Massa vivamus potenti vivamus non lectus hendrerit dapibus sed. Diam fusce urna fusce ultrices cras. Venenatis elementum vivamus aliquet morbi nam faucibus cubilia.</p>
<!-- /wp:paragraph --></div></details>
<!-- /wp:themeisle-blocks/accordion-item -->

<!-- wp:themeisle-blocks/accordion-item {"title":"Title 2"} -->
<details class="wp-block-themeisle-blocks-accordion-item"><summary class="wp-block-themeisle-blocks-accordion-item__title"><div>Title 2</div></summary><div class="wp-block-themeisle-blocks-accordion-item__content"><!-- wp:paragraph {"fontSize":"x-large"} -->
<p class="has-x-large-font-size">Lorem ipsum odor amet, consectetuer adipiscing elit. Duis ridiculus at orci sagittis laoreet cubilia sociosqu. Litora consectetur consequat conubia felis risus. Massa vivamus potenti vivamus non lectus hendrerit dapibus sed. Diam fusce urna fusce ultrices cras. Venenatis elementum vivamus aliquet morbi nam faucibus cubilia.</p>
<!-- /wp:paragraph --></div></details>
<!-- /wp:themeisle-blocks/accordion-item -->

<!-- wp:themeisle-blocks/accordion-item {"title":"Title 3"} -->
<details class="wp-block-themeisle-blocks-accordion-item"><summary class="wp-block-themeisle-blocks-accordion-item__title"><div>Title 3</div></summary><div class="wp-block-themeisle-blocks-accordion-item__content"><!-- wp:themeisle-blocks/accordion {"id":"wp-block-themeisle-blocks-accordion-d4b90876"} -->
<div id="wp-block-themeisle-blocks-accordion-d4b90876" class="wp-block-themeisle-blocks-accordion"><!-- wp:themeisle-blocks/accordion-item {"title":"Sub Title 1"} -->
<details class="wp-block-themeisle-blocks-accordion-item"><summary class="wp-block-themeisle-blocks-accordion-item__title"><div>Sub Title 1</div></summary><div class="wp-block-themeisle-blocks-accordion-item__content"><!-- wp:paragraph -->
<p>Lorem ipsum odor amet, consectetuer adipiscing elit. Duis ridiculus at orci sagittis laoreet cubilia sociosqu. Litora consectetur consequat conubia felis risus. Massa vivamus potenti vivamus non lectus hendrerit dapibus sed. Diam fusce urna fusce ultrices cras. Venenatis elementum vivamus aliquet morbi nam faucibus cubilia.</p>
<!-- /wp:paragraph --></div></details>
<!-- /wp:themeisle-blocks/accordion-item -->

<!-- wp:themeisle-blocks/accordion-item {"title":"Sub Title 2"} -->
<details class="wp-block-themeisle-blocks-accordion-item"><summary class="wp-block-themeisle-blocks-accordion-item__title"><div>Sub Title 2</div></summary><div class="wp-block-themeisle-blocks-accordion-item__content"><!-- wp:paragraph -->
<p>No more dogs to pet.</p>
<!-- /wp:paragraph --></div></details>
<!-- /wp:themeisle-blocks/accordion-item --></div>
<!-- /wp:themeisle-blocks/accordion --></div></details>
<!-- /wp:themeisle-blocks/accordion-item -->

<!-- wp:themeisle-blocks/accordion-item {"title":"Title 4"} -->
<details class="wp-block-themeisle-blocks-accordion-item"><summary class="wp-block-themeisle-blocks-accordion-item__title"><div>Title 4</div></summary><div class="wp-block-themeisle-blocks-accordion-item__content"><!-- wp:themeisle-blocks/accordion {"id":"wp-block-themeisle-blocks-accordion-a76ecb70","gap":"narrow","titleBackground":"#30a351"} -->
<div id="wp-block-themeisle-blocks-accordion-a76ecb70" class="wp-block-themeisle-blocks-accordion is-narrow-gap"><!-- wp:themeisle-blocks/accordion-item {"title":"Sub Title 1"} -->
<details class="wp-block-themeisle-blocks-accordion-item"><summary class="wp-block-themeisle-blocks-accordion-item__title"><div>Sub Title 1</div></summary><div class="wp-block-themeisle-blocks-accordion-item__content"><!-- wp:paragraph -->
<p>Lorem ipsum odor amet, consectetuer adipiscing elit. Duis ridiculus at orci sagittis laoreet cubilia sociosqu. Litora consectetur consequat conubia felis risus. Massa vivamus potenti vivamus non lectus hendrerit dapibus sed. Diam fusce urna fusce ultrices cras. Venenatis elementum vivamus aliquet morbi nam faucibus cubilia.</p>
<!-- /wp:paragraph --></div></details>
<!-- /wp:themeisle-blocks/accordion-item -->

<!-- wp:themeisle-blocks/accordion-item {"title":"Sub Title 2"} -->
<details class="wp-block-themeisle-blocks-accordion-item"><summary class="wp-block-themeisle-blocks-accordion-item__title"><div>Sub Title 2</div></summary><div class="wp-block-themeisle-blocks-accordion-item__content"><!-- wp:paragraph -->
<p>Lorem ipsum odor amet, consectetuer adipiscing elit. Duis ridiculus at orci sagittis laoreet cubilia sociosqu. Litora consectetur consequat conubia felis risus. Massa vivamus potenti vivamus non lectus hendrerit dapibus sed. Diam fusce urna fusce ultrices cras. Venenatis elementum vivamus aliquet morbi nam faucibus cubilia.</p>
<!-- /wp:paragraph --></div></details>
<!-- /wp:themeisle-blocks/accordion-item --></div>
<!-- /wp:themeisle-blocks/accordion --></div></details>
<!-- /wp:themeisle-blocks/accordion-item --></div>
<!-- /wp:themeisle-blocks/accordion -->

<!-- wp:themeisle-blocks/circle-counter {"id":"wp-block-themeisle-blocks-circle-counter-a02eabd7","percentage":63,"duration":3,"height":128,"fontSizeTitle":69,"fontSizePercent":20,"strokeWidth":14,"backgroundColor":"#eabef0","progressColor":"#82d52f","titleColor":"#bc2f2f"} -->
<div id="wp-block-themeisle-blocks-circle-counter-a02eabd7" data-percentage="63" data-duration="3" data-height="128" data-stroke-width="14" data-font-size-percent="20" data-background-stroke="#eabef0" data-progress-stroke="#82d52f" class="wp-block-themeisle-blocks-circle-counter"><div class="wp-block-themeisle-blocks-circle-counter-title__area"><span class="wp-block-themeisle-blocks-circle-counter-title__value">Skill</span></div><div class="wp-block-themeisle-blocks-circle-counter__bar"></div></div>
<!-- /wp:themeisle-blocks/circle-counter -->

<!-- wp:themeisle-blocks/advanced-columns {"id":"wp-block-themeisle-blocks-advanced-columns-e73a0bbc","columns":2,"layout":"equal"} -->
<div id="wp-block-themeisle-blocks-advanced-columns-e73a0bbc" class="wp-block-themeisle-blocks-advanced-columns has-2-columns has-desktop-equal-layout has-tablet-equal-layout has-mobile-equal-layout has-vertical-unset"><div class="wp-block-themeisle-blocks-advanced-columns-overlay"></div><div class="innerblocks-wrap"><!-- wp:themeisle-blocks/advanced-column {"id":"wp-block-themeisle-blocks-advanced-column-8df12058","columnWidth":"50"} -->
<div id="wp-block-themeisle-blocks-advanced-column-8df12058" class="wp-block-themeisle-blocks-advanced-column"><!-- wp:paragraph -->
<p>Lorem ipsum odor amet, consectetuer adipiscing elit. Fusce habitasse suscipit egestas nunc aenean sollicitudin ultrices proin. Porttitor nibh sociosqu pharetra, vehicula maximus scelerisque? Suscipit iaculis habitant cras habitant porttitor torquent fusce semper. Aliquam leo litora iaculis ultrices amet dolor. Ac placerat leo velit malesuada aptent, class netus nulla. Nullam fusce hac lacinia arcu et; tristique gravida quam accumsan. Metus sagittis tristique aliquet curabitur nam porttitor cubilia dui. Ullamcorper venenatis vestibulum mi est amet. Faucibus ac habitant diam sit elementum sollicitudin netus egestas. Lacinia molestie pulvinar mollis feugiat, luctus eget mollis nulla euismod. Eleifend pharetra gravida tempor vestibulum convallis curae, phasellus venenatis. Sit per vehicula eu ligula etiam malesuada penatibus. Nisi erat justo vestibulum netus consectetur semper ut conubia.</p>
<!-- /wp:paragraph -->

<!-- wp:paragraph -->
<p>Lorem ipsum odor amet, consectetuer adipiscing elit. Fusce habitasse suscipit egestas nunc aenean sollicitudin ultrices proin. Porttitor nibh sociosqu pharetra, vehicula maximus scelerisque? Suscipit iaculis habitant cras habitant porttitor torquent fusce semper. Aliquam leo litora iaculis ultrices amet dolor. Ac placerat leo velit malesuada aptent, class netus nulla. Nullam fusce hac lacinia arcu et; tristique gravida quam accumsan. Metus sagittis tristique aliquet curabitur nam porttitor cubilia dui. Ullamcorper venenatis vestibulum mi est amet. Faucibus ac habitant diam sit elementum sollicitudin netus egestas. Lacinia molestie pulvinar mollis feugiat, luctus eget mollis nulla euismod. Eleifend pharetra gravida tempor vestibulum convallis curae, phasellus venenatis. Sit per vehicula eu ligula etiam malesuada penatibus. Nisi erat justo vestibulum netus consectetur semper ut conubia.</p>
<!-- /wp:paragraph --></div>
<!-- /wp:themeisle-blocks/advanced-column -->

<!-- wp:themeisle-blocks/advanced-column {"id":"wp-block-themeisle-blocks-advanced-column-8deb9d5c","columnWidth":"50"} -->
<div id="wp-block-themeisle-blocks-advanced-column-8deb9d5c" class="wp-block-themeisle-blocks-advanced-column"><!-- wp:embed {"url":"https://www.youtube.com/watch?v=67tT2PbiWcI","type":"video","providerNameSlug":"youtube","responsive":true,"className":"wp-embed-aspect-4-3 wp-has-aspect-ratio o-sticky o-sticky-scope-main-area o-sticky-pos-top o-sticky-bhvr-keep"} -->
<figure class="wp-block-embed is-type-video is-provider-youtube wp-block-embed-youtube wp-embed-aspect-4-3 wp-has-aspect-ratio o-sticky o-sticky-scope-main-area o-sticky-pos-top o-sticky-bhvr-keep"><div class="wp-block-embed__wrapper">
https://www.youtube.com/watch?v=67tT2PbiWcI
</div></figure>
<!-- /wp:embed --></div>
<!-- /wp:themeisle-blocks/advanced-column --></div></div>
<!-- /wp:themeisle-blocks/advanced-columns -->

<!-- wp:group -->
<div class="wp-block-group"><!-- wp:paragraph -->
<p><o-anim-typing>This is a speed test. See how it goes.</o-anim-typing></p>
<!-- /wp:paragraph -->

<!-- wp:paragraph {"style":{"color":{"text":"#e81c1c"}},"className":"o-typing-slower"} -->
<p class="o-typing-slower has-text-color" style="color:#e81c1c"><o-anim-typing>This is a speed test. See how it goes.</o-anim-typing></p>
<!-- /wp:paragraph -->

<!-- wp:paragraph {"style":{"color":{"text":"#b25d1a"}},"className":"o-typing-slow"} -->
<p class="o-typing-slow has-text-color" style="color:#b25d1a"><o-anim-typing>This is a speed test. See how it goes.</o-anim-typing></p>
<!-- /wp:paragraph -->

<!-- wp:paragraph {"style":{"color":{"text":"#20dbb5"}},"className":"o-typing-fast"} -->
<p class="o-typing-fast has-text-color" style="color:#20dbb5"><o-anim-typing>This is a speed test. See how it goes.</o-anim-typing></p>
<!-- /wp:paragraph -->

<!-- wp:paragraph {"style":{"color":{"text":"#46e029"}},"className":"o-typing-faster"} -->
<p class="o-typing-faster has-text-color" style="color:#46e029"><o-anim-typing>This is a speed test. See how it goes.</o-anim-typing></p>
<!-- /wp:paragraph -->

<!-- wp:paragraph {"fontSize":"large"} -->
<p class="has-large-font-size">Block Text - Different languages</p>
<!-- /wp:paragraph -->

<!-- wp:paragraph {"className":"o-typing-fast"} -->
<p class="o-typing-fast"><o-anim-typing>Lorem ipsum odor amet, consectetuer adipiscing elit.</o-anim-typing> Cursus dignissim ultricies fusce fermentum feugiat, morbi ex nunc. Molestie mattis finibus morbi magnis semper. <o-anim-typing>In orci varius est inceptos congue.</o-anim-typing> Facilisi metus est vulputate parturient pellentesque. Egestas quis habitant vel nostra per. <o-anim-typing>Potenti penatibus augue magnis cubilia etiam maximus lacinia.</o-anim-typing></p>
<!-- /wp:paragraph -->

<!-- wp:paragraph -->
<p><o-anim-typing>Lorem ipsum odor amet, consectetuer adipiscing elit. Mauris sagittis posuere fringilla integer tristique dolor. Nascetur dapibus ipsum fusce euismod himenaeos. Sociosqu tellus lacinia dolor. Donec hac velit donec vitae justo congue. Rutrum fames aptent convallis, nibh habitant vulputate. Integer nec accumsan lacus ut nostra habitasse risus. Mauris integer curae feugiat malesuada tellus congue dis. Maecenas mattis sociosqu nibh. Varius phasellus phasellus fringilla torquent! Tempus iaculis aenean ante sodales. Porta potenti curabitur ex pulvinar eu rhoncus.</o-anim-typing></p>
<!-- /wp:paragraph -->

<!-- wp:paragraph {"className":"o-typing-delay-200ms"} -->
<p class="o-typing-delay-200ms">前ホタ初室モコ払対10女へ投能作ゃ産療質ドぎるお曜計カム嫉他わひごき徹下ヘセ浮直くほめだ式直にろそト提紙おぽは報対ミ崩際タ棋花政エシ向掲ラ図費高壌ろんだ。<o-anim-typing>情ざつご目整ネワエス言出ヘヨレフ者授ま車56西区ゅぜで融通ざるイひ被見山さラとス争味ぐこづ場合ネカ惑堂ロ転熱か男見ねで全返トぱそ直断伐だほぴず。</o-anim-typing></p>
<!-- /wp:paragraph -->

<!-- wp:paragraph -->
<p>Лорем ипсум долор сит амет, цу вим поссе фиерент сцаевола, ат дуо видерер адмодум дигниссим. Яуо татион инвидунт глориатур цу. <o-anim-typing>Проприае рецусабо алияуандо ет хис. Луцилиус хендрерит диссентиет сит еу, денияуе алияуандо еу ест. Ат менандри праесент еос.</o-anim-typing></p>
<!-- /wp:paragraph -->

<!-- wp:paragraph {"className":"o-typing-delay-2s"} -->
<p class="o-typing-delay-2s">전인 광야에서 보내는 봄바람이다, 과실이 대중을 오직 황금시대다. <o-anim-typing>수 끓는 때까지 거친 이성은 같지 우리는 것이다. 피부가 넣는 얼음에 것은 하였으며, 아름다우냐? 이는 인류의 열락의 내려온 약동하다. 이상의 되려니와. 우리는 우리 바이며. 가는 이것은 인간의 이상 것이다.</o-anim-typing></p>
<!-- /wp:paragraph -->

<!-- wp:paragraph {"className":"o-typing-delay-4s"} -->
<p class="o-typing-delay-4s">Λορεμ ιπσθμ δολορ σιτ αμετ, περcιπιτθρ vολθπτατιβθσ ναμ θτ, νε μει ηαβεο νοvθμ σεμπερ. Ιδ σεμπερ μανδαμθσ σεα. Ποστεα cονστιτθαμ πρι ει. <o-anim-typing>Αν εστ ερατ πριμα. Περτιναξ cονσθλατθ γλοριατθρ ηασ εθ, cετερο νοστρθδ ιραcθνδια ατ εστ, εξ ναμ μαλισ περcιπιτθρ. Qθοτ σινγθλισ νε πρι, τε vελ qθανδο πονδερθμ εφφιcιαντθρ, παρτεμ γραεcο εθ σεα.</o-anim-typing></p>
<!-- /wp:paragraph -->

<!-- wp:paragraph -->
<p>--- ·--· ····· -- ··· ··-· ·--· -· -- ···-- ····- ·-· -·- - ····- ----· --- ·--· ·<o-anim-typing>··- ····- ·· -·-· --·- -· --· ·---- ·-·-·- -·- · --- - ·-·· ··--·· -· ··· -·· ·-·· ·-·-·- ·--- -··- ----- -· -·- -· ·---- ··--- ··--·· ·-- ··· - --·- -··-</o-anim-typing></p>
<!-- /wp:paragraph -->

<!-- wp:paragraph {"className":"o-typing-delay-1s"} -->
<p class="o-typing-delay-1s">करती खरिदने मानसिक यन्त्रालय शीघ्र हुआआदी कार्यसिधान्तो मजबुत जाने पासपाई अर्थपुर्ण जानते काम ढांचा उनका उसीएक् मुश्किले आंतरकार्यक्षमता चुनने संभव एकत्रित पहोचाना आंतरकार्यक्षमता <o-anim-typing>देते विशेष भोगोलिक वार्तालाप कार्यसिधान्तो समजते है।अभी पहोचाना सुना</o-anim-typing></p>
<!-- /wp:paragraph -->

<!-- wp:paragraph {"style":{"color":{"text":"#dd1919"}}} -->
<p class="has-text-color" style="color:#dd1919">For Arabic the text must go fom right to left</p>
<!-- /wp:paragraph -->

<!-- wp:paragraph -->
<p>بقسوة السيء وباستثناء في لكل, من وقد الأجل الشمال حاملات. أمدها تحرّك أفريقيا ثم لك<o-anim-typing>ل, إبّان طوكيو وحلفاؤها لان في. ٣٠ هامش الطرفين جهة, ومن مئات مرمى في, ٣٠ ضرب دارت لهذه. تعد تم إستعمل لليابان, لدحر سليمان، تم حتى, على أهّل تكبّد المشتّتون هو. لكل الجو الإطلاق أن. حتى القادة الشرق، إذ, به، </o-anim-typing>وبدأت التاريخ، عل.</p>
<!-- /wp:paragraph --></div>
<!-- /wp:group -->

<!-- wp:group -->
<div class="wp-block-group"><!-- wp:themeisle-blocks/lottie {"id":"wp-block-themeisle-blocks-lottie-05063446","file":{"url":"https://assets8.lottiefiles.com/packages/lf20_kd5rzej5.json"}} -->
<lottie-player autoplay loop count="0" speed="1" direction="1" trigger="none" data-loop="false" mode="normal" id="wp-block-themeisle-blocks-lottie-05063446" src="https://assets8.lottiefiles.com/packages/lf20_kd5rzej5.json" class="wp-block-themeisle-blocks-lottie"></lottie-player>
<!-- /wp:themeisle-blocks/lottie -->

<!-- wp:themeisle-blocks/leaflet-map {"id":"wp-block-themeisle-blocks-leaflet-map-367424e0","bbox":"2.1568393707275395,41.39702875465492,2.191987037658692,41.40990457761007","zoom":15,"markers":[]} /-->

<!-- wp:themeisle-blocks/progress-bar {"id":"wp-block-themeisle-blocks-progress-bar-512f42e5","backgroundColor":"#ffe2c7","barBackgroundColor":"#000000"} -->
<div id="wp-block-themeisle-blocks-progress-bar-512f42e5" class="wp-block-themeisle-blocks-progress-bar" data-percent="50" data-duration="2"><div class="wp-block-themeisle-blocks-progress-bar__area"><div class="wp-block-themeisle-blocks-progress-bar__area__title"><span>Skill</span></div><div class="wp-block-themeisle-blocks-progress-bar__area__bar"></div><div class="wp-block-themeisle-blocks-progress-bar__progress wp-block-themeisle-blocks-progress-bar__number">50%</div></div></div>
<!-- /wp:themeisle-blocks/progress-bar -->

<!-- wp:themeisle-blocks/circle-counter {"id":"wp-block-themeisle-blocks-circle-counter-3a2dcdee","progressColor":"#1a4548","titleColor":"#ffe2c7"} -->
<div id="wp-block-themeisle-blocks-circle-counter-3a2dcdee" data-percentage="50" data-duration="2" data-height="100" data-stroke-width="10" data-progress-stroke="#1a4548" class="wp-block-themeisle-blocks-circle-counter"><div class="wp-block-themeisle-blocks-circle-counter-title__area"><span class="wp-block-themeisle-blocks-circle-counter-title__value">Skill</span></div><div class="wp-block-themeisle-blocks-circle-counter__bar"></div></div>
<!-- /wp:themeisle-blocks/circle-counter -->

<!-- wp:themeisle-blocks/countdown {"id":"wp-block-themeisle-blocks-countdown-cbb9507d","date":"2025-04-14T11:45:18","backgroundColor":"#F6F6F6","labelColor":"#000000","borderColor":"#ffe2c7"} -->
<div id="wp-block-themeisle-blocks-countdown-cbb9507d" data-date="2025-04-14T11:45:18" class="wp-block-themeisle-blocks-countdown"><div class="otter-countdown__container"><div class="otter-countdown__display"><div name="day" class="otter-countdown__display-area is-main-component"><div class="otter-countdown__value">0</div><div class="otter-countdown__label">Day</div></div><div name="hour" class="otter-countdown__display-area is-main-component"><div class="otter-countdown__value">0</div><div class="otter-countdown__label">Hour</div></div><div name="minute" class="otter-countdown__display-area is-main-component"><div class="otter-countdown__value">0</div><div class="otter-countdown__label">Minute</div></div><div name="second" class="otter-countdown__display-area is-main-component"><div class="otter-countdown__value">0</div><div class="otter-countdown__label">Second</div></div></div></div></div>
<!-- /wp:themeisle-blocks/countdown -->

<!-- wp:themeisle-blocks/accordion {"id":"wp-block-themeisle-blocks-accordion-14749381","titleBackground":"#ffe2c7","contentBackground":"#9789e0","borderColor":"#3cc1cb"} -->
<div id="wp-block-themeisle-blocks-accordion-14749381" class="wp-block-themeisle-blocks-accordion"><!-- wp:themeisle-blocks/accordion-item {"title":"dfd"} -->
<details class="wp-block-themeisle-blocks-accordion-item"><summary class="wp-block-themeisle-blocks-accordion-item__title"><div>dfd</div></summary><div class="wp-block-themeisle-blocks-accordion-item__content"><!-- wp:paragraph -->
<p>sdfdsfsd</p>
<!-- /wp:paragraph --></div></details>
<!-- /wp:themeisle-blocks/accordion-item --></div>
<!-- /wp:themeisle-blocks/accordion -->

<!-- wp:themeisle-blocks/tabs {"id":"wp-block-themeisle-blocks-tabs-82b6476c","tabColor":"#1a4548","borderColor":"#ffe2c7","activeTitleColor":"#ffe2c7"} -->
<div id="wp-block-themeisle-blocks-tabs-82b6476c" class="wp-block-themeisle-blocks-tabs"><div class="wp-block-themeisle-blocks-tabs__content"><!-- wp:themeisle-blocks/tabs-item {"defaultOpen":true} -->
<div data-default-open="true" class="wp-block-themeisle-blocks-tabs-item"><div class="wp-block-themeisle-blocks-tabs-item__header" tabindex="0">Untitled Tab</div><div class="wp-block-themeisle-blocks-tabs-item__content"><!-- wp:paragraph -->
<p>hey hey</p>
<!-- /wp:paragraph --></div></div>
<!-- /wp:themeisle-blocks/tabs-item -->

<!-- wp:themeisle-blocks/tabs-item -->
<div class="wp-block-themeisle-blocks-tabs-item"><div class="wp-block-themeisle-blocks-tabs-item__header" tabindex="0">Untitled Tab</div><div class="wp-block-themeisle-blocks-tabs-item__content"><!-- wp:paragraph -->
<p></p>
<!-- /wp:paragraph --></div></div>
<!-- /wp:themeisle-blocks/tabs-item --></div></div>
<!-- /wp:themeisle-blocks/tabs --></div>
<!-- /wp:group -->

<!-- wp:themeisle-blocks/tabs {"id":"wp-block-themeisle-blocks-tabs-0f7d88dc","tabColor":"#f3a1a1","borderColor":"#d88228","borderWidth":4,"activeTitleColor":"#14e8ef"} -->
<div id="wp-block-themeisle-blocks-tabs-0f7d88dc" class="wp-block-themeisle-blocks-tabs"><div class="wp-block-themeisle-blocks-tabs__content"><!-- wp:themeisle-blocks/tabs-item {"title":"Title 1"} -->
<div data-title="Title 1" class="wp-block-themeisle-blocks-tabs-item"><div class="wp-block-themeisle-blocks-tabs-item__header" tabindex="0">Title 1</div><div class="wp-block-themeisle-blocks-tabs-item__content"><!-- wp:paragraph -->
<p>Lorem ipsum odor amet, consectetuer adipiscing elit. Facilisis phasellus dignissim netus sociosqu porttitor facilisi nam. Commodo faucibus elementum lacus venenatis eleifend vehicula massa duis justo pharetra proin. Cras venenatis per ultrices ridiculus fusce maecenas erat. Sed dolor facilisis non quisque congue feugiat habitasse. Ornare vestibulum montes sollicitudin sociosqu sociosqu interdum.</p>
<!-- /wp:paragraph --></div></div>
<!-- /wp:themeisle-blocks/tabs-item -->

<!-- wp:themeisle-blocks/tabs-item {"title":"Title 2"} -->
<div data-title="Title 2" class="wp-block-themeisle-blocks-tabs-item"><div class="wp-block-themeisle-blocks-tabs-item__header" tabindex="0">Title 2</div><div class="wp-block-themeisle-blocks-tabs-item__content"><!-- wp:paragraph -->
<p></p>
<!-- /wp:paragraph --></div></div>
<!-- /wp:themeisle-blocks/tabs-item -->

<!-- wp:themeisle-blocks/tabs-item {"title":"Title 3"} -->
<div data-title="Title 3" class="wp-block-themeisle-blocks-tabs-item"><div class="wp-block-themeisle-blocks-tabs-item__header" tabindex="0">Title 3</div><div class="wp-block-themeisle-blocks-tabs-item__content"><!-- wp:paragraph -->
<p>Lorem ipsum odor amet, consectetuer adipiscing elit. Facilisis phasellus dignissim netus sociosqu porttitor facilisi nam. Commodo faucibus elementum lacus venenatis eleifend vehicula massa duis justo pharetra proin. Cras venenatis per ultrices ridiculus fusce maecenas erat. Sed dolor facilisis non quisque congue feugiat habitasse. Ornare vestibulum montes sollicitudin sociosqu sociosqu interdum.</p>
<!-- /wp:paragraph -->

<!-- wp:paragraph -->
<p>Lorem ipsum odor amet, consectetuer adipiscing elit. Facilisis phasellus dignissim netus sociosqu porttitor facilisi nam. Commodo faucibus elementum lacus venenatis eleifend vehicula massa duis justo pharetra proin. Cras venenatis per ultrices ridiculus fusce maecenas erat. Sed dolor facilisis non quisque congue feugiat habitasse. Ornare vestibulum montes sollicitudin sociosqu sociosqu interdum.</p>
<!-- /wp:paragraph --></div></div>
<!-- /wp:themeisle-blocks/tabs-item --></div></div>
<!-- /wp:themeisle-blocks/tabs -->

<!-- wp:themeisle-blocks/form {"id":"wp-block-themeisle-blocks-form-d24e7e5c","subject":"From Otter with love","fromName":"Love","optionName":"132_d24e7e5c","provider":"mailchimp","listId":"","redirectLink":"https://www.youtube.com/watch?v=qU9mHegkTc4","inputPadding":{"top":"10px","right":"10px","bottom":"10px","left":"10px"},"labelColor":"#be5656","inputBorderRadius":31,"inputBorderColor":"#4eb73f","inputBorderWidth":5,"submitMessageColor":"#57fbf0","submitMessageErrorColor":"#d28529","submitBackgroundColor":"#a92250","submitBackgroundColorHover":"#f4d472","submitColor":"#6734ce","inputGap":8,"labelFontSize":28,"submitFontSize":31} -->
<div id="wp-block-themeisle-blocks-form-d24e7e5c" class="wp-block-themeisle-blocks-form" data-option-name="132_d24e7e5c"><form class="otter-form__container">
<!-- wp:themeisle-blocks/form-input {"id":"wp-block-themeisle-blocks-form-input-826af679","label":"Name","placeholder":"Test","isRequired":true,"helpText":"Test"} -->
<div id="wp-block-themeisle-blocks-form-input-826af679" class="wp-block-themeisle-blocks-form-input"><label for="wp-block-themeisle-blocks-form-input-826af679-input" class="otter-form-input-label"><span class="otter-form-input-label__label">Name</span><span class="required">*</span></label><input type="text" id="wp-block-themeisle-blocks-form-input-826af679-input" required placeholder="Test" class="otter-form-input"/><span class="o-form-help">Test</span></div>
<!-- /wp:themeisle-blocks/form-input -->
<!-- wp:themeisle-blocks/form-input {"id":"wp-block-themeisle-blocks-form-input-e4d309e9","type":"email","label":"Email","placeholder":"Test","isRequired":true,"helpText":"Test"} -->
<div id="wp-block-themeisle-blocks-form-input-e4d309e9" class="wp-block-themeisle-blocks-form-input"><label for="wp-block-themeisle-blocks-form-input-e4d309e9-input" class="otter-form-input-label"><span class="otter-form-input-label__label">Email</span><span class="required">*</span></label><input type="email" id="wp-block-themeisle-blocks-form-input-e4d309e9-input" required placeholder="Test" class="otter-form-input"/><span class="o-form-help">Test</span></div>
<!-- /wp:themeisle-blocks/form-input -->
<!-- wp:themeisle-blocks/form-input {"id":"wp-block-themeisle-blocks-form-input-9f8f6024","type":"date","label":"Date","placeholder":"Test","isRequired":true,"helpText":"Test"} -->
<div id="wp-block-themeisle-blocks-form-input-9f8f6024" class="wp-block-themeisle-blocks-form-input"><label for="wp-block-themeisle-blocks-form-input-9f8f6024-input" class="otter-form-input-label"><span class="otter-form-input-label__label">Date</span><span class="required">*</span></label><input type="date" id="wp-block-themeisle-blocks-form-input-9f8f6024-input" required placeholder="Test" class="otter-form-input"/><span class="o-form-help">Test</span></div>
<!-- /wp:themeisle-blocks/form-input -->
<!-- wp:themeisle-blocks/form-input {"id":"wp-block-themeisle-blocks-form-input-6ff56131","type":"number","label":"Number","placeholder":"Test","isRequired":true,"helpText":"Test"} -->
<div id="wp-block-themeisle-blocks-form-input-6ff56131" class="wp-block-themeisle-blocks-form-input"><label for="wp-block-themeisle-blocks-form-input-6ff56131-input" class="otter-form-input-label"><span class="otter-form-input-label__label">Number</span><span class="required">*</span></label><input type="number" id="wp-block-themeisle-blocks-form-input-6ff56131-input" required placeholder="Test" class="otter-form-input"/><span class="o-form-help">Test</span></div>
<!-- /wp:themeisle-blocks/form-input -->
<!-- wp:themeisle-blocks/form-input {"id":"wp-block-themeisle-blocks-form-input-35dea9f9","label":"Лорем ипсум долор сит амет, нец пробо епицуреи","placeholder":"Лорем ипсум долор сит амет, нец пробо епицуреи","isRequired":true,"helpText":"Лорем ипсум долор сит амет, нец пробо епицуреи"} -->
<div id="wp-block-themeisle-blocks-form-input-35dea9f9" class="wp-block-themeisle-blocks-form-input"><label for="wp-block-themeisle-blocks-form-input-35dea9f9-input" class="otter-form-input-label"><span class="otter-form-input-label__label">Лорем ипсум долор сит амет, нец пробо епицуреи</span><span class="required">*</span></label><input type="text" id="wp-block-themeisle-blocks-form-input-35dea9f9-input" required placeholder="Лорем ипсум долор сит амет, нец пробо епицуреи" class="otter-form-input"/><span class="o-form-help">Лорем ипсум долор сит амет, нец пробо епицуреи</span></div>
<!-- /wp:themeisle-blocks/form-input -->
<!-- wp:themeisle-blocks/form-input {"id":"wp-block-themeisle-blocks-form-input-2f12bf31","type":"email","label":"結ソアヤキ経日ノ面争ードひぐ空","placeholder":"結ソアヤキ経日ノ面争ードひぐ空","isRequired":true,"labelColor":"#34c3da","helpText":"結ソアヤキ経日ノ面争ードひぐ空"} -->
<div id="wp-block-themeisle-blocks-form-input-2f12bf31" class="wp-block-themeisle-blocks-form-input"><label for="wp-block-themeisle-blocks-form-input-2f12bf31-input" class="otter-form-input-label"><span class="otter-form-input-label__label">結ソアヤキ経日ノ面争ードひぐ空</span><span class="required">*</span></label><input type="email" id="wp-block-themeisle-blocks-form-input-2f12bf31-input" required placeholder="結ソアヤキ経日ノ面争ードひぐ空" class="otter-form-input"/><span class="o-form-help">結ソアヤキ経日ノ面争ードひぐ空</span></div>
<!-- /wp:themeisle-blocks/form-input -->
<!-- wp:themeisle-blocks/form-input {"id":"wp-block-themeisle-blocks-form-input-8a3b825f","type":"email","label":"सहयोग किया क्षमता जानकारी ढांचामात्रुभाषा रचना ","placeholder":"सहयोग किया क्षमता जानकारी ढांचामात्रुभाषा रचना ","isRequired":true,"labelColor":"#34c3da","helpText":"सहयोग किया क्षमता जानकारी ढांचामात्रुभाषा रचना "} -->
<div id="wp-block-themeisle-blocks-form-input-8a3b825f" class="wp-block-themeisle-blocks-form-input"><label for="wp-block-themeisle-blocks-form-input-8a3b825f-input" class="otter-form-input-label"><span class="otter-form-input-label__label">सहयोग किया क्षमता जानकारी ढांचामात्रुभाषा रचना </span><span class="required">*</span></label><input type="email" id="wp-block-themeisle-blocks-form-input-8a3b825f-input" required placeholder="सहयोग किया क्षमता जानकारी ढांचामात्रुभाषा रचना " class="otter-form-input"/><span class="o-form-help">सहयोग किया क्षमता जानकारी ढांचामात्रुभाषा रचना </span></div>
<!-- /wp:themeisle-blocks/form-input -->
<!-- wp:themeisle-blocks/form-input {"id":"wp-block-themeisle-blocks-form-input-e9fa67e5","type":"email","label":"ببعض الصينية بعض قد, مع دنو وحتّى حاملات. هو الا والكوري الانجليزية. ما ببعض لبولندا، استطاعوا لها, لم هاربر كانتا والتي بلا. به، مع لهذه الإثنان, و لغات أملاً دول, تُصب وشعار وصافرات ثم قبل.","placeholder":"ببعض الصينية بعض قد, مع دنو وحتّى حاملات. هو الا والكوري الانجليزية. ما ببعض لبولندا، استطاعوا لها, لم هاربر كانتا والتي بلا. به، مع لهذه الإثنان, و لغات أملاً دول, تُصب وشعار وصافرات ثم قبل.","isRequired":true,"labelColor":"#34c3da","helpText":"ببعض الصينية بعض قد, مع دنو وحتّى حاملات. هو الا والكوري الانجليزية. ما ببعض لبولندا، استطاعوا لها, لم هاربر كانتا والتي بلا. به، مع لهذه الإثنان, و لغات أملاً دول, تُصب وشعار وصافرات ثم قبل."} -->
<div id="wp-block-themeisle-blocks-form-input-e9fa67e5" class="wp-block-themeisle-blocks-form-input"><label for="wp-block-themeisle-blocks-form-input-e9fa67e5-input" class="otter-form-input-label"><span class="otter-form-input-label__label">ببعض الصينية بعض قد, مع دنو وحتّى حاملات. هو الا والكوري الانجليزية. ما ببعض لبولندا، استطاعوا لها, لم هاربر كانتا والتي بلا. به، مع لهذه الإثنان, و لغات أملاً دول, تُصب وشعار وصافرات ثم قبل.</span><span class="required">*</span></label><input type="email" id="wp-block-themeisle-blocks-form-input-e9fa67e5-input" required placeholder="ببعض الصينية بعض قد, مع دنو وحتّى حاملات. هو الا والكوري الانجليزية. ما ببعض لبولندا، استطاعوا لها, لم هاربر كانتا والتي بلا. به، مع لهذه الإثنان, و لغات أملاً دول, تُصب وشعار وصافرات ثم قبل." class="otter-form-input"/><span class="o-form-help">ببعض الصينية بعض قد, مع دنو وحتّى حاملات. هو الا والكوري الانجليزية. ما ببعض لبولندا، استطاعوا لها, لم هاربر كانتا والتي بلا. به، مع لهذه الإثنان, و لغات أملاً دول, تُصب وشعار وصافرات ثم قبل.</span></div>
<!-- /wp:themeisle-blocks/form-input -->
<!-- wp:themeisle-blocks/form-textarea {"id":"wp-block-themeisle-blocks-form-textarea-4a4c8c48","label":"Message","placeholder":"Placeholder","isRequired":true,"helpText":"Help Text"} -->
<div id="wp-block-themeisle-blocks-form-textarea-4a4c8c48" class="wp-block-themeisle-blocks-form-textarea"><label for="wp-block-themeisle-blocks-form-textarea-4a4c8c48-input" class="otter-form-textarea-label"><span class="otter-form-textarea-label__label">Message</span><span class="required">*</span></label><textarea id="wp-block-themeisle-blocks-form-textarea-4a4c8c48-input" required placeholder="Placeholder" rows="10" class="otter-form-textarea-input"></textarea><span class="o-form-help">Help Text</span></div>
<!-- /wp:themeisle-blocks/form-textarea -->
<!-- wp:paragraph {"fontSize":"extra-small"} -->
<p class="has-extra-small-font-size">You agree to receive email communication from us by submitting this form and understand that your contact information will be stored with us.</p>
<!-- /wp:paragraph -->
<!-- wp:themeisle-blocks/form-nonce {"formId":"wp-block-themeisle-blocks-form-d24e7e5c"} /-->
<div class="wp-block-button"><button class="wp-block-button__link" type="submit">Submit</button></div></form></div>
<!-- /wp:themeisle-blocks/form -->

<!-- wp:themeisle-blocks/business-hours {"id":"wp-block-themeisle-blocks-business-hours-c570c080","title":"Bussines Hours | Öffnungszeiten","titleFontSize":44,"titleColor":"#cc4863","itemsFontSize":21,"backgroundColor":"#ebcaca","gap":4,"borderWidth":7,"borderColor":"#3db81f","borderRadius":43,"className":"is-style-black-white"} -->
<div id="wp-block-themeisle-blocks-business-hours-c570c080" class="wp-block-themeisle-blocks-business-hours is-style-black-white"><div class="otter-business-hour__container"><div class="otter-business-hour__title"><span>Bussines Hours | Öffnungszeiten</span></div><div class="otter-business-hour__content"><!-- wp:themeisle-blocks/business-hours-item {"id":"wp-block-themeisle-blocks-business-hours-item-b5e4c137","label":"Monday","time":"09:00 AM - 01:00 PM"} -->
<div id="wp-block-themeisle-blocks-business-hours-item-b5e4c137" class="wp-block-themeisle-blocks-business-hours-item"><div class="otter-business-hour-item__label"><span>Monday</span></div><div class="otter-business-hour-item__time"><span>09:00 AM - 01:00 PM</span></div></div>
<!-- /wp:themeisle-blocks/business-hours-item -->

<!-- wp:themeisle-blocks/business-hours-item {"id":"wp-block-themeisle-blocks-business-hours-item-422c38e4","label":"Tuesday","time":"09:00 AM - 03:00 PM"} -->
<div id="wp-block-themeisle-blocks-business-hours-item-422c38e4" class="wp-block-themeisle-blocks-business-hours-item"><div class="otter-business-hour-item__label"><span>Tuesday</span></div><div class="otter-business-hour-item__time"><span>09:00 AM - 03:00 PM</span></div></div>
<!-- /wp:themeisle-blocks/business-hours-item -->

<!-- wp:themeisle-blocks/business-hours-item {"id":"wp-block-themeisle-blocks-business-hours-item-f8027fc8","label":"Wednesday | der Mittwoch","time":"09:00 AM - 04:00 PM","backgroundColor":"#44af66","labelColor":"#295c7f","timeColor":"#7520ad"} -->
<div id="wp-block-themeisle-blocks-business-hours-item-f8027fc8" class="wp-block-themeisle-blocks-business-hours-item"><div class="otter-business-hour-item__label"><span>Wednesday | der Mittwoch</span></div><div class="otter-business-hour-item__time"><span>09:00 AM - 04:00 PM</span></div></div>
<!-- /wp:themeisle-blocks/business-hours-item -->

<!-- wp:themeisle-blocks/business-hours-item {"id":"wp-block-themeisle-blocks-business-hours-item-7e16756e","label":"Thursday","time":"09:00 AM - 05:00 PM"} -->
<div id="wp-block-themeisle-blocks-business-hours-item-7e16756e" class="wp-block-themeisle-blocks-business-hours-item"><div class="otter-business-hour-item__label"><span>Thursday</span></div><div class="otter-business-hour-item__time"><span>09:00 AM - 05:00 PM</span></div></div>
<!-- /wp:themeisle-blocks/business-hours-item -->

<!-- wp:themeisle-blocks/business-hours-item {"id":"wp-block-themeisle-blocks-business-hours-item-90cfe043","label":"Friday","time":"09:00 AM - 06:00 PM"} -->
<div id="wp-block-themeisle-blocks-business-hours-item-90cfe043" class="wp-block-themeisle-blocks-business-hours-item"><div class="otter-business-hour-item__label"><span>Friday</span></div><div class="otter-business-hour-item__time"><span>09:00 AM - 06:00 PM</span></div></div>
<!-- /wp:themeisle-blocks/business-hours-item -->

<!-- wp:themeisle-blocks/business-hours-item {"id":"wp-block-themeisle-blocks-business-hours-item-a4c9355e","label":"Saturday","time":"Closed","timeColor":"#F8002A"} -->
<div id="wp-block-themeisle-blocks-business-hours-item-a4c9355e" class="wp-block-themeisle-blocks-business-hours-item"><div class="otter-business-hour-item__label"><span>Saturday</span></div><div class="otter-business-hour-item__time"><span>Closed</span></div></div>
<!-- /wp:themeisle-blocks/business-hours-item -->

<!-- wp:themeisle-blocks/business-hours-item {"id":"wp-block-themeisle-blocks-business-hours-item-6ff880e1","label":"Sunday","time":"Closed","timeColor":"#F8002A"} -->
<div id="wp-block-themeisle-blocks-business-hours-item-6ff880e1" class="wp-block-themeisle-blocks-business-hours-item"><div class="otter-business-hour-item__label"><span>Sunday</span></div><div class="otter-business-hour-item__time"><span>Closed</span></div></div>
<!-- /wp:themeisle-blocks/business-hours-item --></div></div></div>
<!-- /wp:themeisle-blocks/business-hours -->

<!-- wp:themeisle-blocks/form {"id":"wp-block-themeisle-blocks-form-d3b63445","subject":"Group Love","optionName":"195_d3b63445"} -->
<div id="wp-block-themeisle-blocks-form-d3b63445" class="wp-block-themeisle-blocks-form" data-email-subject="Group Love" data-option-name="195_d3b63445"><div class="otter-form__container"><!-- wp:themeisle-blocks/form-input {"id":"wp-block-themeisle-blocks-form-input-efb0b02e","label":"Name","isRequired":true} -->
<div class="wp-block-themeisle-blocks-form-input"><label for="wp-block-themeisle-blocks-form-input-efb0b02e" class="otter-form-input-label"><span class="otter-form-input-label__label">Name</span><span class="required">(required)</span></label><input type="text" id="wp-block-themeisle-blocks-form-input-efb0b02e" required class="otter-form-input"/></div>
<!-- /wp:themeisle-blocks/form-input -->

<!-- wp:themeisle-blocks/form-input {"id":"wp-block-themeisle-blocks-form-input-fd8486d5","type":"email","label":"Email","placeholder":"Test","isRequired":true} -->
<div class="wp-block-themeisle-blocks-form-input"><label for="wp-block-themeisle-blocks-form-input-fd8486d5" class="otter-form-input-label"><span class="otter-form-input-label__label">Email</span><span class="required">(required)</span></label><input type="email" id="wp-block-themeisle-blocks-form-input-fd8486d5" required placeholder="Test" class="otter-form-input"/></div>
<!-- /wp:themeisle-blocks/form-input -->

<!-- wp:themeisle-blocks/form-input {"id":"wp-block-themeisle-blocks-form-input-27b21f29","type":"date","label":"Date"} -->
<div class="wp-block-themeisle-blocks-form-input"><label for="wp-block-themeisle-blocks-form-input-27b21f29" class="otter-form-input-label"><span class="otter-form-input-label__label">Date</span></label><input type="date" id="wp-block-themeisle-blocks-form-input-27b21f29" class="otter-form-input"/></div>
<!-- /wp:themeisle-blocks/form-input -->

<!-- wp:themeisle-blocks/form-input {"id":"wp-block-themeisle-blocks-form-input-cf9b040d","type":"number","label":"Number","placeholder":"Insert a number 123","isRequired":true} -->
<div class="wp-block-themeisle-blocks-form-input"><label for="wp-block-themeisle-blocks-form-input-cf9b040d" class="otter-form-input-label"><span class="otter-form-input-label__label">Number</span><span class="required">(required)</span></label><input type="number" id="wp-block-themeisle-blocks-form-input-cf9b040d" required placeholder="Insert a number 123" class="otter-form-input"/></div>
<!-- /wp:themeisle-blocks/form-input -->

<!-- wp:themeisle-blocks/form-textarea {"id":"wp-block-themeisle-blocks-form-textarea-ec086755","label":"Message"} -->
<div class="wp-block-themeisle-blocks-form-textarea"><label for="wp-block-themeisle-blocks-form-textarea-ec086755" class="otter-form-textarea-label"><span class="otter-form-textarea-label__label">Message</span></label><textarea id="wp-block-themeisle-blocks-form-textarea-ec086755" rows="10" class="otter-form-textarea-input"></textarea></div>
<!-- /wp:themeisle-blocks/form-textarea -->

<!-- wp:paragraph {"fontSize":"extra-small"} -->
<p class="has-extra-small-font-size">You agree to receive email communication from us by submitting this form and understand that your contact information will be stored with us.</p>
<!-- /wp:paragraph -->

<!-- wp:themeisle-blocks/form-nonce {"formId":"wp-block-themeisle-blocks-form-d3b63445"} /--><div class="wp-block-button"><button class="wp-block-button__link">Subscribe</button></div></div></div>
<!-- /wp:themeisle-blocks/form -->

<!-- wp:group -->
<div class="wp-block-group"><!-- wp:themeisle-blocks/tabs {"id":"wp-block-themeisle-blocks-tabs-e2f2ff0c"} -->
<div id="wp-block-themeisle-blocks-tabs-e2f2ff0c" class="wp-block-themeisle-blocks-tabs"><div class="wp-block-themeisle-blocks-tabs__content"><!-- wp:themeisle-blocks/tabs-item {"title":"Small Text","defaultOpen":true} -->
<div data-title="Small Text" data-default-open="true" class="wp-block-themeisle-blocks-tabs-item"><div class="wp-block-themeisle-blocks-tabs-item__header" tabindex="0">Small Text</div><div class="wp-block-themeisle-blocks-tabs-item__content"><!-- wp:paragraph -->
<p>Lorem ipsum odor amet, consectetuer adipiscing elit. Nunc turpis tristique finibus. Ex lectus donec parturient. Vel nulla varius ornare. Dolor viverra vulputate accumsan. Vitae felis ligula parturient.</p>
<!-- /wp:paragraph --></div></div>
<!-- /wp:themeisle-blocks/tabs-item -->

<!-- wp:themeisle-blocks/tabs-item {"title":"Big Picture"} -->
<div data-title="Big Picture" class="wp-block-themeisle-blocks-tabs-item"><div class="wp-block-themeisle-blocks-tabs-item__header" tabindex="0">Big Picture</div><div class="wp-block-themeisle-blocks-tabs-item__content"><!-- wp:image {"sizeSlug":"large","linkDestination":"none"} -->
<figure class="wp-block-image size-large"><img src="https://cdn.wccftech.com/wp-content/uploads/2016/09/spacee-2060x1288.jpg" alt=""/></figure>
<!-- /wp:image --></div></div>
<!-- /wp:themeisle-blocks/tabs-item --></div></div>
<!-- /wp:themeisle-blocks/tabs -->

<!-- wp:image {"sizeSlug":"large","linkDestination":"none","className":"o-sticky o-sticky-pos-top o-sticky-bhvr-keep o-sticky-scope-screen","hasCustomCSS":true} -->
<figure class="wp-block-image size-large o-sticky o-sticky-pos-top o-sticky-bhvr-keep o-sticky-scope-screen"><img src="https://assets.weforum.org/editor/-m6-dXld1Fr8C60k-14amtGpkVWG9ex2lpvKC_P8XvA.jpg" alt=""/></figure>
<!-- /wp:image -->

<!-- wp:group -->
<div class="wp-block-group"><!-- wp:paragraph -->
<p>Lorem ipsum odor amet, consectetuer adipiscing elit. Vitae gravida egestas sagittis sed magna sodales. Dignissim feugiat in ac habitasse aptent. Sodales adipiscing scelerisque neque aliquet fames. Suscipit tempus erat volutpat scelerisque ac natoque nec. Sem urna ultricies taciti blandit porttitor volutpat. Faucibus blandit non curae. Ultrices penatibus integer vulputate porta eleifend dictum. Lectus consequat facilisis scelerisque egestas. Neque praesent fermentum habitant nibh class neque. Volutpat dignissim vehicula vestibulum tempor. Magna sagittis lectus phasellus lectus donec ex. Inceptos torquent lorem natoque viverra quam. Felis mauris semper et nisl pharetra nascetur. Tempor condimentum convallis enim pretium habitant. Congue curae ullamcorper dis proin facilisi tempus pellentesque. Hac condimentum venenatis quisque.</p>
<!-- /wp:paragraph -->

<!-- wp:paragraph -->
<p>Vitae fringilla elit fusce. Laoreet quisque id dolor platea faucibus. Lacinia ligula pulvinar nascetur; tellus purus vivamus odio. Justo in ante netus euismod. Tellus ac finibus etiam urna. Himenaeos ridiculus ut lobortis adipiscing curabitur libero faucibus. Porttitor tortor quisque habitasse. Nullam euismod nec dignissim eros. Primis non sodales vestibulum magnis lectus odio? Lobortis convallis dui nunc suspendisse. Inceptos maecenas aenean auctor enim sodales. Hac lobortis enim interdum lectus. Diam inceptos etiam rutrum. Taciti lacinia nam tempor morbi pretium. Quis consequat lacus semper condimentum vestibulum habitant sodales. Quis torquent tristique dolor molestie enim. Quisque eros enim mauris montes taciti suscipit. Arcu metus eleifend dictum himenaeos.</p>
<!-- /wp:paragraph -->

<!-- wp:paragraph -->
<p>Natoque at varius lacinia in tempor. Ad magna arcu morbi. Himenaeos lobortis diam ante. Quisque sem sed condimentum ullamcorper pharetra sagittis. Quis pulvinar dictumst condimentum, quam tortor donec. Dignissim volutpat finibus nec ex scelerisque lacinia. Dapibus ante blandit vivamus rutrum pellentesque dignissim? Habitasse sagittis ante diam pharetra turpis. Tincidunt nisl parturient erat porta. Dictumst aliquam fermentum quisque enim. Curabitur lacinia duis magna platea ridiculus. Habitasse habitasse quisque metus. Adipiscing maximus purus litora quis. Lacus gravida dignissim tellus justo. Sociosqu proin sodales litora nullam diam placerat. Nam est ultricies lacus orci varius ullamcorper. Suscipit consequat varius dolor ultricies sit justo. Eleifend iaculis natoque arcu, malesuada hendrerit sem.</p>
<!-- /wp:paragraph --></div>
<!-- /wp:group --></div>
<!-- /wp:group -->

<!-- wp:themeisle-blocks/advanced-heading {"id":"wp-block-themeisle-blocks-advanced-heading-cb092d19","align":"center","alignTablet":"right","alignMobile":"left","headingColor":"#626262","fontSize":27,"fontSizeTablet":70,"fontSizeMobile":17,"fontFamily":"Anonymous Pro","fontVariant":"700","fontStyle":"italic","textTransform":"capitalize","lineHeight":1.7,"letterSpacing":-3,"textShadow":true,"textShadowColor":"#ea0000","textShadowBlur":2,"textShadowHorizontal":9,"textShadowVertical":32} -->
<h2 id="wp-block-themeisle-blocks-advanced-heading-cb092d19" class="wp-block-themeisle-blocks-advanced-heading wp-block-themeisle-blocks-advanced-heading-cb092d19">Nice to meet you | はじめまして | Rất vui được gặp bạn</h2>
<!-- /wp:themeisle-blocks/advanced-heading -->

<!-- wp:themeisle-blocks/about-author {"hasCustomCSS":true} /-->

<!-- wp:group -->
<div class="wp-block-group"><!-- wp:themeisle-blocks/circle-counter {"id":"wp-block-themeisle-blocks-circle-counter-495051bd"} -->
<div id="wp-block-themeisle-blocks-circle-counter-495051bd" data-percentage="50" data-duration="2" data-height="100" data-stroke-width="10" class="wp-block-themeisle-blocks-circle-counter"><div class="wp-block-themeisle-blocks-circle-counter-title__area"><span class="wp-block-themeisle-blocks-circle-counter-title__value">Skill</span></div><div class="wp-block-themeisle-blocks-circle-counter__bar"></div></div>
<!-- /wp:themeisle-blocks/circle-counter -->

<!-- wp:themeisle-blocks/accordion {"id":"wp-block-themeisle-blocks-accordion-8e226a3c"} -->
<div id="wp-block-themeisle-blocks-accordion-8e226a3c" class="wp-block-themeisle-blocks-accordion"><!-- wp:themeisle-blocks/accordion-item {"title":"Circle"} -->
<details class="wp-block-themeisle-blocks-accordion-item"><summary class="wp-block-themeisle-blocks-accordion-item__title"><div>Circle</div></summary><div class="wp-block-themeisle-blocks-accordion-item__content"><!-- wp:themeisle-blocks/circle-counter {"id":"wp-block-themeisle-blocks-circle-counter-394c26e0"} -->
<div id="wp-block-themeisle-blocks-circle-counter-394c26e0" data-percentage="50" data-duration="2" data-height="100" data-stroke-width="10" class="wp-block-themeisle-blocks-circle-counter"><div class="wp-block-themeisle-blocks-circle-counter-title__area"><span class="wp-block-themeisle-blocks-circle-counter-title__value">Skill</span></div><div class="wp-block-themeisle-blocks-circle-counter__bar"></div></div>
<!-- /wp:themeisle-blocks/circle-counter --></div></details>
<!-- /wp:themeisle-blocks/accordion-item --></div>
<!-- /wp:themeisle-blocks/accordion -->

<!-- wp:themeisle-blocks/advanced-columns {"id":"wp-block-themeisle-blocks-advanced-columns-9b78dbd7","columns":3,"layout":"equal"} -->
<div id="wp-block-themeisle-blocks-advanced-columns-9b78dbd7" class="wp-block-themeisle-blocks-advanced-columns has-3-columns has-desktop-equal-layout has-tablet-equal-layout has-mobile-equal-layout has-vertical-unset"><div class="wp-block-themeisle-blocks-advanced-columns-overlay"></div><div class="innerblocks-wrap"><!-- wp:themeisle-blocks/advanced-column {"id":"wp-block-themeisle-blocks-advanced-column-c70c4b40","columnWidth":"33.33"} -->
<div id="wp-block-themeisle-blocks-advanced-column-c70c4b40" class="wp-block-themeisle-blocks-advanced-column"><!-- wp:themeisle-blocks/circle-counter {"id":"wp-block-themeisle-blocks-circle-counter-13b5a130"} -->
<div id="wp-block-themeisle-blocks-circle-counter-13b5a130" data-percentage="50" data-duration="2" data-height="100" data-stroke-width="10" class="wp-block-themeisle-blocks-circle-counter"><div class="wp-block-themeisle-blocks-circle-counter-title__area"><span class="wp-block-themeisle-blocks-circle-counter-title__value">Skill</span></div><div class="wp-block-themeisle-blocks-circle-counter__bar"></div></div>
<!-- /wp:themeisle-blocks/circle-counter --></div>
<!-- /wp:themeisle-blocks/advanced-column -->

<!-- wp:themeisle-blocks/advanced-column {"id":"wp-block-themeisle-blocks-advanced-column-a63313b8","columnWidth":"33.33"} -->
<div id="wp-block-themeisle-blocks-advanced-column-a63313b8" class="wp-block-themeisle-blocks-advanced-column"><!-- wp:themeisle-blocks/circle-counter {"id":"wp-block-themeisle-blocks-circle-counter-520bb388"} -->
<div id="wp-block-themeisle-blocks-circle-counter-520bb388" data-percentage="50" data-duration="2" data-height="100" data-stroke-width="10" class="wp-block-themeisle-blocks-circle-counter"><div class="wp-block-themeisle-blocks-circle-counter-title__area"><span class="wp-block-themeisle-blocks-circle-counter-title__value">Skill</span></div><div class="wp-block-themeisle-blocks-circle-counter__bar"></div></div>
<!-- /wp:themeisle-blocks/circle-counter --></div>
<!-- /wp:themeisle-blocks/advanced-column -->

<!-- wp:themeisle-blocks/advanced-column {"id":"wp-block-themeisle-blocks-advanced-column-3d1aca34","columnWidth":"33.33"} -->
<div id="wp-block-themeisle-blocks-advanced-column-3d1aca34" class="wp-block-themeisle-blocks-advanced-column"><!-- wp:themeisle-blocks/circle-counter {"id":"wp-block-themeisle-blocks-circle-counter-675ff7f4"} -->
<div id="wp-block-themeisle-blocks-circle-counter-675ff7f4" data-percentage="50" data-duration="2" data-height="100" data-stroke-width="10" class="wp-block-themeisle-blocks-circle-counter"><div class="wp-block-themeisle-blocks-circle-counter-title__area"><span class="wp-block-themeisle-blocks-circle-counter-title__value">Skill</span></div><div class="wp-block-themeisle-blocks-circle-counter__bar"></div></div>
<!-- /wp:themeisle-blocks/circle-counter --></div>
<!-- /wp:themeisle-blocks/advanced-column --></div></div>
<!-- /wp:themeisle-blocks/advanced-columns -->

<!-- wp:themeisle-blocks/tabs {"id":"wp-block-themeisle-blocks-tabs-16711d1e"} -->
<div id="wp-block-themeisle-blocks-tabs-16711d1e" class="wp-block-themeisle-blocks-tabs"><div class="wp-block-themeisle-blocks-tabs__content"><!-- wp:themeisle-blocks/tabs-item {"title":"Test 1"} -->
<div data-title="Test 1" class="wp-block-themeisle-blocks-tabs-item"><div class="wp-block-themeisle-blocks-tabs-item__header" tabindex="0">Test 1</div><div class="wp-block-themeisle-blocks-tabs-item__content"><!-- wp:paragraph -->
<p>Lorem ipsum odor amet, consectetuer adipiscing elit. Facilisis phasellus dignissim netus sociosqu porttitor facilisi nam. Commodo faucibus elementum lacus venenatis eleifend vehicula massa duis justo pharetra proin. Cras venenatis per ultrices ridiculus fusce maecenas erat. Sed dolor facilisis non quisque congue feugiat habitasse. Ornare vestibulum montes sollicitudin sociosqu sociosqu interdum.</p>
<!-- /wp:paragraph --></div></div>
<!-- /wp:themeisle-blocks/tabs-item -->

<!-- wp:themeisle-blocks/tabs-item {"title":"Circle"} -->
<div data-title="Circle" class="wp-block-themeisle-blocks-tabs-item"><div class="wp-block-themeisle-blocks-tabs-item__header" tabindex="0">Circle</div><div class="wp-block-themeisle-blocks-tabs-item__content"><!-- wp:themeisle-blocks/circle-counter {"id":"wp-block-themeisle-blocks-circle-counter-9b2c4ce3"} -->
<div id="wp-block-themeisle-blocks-circle-counter-9b2c4ce3" data-percentage="50" data-duration="2" data-height="100" data-stroke-width="10" class="wp-block-themeisle-blocks-circle-counter"><div class="wp-block-themeisle-blocks-circle-counter-title__area"><span class="wp-block-themeisle-blocks-circle-counter-title__value">Skill</span></div><div class="wp-block-themeisle-blocks-circle-counter__bar"></div></div>
<!-- /wp:themeisle-blocks/circle-counter --></div></div>
<!-- /wp:themeisle-blocks/tabs-item --></div></div>
<!-- /wp:themeisle-blocks/tabs --></div>
<!-- /wp:group -->

<!-- wp:themeisle-blocks/progress-bar {"id":"wp-block-themeisle-blocks-progress-bar-d68be1cf","title":"Pills 錠剤","percentage":65,"duration":2.6,"titleStyle":"highlight","percentagePosition":"tooltip","height":52,"borderRadius":11,"backgroundColor":"#ceb8b8","barBackgroundColor":"#e03e3e","titleColor":"#9bb58b","percentageColor":"#2cd235"} -->
<div id="wp-block-themeisle-blocks-progress-bar-d68be1cf" class="wp-block-themeisle-blocks-progress-bar has-tooltip" data-percent="65" data-duration="2.6"><div class="wp-block-themeisle-blocks-progress-bar__area"><div class="wp-block-themeisle-blocks-progress-bar__area__title highlight"><span>Pills 錠剤</span></div><div class="wp-block-themeisle-blocks-progress-bar__area__bar"><span class="wp-block-themeisle-blocks-progress-bar__area__tooltip"><span class="wp-block-themeisle-blocks-progress-bar__number">65</span><span class="wp-block-themeisle-blocks-progress-bar__area__arrow"></span></span></div></div></div>
<!-- /wp:themeisle-blocks/progress-bar -->

<!-- wp:themeisle-blocks/leaflet-map {"id":"wp-block-themeisle-blocks-leaflet-map-78d6d78d","location":"Barcelona","latitude":"41.382862402745104","longitude":"2.177352905273438","bbox":"2.10714340209961,41.350268079308826,2.247734069824219,41.415440397070654","zoom":13,"height":506,"markers":[{"id":"d5caf0fb-adbc-433d-a63e-54523c9c0967","latitude":41.40642835684362,"longitude":2.1782112121582036,"title":"Barcelona","description":"\u003ch4\u003eHey heee e\u003c/h4\u003e"}]} /-->

<!-- wp:group -->
<div class="wp-block-group"><!-- wp:themeisle-blocks/lottie {"id":"wp-block-themeisle-blocks-lottie-21f4076a","file":{"url":"https://assets4.lottiefiles.com/packages/lf20_17p4evft.json"},"width":327} -->
<lottie-player autoplay loop count="0" speed="1" direction="1" trigger="none" data-loop="false" mode="normal" id="wp-block-themeisle-blocks-lottie-21f4076a" src="https://assets4.lottiefiles.com/packages/lf20_17p4evft.json" width="327" class="wp-block-themeisle-blocks-lottie"></lottie-player>
<!-- /wp:themeisle-blocks/lottie -->

<!-- wp:columns -->
<div class="wp-block-columns"><!-- wp:column -->
<div class="wp-block-column"><!-- wp:themeisle-blocks/lottie {"id":"wp-block-themeisle-blocks-lottie-35ed6e9a","file":{"url":"https://assets3.lottiefiles.com/packages/lf20_8efd9doz.json"}} -->
<lottie-player autoplay loop count="0" speed="1" direction="1" trigger="none" data-loop="false" mode="normal" id="wp-block-themeisle-blocks-lottie-35ed6e9a" src="https://assets3.lottiefiles.com/packages/lf20_8efd9doz.json" class="wp-block-themeisle-blocks-lottie"></lottie-player>
<!-- /wp:themeisle-blocks/lottie --></div>
<!-- /wp:column -->

<!-- wp:column -->
<div class="wp-block-column"><!-- wp:themeisle-blocks/lottie {"id":"wp-block-themeisle-blocks-lottie-427f0ff7","file":{"url":"https://assets5.lottiefiles.com/private_files/lf30_ldieofjb.json"}} -->
<lottie-player autoplay loop count="0" speed="1" direction="1" trigger="none" data-loop="false" mode="normal" id="wp-block-themeisle-blocks-lottie-427f0ff7" src="https://assets5.lottiefiles.com/private_files/lf30_ldieofjb.json" class="wp-block-themeisle-blocks-lottie"></lottie-player>
<!-- /wp:themeisle-blocks/lottie --></div>
<!-- /wp:column --></div>
<!-- /wp:columns -->

<!-- wp:themeisle-blocks/advanced-columns {"id":"wp-block-themeisle-blocks-advanced-columns-de3d9443","columns":2,"layout":"equal"} -->
<div id="wp-block-themeisle-blocks-advanced-columns-de3d9443" class="wp-block-themeisle-blocks-advanced-columns has-2-columns has-desktop-equal-layout has-tablet-equal-layout has-mobile-equal-layout has-vertical-unset"><div class="wp-block-themeisle-blocks-advanced-columns-overlay"></div><div class="innerblocks-wrap"><!-- wp:themeisle-blocks/advanced-column {"id":"wp-block-themeisle-blocks-advanced-column-d0ac4b0a","columnWidth":"50"} -->
<div id="wp-block-themeisle-blocks-advanced-column-d0ac4b0a" class="wp-block-themeisle-blocks-advanced-column"><!-- wp:paragraph -->
<p>Lorem ipsum odor amet, consectetuer adipiscing elit. Fames tristique et ultrices eleifend elit donec auctor orci. In imperdiet mauris amet turpis tortor. Ullamcorper sagittis potenti justo mollis dapibus integer maecenas varius nascetur. Ipsum sit platea consequat id, vitae sagittis proin. Hendrerit senectus class sodales dictum imperdiet condimentum et eleifend. Feugiat fusce tellus, condimentum eu sollicitudin urna. Elit neque justo sociosqu condimentum ornare libero vitae. Tristique natoque euismod rutrum massa nascetur.</p>
<!-- /wp:paragraph -->

<!-- wp:paragraph -->
<p>Lorem ipsum odor amet, consectetuer adipiscing elit. Fames tristique et ultrices eleifend elit donec auctor orci. In imperdiet mauris amet turpis tortor. Ullamcorper sagittis potenti justo mollis dapibus integer maecenas varius nascetur. Ipsum sit platea consequat id, vitae sagittis proin. Hendrerit senectus class sodales dictum imperdiet condimentum et eleifend. Feugiat fusce tellus, condimentum eu sollicitudin urna. Elit neque justo sociosqu condimentum ornare libero vitae. Tristique natoque euismod rutrum massa nascetur.</p>
<!-- /wp:paragraph -->

<!-- wp:paragraph -->
<p>Lorem ipsum odor amet, consectetuer adipiscing elit. Fames tristique et ultrices eleifend elit donec auctor orci. In imperdiet mauris amet turpis tortor. Ullamcorper sagittis potenti justo mollis dapibus integer maecenas varius nascetur. Ipsum sit platea consequat id, vitae sagittis proin. Hendrerit senectus class sodales dictum imperdiet condimentum et eleifend. Feugiat fusce tellus, condimentum eu sollicitudin urna. Elit neque justo sociosqu condimentum ornare libero vitae. Tristique natoque euismod rutrum massa nascetur.</p>
<!-- /wp:paragraph -->

<!-- wp:paragraph -->
<p>Lorem ipsum odor amet, consectetuer adipiscing elit. Fames tristique et ultrices eleifend elit donec auctor orci. In imperdiet mauris amet turpis tortor. Ullamcorper sagittis potenti justo mollis dapibus integer maecenas varius nascetur. Ipsum sit platea consequat id, vitae sagittis proin. Hendrerit senectus class sodales dictum imperdiet condimentum et eleifend. Feugiat fusce tellus, condimentum eu sollicitudin urna. Elit neque justo sociosqu condimentum ornare libero vitae. Tristique natoque euismod rutrum massa nascetur.</p>
<!-- /wp:paragraph -->

<!-- wp:paragraph -->
<p>Lorem ipsum odor amet, consectetuer adipiscing elit. Fames tristique et ultrices eleifend elit donec auctor orci. In imperdiet mauris amet turpis tortor. Ullamcorper sagittis potenti justo mollis dapibus integer maecenas varius nascetur. Ipsum sit platea consequat id, vitae sagittis proin. Hendrerit senectus class sodales dictum imperdiet condimentum et eleifend. Feugiat fusce tellus, condimentum eu sollicitudin urna. Elit neque justo sociosqu condimentum ornare libero vitae. Tristique natoque euismod rutrum massa nascetur.</p>
<!-- /wp:paragraph --></div>
<!-- /wp:themeisle-blocks/advanced-column -->

<!-- wp:themeisle-blocks/advanced-column {"id":"wp-block-themeisle-blocks-advanced-column-31e81431","columnWidth":"50"} -->
<div id="wp-block-themeisle-blocks-advanced-column-31e81431" class="wp-block-themeisle-blocks-advanced-column"><!-- wp:image {"sizeSlug":"large","className":"o-sticky o-sticky-scope-main-area o-sticky-pos-top o-sticky-bhvr-keep"} -->
<figure class="wp-block-image size-large o-sticky o-sticky-scope-main-area o-sticky-pos-top o-sticky-bhvr-keep"><img src="https://hips.hearstapps.com/hmg-prod.s3.amazonaws.com/images/cute-cat-photos-1593441022.jpg?crop=1.00xw:0.749xh;0,0.154xh&amp;resize=980:*" alt=""/></figure>
<!-- /wp:image --></div>
<!-- /wp:themeisle-blocks/advanced-column --></div></div>
<!-- /wp:themeisle-blocks/advanced-columns -->

<!-- wp:columns -->
<div class="wp-block-columns"><!-- wp:column -->
<div class="wp-block-column"><!-- wp:themeisle-blocks/lottie {"id":"wp-block-themeisle-blocks-lottie-434d1e04","file":{"url":"https://assets3.lottiefiles.com/packages/lf20_8efd9doz.json"}} -->
<lottie-player autoplay loop count="0" speed="1" direction="1" trigger="none" data-loop="false" mode="normal" id="wp-block-themeisle-blocks-lottie-434d1e04" src="https://assets3.lottiefiles.com/packages/lf20_8efd9doz.json" class="wp-block-themeisle-blocks-lottie"></lottie-player>
<!-- /wp:themeisle-blocks/lottie --></div>
<!-- /wp:column -->

<!-- wp:column -->
<div class="wp-block-column"><!-- wp:themeisle-blocks/lottie {"id":"wp-block-themeisle-blocks-lottie-e1d63298","file":{"url":"https://assets5.lottiefiles.com/private_files/lf30_ldieofjb.json"}} -->
<lottie-player autoplay loop count="0" speed="1" direction="1" trigger="none" data-loop="false" mode="normal" id="wp-block-themeisle-blocks-lottie-e1d63298" src="https://assets5.lottiefiles.com/private_files/lf30_ldieofjb.json" class="wp-block-themeisle-blocks-lottie"></lottie-player>
<!-- /wp:themeisle-blocks/lottie --></div>
<!-- /wp:column --></div>
<!-- /wp:columns --></div>
<!-- /wp:group -->

<!-- wp:group -->
<div class="wp-block-group"><!-- wp:paragraph -->
<p><o-anim-count>10.000</o-anim-count></p>
<!-- /wp:paragraph -->

<!-- wp:paragraph {"className":"o-count-delay-3s o-count-slower"} -->
<p class="o-count-delay-3s o-count-slower"><o-anim-count>30,00</o-anim-count></p>
<!-- /wp:paragraph -->

<!-- wp:paragraph -->
<p>-<o-anim-count>20</o-anim-count></p>
<!-- /wp:paragraph -->

<!-- wp:paragraph {"className":"o-count-delay-200ms o-count-fast"} -->
<p class="o-count-delay-200ms o-count-fast"><o-anim-count>1,000,000</o-anim-count></p>
<!-- /wp:paragraph -->

<!-- wp:paragraph {"className":"o-count-faster"} -->
<p class="o-count-faster"><o-anim-count>1,000,000.23</o-anim-count></p>
<!-- /wp:paragraph -->

<!-- wp:paragraph -->
<p>+<o-anim-count>32.3</o-anim-count>%</p>
<!-- /wp:paragraph -->

<!-- wp:paragraph {"className":"o-count-delay-100ms o-count-slow"} -->
<p class="o-count-delay-100ms o-count-slow">-<o-anim-count>33.28</o-anim-count>$</p>
<!-- /wp:paragraph --></div>
<!-- /wp:group -->]]></content:encoded>
		<excerpt:encoded><![CDATA[]]></excerpt:encoded>
		<wp:post_id>195</wp:post_id>
		<wp:post_date><![CDATA[2022-05-09 09:20:11]]></wp:post_date>
		<wp:post_date_gmt><![CDATA[2022-05-09 09:20:11]]></wp:post_date_gmt>
		<wp:post_modified><![CDATA[2022-05-09 09:20:12]]></wp:post_modified>
		<wp:post_modified_gmt><![CDATA[2022-05-09 09:20:12]]></wp:post_modified_gmt>
		<wp:comment_status><![CDATA[open]]></wp:comment_status>
		<wp:ping_status><![CDATA[open]]></wp:ping_status>
		<wp:post_name><![CDATA[all]]></wp:post_name>
		<wp:status><![CDATA[publish]]></wp:status>
		<wp:post_parent>0</wp:post_parent>
		<wp:menu_order>0</wp:menu_order>
		<wp:post_type><![CDATA[post]]></wp:post_type>
		<wp:post_password><![CDATA[]]></wp:post_password>
		<wp:is_sticky>0</wp:is_sticky>
										<category domain="category" nicename="uncategorized"><![CDATA[Uncategorized]]></category>
						<wp:postmeta>
		<wp:meta_key><![CDATA[nb_of_words]]></wp:meta_key>
		<wp:meta_value><![CDATA[2677]]></wp:meta_value>
		</wp:postmeta>
							<wp:postmeta>
		<wp:meta_key><![CDATA[custom-layout-options-should-expire]]></wp:meta_key>
		<wp:meta_value><![CDATA[]]></wp:meta_value>
		</wp:postmeta>
							<wp:postmeta>
		<wp:meta_key><![CDATA[neve_meta_sidebar]]></wp:meta_key>
		<wp:meta_value><![CDATA[]]></wp:meta_value>
		</wp:postmeta>
							<wp:postmeta>
		<wp:meta_key><![CDATA[neve_meta_container]]></wp:meta_key>
		<wp:meta_value><![CDATA[]]></wp:meta_value>
		</wp:postmeta>
							<wp:postmeta>
		<wp:meta_key><![CDATA[neve_meta_enable_content_width]]></wp:meta_key>
		<wp:meta_value><![CDATA[]]></wp:meta_value>
		</wp:postmeta>
							<wp:postmeta>
		<wp:meta_key><![CDATA[neve_meta_content_width]]></wp:meta_key>
		<wp:meta_value><![CDATA[0]]></wp:meta_value>
		</wp:postmeta>
							<wp:postmeta>
		<wp:meta_key><![CDATA[neve_meta_title_alignment]]></wp:meta_key>
		<wp:meta_value><![CDATA[]]></wp:meta_value>
		</wp:postmeta>
							<wp:postmeta>
		<wp:meta_key><![CDATA[neve_meta_author_avatar]]></wp:meta_key>
		<wp:meta_value><![CDATA[]]></wp:meta_value>
		</wp:postmeta>
							<wp:postmeta>
		<wp:meta_key><![CDATA[neve_post_elements_order]]></wp:meta_key>
		<wp:meta_value><![CDATA[]]></wp:meta_value>
		</wp:postmeta>
							<wp:postmeta>
		<wp:meta_key><![CDATA[neve_meta_disable_header]]></wp:meta_key>
		<wp:meta_value><![CDATA[]]></wp:meta_value>
		</wp:postmeta>
							<wp:postmeta>
		<wp:meta_key><![CDATA[neve_meta_disable_footer]]></wp:meta_key>
		<wp:meta_value><![CDATA[]]></wp:meta_value>
		</wp:postmeta>
							<wp:postmeta>
		<wp:meta_key><![CDATA[neve_meta_disable_title]]></wp:meta_key>
		<wp:meta_value><![CDATA[]]></wp:meta_value>
		</wp:postmeta>
							<wp:postmeta>
		<wp:meta_key><![CDATA[neve_meta_reading_time]]></wp:meta_key>
		<wp:meta_value><![CDATA[]]></wp:meta_value>
		</wp:postmeta>
							<wp:postmeta>
		<wp:meta_key><![CDATA[_themeisle_gutenberg_block_has_review]]></wp:meta_key>
		<wp:meta_value><![CDATA[]]></wp:meta_value>
		</wp:postmeta>
							<wp:postmeta>
		<wp:meta_key><![CDATA[_ti_tpc_template_sync]]></wp:meta_key>
		<wp:meta_value><![CDATA[]]></wp:meta_value>
		</wp:postmeta>
							<wp:postmeta>
		<wp:meta_key><![CDATA[_ti_tpc_template_id]]></wp:meta_key>
		<wp:meta_value><![CDATA[]]></wp:meta_value>
		</wp:postmeta>
							<wp:postmeta>
		<wp:meta_key><![CDATA[_oembed_464242e40aefd116bcec8cdafc9b22fc]]></wp:meta_key>
		<wp:meta_value><![CDATA[<iframe title="Modern Talking - No Face, No Name, No Number (Official Music Video)" width="1200" height="900" src="https://www.youtube.com/embed/67tT2PbiWcI?feature=oembed" frameborder="0" allow="accelerometer; autoplay; clipboard-write; encrypted-media; gyroscope; picture-in-picture" allowfullscreen></iframe>]]></wp:meta_value>
		</wp:postmeta>
							<wp:postmeta>
		<wp:meta_key><![CDATA[_oembed_time_464242e40aefd116bcec8cdafc9b22fc]]></wp:meta_key>
		<wp:meta_value><![CDATA[1652088011]]></wp:meta_value>
		</wp:postmeta>
							<wp:postmeta>
		<wp:meta_key><![CDATA[_edit_last]]></wp:meta_key>
		<wp:meta_value><![CDATA[1]]></wp:meta_value>
		</wp:postmeta>
							<wp:postmeta>
		<wp:meta_key><![CDATA[_themeisle_gutenberg_block_styles]]></wp:meta_key>
		<wp:meta_value><![CDATA[#wp-block-themeisle-blocks-advanced-columns-a241f2a5{padding-top:80px;padding-bottom:80px;padding-left:20px;padding-right:20px;margin-top:20px;margin-bottom:20px;--columnsWidth:800px;justify-content:center;min-height:800px;background:#edeae8}#wp-block-themeisle-blocks-advanced-columns-a241f2a5>.wp-block-themeisle-blocks-advanced-columns-overlay{opacity:.5;mix-blend-mode:normal}@media (min-width:600px) and (max-width:960px){#wp-block-themeisle-blocks-advanced-columns-a241f2a5{padding-top:40px;padding-bottom:40px;padding-left:20px;padding-right:20px;min-height:600px}}@media (max-width:600px){#wp-block-themeisle-blocks-advanced-columns-a241f2a5{padding-top:20px;padding-bottom:20px;padding-left:20px;padding-right:20px;min-height:400px}}#wp-block-themeisle-blocks-advanced-column-397f5e2e{padding-top:20px;padding-bottom:20px;padding-left:20px;padding-right:20px;margin-top:20px;margin-bottom:20px;margin-left:0;margin-right:0;border-width:0;border-style:solid;border-color:#000;border-radius:0}@media (min-width:960px){#wp-block-themeisle-blocks-advanced-column-397f5e2e{flex-basis:100%}}#wp-block-themeisle-blocks-advanced-heading-8c8358d7{text-align:center;font-size:14px;text-transform:uppercase;padding:0;margin-top:0;margin-bottom:0}#wp-block-themeisle-blocks-advanced-heading-469a7a23{text-align:center;padding:0;margin-top:0;margin-bottom:0}#wp-block-themeisle-blocks-advanced-columns-debe9c02{padding-top:80px;padding-bottom:80px;padding-left:20px;padding-right:20px;margin-top:20px;margin-bottom:20px;--columnsWidth:1170px;justify-content:center;min-height:auto}#wp-block-themeisle-blocks-advanced-columns-debe9c02>.wp-block-themeisle-blocks-advanced-columns-overlay{opacity:.5;mix-blend-mode:normal}@media (min-width:600px) and (max-width:960px){#wp-block-themeisle-blocks-advanced-columns-debe9c02{padding-top:40px;padding-bottom:40px;padding-left:20px;padding-right:20px}}@media (max-width:600px){#wp-block-themeisle-blocks-advanced-columns-debe9c02{padding-top:20px;padding-bottom:20px;padding-left:20px;padding-right:20px}}#wp-block-themeisle-blocks-advanced-column-1cf06e66{padding-top:20px;padding-bottom:20px;padding-left:20px;padding-right:20px;margin-top:20px;margin-bottom:20px;margin-left:0;margin-right:0;border-width:0;border-style:solid;border-color:#000;border-radius:0}@media (min-width:960px){#wp-block-themeisle-blocks-advanced-column-1cf06e66{flex-basis:50%}}#wp-block-themeisle-blocks-advanced-heading-02bd25d9{text-align:left;font-size:14px;text-transform:uppercase;padding:0;margin-top:0;margin-bottom:0}#wp-block-themeisle-blocks-advanced-heading-b7196eeb{text-align:unset;padding:0;margin-top:0;margin-bottom:0}@media (min-width:960px){#wp-block-themeisle-blocks-advanced-column-11e58f7d{flex-basis:50%}}#wp-block-themeisle-blocks-circle-counter-df192add{border-radius:50px 0 0 50px;--percentageStart:rotate(180deg);--percentageEnd:rotate(180deg)}#wp-block-themeisle-blocks-countdown-4f1bba24{--borderRadius:0px}#wp-block-themeisle-blocks-button-group-b61d982c{gap:26px}#wp-block-themeisle-blocks-button-group-b61d982c .wp-block-themeisle-blocks-button .wp-block-button__link{padding-top:10px;padding-bottom:10px;padding-left:40px;padding-right:40px;font-size:30px;font-family:Economica;font-weight:700;text-transform:uppercase;font-style:italic;line-height:67px}#wp-block-themeisle-blocks-button-group-b61d982c .wp-block-themeisle-blocks-button .wp-block-button__link svg{width:30px}#wp-block-themeisle-blocks-button-a5cb61ff .wp-block-button__link{color:#d35454;background:linear-gradient(135deg,#fff5cb 0%,#b6e3d4 50%,#33a7b5 100%);border-width:6px;border-color:#cd2727;border-style:solid;border-radius:25px;box-shadow:81px -17px 6px 19px rgba(51,85,207,.18)}#wp-block-themeisle-blocks-button-a5cb61ff .wp-block-button__link:hover{color:#872ae5;background:linear-gradient(135deg,#fecda5 0%,#fe2d2d 50%,#6b003e 100%);border-color:#53df2a;box-shadow:0px 0px 5px 1px rgba(0,0,0,.5)}#wp-block-themeisle-blocks-advanced-columns-de72ff39{padding-top:80px;padding-bottom:80px;padding-left:20px;padding-right:20px;margin-top:0;margin-bottom:0;--columnsWidth:678px;justify-content:center;min-height:auto;background:var(--nv-site-bg)}#wp-block-themeisle-blocks-advanced-columns-de72ff39>.wp-block-themeisle-blocks-advanced-columns-overlay{opacity:.5;mix-blend-mode:normal}@media (min-width:600px) and (max-width:960px){#wp-block-themeisle-blocks-advanced-columns-de72ff39{padding-top:40px;padding-bottom:40px;padding-left:20px;padding-right:20px}}@media (max-width:600px){#wp-block-themeisle-blocks-advanced-columns-de72ff39{padding-top:20px;padding-bottom:20px;padding-left:20px;padding-right:20px}}#wp-block-themeisle-blocks-advanced-column-41f6cecb{padding-top:20px;padding-bottom:20px;padding-left:20px;padding-right:20px;margin-top:0;margin-bottom:0;margin-left:0;margin-right:0}@media (min-width:960px){#wp-block-themeisle-blocks-advanced-column-41f6cecb{flex-basis:100%}}@media (min-width:600px) and (max-width:960px){#wp-block-themeisle-blocks-advanced-column-41f6cecb{padding-top:20px;padding-bottom:20px;padding-left:20px;padding-right:20px}}@media (max-width:600px){#wp-block-themeisle-blocks-advanced-column-41f6cecb{padding-top:20px;padding-bottom:20px;padding-left:20px;padding-right:20px}}#wp-block-themeisle-blocks-advanced-heading-904741ab{text-align:unset;color:var(--nv-text-color);padding:0;margin-top:0;margin-bottom:8px}#wp-block-themeisle-blocks-advanced-heading-4e754109{text-align:unset;color:var(--nv-text-color);padding:0;margin-top:0;margin-bottom:8px}#wp-block-themeisle-blocks-advanced-heading-628b680d{text-align:unset;color:var(--nv-text-color);padding:0;margin-top:0;margin-bottom:8px}#wp-block-themeisle-blocks-advanced-heading-cd5bf017{text-align:unset;color:var(--nv-text-color);padding:0;margin-top:0;margin-bottom:8px}#wp-block-themeisle-blocks-advanced-heading-5de12ff9{text-align:unset;color:var(--nv-text-color);padding:0;margin-top:0;margin-bottom:8px}#wp-block-themeisle-blocks-advanced-heading-a878b5f0{text-align:unset;color:var(--nv-text-color);padding:0;margin-top:0;margin-bottom:8px}#wp-block-themeisle-blocks-font-awesome-icons-8392daf2{--borderColor:red;--borderSize:4px;--borderRadius:70%;--padding:10px;--fontSize:39px}#wp-block-themeisle-blocks-font-awesome-icons-8392daf2 .wp-block-themeisle-blocks-font-awesome-icons-container{color:blue;background:violet}#wp-block-themeisle-blocks-font-awesome-icons-8392daf2 .wp-block-themeisle-blocks-font-awesome-icons-container a{color:blue}#wp-block-themeisle-blocks-font-awesome-icons-8392daf2 .wp-block-themeisle-blocks-font-awesome-icons-container i{font-size:39px}#wp-block-themeisle-blocks-countdown-70fc7b7d{--backgroundColor:#e3d1e9;--borderColor:#6acf79;--borderRadius:27px;--width:121px;--height:76px;--borderWidth:8px;--gap:59px;--valueFontSize:32px;--labelFontSize:13px}#wp-block-themeisle-blocks-countdown-70fc7b7d .otter-countdown__container .otter-countdown__display .otter-countdown__display-area .otter-countdown__value{color:#505ce2}#wp-block-themeisle-blocks-countdown-70fc7b7d .otter-countdown__container .otter-countdown__display .otter-countdown__display-area .otter-countdown__label{color:#1ea3e8}#wp-block-themeisle-blocks-flip-53741b18{--width:654px;--height:431px;--frontBackground:linear-gradient(90deg,#ffceec 0%,#9896f0 100%);--frontVerticalAlign:center;--frontHorizontalAlign:center;--backBackground:linear-gradient(135deg,#7adcb4 0%,#00d082 100%);--backVerticalAlign:flex-end;--boxShadow:67px 61px 5px rgba(189,56,56,.22)}#wp-block-themeisle-blocks-flip-53741b18 .o-flip-front .o-flip-content h3{font-size:38px}#wp-block-themeisle-blocks-flip-53741b18 .o-flip-front .o-flip-content p{font-size:14px}#wp-block-themeisle-blocks-accordion-815c3abe{--titleColor:#1a1616;--titleBackground:#de358b;--contentBackground:#dfc258}#wp-block-themeisle-blocks-accordion-a76ecb70{--titleBackground:#30a351}#wp-block-themeisle-blocks-circle-counter-a02eabd7{--fontSizeTitle:69px;--height:128px;--backgroundColor:#eabef0;--progressColor:#82d52f;border-radius:128px 0 0 128px;--percentageStart:rotate(180deg);--percentageEnd:rotate(226.8deg)}#wp-block-themeisle-blocks-circle-counter-a02eabd7 .wp-block-themeisle-blocks-circle-counter-title__area .wp-block-themeisle-blocks-circle-counter-title__value{color:#bc2f2f}html[amp] #wp-block-themeisle-blocks-circle-counter-a02eabd7 .wp-block-themeisle-blocks-circle-counter__bar .wp-block-themeisle-blocks-circle-counter-text{color:#82d52f}#wp-block-themeisle-blocks-advanced-columns-e73a0bbc{min-height:auto}#wp-block-themeisle-blocks-advanced-columns-e73a0bbc>.wp-block-themeisle-blocks-advanced-columns-overlay{opacity:.5;mix-blend-mode:normal}@media (min-width:960px){#wp-block-themeisle-blocks-advanced-column-8df12058{flex-basis:50%}}@media (min-width:960px){#wp-block-themeisle-blocks-advanced-column-8deb9d5c{flex-basis:50%}}#wp-block-themeisle-blocks-progress-bar-512f42e5{--backgroundColor:#ffe2c7;--barBackground:#000}#wp-block-themeisle-blocks-circle-counter-3a2dcdee{--progressColor:#1a4548;border-radius:50px 0 0 50px;--percentageStart:rotate(180deg);--percentageEnd:rotate(180deg)}#wp-block-themeisle-blocks-circle-counter-3a2dcdee .wp-block-themeisle-blocks-circle-counter-title__area .wp-block-themeisle-blocks-circle-counter-title__value{color:#ffe2c7}html[amp] #wp-block-themeisle-blocks-circle-counter-3a2dcdee .wp-block-themeisle-blocks-circle-counter__bar .wp-block-themeisle-blocks-circle-counter-text{color:#1a4548}#wp-block-themeisle-blocks-countdown-cbb9507d{--backgroundColor:#f6f6f6;--borderColor:#ffe2c7;--borderRadius:0px}#wp-block-themeisle-blocks-countdown-cbb9507d .otter-countdown__container .otter-countdown__display .otter-countdown__display-area .otter-countdown__label{color:#000}#wp-block-themeisle-blocks-accordion-14749381{--titleBackground:#ffe2c7;--borderColor:#3cc1cb;--contentBackground:#9789e0}#wp-block-themeisle-blocks-tabs-82b6476c{--borderColor:#ffe2c7;--activeTitleColor:#ffe2c7;--tabColor:#1a4548}#wp-block-themeisle-blocks-tabs-0f7d88dc{--borderWidth:4px;--borderColor:#d88228;--activeTitleColor:#14e8ef;--tabColor:#f3a1a1}#wp-block-themeisle-blocks-business-hours-c570c080{background-color:#ebcaca;border-radius:43px;border-width:7px;border-color:#3db81f;border-style:solid}#wp-block-themeisle-blocks-business-hours-c570c080 .otter-business-hour__container .otter-business-hour__title{font-size:44px;color:#cc4863}#wp-block-themeisle-blocks-business-hours-c570c080 .otter-business-hour__container .otter-business-hour__content .wp-block-themeisle-blocks-business-hours-item{padding-top:4px;padding-bottom:4px}#wp-block-themeisle-blocks-business-hours-c570c080 .otter-business-hour__container .otter-business-hour__content .wp-block-themeisle-blocks-business-hours-item .otter-business-hour-item__label{font-size:21px}#wp-block-themeisle-blocks-business-hours-c570c080 .otter-business-hour__container .otter-business-hour__content .wp-block-themeisle-blocks-business-hours-item .otter-business-hour-item__time{font-size:21px}#wp-block-themeisle-blocks-business-hours-item-f8027fc8{background-color:#44af66}#wp-block-themeisle-blocks-business-hours-item-f8027fc8 .otter-business-hour-item__label{color:#295c7f}#wp-block-themeisle-blocks-business-hours-item-f8027fc8 .otter-business-hour-item__time{color:#7520ad}#wp-block-themeisle-blocks-business-hours-item-a4c9355e .otter-business-hour-item__time{color:#f8002a}#wp-block-themeisle-blocks-business-hours-item-6ff880e1 .otter-business-hour-item__time{color:#f8002a}#wp-block-themeisle-blocks-advanced-heading-cb092d19{text-align:center;color:#626262;font-size:27px;font-family:Anonymous Pro;font-weight:700;font-style:italic;text-transform:capitalize;line-height:1.7;letter-spacing:-3px;text-shadow:9px 32px 2px rgba(234,0,0,.5);padding:0;margin-top:0;margin-bottom:20px}@media (min-width:600px) and (max-width:960px){#wp-block-themeisle-blocks-advanced-heading-cb092d19{text-align:right;font-size:70px}}@media (max-width:600px){#wp-block-themeisle-blocks-advanced-heading-cb092d19{text-align:left;font-size:17px}}#wp-block-themeisle-blocks-circle-counter-495051bd{border-radius:50px 0 0 50px;--percentageStart:rotate(180deg);--percentageEnd:rotate(180deg)}#wp-block-themeisle-blocks-circle-counter-394c26e0{border-radius:50px 0 0 50px;--percentageStart:rotate(180deg);--percentageEnd:rotate(180deg)}#wp-block-themeisle-blocks-advanced-columns-9b78dbd7{min-height:auto}#wp-block-themeisle-blocks-advanced-columns-9b78dbd7>.wp-block-themeisle-blocks-advanced-columns-overlay{opacity:.5;mix-blend-mode:normal}@media (min-width:960px){#wp-block-themeisle-blocks-advanced-column-c70c4b40{flex-basis:33.33%}}#wp-block-themeisle-blocks-circle-counter-13b5a130{border-radius:50px 0 0 50px;--percentageStart:rotate(180deg);--percentageEnd:rotate(180deg)}@media (min-width:960px){#wp-block-themeisle-blocks-advanced-column-a63313b8{flex-basis:33.33%}}#wp-block-themeisle-blocks-circle-counter-520bb388{border-radius:50px 0 0 50px;--percentageStart:rotate(180deg);--percentageEnd:rotate(180deg)}@media (min-width:960px){#wp-block-themeisle-blocks-advanced-column-3d1aca34{flex-basis:33.33%}}#wp-block-themeisle-blocks-circle-counter-675ff7f4{border-radius:50px 0 0 50px;--percentageStart:rotate(180deg);--percentageEnd:rotate(180deg)}#wp-block-themeisle-blocks-circle-counter-9b2c4ce3{border-radius:50px 0 0 50px;--percentageStart:rotate(180deg);--percentageEnd:rotate(180deg)}#wp-block-themeisle-blocks-progress-bar-d68be1cf{--percentage:65%;--titleColor:#9bb58b;--percentageColorTooltip:#2cd235;--backgroundColor:#ceb8b8;--borderRadius:11px;--height:52px;--barBackground:#e03e3e}#wp-block-themeisle-blocks-advanced-columns-de3d9443{min-height:auto}#wp-block-themeisle-blocks-advanced-columns-de3d9443>.wp-block-themeisle-blocks-advanced-columns-overlay{opacity:.5;mix-blend-mode:normal}@media (min-width:960px){#wp-block-themeisle-blocks-advanced-column-d0ac4b0a{flex-basis:50%}}@media (min-width:960px){#wp-block-themeisle-blocks-advanced-column-31e81431{flex-basis:50%}}]]></wp:meta_value>
		</wp:postmeta>
							<wp:postmeta>
		<wp:meta_key><![CDATA[_themeisle_gutenberg_block_fonts]]></wp:meta_key>
		<wp:meta_value><![CDATA[a:2:{s:9:"Economica";a:2:{s:10:"fontfamily";s:9:"Economica";s:11:"fontvariant";a:1:{i:0;s:3:"700";}}s:13:"Anonymous Pro";a:2:{s:10:"fontfamily";s:13:"Anonymous Pro";s:11:"fontvariant";a:1:{i:0;s:3:"700";}}}]]></wp:meta_value>
		</wp:postmeta>
							<wp:postmeta>
		<wp:meta_key><![CDATA[_themeisle_gutenberg_block_stylesheet]]></wp:meta_key>
		<wp:meta_value><![CDATA[post-v2-195-1652088012]]></wp:meta_value>
		</wp:postmeta>
							</item>
				</channel>
</rss>
	